mode: set
github.com/wolflang/wolf/cmd/wolf/main.go:17.13,34.55 4 0
github.com/wolflang/wolf/cmd/wolf/main.go:34.55,36.18 2 0
github.com/wolflang/wolf/cmd/wolf/main.go:36.18,38.5 1 0
github.com/wolflang/wolf/cmd/wolf/main.go:40.4,42.18 3 0
github.com/wolflang/wolf/cmd/wolf/main.go:42.18,45.5 2 0
github.com/wolflang/wolf/cmd/wolf/main.go:46.4,50.18 4 0
github.com/wolflang/wolf/cmd/wolf/main.go:50.18,51.37 1 0
github.com/wolflang/wolf/cmd/wolf/main.go:51.37,53.6 1 0
github.com/wolflang/wolf/cmd/wolf/main.go:54.5,54.15 1 0
github.com/wolflang/wolf/cmd/wolf/main.go:57.4,58.14 2 0
github.com/wolflang/wolf/cmd/wolf/main.go:62.2,66.55 1 0
github.com/wolflang/wolf/cmd/wolf/main.go:66.55,68.18 2 0
github.com/wolflang/wolf/cmd/wolf/main.go:68.18,70.5 1 0
github.com/wolflang/wolf/cmd/wolf/main.go:72.4,74.18 3 0
github.com/wolflang/wolf/cmd/wolf/main.go:74.18,77.5 2 0
github.com/wolflang/wolf/cmd/wolf/main.go:78.4,81.41 3 0
github.com/wolflang/wolf/cmd/wolf/main.go:85.2,89.55 1 0
github.com/wolflang/wolf/cmd/wolf/main.go:89.55,93.4 2 0
github.com/wolflang/wolf/cmd/wolf/main.go:96.2,100.55 1 0
github.com/wolflang/wolf/cmd/wolf/main.go:100.55,104.4 2 0
github.com/wolflang/wolf/cmd/wolf/main.go:108.2,116.55 2 0
github.com/wolflang/wolf/cmd/wolf/main.go:116.55,120.38 4 0
github.com/wolflang/wolf/cmd/wolf/main.go:120.38,122.5 1 0
github.com/wolflang/wolf/cmd/wolf/main.go:123.4,124.14 2 0
github.com/wolflang/wolf/cmd/wolf/main.go:128.2,132.55 1 0
github.com/wolflang/wolf/cmd/wolf/main.go:132.55,136.21 4 0
github.com/wolflang/wolf/cmd/wolf/main.go:136.21,138.5 1 0
github.com/wolflang/wolf/cmd/wolf/main.go:139.4,139.50 1 0
github.com/wolflang/wolf/cmd/wolf/main.go:139.50,141.5 1 0
github.com/wolflang/wolf/cmd/wolf/main.go:142.4,143.14 2 0
github.com/wolflang/wolf/cmd/wolf/main.go:147.2,151.55 1 0
github.com/wolflang/wolf/cmd/wolf/main.go:151.55,154.44 3 0
github.com/wolflang/wolf/cmd/wolf/main.go:154.44,156.5 1 0
github.com/wolflang/wolf/cmd/wolf/main.go:157.4,158.14 2 0
github.com/wolflang/wolf/cmd/wolf/main.go:162.2,165.55 1 0
github.com/wolflang/wolf/cmd/wolf/main.go:165.55,169.18 4 0
github.com/wolflang/wolf/cmd/wolf/main.go:169.18,171.5 1 0
github.com/wolflang/wolf/cmd/wolf/main.go:172.4,172.29 1 0
github.com/wolflang/wolf/cmd/wolf/main.go:172.29,174.5 1 0
github.com/wolflang/wolf/cmd/wolf/main.go:175.4,175.14 1 0
github.com/wolflang/wolf/cmd/wolf/main.go:179.2,182.55 1 0
github.com/wolflang/wolf/cmd/wolf/main.go:182.55,186.18 4 0
github.com/wolflang/wolf/cmd/wolf/main.go:186.18,188.5 1 0
github.com/wolflang/wolf/cmd/wolf/main.go:189.4,189.24 1 0
github.com/wolflang/wolf/cmd/wolf/main.go:189.24,191.5 1 0
github.com/wolflang/wolf/cmd/wolf/main.go:191.10,192.34 1 0
github.com/wolflang/wolf/cmd/wolf/main.go:192.34,194.6 1 0
github.com/wolflang/wolf/cmd/wolf/main.go:196.4,196.14 1 0
github.com/wolflang/wolf/cmd/wolf/main.go:200.2,203.55 1 0
github.com/wolflang/wolf/cmd/wolf/main.go:203.55,207.36 4 0
github.com/wolflang/wolf/cmd/wolf/main.go:207.36,209.5 1 0
github.com/wolflang/wolf/cmd/wolf/main.go:210.4,211.14 2 0
github.com/wolflang/wolf/cmd/wolf/main.go:215.2,218.48 1 0
github.com/wolflang/wolf/cmd/wolf/main.go:218.48,223.4 4 0
github.com/wolflang/wolf/cmd/wolf/main.go:226.2,239.55 5 0
github.com/wolflang/wolf/cmd/wolf/main.go:239.55,242.84 3 0
github.com/wolflang/wolf/cmd/wolf/main.go:242.84,244.5 1 0
github.com/wolflang/wolf/cmd/wolf/main.go:245.4,248.28 3 0
github.com/wolflang/wolf/cmd/wolf/main.go:248.28,250.5 1 0
github.com/wolflang/wolf/cmd/wolf/main.go:251.4,252.14 2 0
github.com/wolflang/wolf/cmd/wolf/main.go:255.2,261.55 2 0
github.com/wolflang/wolf/cmd/wolf/main.go:261.55,266.18 5 0
github.com/wolflang/wolf/cmd/wolf/main.go:266.18,268.5 1 0
github.com/wolflang/wolf/cmd/wolf/main.go:269.4,270.14 2 0
github.com/wolflang/wolf/cmd/wolf/main.go:275.2,284.57 4 0
github.com/wolflang/wolf/cmd/wolf/main.go:284.57,287.17 3 0
github.com/wolflang/wolf/cmd/wolf/main.go:287.17,290.4 1 0
github.com/wolflang/wolf/cmd/wolf/main.go:291.3,291.46 1 0
github.com/wolflang/wolf/cmd/wolf/main.go:294.2,298.55 2 0
github.com/wolflang/wolf/cmd/wolf/main.go:298.55,300.18 2 0
github.com/wolflang/wolf/cmd/wolf/main.go:300.18,302.5 1 0
github.com/wolflang/wolf/cmd/wolf/main.go:303.4,304.23 2 0
github.com/wolflang/wolf/cmd/wolf/main.go:307.2,313.55 3 0
github.com/wolflang/wolf/cmd/wolf/main.go:313.55,315.18 2 0
github.com/wolflang/wolf/cmd/wolf/main.go:315.18,317.5 1 0
github.com/wolflang/wolf/cmd/wolf/main.go:318.4,319.27 2 0
github.com/wolflang/wolf/cmd/wolf/main.go:322.2,327.55 2 0
github.com/wolflang/wolf/cmd/wolf/main.go:327.55,329.18 2 0
github.com/wolflang/wolf/cmd/wolf/main.go:329.18,331.5 1 0
github.com/wolflang/wolf/cmd/wolf/main.go:332.4,333.20 2 0
github.com/wolflang/wolf/cmd/wolf/main.go:337.2,340.55 1 0
github.com/wolflang/wolf/cmd/wolf/main.go:340.55,342.18 2 0
github.com/wolflang/wolf/cmd/wolf/main.go:342.18,344.5 1 0
github.com/wolflang/wolf/cmd/wolf/main.go:345.4,345.21 1 0
github.com/wolflang/wolf/cmd/wolf/main.go:349.2,353.55 1 0
github.com/wolflang/wolf/cmd/wolf/main.go:353.55,355.18 2 0
github.com/wolflang/wolf/cmd/wolf/main.go:355.18,357.5 1 0
github.com/wolflang/wolf/cmd/wolf/main.go:358.4,359.18 2 0
github.com/wolflang/wolf/cmd/wolf/main.go:359.18,361.5 1 0
github.com/wolflang/wolf/cmd/wolf/main.go:362.4,363.14 2 0
github.com/wolflang/wolf/cmd/wolf/main.go:367.2,371.42 3 0
github.com/wolflang/wolf/cmd/wolf/main.go:371.42,373.3 1 0
github.com/wolflang/wolf/internal/config/config.go:96.29,152.2 1 0
github.com/wolflang/wolf/internal/config/loader.go:17.52,22.22 3 0
github.com/wolflang/wolf/internal/config/loader.go:22.22,23.51 1 0
github.com/wolflang/wolf/internal/config/loader.go:23.51,25.4 1 0
github.com/wolflang/wolf/internal/config/loader.go:29.2,32.38 2 0
github.com/wolflang/wolf/internal/config/loader.go:32.38,34.3 1 0
github.com/wolflang/wolf/internal/config/loader.go:37.2,37.29 1 0
github.com/wolflang/wolf/internal/config/loader.go:37.29,39.3 1 0
github.com/wolflang/wolf/internal/config/loader.go:41.2,41.17 1 0
github.com/wolflang/wolf/internal/config/loader.go:46.40,48.6 2 0
github.com/wolflang/wolf/internal/config/loader.go:48.6,50.47 2 0
github.com/wolflang/wolf/internal/config/loader.go:50.47,52.4 1 0
github.com/wolflang/wolf/internal/config/loader.go:53.3,54.20 2 0
github.com/wolflang/wolf/internal/config/loader.go:54.20,55.9 1 0
github.com/wolflang/wolf/internal/config/loader.go:57.3,57.15 1 0
github.com/wolflang/wolf/internal/config/loader.go:59.2,59.11 1 0
github.com/wolflang/wolf/internal/config/loader.go:71.51,73.16 2 0
github.com/wolflang/wolf/internal/config/loader.go:73.16,75.3 1 0
github.com/wolflang/wolf/internal/config/loader.go:76.2,82.21 5 0
github.com/wolflang/wolf/internal/config/loader.go:82.21,90.17 5 0
github.com/wolflang/wolf/internal/config/loader.go:90.17,91.12 1 0
github.com/wolflang/wolf/internal/config/loader.go:95.3,95.67 1 0
github.com/wolflang/wolf/internal/config/loader.go:95.67,97.12 2 0
github.com/wolflang/wolf/internal/config/loader.go:101.3,102.13 2 0
github.com/wolflang/wolf/internal/config/loader.go:102.13,104.4 1 0
github.com/wolflang/wolf/internal/config/loader.go:106.3,109.67 3 0
github.com/wolflang/wolf/internal/config/loader.go:109.67,111.4 1 0
github.com/wolflang/wolf/internal/config/loader.go:114.2,114.22 1 0
github.com/wolflang/wolf/internal/config/loader.go:118.36,120.23 2 0
github.com/wolflang/wolf/internal/config/loader.go:120.23,121.16 1 0
github.com/wolflang/wolf/internal/config/loader.go:121.16,123.4 1 0
github.com/wolflang/wolf/internal/config/loader.go:124.3,124.28 1 0
github.com/wolflang/wolf/internal/config/loader.go:124.28,126.4 1 0
github.com/wolflang/wolf/internal/config/loader.go:128.2,128.10 1 0
github.com/wolflang/wolf/internal/config/loader.go:132.74,133.43 1 0
github.com/wolflang/wolf/internal/config/loader.go:133.43,135.3 1 0
github.com/wolflang/wolf/internal/config/loader.go:137.2,137.17 1 0
github.com/wolflang/wolf/internal/config/loader.go:138.13,139.14 1 0
github.com/wolflang/wolf/internal/config/loader.go:140.15,141.22 1 0
github.com/wolflang/wolf/internal/config/loader.go:142.14,143.21 1 0
github.com/wolflang/wolf/internal/config/loader.go:144.16,146.18 2 0
github.com/wolflang/wolf/internal/config/loader.go:146.18,148.5 1 0
github.com/wolflang/wolf/internal/config/loader.go:149.4,149.21 1 0
github.com/wolflang/wolf/internal/config/loader.go:150.18,151.25 1 0
github.com/wolflang/wolf/internal/config/loader.go:152.14,153.21 1 0
github.com/wolflang/wolf/internal/config/loader.go:154.11,155.32 1 0
github.com/wolflang/wolf/internal/config/loader.go:158.16,159.14 1 0
github.com/wolflang/wolf/internal/config/loader.go:160.15,161.25 1 0
github.com/wolflang/wolf/internal/config/loader.go:162.15,164.18 2 0
github.com/wolflang/wolf/internal/config/loader.go:164.18,166.5 1 0
github.com/wolflang/wolf/internal/config/loader.go:167.4,167.23 1 0
github.com/wolflang/wolf/internal/config/loader.go:168.23,170.18 2 0
github.com/wolflang/wolf/internal/config/loader.go:170.18,172.5 1 0
github.com/wolflang/wolf/internal/config/loader.go:173.4,173.33 1 0
github.com/wolflang/wolf/internal/config/loader.go:174.24,176.18 2 0
github.com/wolflang/wolf/internal/config/loader.go:176.18,178.5 1 0
github.com/wolflang/wolf/internal/config/loader.go:179.4,179.34 1 0
github.com/wolflang/wolf/internal/config/loader.go:180.27,182.18 2 0
github.com/wolflang/wolf/internal/config/loader.go:182.18,184.5 1 0
github.com/wolflang/wolf/internal/config/loader.go:185.4,185.33 1 0
github.com/wolflang/wolf/internal/config/loader.go:186.25,188.18 2 0
github.com/wolflang/wolf/internal/config/loader.go:188.18,190.5 1 0
github.com/wolflang/wolf/internal/config/loader.go:191.4,191.32 1 0
github.com/wolflang/wolf/internal/config/loader.go:192.22,194.18 2 0
github.com/wolflang/wolf/internal/config/loader.go:194.18,196.5 1 0
github.com/wolflang/wolf/internal/config/loader.go:197.4,197.29 1 0
github.com/wolflang/wolf/internal/config/loader.go:198.18,200.18 2 0
github.com/wolflang/wolf/internal/config/loader.go:200.18,202.5 1 0
github.com/wolflang/wolf/internal/config/loader.go:203.4,203.26 1 0
github.com/wolflang/wolf/internal/config/loader.go:204.11,205.32 1 0
github.com/wolflang/wolf/internal/config/loader.go:208.24,209.14 1 0
github.com/wolflang/wolf/internal/config/loader.go:210.17,211.23 1 0
github.com/wolflang/wolf/internal/config/loader.go:212.15,213.21 1 0
github.com/wolflang/wolf/internal/config/loader.go:214.15,216.18 2 0
github.com/wolflang/wolf/internal/config/loader.go:216.18,218.5 1 0
github.com/wolflang/wolf/internal/config/loader.go:219.4,219.19 1 0
github.com/wolflang/wolf/internal/config/loader.go:220.15,221.21 1 0
github.com/wolflang/wolf/internal/config/loader.go:222.15,223.21 1 0
github.com/wolflang/wolf/internal/config/loader.go:224.19,225.25 1 0
github.com/wolflang/wolf/internal/config/loader.go:226.20,228.18 2 0
github.com/wolflang/wolf/internal/config/loader.go:228.18,230.5 1 0
github.com/wolflang/wolf/internal/config/loader.go:231.4,231.23 1 0
github.com/wolflang/wolf/internal/config/loader.go:232.24,234.18 2 0
github.com/wolflang/wolf/internal/config/loader.go:234.18,236.5 1 0
github.com/wolflang/wolf/internal/config/loader.go:237.4,237.26 1 0
github.com/wolflang/wolf/internal/config/loader.go:238.23,240.18 2 0
github.com/wolflang/wolf/internal/config/loader.go:240.18,242.5 1 0
github.com/wolflang/wolf/internal/config/loader.go:243.4,243.26 1 0
github.com/wolflang/wolf/internal/config/loader.go:244.22,246.18 2 0
github.com/wolflang/wolf/internal/config/loader.go:246.18,248.5 1 0
github.com/wolflang/wolf/internal/config/loader.go:249.4,249.25 1 0
github.com/wolflang/wolf/internal/config/loader.go:250.20,251.25 1 0
github.com/wolflang/wolf/internal/config/loader.go:252.20,254.18 2 0
github.com/wolflang/wolf/internal/config/loader.go:254.18,256.5 1 0
github.com/wolflang/wolf/internal/config/loader.go:257.4,257.23 1 0
github.com/wolflang/wolf/internal/config/loader.go:258.11,259.32 1 0
github.com/wolflang/wolf/internal/config/loader.go:262.15,263.14 1 0
github.com/wolflang/wolf/internal/config/loader.go:264.15,265.24 1 0
github.com/wolflang/wolf/internal/config/loader.go:266.15,268.18 2 0
github.com/wolflang/wolf/internal/config/loader.go:268.18,270.5 1 0
github.com/wolflang/wolf/internal/config/loader.go:271.4,271.22 1 0
github.com/wolflang/wolf/internal/config/loader.go:272.19,273.28 1 0
github.com/wolflang/wolf/internal/config/loader.go:274.13,276.18 2 0
github.com/wolflang/wolf/internal/config/loader.go:276.18,278.5 1 0
github.com/wolflang/wolf/internal/config/loader.go:279.4,279.20 1 0
github.com/wolflang/wolf/internal/config/loader.go:280.11,281.32 1 0
github.com/wolflang/wolf/internal/config/loader.go:284.13,285.14 1 0
github.com/wolflang/wolf/internal/config/loader.go:286.17,287.24 1 0
github.com/wolflang/wolf/internal/config/loader.go:288.35,290.18 2 0
github.com/wolflang/wolf/internal/config/loader.go:290.18,292.5 1 0
github.com/wolflang/wolf/internal/config/loader.go:293.4,293.25 1 0
github.com/wolflang/wolf/internal/config/loader.go:294.20,295.27 1 0
github.com/wolflang/wolf/internal/config/loader.go:296.11,297.32 1 0
github.com/wolflang/wolf/internal/config/loader.go:300.13,301.14 1 0
github.com/wolflang/wolf/internal/config/loader.go:302.16,303.23 1 0
github.com/wolflang/wolf/internal/config/loader.go:304.17,305.24 1 0
github.com/wolflang/wolf/internal/config/loader.go:306.15,307.22 1 0
github.com/wolflang/wolf/internal/config/loader.go:308.11,309.32 1 0
github.com/wolflang/wolf/internal/config/loader.go:312.15,313.14 1 0
github.com/wolflang/wolf/internal/config/loader.go:314.18,315.26 1 0
github.com/wolflang/wolf/internal/config/loader.go:316.31,318.18 2 0
github.com/wolflang/wolf/internal/config/loader.go:318.18,320.5 1 0
github.com/wolflang/wolf/internal/config/loader.go:321.4,321.26 1 0
github.com/wolflang/wolf/internal/config/loader.go:322.18,324.18 2 0
github.com/wolflang/wolf/internal/config/loader.go:324.18,326.5 1 0
github.com/wolflang/wolf/internal/config/loader.go:327.4,327.24 1 0
github.com/wolflang/wolf/internal/config/loader.go:328.22,330.18 2 0
github.com/wolflang/wolf/internal/config/loader.go:330.18,332.5 1 0
github.com/wolflang/wolf/internal/config/loader.go:333.4,333.28 1 0
github.com/wolflang/wolf/internal/config/loader.go:334.11,335.32 1 0
github.com/wolflang/wolf/internal/config/loader.go:338.10,339.73 1 0
github.com/wolflang/wolf/internal/config/loader.go:341.10,341.10 0 0
github.com/wolflang/wolf/internal/config/loader.go:346.2,346.12 1 0
github.com/wolflang/wolf/internal/config/loader.go:352.34,353.43 1 0
github.com/wolflang/wolf/internal/config/loader.go:353.43,354.37 1 0
github.com/wolflang/wolf/internal/config/loader.go:354.37,356.4 1 0
github.com/wolflang/wolf/internal/config/loader.go:358.2,358.40 1 0
github.com/wolflang/wolf/internal/config/loader.go:358.40,359.37 1 0
github.com/wolflang/wolf/internal/config/loader.go:359.37,360.45 1 0
github.com/wolflang/wolf/internal/config/loader.go:360.45,362.5 1 0
github.com/wolflang/wolf/internal/config/loader.go:365.2,365.42 1 0
github.com/wolflang/wolf/internal/config/loader.go:365.42,366.37 1 0
github.com/wolflang/wolf/internal/config/loader.go:366.37,367.42 1 0
github.com/wolflang/wolf/internal/config/loader.go:367.42,369.5 1 0
github.com/wolflang/wolf/internal/config/loader.go:374.2,424.53 39 0
github.com/wolflang/wolf/internal/config/loader.go:429.38,431.29 2 0
github.com/wolflang/wolf/internal/config/loader.go:431.29,433.3 1 0
github.com/wolflang/wolf/internal/config/loader.go:435.2,435.52 1 0
github.com/wolflang/wolf/internal/config/loader.go:435.52,437.3 1 0
github.com/wolflang/wolf/internal/config/loader.go:439.2,439.61 1 0
github.com/wolflang/wolf/internal/config/loader.go:439.61,441.3 1 0
github.com/wolflang/wolf/internal/config/loader.go:443.2,444.30 2 0
github.com/wolflang/wolf/internal/config/loader.go:444.30,446.3 1 0
github.com/wolflang/wolf/internal/config/loader.go:448.2,448.25 1 0
github.com/wolflang/wolf/internal/config/loader.go:448.25,450.3 1 0
github.com/wolflang/wolf/internal/config/loader.go:451.2,451.28 1 0
github.com/wolflang/wolf/internal/config/loader.go:451.28,453.3 1 0
github.com/wolflang/wolf/internal/config/loader.go:454.2,454.42 1 0
github.com/wolflang/wolf/internal/config/loader.go:454.42,457.3 1 0
github.com/wolflang/wolf/internal/config/loader.go:458.2,458.28 1 0
github.com/wolflang/wolf/internal/config/loader.go:458.28,460.3 1 0
github.com/wolflang/wolf/internal/config/loader.go:462.2,463.63 2 0
github.com/wolflang/wolf/internal/config/loader.go:463.63,465.3 1 0
github.com/wolflang/wolf/internal/config/loader.go:467.2,468.33 2 0
github.com/wolflang/wolf/internal/config/loader.go:468.33,470.3 1 0
github.com/wolflang/wolf/internal/config/loader.go:472.2,472.12 1 0
github.com/wolflang/wolf/internal/config/loader.go:476.40,477.47 1 0
github.com/wolflang/wolf/internal/config/loader.go:478.32,479.19 1 0
github.com/wolflang/wolf/internal/config/loader.go:480.33,481.20 1 0
github.com/wolflang/wolf/internal/config/loader.go:483.2,483.56 1 0
github.com/wolflang/wolf/internal/ir/ir_nodes.go:62.31,62.32 0 0
github.com/wolflang/wolf/internal/ir/ir_nodes.go:71.30,71.31 0 0
github.com/wolflang/wolf/internal/ir/ir_nodes.go:78.28,78.29 0 0
github.com/wolflang/wolf/internal/ir/ir_nodes.go:85.30,85.31 0 0
github.com/wolflang/wolf/internal/ir/ir_nodes.go:95.26,95.27 0 0
github.com/wolflang/wolf/internal/ir/ir_nodes.go:111.27,111.28 0 0
github.com/wolflang/wolf/internal/ir/ir_nodes.go:121.29,121.30 0 0
github.com/wolflang/wolf/internal/ir/ir_nodes.go:130.30,130.31 0 0
github.com/wolflang/wolf/internal/ir/ir_nodes.go:143.29,143.30 0 0
github.com/wolflang/wolf/internal/ir/ir_nodes.go:150.26,150.27 0 0
github.com/wolflang/wolf/internal/ir/ir_nodes.go:157.29,157.30 0 0
github.com/wolflang/wolf/internal/ir/ir_nodes.go:164.27,164.28 0 0
github.com/wolflang/wolf/internal/ir/ir_nodes.go:174.33,174.34 0 0
github.com/wolflang/wolf/internal/ir/ir_nodes.go:182.29,182.30 0 0
github.com/wolflang/wolf/internal/ir/ir_nodes.go:196.25,196.26 0 0
github.com/wolflang/wolf/internal/ir/ir_nodes.go:203.26,203.27 0 0
github.com/wolflang/wolf/internal/ir/ir_nodes.go:210.28,210.29 0 0
github.com/wolflang/wolf/internal/ir/ir_nodes.go:217.29,217.30 0 0
github.com/wolflang/wolf/internal/ir/ir_nodes.go:224.27,224.28 0 0
github.com/wolflang/wolf/internal/ir/ir_nodes.go:229.26,229.27 0 0
github.com/wolflang/wolf/internal/ir/ir_nodes.go:238.30,238.31 0 0
github.com/wolflang/wolf/internal/ir/ir_nodes.go:246.29,246.30 0 0
github.com/wolflang/wolf/internal/ir/ir_nodes.go:254.28,254.29 0 0
github.com/wolflang/wolf/internal/ir/ir_nodes.go:262.31,262.32 0 0
github.com/wolflang/wolf/internal/ir/ir_nodes.go:271.34,271.35 0 0
github.com/wolflang/wolf/internal/ir/ir_nodes.go:280.30,280.31 0 0
github.com/wolflang/wolf/internal/ir/ir_nodes.go:288.29,288.30 0 0
github.com/wolflang/wolf/internal/ir/ir_nodes.go:296.28,296.29 0 0
github.com/wolflang/wolf/internal/ir/ir_nodes.go:306.26,306.27 0 0
github.com/wolflang/wolf/internal/ir/ir_nodes.go:314.29,314.30 0 0
github.com/wolflang/wolf/internal/ir/ir_nodes.go:323.27,323.28 0 0
github.com/wolflang/wolf/internal/ir/ir_nodes.go:331.30,331.31 0 0
github.com/wolflang/wolf/internal/ir/ir_nodes.go:338.28,338.29 0 0
github.com/wolflang/wolf/internal/ir/ir_nodes.go:346.28,346.29 0 0
github.com/wolflang/wolf/internal/ir/ir_nodes.go:353.28,353.29 0 0
github.com/wolflang/wolf/internal/ir/ir_nodes.go:361.31,361.32 0 0
github.com/wolflang/wolf/internal/ir/ir_nodes.go:369.32,369.33 0 0
github.com/wolflang/wolf/internal/ir/ir_nodes.go:376.28,376.29 0 0
github.com/wolflang/wolf/internal/ir/ir_nodes.go:387.29,387.30 0 0
github.com/wolflang/wolf/internal/ir/ir_nodes.go:395.29,395.30 0 0
github.com/wolflang/wolf/internal/ir/ir_nodes.go:403.31,403.32 0 0
github.com/wolflang/wolf/internal/emitter/ir_emitter.go:21.45,28.2 1 1
github.com/wolflang/wolf/internal/emitter/ir_emitter.go:31.63,39.42 3 1
github.com/wolflang/wolf/internal/emitter/ir_emitter.go:39.42,40.27 1 1
github.com/wolflang/wolf/internal/emitter/ir_emitter.go:41.25,44.30 2 1
github.com/wolflang/wolf/internal/emitter/ir_emitter.go:44.30,50.5 2 0
github.com/wolflang/wolf/internal/emitter/ir_emitter.go:51.4,51.51 1 1
github.com/wolflang/wolf/internal/emitter/ir_emitter.go:52.26,54.48 2 1
github.com/wolflang/wolf/internal/emitter/ir_emitter.go:55.11,57.21 2 1
github.com/wolflang/wolf/internal/emitter/ir_emitter.go:57.21,59.5 1 1
github.com/wolflang/wolf/internal/emitter/ir_emitter.go:64.2,64.29 1 1
github.com/wolflang/wolf/internal/emitter/ir_emitter.go:64.29,66.3 1 1
github.com/wolflang/wolf/internal/emitter/ir_emitter.go:68.2,68.15 1 1
github.com/wolflang/wolf/internal/emitter/ir_emitter.go:72.66,73.42 1 1
github.com/wolflang/wolf/internal/emitter/ir_emitter.go:73.42,74.56 1 1
github.com/wolflang/wolf/internal/emitter/ir_emitter.go:74.56,75.56 1 1
github.com/wolflang/wolf/internal/emitter/ir_emitter.go:75.56,76.58 1 0
github.com/wolflang/wolf/internal/emitter/ir_emitter.go:76.58,77.54 1 0
github.com/wolflang/wolf/internal/emitter/ir_emitter.go:77.54,78.68 1 0
github.com/wolflang/wolf/internal/emitter/ir_emitter.go:78.68,80.43 2 0
github.com/wolflang/wolf/internal/emitter/ir_emitter.go:80.43,82.9 1 0
github.com/wolflang/wolf/internal/emitter/ir_emitter.go:83.8,83.35 1 0
github.com/wolflang/wolf/internal/emitter/ir_emitter.go:94.61,95.26 1 1
github.com/wolflang/wolf/internal/emitter/ir_emitter.go:96.30,97.27 1 1
github.com/wolflang/wolf/internal/emitter/ir_emitter.go:98.23,99.26 1 0
github.com/wolflang/wolf/internal/emitter/ir_emitter.go:100.26,101.29 1 1
github.com/wolflang/wolf/internal/emitter/ir_emitter.go:102.26,103.29 1 0
github.com/wolflang/wolf/internal/emitter/ir_emitter.go:104.22,105.25 1 1
github.com/wolflang/wolf/internal/emitter/ir_emitter.go:106.23,107.26 1 1
github.com/wolflang/wolf/internal/emitter/ir_emitter.go:108.27,109.30 1 1
github.com/wolflang/wolf/internal/emitter/ir_emitter.go:110.25,111.28 1 0
github.com/wolflang/wolf/internal/emitter/ir_emitter.go:112.25,113.28 1 1
github.com/wolflang/wolf/internal/emitter/ir_emitter.go:114.28,115.27 1 0
github.com/wolflang/wolf/internal/emitter/ir_emitter.go:116.28,117.27 1 0
github.com/wolflang/wolf/internal/emitter/ir_emitter.go:118.34,119.28 1 0
github.com/wolflang/wolf/internal/emitter/ir_emitter.go:120.30,121.24 1 0
github.com/wolflang/wolf/internal/emitter/ir_emitter.go:122.33,123.30 1 0
github.com/wolflang/wolf/internal/emitter/ir_emitter.go:124.25,125.24 1 0
github.com/wolflang/wolf/internal/emitter/ir_emitter.go:126.10,127.13 1 0
github.com/wolflang/wolf/internal/emitter/ir_emitter.go:131.68,133.48 1 1
github.com/wolflang/wolf/internal/emitter/ir_emitter.go:133.48,134.92 1 1
github.com/wolflang/wolf/internal/emitter/ir_emitter.go:134.92,140.17 3 1
github.com/wolflang/wolf/internal/emitter/ir_emitter.go:140.17,141.44 1 1
github.com/wolflang/wolf/internal/emitter/ir_emitter.go:141.44,142.33 1 1
github.com/wolflang/wolf/internal/emitter/ir_emitter.go:142.33,145.7 2 1
github.com/wolflang/wolf/internal/emitter/ir_emitter.go:149.4,153.5 1 1
github.com/wolflang/wolf/internal/emitter/ir_emitter.go:158.2,158.47 1 1
github.com/wolflang/wolf/internal/emitter/ir_emitter.go:158.47,159.56 1 0
github.com/wolflang/wolf/internal/emitter/ir_emitter.go:159.56,160.22 1 0
github.com/wolflang/wolf/internal/emitter/ir_emitter.go:161.17,162.33 1 0
github.com/wolflang/wolf/internal/emitter/ir_emitter.go:163.17,164.33 1 0
github.com/wolflang/wolf/internal/emitter/ir_emitter.go:165.19,166.35 1 0
github.com/wolflang/wolf/internal/emitter/ir_emitter.go:171.2,171.47 1 1
github.com/wolflang/wolf/internal/emitter/ir_emitter.go:175.66,184.25 7 0
github.com/wolflang/wolf/internal/emitter/ir_emitter.go:184.25,185.58 1 0
github.com/wolflang/wolf/internal/emitter/ir_emitter.go:185.58,187.4 1 0
github.com/wolflang/wolf/internal/emitter/ir_emitter.go:188.3,188.58 1 0
github.com/wolflang/wolf/internal/emitter/ir_emitter.go:188.58,190.4 1 0
github.com/wolflang/wolf/internal/emitter/ir_emitter.go:192.2,192.25 1 0
github.com/wolflang/wolf/internal/emitter/ir_emitter.go:192.25,193.57 1 0
github.com/wolflang/wolf/internal/emitter/ir_emitter.go:193.57,195.4 1 0
github.com/wolflang/wolf/internal/emitter/ir_emitter.go:198.2,202.3 1 0
github.com/wolflang/wolf/internal/emitter/ir_emitter.go:206.66,214.25 6 0
github.com/wolflang/wolf/internal/emitter/ir_emitter.go:214.25,216.3 1 0
github.com/wolflang/wolf/internal/emitter/ir_emitter.go:216.8,218.3 1 0
github.com/wolflang/wolf/internal/emitter/ir_emitter.go:220.2,220.25 1 0
github.com/wolflang/wolf/internal/emitter/ir_emitter.go:220.25,222.3 1 0
github.com/wolflang/wolf/internal/emitter/ir_emitter.go:224.2,224.52 1 0
github.com/wolflang/wolf/internal/emitter/ir_emitter.go:228.68,235.25 5 0
github.com/wolflang/wolf/internal/emitter/ir_emitter.go:235.25,237.3 1 0
github.com/wolflang/wolf/internal/emitter/ir_emitter.go:238.2,238.25 1 0
github.com/wolflang/wolf/internal/emitter/ir_emitter.go:238.25,240.3 1 0
github.com/wolflang/wolf/internal/emitter/ir_emitter.go:242.2,245.3 1 0
github.com/wolflang/wolf/internal/emitter/ir_emitter.go:248.60,253.20 4 0
github.com/wolflang/wolf/internal/emitter/ir_emitter.go:253.20,255.3 1 0
github.com/wolflang/wolf/internal/emitter/ir_emitter.go:257.2,261.3 1 0
github.com/wolflang/wolf/internal/emitter/ir_emitter.go:264.66,269.15 3 1
github.com/wolflang/wolf/internal/emitter/ir_emitter.go:269.15,270.42 1 1
github.com/wolflang/wolf/internal/emitter/ir_emitter.go:270.42,271.31 1 1
github.com/wolflang/wolf/internal/emitter/ir_emitter.go:271.31,274.5 2 1
github.com/wolflang/wolf/internal/emitter/ir_emitter.go:278.2,282.3 1 1
github.com/wolflang/wolf/internal/emitter/ir_emitter.go:285.66,287.29 2 0
github.com/wolflang/wolf/internal/emitter/ir_emitter.go:287.29,289.3 1 0
github.com/wolflang/wolf/internal/emitter/ir_emitter.go:290.2,290.39 1 0
github.com/wolflang/wolf/internal/emitter/ir_emitter.go:293.58,299.32 2 1
github.com/wolflang/wolf/internal/emitter/ir_emitter.go:299.32,304.3 1 0
github.com/wolflang/wolf/internal/emitter/ir_emitter.go:306.2,306.23 1 1
github.com/wolflang/wolf/internal/emitter/ir_emitter.go:306.23,308.3 1 1
github.com/wolflang/wolf/internal/emitter/ir_emitter.go:310.2,310.15 1 1
github.com/wolflang/wolf/internal/emitter/ir_emitter.go:313.60,320.2 1 1
github.com/wolflang/wolf/internal/emitter/ir_emitter.go:322.68,324.20 2 1
github.com/wolflang/wolf/internal/emitter/ir_emitter.go:324.20,326.3 1 0
github.com/wolflang/wolf/internal/emitter/ir_emitter.go:327.2,334.3 2 1
github.com/wolflang/wolf/internal/emitter/ir_emitter.go:337.64,345.2 1 0
github.com/wolflang/wolf/internal/emitter/ir_emitter.go:347.64,352.29 2 1
github.com/wolflang/wolf/internal/emitter/ir_emitter.go:352.29,353.58 1 1
github.com/wolflang/wolf/internal/emitter/ir_emitter.go:353.58,355.4 1 1
github.com/wolflang/wolf/internal/emitter/ir_emitter.go:355.9,361.4 2 1
github.com/wolflang/wolf/internal/emitter/ir_emitter.go:364.2,364.15 1 1
github.com/wolflang/wolf/internal/emitter/ir_emitter.go:367.66,373.22 3 0
github.com/wolflang/wolf/internal/emitter/ir_emitter.go:373.22,375.3 1 0
github.com/wolflang/wolf/internal/emitter/ir_emitter.go:378.2,383.36 3 0
github.com/wolflang/wolf/internal/emitter/ir_emitter.go:386.66,389.41 2 0
github.com/wolflang/wolf/internal/emitter/ir_emitter.go:389.41,393.3 1 0
github.com/wolflang/wolf/internal/emitter/ir_emitter.go:394.2,394.38 1 0
github.com/wolflang/wolf/internal/emitter/ir_emitter.go:397.74,401.28 2 0
github.com/wolflang/wolf/internal/emitter/ir_emitter.go:401.28,403.3 1 0
github.com/wolflang/wolf/internal/emitter/ir_emitter.go:404.2,409.3 2 0
github.com/wolflang/wolf/internal/emitter/ir_emitter.go:412.60,414.2 1 0
github.com/wolflang/wolf/internal/emitter/ir_emitter.go:416.73,423.2 1 0
github.com/wolflang/wolf/internal/emitter/ir_emitter.go:425.65,430.2 1 0
github.com/wolflang/wolf/internal/emitter/ir_emitter.go:434.67,442.57 3 1
github.com/wolflang/wolf/internal/emitter/ir_emitter.go:442.57,444.52 2 0
github.com/wolflang/wolf/internal/emitter/ir_emitter.go:444.52,446.4 1 0
github.com/wolflang/wolf/internal/emitter/ir_emitter.go:449.2,449.29 1 1
github.com/wolflang/wolf/internal/emitter/ir_emitter.go:449.29,452.19 3 1
github.com/wolflang/wolf/internal/emitter/ir_emitter.go:452.19,454.4 1 1
github.com/wolflang/wolf/internal/emitter/ir_emitter.go:455.3,455.71 1 1
github.com/wolflang/wolf/internal/emitter/ir_emitter.go:458.2,458.25 1 1
github.com/wolflang/wolf/internal/emitter/ir_emitter.go:458.25,459.41 1 0
github.com/wolflang/wolf/internal/emitter/ir_emitter.go:459.41,461.4 1 0
github.com/wolflang/wolf/internal/emitter/ir_emitter.go:464.2,464.19 1 1
github.com/wolflang/wolf/internal/emitter/ir_emitter.go:464.19,466.3 1 1
github.com/wolflang/wolf/internal/emitter/ir_emitter.go:468.2,468.24 1 1
github.com/wolflang/wolf/internal/emitter/ir_emitter.go:468.24,472.3 1 0
github.com/wolflang/wolf/internal/emitter/ir_emitter.go:474.2,474.11 1 1
github.com/wolflang/wolf/internal/emitter/ir_emitter.go:477.62,483.36 2 1
github.com/wolflang/wolf/internal/emitter/ir_emitter.go:483.36,485.19 2 1
github.com/wolflang/wolf/internal/emitter/ir_emitter.go:485.19,487.4 1 0
github.com/wolflang/wolf/internal/emitter/ir_emitter.go:488.3,489.26 2 1
github.com/wolflang/wolf/internal/emitter/ir_emitter.go:489.26,491.4 1 0
github.com/wolflang/wolf/internal/emitter/ir_emitter.go:492.3,497.5 1 1
github.com/wolflang/wolf/internal/emitter/ir_emitter.go:500.2,500.35 1 1
github.com/wolflang/wolf/internal/emitter/ir_emitter.go:500.35,504.35 4 1
github.com/wolflang/wolf/internal/emitter/ir_emitter.go:504.35,508.4 3 1
github.com/wolflang/wolf/internal/emitter/ir_emitter.go:508.9,510.4 1 0
github.com/wolflang/wolf/internal/emitter/ir_emitter.go:513.2,513.12 1 1
github.com/wolflang/wolf/internal/emitter/ir_emitter.go:518.62,519.17 1 1
github.com/wolflang/wolf/internal/emitter/ir_emitter.go:519.17,521.3 1 0
github.com/wolflang/wolf/internal/emitter/ir_emitter.go:523.2,523.27 1 1
github.com/wolflang/wolf/internal/emitter/ir_emitter.go:524.27,525.51 1 1
github.com/wolflang/wolf/internal/emitter/ir_emitter.go:527.26,528.34 1 0
github.com/wolflang/wolf/internal/emitter/ir_emitter.go:530.26,531.37 1 1
github.com/wolflang/wolf/internal/emitter/ir_emitter.go:533.28,534.39 1 1
github.com/wolflang/wolf/internal/emitter/ir_emitter.go:536.29,537.40 1 1
github.com/wolflang/wolf/internal/emitter/ir_emitter.go:539.27,540.38 1 1
github.com/wolflang/wolf/internal/emitter/ir_emitter.go:542.26,543.22 1 0
github.com/wolflang/wolf/internal/emitter/ir_emitter.go:545.34,546.38 1 1
github.com/wolflang/wolf/internal/emitter/ir_emitter.go:548.26,553.4 1 1
github.com/wolflang/wolf/internal/emitter/ir_emitter.go:555.25,556.67 1 0
github.com/wolflang/wolf/internal/emitter/ir_emitter.go:558.27,559.69 1 1
github.com/wolflang/wolf/internal/emitter/ir_emitter.go:561.24,563.29 2 0
github.com/wolflang/wolf/internal/emitter/ir_emitter.go:563.29,565.4 1 0
github.com/wolflang/wolf/internal/emitter/ir_emitter.go:567.3,567.35 1 0
github.com/wolflang/wolf/internal/emitter/ir_emitter.go:567.35,569.4 1 0
github.com/wolflang/wolf/internal/emitter/ir_emitter.go:570.3,570.65 1 0
github.com/wolflang/wolf/internal/emitter/ir_emitter.go:572.30,576.4 1 1
github.com/wolflang/wolf/internal/emitter/ir_emitter.go:578.26,580.29 2 0
github.com/wolflang/wolf/internal/emitter/ir_emitter.go:580.29,582.4 1 0
github.com/wolflang/wolf/internal/emitter/ir_emitter.go:583.3,583.54 1 0
github.com/wolflang/wolf/internal/emitter/ir_emitter.go:583.54,584.46 1 0
github.com/wolflang/wolf/internal/emitter/ir_emitter.go:584.46,586.5 1 0
github.com/wolflang/wolf/internal/emitter/ir_emitter.go:588.3,592.4 1 0
github.com/wolflang/wolf/internal/emitter/ir_emitter.go:594.26,596.29 2 0
github.com/wolflang/wolf/internal/emitter/ir_emitter.go:596.29,598.4 1 0
github.com/wolflang/wolf/internal/emitter/ir_emitter.go:599.3,599.43 1 0
github.com/wolflang/wolf/internal/emitter/ir_emitter.go:599.43,601.4 1 0
github.com/wolflang/wolf/internal/emitter/ir_emitter.go:602.3,606.4 1 0
github.com/wolflang/wolf/internal/emitter/ir_emitter.go:608.25,612.4 1 0
github.com/wolflang/wolf/internal/emitter/ir_emitter.go:614.28,616.36 2 1
github.com/wolflang/wolf/internal/emitter/ir_emitter.go:616.36,618.4 1 1
github.com/wolflang/wolf/internal/emitter/ir_emitter.go:619.3,619.64 1 1
github.com/wolflang/wolf/internal/emitter/ir_emitter.go:621.26,623.26 2 0
github.com/wolflang/wolf/internal/emitter/ir_emitter.go:623.26,626.4 2 0
github.com/wolflang/wolf/internal/emitter/ir_emitter.go:627.3,630.4 1 0
github.com/wolflang/wolf/internal/emitter/ir_emitter.go:632.23,634.29 2 1
github.com/wolflang/wolf/internal/emitter/ir_emitter.go:634.29,636.4 1 1
github.com/wolflang/wolf/internal/emitter/ir_emitter.go:637.3,640.4 1 1
github.com/wolflang/wolf/internal/emitter/ir_emitter.go:642.27,644.31 2 0
github.com/wolflang/wolf/internal/emitter/ir_emitter.go:644.31,646.20 2 0
github.com/wolflang/wolf/internal/emitter/ir_emitter.go:646.20,648.5 1 0
github.com/wolflang/wolf/internal/emitter/ir_emitter.go:649.4,649.89 1 0
github.com/wolflang/wolf/internal/emitter/ir_emitter.go:651.3,651.21 1 0
github.com/wolflang/wolf/internal/emitter/ir_emitter.go:651.21,653.4 1 0
github.com/wolflang/wolf/internal/emitter/ir_emitter.go:654.3,654.26 1 0
github.com/wolflang/wolf/internal/emitter/ir_emitter.go:654.26,656.4 1 0
github.com/wolflang/wolf/internal/emitter/ir_emitter.go:657.3,657.12 1 0
github.com/wolflang/wolf/internal/emitter/ir_emitter.go:659.25,663.4 1 0
github.com/wolflang/wolf/internal/emitter/ir_emitter.go:665.25,667.52 1 0
github.com/wolflang/wolf/internal/emitter/ir_emitter.go:669.27,670.61 1 0
github.com/wolflang/wolf/internal/emitter/ir_emitter.go:672.24,673.84 1 0
github.com/wolflang/wolf/internal/emitter/ir_emitter.go:675.27,676.55 1 0
github.com/wolflang/wolf/internal/emitter/ir_emitter.go:678.25,680.55 2 1
github.com/wolflang/wolf/internal/emitter/ir_emitter.go:682.25,687.4 2 1
github.com/wolflang/wolf/internal/emitter/ir_emitter.go:689.28,693.4 1 0
github.com/wolflang/wolf/internal/emitter/ir_emitter.go:695.24,696.30 1 0
github.com/wolflang/wolf/internal/emitter/ir_emitter.go:698.10,699.22 1 0
github.com/wolflang/wolf/internal/emitter/ir_emitter.go:703.82,709.31 4 1
github.com/wolflang/wolf/internal/emitter/ir_emitter.go:709.31,710.27 1 1
github.com/wolflang/wolf/internal/emitter/ir_emitter.go:711.30,712.21 1 1
github.com/wolflang/wolf/internal/emitter/ir_emitter.go:713.11,715.41 2 1
github.com/wolflang/wolf/internal/emitter/ir_emitter.go:719.2,719.51 1 1
github.com/wolflang/wolf/internal/emitter/ir_emitter.go:724.67,726.26 2 1
github.com/wolflang/wolf/internal/emitter/ir_emitter.go:726.26,728.20 2 1
github.com/wolflang/wolf/internal/emitter/ir_emitter.go:728.20,730.4 1 1
github.com/wolflang/wolf/internal/emitter/ir_emitter.go:732.2,732.15 1 1
github.com/wolflang/wolf/internal/emitter/ir_emitter.go:735.76,737.2 1 1
github.com/wolflang/wolf/internal/emitter/ir_emitter.go:739.59,740.55 1 1
github.com/wolflang/wolf/internal/emitter/ir_emitter.go:740.55,741.40 1 1
github.com/wolflang/wolf/internal/emitter/ir_emitter.go:741.40,743.4 1 1
github.com/wolflang/wolf/internal/emitter/ir_emitter.go:745.2,745.30 1 0
github.com/wolflang/wolf/internal/emitter/ir_emitter.go:748.38,749.37 1 0
github.com/wolflang/wolf/internal/emitter/ir_emitter.go:749.37,751.3 1 0
github.com/wolflang/wolf/internal/emitter/ir_emitter.go:752.2,752.13 1 0
github.com/wolflang/wolf/internal/emitter/ir_emitter.go:755.58,756.18 1 1
github.com/wolflang/wolf/internal/emitter/ir_emitter.go:757.13,758.15 1 0
github.com/wolflang/wolf/internal/emitter/ir_emitter.go:759.26,760.19 1 0
github.com/wolflang/wolf/internal/emitter/ir_emitter.go:761.16,762.18 1 1
github.com/wolflang/wolf/internal/emitter/ir_emitter.go:763.14,764.16 1 0
github.com/wolflang/wolf/internal/emitter/ir_emitter.go:765.15,766.17 1 0
github.com/wolflang/wolf/internal/emitter/ir_emitter.go:767.17,768.12 1 1
github.com/wolflang/wolf/internal/emitter/ir_emitter.go:769.10,770.18 1 0
github.com/wolflang/wolf/internal/emitter/ir_emitter.go:774.39,776.26 2 0
github.com/wolflang/wolf/internal/emitter/ir_emitter.go:776.26,777.12 1 0
github.com/wolflang/wolf/internal/emitter/ir_emitter.go:777.12,779.4 1 0
github.com/wolflang/wolf/internal/emitter/ir_emitter.go:780.3,780.14 1 0
github.com/wolflang/wolf/internal/emitter/ir_emitter.go:782.2,782.15 1 0
github.com/wolflang/wolf/internal/emitter/llvm_emitter.go:33.36,43.2 3 1
github.com/wolflang/wolf/internal/emitter/llvm_emitter.go:45.40,97.2 40 1
github.com/wolflang/wolf/internal/emitter/llvm_emitter.go:100.42,103.2 2 1
github.com/wolflang/wolf/internal/emitter/llvm_emitter.go:106.55,109.2 2 1
github.com/wolflang/wolf/internal/emitter/llvm_emitter.go:112.59,113.44 1 1
github.com/wolflang/wolf/internal/emitter/llvm_emitter.go:113.44,115.3 1 0
github.com/wolflang/wolf/internal/emitter/llvm_emitter.go:116.2,119.14 4 1
github.com/wolflang/wolf/internal/emitter/llvm_emitter.go:123.40,125.30 2 1
github.com/wolflang/wolf/internal/emitter/llvm_emitter.go:125.30,127.13 2 1
github.com/wolflang/wolf/internal/emitter/llvm_emitter.go:128.13,129.25 1 0
github.com/wolflang/wolf/internal/emitter/llvm_emitter.go:130.12,131.25 1 0
github.com/wolflang/wolf/internal/emitter/llvm_emitter.go:132.13,133.25 1 0
github.com/wolflang/wolf/internal/emitter/llvm_emitter.go:134.13,135.25 1 0
github.com/wolflang/wolf/internal/emitter/llvm_emitter.go:136.13,137.25 1 0
github.com/wolflang/wolf/internal/emitter/llvm_emitter.go:138.15,139.25 1 0
github.com/wolflang/wolf/internal/emitter/llvm_emitter.go:140.11,141.27 1 1
github.com/wolflang/wolf/internal/emitter/llvm_emitter.go:141.27,143.5 1 0
github.com/wolflang/wolf/internal/emitter/llvm_emitter.go:143.10,145.5 1 1
github.com/wolflang/wolf/internal/emitter/llvm_emitter.go:148.2,148.19 1 1
github.com/wolflang/wolf/internal/emitter/llvm_emitter.go:152.56,166.39 7 1
github.com/wolflang/wolf/internal/emitter/llvm_emitter.go:166.39,168.3 1 1
github.com/wolflang/wolf/internal/emitter/llvm_emitter.go:169.2,169.38 1 1
github.com/wolflang/wolf/internal/emitter/llvm_emitter.go:169.38,170.29 1 0
github.com/wolflang/wolf/internal/emitter/llvm_emitter.go:170.29,174.4 3 0
github.com/wolflang/wolf/internal/emitter/llvm_emitter.go:175.3,175.38 1 0
github.com/wolflang/wolf/internal/emitter/llvm_emitter.go:175.38,179.4 3 0
github.com/wolflang/wolf/internal/emitter/llvm_emitter.go:183.2,183.39 1 1
github.com/wolflang/wolf/internal/emitter/llvm_emitter.go:183.39,186.3 2 1
github.com/wolflang/wolf/internal/emitter/llvm_emitter.go:189.2,189.38 1 1
github.com/wolflang/wolf/internal/emitter/llvm_emitter.go:189.38,190.29 1 0
github.com/wolflang/wolf/internal/emitter/llvm_emitter.go:190.29,193.4 2 0
github.com/wolflang/wolf/internal/emitter/llvm_emitter.go:194.3,194.38 1 0
github.com/wolflang/wolf/internal/emitter/llvm_emitter.go:194.38,197.4 2 0
github.com/wolflang/wolf/internal/emitter/llvm_emitter.go:201.2,201.32 1 1
github.com/wolflang/wolf/internal/emitter/llvm_emitter.go:201.32,214.40 8 1
github.com/wolflang/wolf/internal/emitter/llvm_emitter.go:214.40,216.4 1 1
github.com/wolflang/wolf/internal/emitter/llvm_emitter.go:218.3,218.42 1 1
github.com/wolflang/wolf/internal/emitter/llvm_emitter.go:218.42,220.4 1 1
github.com/wolflang/wolf/internal/emitter/llvm_emitter.go:222.3,225.17 4 1
github.com/wolflang/wolf/internal/emitter/llvm_emitter.go:229.2,238.18 8 1
github.com/wolflang/wolf/internal/emitter/llvm_emitter.go:238.18,240.3 1 1
github.com/wolflang/wolf/internal/emitter/llvm_emitter.go:241.2,245.29 3 1
github.com/wolflang/wolf/internal/emitter/llvm_emitter.go:245.29,247.44 2 1
github.com/wolflang/wolf/internal/emitter/llvm_emitter.go:247.44,251.4 3 1
github.com/wolflang/wolf/internal/emitter/llvm_emitter.go:252.3,252.16 1 1
github.com/wolflang/wolf/internal/emitter/llvm_emitter.go:256.2,672.29 388 1
github.com/wolflang/wolf/internal/emitter/llvm_emitter.go:672.29,675.3 2 0
github.com/wolflang/wolf/internal/emitter/llvm_emitter.go:678.2,680.23 2 1
github.com/wolflang/wolf/internal/emitter/llvm_emitter.go:685.57,686.29 1 1
github.com/wolflang/wolf/internal/emitter/llvm_emitter.go:686.29,687.27 1 1
github.com/wolflang/wolf/internal/emitter/llvm_emitter.go:688.24,690.39 2 0
github.com/wolflang/wolf/internal/emitter/llvm_emitter.go:690.39,691.23 1 0
github.com/wolflang/wolf/internal/emitter/llvm_emitter.go:691.23,693.6 1 0
github.com/wolflang/wolf/internal/emitter/llvm_emitter.go:694.5,694.21 1 0
github.com/wolflang/wolf/internal/emitter/llvm_emitter.go:694.21,696.6 1 0
github.com/wolflang/wolf/internal/emitter/llvm_emitter.go:698.4,698.31 1 0
github.com/wolflang/wolf/internal/emitter/llvm_emitter.go:699.23,700.46 1 1
github.com/wolflang/wolf/internal/emitter/llvm_emitter.go:700.46,701.38 1 1
github.com/wolflang/wolf/internal/emitter/llvm_emitter.go:701.38,703.22 2 1
github.com/wolflang/wolf/internal/emitter/llvm_emitter.go:703.22,705.7 1 0
github.com/wolflang/wolf/internal/emitter/llvm_emitter.go:706.6,706.38 1 1
github.com/wolflang/wolf/internal/emitter/llvm_emitter.go:709.19,711.35 2 1
github.com/wolflang/wolf/internal/emitter/llvm_emitter.go:711.35,713.5 1 0
github.com/wolflang/wolf/internal/emitter/llvm_emitter.go:714.4,714.25 1 1
github.com/wolflang/wolf/internal/emitter/llvm_emitter.go:714.25,716.5 1 1
github.com/wolflang/wolf/internal/emitter/llvm_emitter.go:717.20,718.21 1 1
github.com/wolflang/wolf/internal/emitter/llvm_emitter.go:718.21,720.5 1 1
github.com/wolflang/wolf/internal/emitter/llvm_emitter.go:721.4,721.30 1 1
github.com/wolflang/wolf/internal/emitter/llvm_emitter.go:722.22,724.19 2 0
github.com/wolflang/wolf/internal/emitter/llvm_emitter.go:724.19,726.5 1 0
github.com/wolflang/wolf/internal/emitter/llvm_emitter.go:727.4,727.30 1 0
github.com/wolflang/wolf/internal/emitter/llvm_emitter.go:728.23,729.30 1 0
github.com/wolflang/wolf/internal/emitter/llvm_emitter.go:729.30,731.5 1 0
github.com/wolflang/wolf/internal/emitter/llvm_emitter.go:732.4,732.24 1 0
github.com/wolflang/wolf/internal/emitter/llvm_emitter.go:732.24,734.5 1 0
github.com/wolflang/wolf/internal/emitter/llvm_emitter.go:735.22,736.31 1 0
github.com/wolflang/wolf/internal/emitter/llvm_emitter.go:743.51,744.26 1 1
github.com/wolflang/wolf/internal/emitter/llvm_emitter.go:744.26,745.25 1 1
github.com/wolflang/wolf/internal/emitter/llvm_emitter.go:746.23,747.26 1 0
github.com/wolflang/wolf/internal/emitter/llvm_emitter.go:747.26,749.5 1 0
github.com/wolflang/wolf/internal/emitter/llvm_emitter.go:750.19,751.78 1 0
github.com/wolflang/wolf/internal/emitter/llvm_emitter.go:751.78,753.5 1 0
github.com/wolflang/wolf/internal/emitter/llvm_emitter.go:754.22,755.40 1 0
github.com/wolflang/wolf/internal/emitter/llvm_emitter.go:755.40,757.5 1 0
github.com/wolflang/wolf/internal/emitter/llvm_emitter.go:758.20,759.39 1 0
github.com/wolflang/wolf/internal/emitter/llvm_emitter.go:759.39,761.5 1 0
github.com/wolflang/wolf/internal/emitter/llvm_emitter.go:762.22,763.39 1 0
github.com/wolflang/wolf/internal/emitter/llvm_emitter.go:763.39,765.5 1 0
github.com/wolflang/wolf/internal/emitter/llvm_emitter.go:766.23,767.31 1 0
github.com/wolflang/wolf/internal/emitter/llvm_emitter.go:767.31,768.39 1 0
github.com/wolflang/wolf/internal/emitter/llvm_emitter.go:768.39,770.6 1 0
github.com/wolflang/wolf/internal/emitter/llvm_emitter.go:772.4,772.42 1 0
github.com/wolflang/wolf/internal/emitter/llvm_emitter.go:772.42,774.5 1 0
github.com/wolflang/wolf/internal/emitter/llvm_emitter.go:777.2,777.14 1 1
github.com/wolflang/wolf/internal/emitter/llvm_emitter.go:780.53,783.30 2 1
github.com/wolflang/wolf/internal/emitter/llvm_emitter.go:783.30,786.3 2 1
github.com/wolflang/wolf/internal/emitter/llvm_emitter.go:788.2,789.29 2 1
github.com/wolflang/wolf/internal/emitter/llvm_emitter.go:789.29,791.3 1 0
github.com/wolflang/wolf/internal/emitter/llvm_emitter.go:791.8,791.44 1 1
github.com/wolflang/wolf/internal/emitter/llvm_emitter.go:791.44,795.3 1 0
github.com/wolflang/wolf/internal/emitter/llvm_emitter.go:797.2,809.30 9 1
github.com/wolflang/wolf/internal/emitter/llvm_emitter.go:809.30,812.3 2 1
github.com/wolflang/wolf/internal/emitter/llvm_emitter.go:815.2,818.39 2 1
github.com/wolflang/wolf/internal/emitter/llvm_emitter.go:818.39,820.3 1 1
github.com/wolflang/wolf/internal/emitter/llvm_emitter.go:823.2,823.30 1 1
github.com/wolflang/wolf/internal/emitter/llvm_emitter.go:823.30,826.3 2 1
github.com/wolflang/wolf/internal/emitter/llvm_emitter.go:828.2,828.31 1 1
github.com/wolflang/wolf/internal/emitter/llvm_emitter.go:828.31,830.3 1 1
github.com/wolflang/wolf/internal/emitter/llvm_emitter.go:833.2,833.55 1 1
github.com/wolflang/wolf/internal/emitter/llvm_emitter.go:833.55,835.3 1 1
github.com/wolflang/wolf/internal/emitter/llvm_emitter.go:837.2,839.16 3 1
github.com/wolflang/wolf/internal/emitter/llvm_emitter.go:842.74,844.30 2 0
github.com/wolflang/wolf/internal/emitter/llvm_emitter.go:844.30,847.3 2 0
github.com/wolflang/wolf/internal/emitter/llvm_emitter.go:849.2,850.43 2 0
github.com/wolflang/wolf/internal/emitter/llvm_emitter.go:850.43,852.3 1 0
github.com/wolflang/wolf/internal/emitter/llvm_emitter.go:854.2,864.30 7 0
github.com/wolflang/wolf/internal/emitter/llvm_emitter.go:864.30,867.3 2 0
github.com/wolflang/wolf/internal/emitter/llvm_emitter.go:870.2,876.39 3 0
github.com/wolflang/wolf/internal/emitter/llvm_emitter.go:876.39,878.3 1 0
github.com/wolflang/wolf/internal/emitter/llvm_emitter.go:881.2,881.30 1 0
github.com/wolflang/wolf/internal/emitter/llvm_emitter.go:881.30,884.3 2 0
github.com/wolflang/wolf/internal/emitter/llvm_emitter.go:886.2,893.31 7 0
github.com/wolflang/wolf/internal/emitter/llvm_emitter.go:893.31,895.3 1 0
github.com/wolflang/wolf/internal/emitter/llvm_emitter.go:897.2,903.16 6 0
github.com/wolflang/wolf/internal/emitter/llvm_emitter.go:906.62,907.21 1 1
github.com/wolflang/wolf/internal/emitter/llvm_emitter.go:907.21,909.3 1 0
github.com/wolflang/wolf/internal/emitter/llvm_emitter.go:910.2,911.11 2 1
github.com/wolflang/wolf/internal/emitter/llvm_emitter.go:916.46,917.26 1 1
github.com/wolflang/wolf/internal/emitter/llvm_emitter.go:918.23,919.19 1 0
github.com/wolflang/wolf/internal/emitter/llvm_emitter.go:920.22,921.18 1 1
github.com/wolflang/wolf/internal/emitter/llvm_emitter.go:922.20,923.20 1 1
github.com/wolflang/wolf/internal/emitter/llvm_emitter.go:924.22,925.18 1 0
github.com/wolflang/wolf/internal/emitter/llvm_emitter.go:926.18,927.14 1 1
github.com/wolflang/wolf/internal/emitter/llvm_emitter.go:928.19,929.15 1 1
github.com/wolflang/wolf/internal/emitter/llvm_emitter.go:930.21,931.17 1 0
github.com/wolflang/wolf/internal/emitter/llvm_emitter.go:932.22,933.18 1 0
github.com/wolflang/wolf/internal/emitter/llvm_emitter.go:934.21,935.17 1 0
github.com/wolflang/wolf/internal/emitter/llvm_emitter.go:936.23,937.19 1 0
github.com/wolflang/wolf/internal/emitter/llvm_emitter.go:938.21,939.33 1 0
github.com/wolflang/wolf/internal/emitter/llvm_emitter.go:939.33,941.4 1 0
github.com/wolflang/wolf/internal/emitter/llvm_emitter.go:942.25,943.21 1 0
github.com/wolflang/wolf/internal/emitter/llvm_emitter.go:944.21,945.17 1 0
github.com/wolflang/wolf/internal/emitter/llvm_emitter.go:946.19,947.52 1 0
github.com/wolflang/wolf/internal/emitter/llvm_emitter.go:948.10,949.76 1 0
github.com/wolflang/wolf/internal/emitter/llvm_emitter.go:953.58,962.2 3 0
github.com/wolflang/wolf/internal/emitter/llvm_emitter.go:964.50,967.30 3 0
github.com/wolflang/wolf/internal/emitter/llvm_emitter.go:967.30,969.3 1 0
github.com/wolflang/wolf/internal/emitter/llvm_emitter.go:970.2,970.76 1 0
github.com/wolflang/wolf/internal/emitter/llvm_emitter.go:973.50,977.2 3 0
github.com/wolflang/wolf/internal/emitter/llvm_emitter.go:979.54,986.2 4 0
github.com/wolflang/wolf/internal/emitter/llvm_emitter.go:988.54,990.37 2 0
github.com/wolflang/wolf/internal/emitter/llvm_emitter.go:990.37,992.21 1 0
github.com/wolflang/wolf/internal/emitter/llvm_emitter.go:992.21,994.4 1 0
github.com/wolflang/wolf/internal/emitter/llvm_emitter.go:995.3,995.19 1 0
github.com/wolflang/wolf/internal/emitter/llvm_emitter.go:995.19,997.4 1 0
github.com/wolflang/wolf/internal/emitter/llvm_emitter.go:1000.2,1000.20 1 0
github.com/wolflang/wolf/internal/emitter/llvm_emitter.go:1000.20,1003.3 2 0
github.com/wolflang/wolf/internal/emitter/llvm_emitter.go:1006.52,1007.35 1 1
github.com/wolflang/wolf/internal/emitter/llvm_emitter.go:1008.17,1011.19 2 1
github.com/wolflang/wolf/internal/emitter/llvm_emitter.go:1011.19,1013.4 1 0
github.com/wolflang/wolf/internal/emitter/llvm_emitter.go:1016.3,1017.10 2 1
github.com/wolflang/wolf/internal/emitter/llvm_emitter.go:1017.10,1019.4 1 0
github.com/wolflang/wolf/internal/emitter/llvm_emitter.go:1021.3,1022.86 2 1
github.com/wolflang/wolf/internal/emitter/llvm_emitter.go:1023.23,1030.106 7 0
github.com/wolflang/wolf/internal/emitter/llvm_emitter.go:1031.21,1035.23 4 0
github.com/wolflang/wolf/internal/emitter/llvm_emitter.go:1035.23,1038.4 2 0
github.com/wolflang/wolf/internal/emitter/llvm_emitter.go:1039.3,1040.106 2 0
github.com/wolflang/wolf/internal/emitter/llvm_emitter.go:1041.10,1042.81 1 0
github.com/wolflang/wolf/internal/emitter/llvm_emitter.go:1047.58,1048.27 1 1
github.com/wolflang/wolf/internal/emitter/llvm_emitter.go:1049.18,1050.15 1 1
github.com/wolflang/wolf/internal/emitter/llvm_emitter.go:1051.20,1052.18 1 1
github.com/wolflang/wolf/internal/emitter/llvm_emitter.go:1053.19,1054.14 1 1
github.com/wolflang/wolf/internal/emitter/llvm_emitter.go:1055.21,1056.15 1 1
github.com/wolflang/wolf/internal/emitter/llvm_emitter.go:1057.18,1058.15 1 0
github.com/wolflang/wolf/internal/emitter/llvm_emitter.go:1059.22,1061.16 1 1
github.com/wolflang/wolf/internal/emitter/llvm_emitter.go:1062.53,1063.15 1 1
github.com/wolflang/wolf/internal/emitter/llvm_emitter.go:1064.11,1065.97 1 1
github.com/wolflang/wolf/internal/emitter/llvm_emitter.go:1065.97,1067.5 1 0
github.com/wolflang/wolf/internal/emitter/llvm_emitter.go:1069.4,1069.85 1 1
github.com/wolflang/wolf/internal/emitter/llvm_emitter.go:1069.85,1071.5 1 0
github.com/wolflang/wolf/internal/emitter/llvm_emitter.go:1072.4,1072.16 1 1
github.com/wolflang/wolf/internal/emitter/llvm_emitter.go:1074.21,1075.19 1 0
github.com/wolflang/wolf/internal/emitter/llvm_emitter.go:1075.19,1077.4 1 0
github.com/wolflang/wolf/internal/emitter/llvm_emitter.go:1078.3,1078.37 1 0
github.com/wolflang/wolf/internal/emitter/llvm_emitter.go:1079.22,1080.15 1 0
github.com/wolflang/wolf/internal/emitter/llvm_emitter.go:1081.24,1082.15 1 0
github.com/wolflang/wolf/internal/emitter/llvm_emitter.go:1083.20,1084.45 1 0
github.com/wolflang/wolf/internal/emitter/llvm_emitter.go:1084.45,1085.22 1 0
github.com/wolflang/wolf/internal/emitter/llvm_emitter.go:1095.71,1096.17 1 0
github.com/wolflang/wolf/internal/emitter/llvm_emitter.go:1098.145,1099.17 1 0
github.com/wolflang/wolf/internal/emitter/llvm_emitter.go:1100.73,1101.17 1 0
github.com/wolflang/wolf/internal/emitter/llvm_emitter.go:1105.37,1106.16 1 0
github.com/wolflang/wolf/internal/emitter/llvm_emitter.go:1107.131,1108.18 1 0
github.com/wolflang/wolf/internal/emitter/llvm_emitter.go:1109.145,1110.20 1 0
github.com/wolflang/wolf/internal/emitter/llvm_emitter.go:1112.4,1112.85 1 0
github.com/wolflang/wolf/internal/emitter/llvm_emitter.go:1112.85,1114.5 1 0
github.com/wolflang/wolf/internal/emitter/llvm_emitter.go:1116.3,1116.15 1 0
github.com/wolflang/wolf/internal/emitter/llvm_emitter.go:1117.26,1120.37 3 0
github.com/wolflang/wolf/internal/emitter/llvm_emitter.go:1120.37,1121.46 1 0
github.com/wolflang/wolf/internal/emitter/llvm_emitter.go:1121.46,1122.40 1 0
github.com/wolflang/wolf/internal/emitter/llvm_emitter.go:1122.40,1124.11 2 0
github.com/wolflang/wolf/internal/emitter/llvm_emitter.go:1128.3,1128.23 1 0
github.com/wolflang/wolf/internal/emitter/llvm_emitter.go:1128.23,1130.4 1 0
github.com/wolflang/wolf/internal/emitter/llvm_emitter.go:1132.3,1133.49 2 0
github.com/wolflang/wolf/internal/emitter/llvm_emitter.go:1133.49,1135.4 1 0
github.com/wolflang/wolf/internal/emitter/llvm_emitter.go:1136.3,1136.15 1 0
github.com/wolflang/wolf/internal/emitter/llvm_emitter.go:1137.22,1140.16 2 0
github.com/wolflang/wolf/internal/emitter/llvm_emitter.go:1147.41,1148.19 1 0
github.com/wolflang/wolf/internal/emitter/llvm_emitter.go:1149.137,1150.16 1 0
github.com/wolflang/wolf/internal/emitter/llvm_emitter.go:1151.29,1152.16 1 0
github.com/wolflang/wolf/internal/emitter/llvm_emitter.go:1153.199,1154.16 1 0
github.com/wolflang/wolf/internal/emitter/llvm_emitter.go:1155.93,1156.15 1 0
github.com/wolflang/wolf/internal/emitter/llvm_emitter.go:1157.65,1158.17 1 0
github.com/wolflang/wolf/internal/emitter/llvm_emitter.go:1159.67,1160.16 1 0
github.com/wolflang/wolf/internal/emitter/llvm_emitter.go:1162.3,1162.15 1 0
github.com/wolflang/wolf/internal/emitter/llvm_emitter.go:1163.17,1164.39 1 1
github.com/wolflang/wolf/internal/emitter/llvm_emitter.go:1164.39,1166.4 1 1
github.com/wolflang/wolf/internal/emitter/llvm_emitter.go:1167.3,1167.15 1 0
github.com/wolflang/wolf/internal/emitter/llvm_emitter.go:1168.10,1169.15 1 0
github.com/wolflang/wolf/internal/emitter/llvm_emitter.go:1173.52,1174.31 1 1
github.com/wolflang/wolf/internal/emitter/llvm_emitter.go:1175.20,1176.23 1 1
github.com/wolflang/wolf/internal/emitter/llvm_emitter.go:1177.26,1178.25 1 0
github.com/wolflang/wolf/internal/emitter/llvm_emitter.go:1179.10,1180.25 1 1
github.com/wolflang/wolf/internal/emitter/llvm_emitter.go:1184.52,1185.24 1 0
github.com/wolflang/wolf/internal/emitter/llvm_emitter.go:1185.24,1187.3 1 0
github.com/wolflang/wolf/internal/emitter/llvm_emitter.go:1187.8,1192.32 3 0
github.com/wolflang/wolf/internal/emitter/llvm_emitter.go:1192.32,1193.22 1 0
github.com/wolflang/wolf/internal/emitter/llvm_emitter.go:1193.22,1198.5 4 0
github.com/wolflang/wolf/internal/emitter/llvm_emitter.go:1198.10,1198.30 1 0
github.com/wolflang/wolf/internal/emitter/llvm_emitter.go:1198.30,1203.5 4 0
github.com/wolflang/wolf/internal/emitter/llvm_emitter.go:1203.10,1203.33 1 0
github.com/wolflang/wolf/internal/emitter/llvm_emitter.go:1203.33,1208.5 4 0
github.com/wolflang/wolf/internal/emitter/llvm_emitter.go:1211.3,1211.57 1 0
github.com/wolflang/wolf/internal/emitter/llvm_emitter.go:1221.72,1224.44 2 1
github.com/wolflang/wolf/internal/emitter/llvm_emitter.go:1224.44,1226.3 1 0
github.com/wolflang/wolf/internal/emitter/llvm_emitter.go:1227.2,1227.20 1 1
github.com/wolflang/wolf/internal/emitter/llvm_emitter.go:1228.12,1229.13 1 1
github.com/wolflang/wolf/internal/emitter/llvm_emitter.go:1230.13,1233.16 3 0
github.com/wolflang/wolf/internal/emitter/llvm_emitter.go:1234.16,1237.16 3 0
github.com/wolflang/wolf/internal/emitter/llvm_emitter.go:1238.10,1241.16 3 0
github.com/wolflang/wolf/internal/emitter/llvm_emitter.go:1246.44,1257.16 9 1
github.com/wolflang/wolf/internal/emitter/llvm_emitter.go:1257.16,1259.3 1 0
github.com/wolflang/wolf/internal/emitter/llvm_emitter.go:1259.8,1259.20 1 1
github.com/wolflang/wolf/internal/emitter/llvm_emitter.go:1259.20,1261.3 1 1
github.com/wolflang/wolf/internal/emitter/llvm_emitter.go:1263.2,1267.30 3 1
github.com/wolflang/wolf/internal/emitter/llvm_emitter.go:1267.30,1269.3 1 1
github.com/wolflang/wolf/internal/emitter/llvm_emitter.go:1270.2,1273.33 2 1
github.com/wolflang/wolf/internal/emitter/llvm_emitter.go:1273.33,1282.27 6 0
github.com/wolflang/wolf/internal/emitter/llvm_emitter.go:1282.27,1284.4 1 0
github.com/wolflang/wolf/internal/emitter/llvm_emitter.go:1284.9,1284.21 1 0
github.com/wolflang/wolf/internal/emitter/llvm_emitter.go:1284.21,1286.4 1 0
github.com/wolflang/wolf/internal/emitter/llvm_emitter.go:1286.9,1288.4 1 0
github.com/wolflang/wolf/internal/emitter/llvm_emitter.go:1290.3,1294.34 3 0
github.com/wolflang/wolf/internal/emitter/llvm_emitter.go:1294.34,1296.4 1 0
github.com/wolflang/wolf/internal/emitter/llvm_emitter.go:1297.3,1297.58 1 0
github.com/wolflang/wolf/internal/emitter/llvm_emitter.go:1301.2,1301.13 1 1
github.com/wolflang/wolf/internal/emitter/llvm_emitter.go:1301.13,1303.35 2 1
github.com/wolflang/wolf/internal/emitter/llvm_emitter.go:1303.35,1305.4 1 1
github.com/wolflang/wolf/internal/emitter/llvm_emitter.go:1306.3,1306.58 1 1
github.com/wolflang/wolf/internal/emitter/llvm_emitter.go:1310.2,1310.41 1 1
github.com/wolflang/wolf/internal/emitter/llvm_emitter.go:1314.46,1321.19 5 1
github.com/wolflang/wolf/internal/emitter/llvm_emitter.go:1321.19,1323.3 1 1
github.com/wolflang/wolf/internal/emitter/llvm_emitter.go:1324.2,1328.19 3 1
github.com/wolflang/wolf/internal/emitter/llvm_emitter.go:1328.19,1334.3 4 1
github.com/wolflang/wolf/internal/emitter/llvm_emitter.go:1334.8,1336.3 1 0
github.com/wolflang/wolf/internal/emitter/llvm_emitter.go:1339.2,1340.30 2 1
github.com/wolflang/wolf/internal/emitter/llvm_emitter.go:1340.30,1342.3 1 1
github.com/wolflang/wolf/internal/emitter/llvm_emitter.go:1343.2,1347.21 3 1
github.com/wolflang/wolf/internal/emitter/llvm_emitter.go:1347.21,1349.3 1 1
github.com/wolflang/wolf/internal/emitter/llvm_emitter.go:1350.2,1353.41 2 1
github.com/wolflang/wolf/internal/emitter/llvm_emitter.go:1356.50,1385.37 18 0
github.com/wolflang/wolf/internal/emitter/llvm_emitter.go:1385.37,1389.3 3 0
github.com/wolflang/wolf/internal/emitter/llvm_emitter.go:1392.2,1392.33 1 0
github.com/wolflang/wolf/internal/emitter/llvm_emitter.go:1392.33,1394.3 1 0
github.com/wolflang/wolf/internal/emitter/llvm_emitter.go:1396.2,1396.30 1 0
github.com/wolflang/wolf/internal/emitter/llvm_emitter.go:1396.30,1398.3 1 0
github.com/wolflang/wolf/internal/emitter/llvm_emitter.go:1401.2,1406.41 5 0
github.com/wolflang/wolf/internal/emitter/llvm_emitter.go:1409.52,1411.20 2 0
github.com/wolflang/wolf/internal/emitter/llvm_emitter.go:1411.20,1413.3 1 0
github.com/wolflang/wolf/internal/emitter/llvm_emitter.go:1414.2,1418.22 4 0
github.com/wolflang/wolf/internal/emitter/llvm_emitter.go:1418.22,1421.3 2 0
github.com/wolflang/wolf/internal/emitter/llvm_emitter.go:1421.8,1421.31 1 0
github.com/wolflang/wolf/internal/emitter/llvm_emitter.go:1421.31,1424.3 2 0
github.com/wolflang/wolf/internal/emitter/llvm_emitter.go:1424.8,1428.3 3 0
github.com/wolflang/wolf/internal/emitter/llvm_emitter.go:1430.2,1430.28 1 0
github.com/wolflang/wolf/internal/emitter/llvm_emitter.go:1430.28,1441.25 6 0
github.com/wolflang/wolf/internal/emitter/llvm_emitter.go:1441.25,1443.4 1 0
github.com/wolflang/wolf/internal/emitter/llvm_emitter.go:1443.9,1443.32 1 0
github.com/wolflang/wolf/internal/emitter/llvm_emitter.go:1443.32,1445.4 1 0
github.com/wolflang/wolf/internal/emitter/llvm_emitter.go:1445.9,1447.4 1 0
github.com/wolflang/wolf/internal/emitter/llvm_emitter.go:1449.3,1452.31 3 0
github.com/wolflang/wolf/internal/emitter/llvm_emitter.go:1452.31,1454.4 1 0
github.com/wolflang/wolf/internal/emitter/llvm_emitter.go:1455.3,1455.58 1 0
github.com/wolflang/wolf/internal/emitter/llvm_emitter.go:1458.2,1458.24 1 0
github.com/wolflang/wolf/internal/emitter/llvm_emitter.go:1458.24,1460.34 2 0
github.com/wolflang/wolf/internal/emitter/llvm_emitter.go:1460.34,1462.4 1 0
github.com/wolflang/wolf/internal/emitter/llvm_emitter.go:1463.3,1463.58 1 0
github.com/wolflang/wolf/internal/emitter/llvm_emitter.go:1466.2,1466.41 1 0
github.com/wolflang/wolf/internal/emitter/llvm_emitter.go:1472.74,1473.27 1 1
github.com/wolflang/wolf/internal/emitter/llvm_emitter.go:1474.18,1475.18 1 1
github.com/wolflang/wolf/internal/emitter/llvm_emitter.go:1476.20,1477.18 1 1
github.com/wolflang/wolf/internal/emitter/llvm_emitter.go:1478.19,1479.15 1 1
github.com/wolflang/wolf/internal/emitter/llvm_emitter.go:1479.15,1481.4 1 1
github.com/wolflang/wolf/internal/emitter/llvm_emitter.go:1482.3,1482.13 1 0
github.com/wolflang/wolf/internal/emitter/llvm_emitter.go:1483.18,1484.16 1 0
github.com/wolflang/wolf/internal/emitter/llvm_emitter.go:1485.21,1490.13 5 1
github.com/wolflang/wolf/internal/emitter/llvm_emitter.go:1491.17,1493.47 1 1
github.com/wolflang/wolf/internal/emitter/llvm_emitter.go:1493.47,1495.49 2 0
github.com/wolflang/wolf/internal/emitter/llvm_emitter.go:1495.49,1497.5 1 0
github.com/wolflang/wolf/internal/emitter/llvm_emitter.go:1498.4,1498.29 1 0
github.com/wolflang/wolf/internal/emitter/llvm_emitter.go:1501.3,1502.39 2 1
github.com/wolflang/wolf/internal/emitter/llvm_emitter.go:1502.39,1504.4 1 1
github.com/wolflang/wolf/internal/emitter/llvm_emitter.go:1505.3,1507.13 3 1
github.com/wolflang/wolf/internal/emitter/llvm_emitter.go:1508.23,1516.13 8 0
github.com/wolflang/wolf/internal/emitter/llvm_emitter.go:1517.22,1518.44 1 1
github.com/wolflang/wolf/internal/emitter/llvm_emitter.go:1519.21,1520.29 1 0
github.com/wolflang/wolf/internal/emitter/llvm_emitter.go:1521.20,1522.28 1 0
github.com/wolflang/wolf/internal/emitter/llvm_emitter.go:1523.26,1524.30 1 0
github.com/wolflang/wolf/internal/emitter/llvm_emitter.go:1525.22,1526.30 1 0
github.com/wolflang/wolf/internal/emitter/llvm_emitter.go:1527.22,1528.30 1 0
github.com/wolflang/wolf/internal/emitter/llvm_emitter.go:1529.24,1530.32 1 0
github.com/wolflang/wolf/internal/emitter/llvm_emitter.go:1531.23,1532.27 1 1
github.com/wolflang/wolf/internal/emitter/llvm_emitter.go:1533.21,1534.29 1 0
github.com/wolflang/wolf/internal/emitter/llvm_emitter.go:1535.20,1536.28 1 0
github.com/wolflang/wolf/internal/emitter/llvm_emitter.go:1537.18,1538.26 1 0
github.com/wolflang/wolf/internal/emitter/llvm_emitter.go:1539.19,1540.27 1 0
github.com/wolflang/wolf/internal/emitter/llvm_emitter.go:1541.10,1543.16 2 0
github.com/wolflang/wolf/internal/emitter/llvm_emitter.go:1547.62,1553.22 5 0
github.com/wolflang/wolf/internal/emitter/llvm_emitter.go:1553.22,1555.3 1 0
github.com/wolflang/wolf/internal/emitter/llvm_emitter.go:1555.8,1557.23 1 0
github.com/wolflang/wolf/internal/emitter/llvm_emitter.go:1557.23,1560.4 2 0
github.com/wolflang/wolf/internal/emitter/llvm_emitter.go:1561.3,1561.99 1 0
github.com/wolflang/wolf/internal/emitter/llvm_emitter.go:1563.2,1563.12 1 0
github.com/wolflang/wolf/internal/emitter/llvm_emitter.go:1566.60,1569.35 3 0
github.com/wolflang/wolf/internal/emitter/llvm_emitter.go:1569.35,1571.19 2 0
github.com/wolflang/wolf/internal/emitter/llvm_emitter.go:1572.14,1576.91 4 0
github.com/wolflang/wolf/internal/emitter/llvm_emitter.go:1577.17,1581.91 4 0
github.com/wolflang/wolf/internal/emitter/llvm_emitter.go:1582.13,1586.91 4 0
github.com/wolflang/wolf/internal/emitter/llvm_emitter.go:1587.11,1589.95 2 0
github.com/wolflang/wolf/internal/emitter/llvm_emitter.go:1592.2,1592.15 1 0
github.com/wolflang/wolf/internal/emitter/llvm_emitter.go:1595.56,1598.25 3 0
github.com/wolflang/wolf/internal/emitter/llvm_emitter.go:1598.25,1601.18 3 0
github.com/wolflang/wolf/internal/emitter/llvm_emitter.go:1602.14,1604.111 2 0
github.com/wolflang/wolf/internal/emitter/llvm_emitter.go:1605.17,1607.118 2 0
github.com/wolflang/wolf/internal/emitter/llvm_emitter.go:1608.13,1610.112 2 0
github.com/wolflang/wolf/internal/emitter/llvm_emitter.go:1611.11,1613.24 2 0
github.com/wolflang/wolf/internal/emitter/llvm_emitter.go:1613.24,1615.59 1 0
github.com/wolflang/wolf/internal/emitter/llvm_emitter.go:1615.59,1620.6 4 0
github.com/wolflang/wolf/internal/emitter/llvm_emitter.go:1620.11,1623.6 2 0
github.com/wolflang/wolf/internal/emitter/llvm_emitter.go:1624.10,1627.5 2 0
github.com/wolflang/wolf/internal/emitter/llvm_emitter.go:1630.2,1630.15 1 0
github.com/wolflang/wolf/internal/emitter/llvm_emitter.go:1633.85,1637.63 3 1
github.com/wolflang/wolf/internal/emitter/llvm_emitter.go:1637.63,1643.3 5 0
github.com/wolflang/wolf/internal/emitter/llvm_emitter.go:1645.2,1646.36 2 1
github.com/wolflang/wolf/internal/emitter/llvm_emitter.go:1646.36,1648.3 1 0
github.com/wolflang/wolf/internal/emitter/llvm_emitter.go:1648.8,1648.58 1 1
github.com/wolflang/wolf/internal/emitter/llvm_emitter.go:1648.58,1650.3 1 0
github.com/wolflang/wolf/internal/emitter/llvm_emitter.go:1650.8,1650.52 1 1
github.com/wolflang/wolf/internal/emitter/llvm_emitter.go:1650.52,1652.87 1 0
github.com/wolflang/wolf/internal/emitter/llvm_emitter.go:1652.87,1654.4 1 0
github.com/wolflang/wolf/internal/emitter/llvm_emitter.go:1654.9,1656.4 1 0
github.com/wolflang/wolf/internal/emitter/llvm_emitter.go:1659.2,1665.25 4 1
github.com/wolflang/wolf/internal/emitter/llvm_emitter.go:1665.25,1666.63 1 0
github.com/wolflang/wolf/internal/emitter/llvm_emitter.go:1666.63,1670.4 3 0
github.com/wolflang/wolf/internal/emitter/llvm_emitter.go:1671.3,1671.64 1 0
github.com/wolflang/wolf/internal/emitter/llvm_emitter.go:1671.64,1675.4 3 0
github.com/wolflang/wolf/internal/emitter/llvm_emitter.go:1679.2,1679.25 1 1
github.com/wolflang/wolf/internal/emitter/llvm_emitter.go:1679.25,1680.24 1 1
github.com/wolflang/wolf/internal/emitter/llvm_emitter.go:1680.24,1684.4 3 0
github.com/wolflang/wolf/internal/emitter/llvm_emitter.go:1684.9,1684.30 1 1
github.com/wolflang/wolf/internal/emitter/llvm_emitter.go:1684.30,1685.57 1 0
github.com/wolflang/wolf/internal/emitter/llvm_emitter.go:1685.57,1689.5 3 0
github.com/wolflang/wolf/internal/emitter/llvm_emitter.go:1692.3,1692.25 1 1
github.com/wolflang/wolf/internal/emitter/llvm_emitter.go:1692.25,1696.4 3 0
github.com/wolflang/wolf/internal/emitter/llvm_emitter.go:1696.9,1696.31 1 1
github.com/wolflang/wolf/internal/emitter/llvm_emitter.go:1696.31,1697.58 1 0
github.com/wolflang/wolf/internal/emitter/llvm_emitter.go:1697.58,1701.5 3 0
github.com/wolflang/wolf/internal/emitter/llvm_emitter.go:1705.2,1705.28 1 1
github.com/wolflang/wolf/internal/emitter/llvm_emitter.go:1705.28,1706.16 1 0
github.com/wolflang/wolf/internal/emitter/llvm_emitter.go:1707.12,1708.77 1 0
github.com/wolflang/wolf/internal/emitter/llvm_emitter.go:1709.12,1710.77 1 0
github.com/wolflang/wolf/internal/emitter/llvm_emitter.go:1711.12,1712.77 1 0
github.com/wolflang/wolf/internal/emitter/llvm_emitter.go:1713.12,1714.77 1 0
github.com/wolflang/wolf/internal/emitter/llvm_emitter.go:1715.12,1716.77 1 0
github.com/wolflang/wolf/internal/emitter/llvm_emitter.go:1717.13,1718.81 1 0
github.com/wolflang/wolf/internal/emitter/llvm_emitter.go:1719.13,1720.81 1 0
github.com/wolflang/wolf/internal/emitter/llvm_emitter.go:1721.12,1722.81 1 0
github.com/wolflang/wolf/internal/emitter/llvm_emitter.go:1723.12,1724.81 1 0
github.com/wolflang/wolf/internal/emitter/llvm_emitter.go:1725.13,1726.81 1 0
github.com/wolflang/wolf/internal/emitter/llvm_emitter.go:1727.13,1728.81 1 0
github.com/wolflang/wolf/internal/emitter/llvm_emitter.go:1729.11,1731.16 2 0
github.com/wolflang/wolf/internal/emitter/llvm_emitter.go:1733.8,1733.32 1 1
github.com/wolflang/wolf/internal/emitter/llvm_emitter.go:1733.32,1734.16 1 0
github.com/wolflang/wolf/internal/emitter/llvm_emitter.go:1735.13,1738.71 3 0
github.com/wolflang/wolf/internal/emitter/llvm_emitter.go:1739.13,1742.71 3 0
github.com/wolflang/wolf/internal/emitter/llvm_emitter.go:1743.11,1745.134 1 0
github.com/wolflang/wolf/internal/emitter/llvm_emitter.go:1745.134,1750.18 5 0
github.com/wolflang/wolf/internal/emitter/llvm_emitter.go:1751.14,1752.82 1 0
github.com/wolflang/wolf/internal/emitter/llvm_emitter.go:1753.14,1754.82 1 0
github.com/wolflang/wolf/internal/emitter/llvm_emitter.go:1755.15,1756.82 1 0
github.com/wolflang/wolf/internal/emitter/llvm_emitter.go:1757.15,1758.82 1 0
github.com/wolflang/wolf/internal/emitter/llvm_emitter.go:1759.14,1760.77 1 0
github.com/wolflang/wolf/internal/emitter/llvm_emitter.go:1761.14,1762.77 1 0
github.com/wolflang/wolf/internal/emitter/llvm_emitter.go:1763.14,1764.78 1 0
github.com/wolflang/wolf/internal/emitter/llvm_emitter.go:1765.14,1766.78 1 0
github.com/wolflang/wolf/internal/emitter/llvm_emitter.go:1768.10,1771.5 2 0
github.com/wolflang/wolf/internal/emitter/llvm_emitter.go:1773.8,1773.31 1 1
github.com/wolflang/wolf/internal/emitter/llvm_emitter.go:1773.31,1774.16 1 0
github.com/wolflang/wolf/internal/emitter/llvm_emitter.go:1775.13,1776.72 1 0
github.com/wolflang/wolf/internal/emitter/llvm_emitter.go:1777.13,1778.71 1 0
github.com/wolflang/wolf/internal/emitter/llvm_emitter.go:1779.13,1780.76 1 0
github.com/wolflang/wolf/internal/emitter/llvm_emitter.go:1781.13,1782.76 1 0
github.com/wolflang/wolf/internal/emitter/llvm_emitter.go:1783.11,1785.14 2 0
github.com/wolflang/wolf/internal/emitter/llvm_emitter.go:1787.8,1789.16 1 1
github.com/wolflang/wolf/internal/emitter/llvm_emitter.go:1790.12,1791.73 1 1
github.com/wolflang/wolf/internal/emitter/llvm_emitter.go:1792.12,1793.73 1 0
github.com/wolflang/wolf/internal/emitter/llvm_emitter.go:1794.12,1795.73 1 0
github.com/wolflang/wolf/internal/emitter/llvm_emitter.go:1796.12,1797.74 1 0
github.com/wolflang/wolf/internal/emitter/llvm_emitter.go:1798.12,1799.74 1 0
github.com/wolflang/wolf/internal/emitter/llvm_emitter.go:1800.13,1801.77 1 0
github.com/wolflang/wolf/internal/emitter/llvm_emitter.go:1802.13,1803.77 1 0
github.com/wolflang/wolf/internal/emitter/llvm_emitter.go:1804.12,1805.78 1 1
github.com/wolflang/wolf/internal/emitter/llvm_emitter.go:1806.12,1807.78 1 1
github.com/wolflang/wolf/internal/emitter/llvm_emitter.go:1808.13,1809.78 1 0
github.com/wolflang/wolf/internal/emitter/llvm_emitter.go:1810.13,1811.78 1 0
github.com/wolflang/wolf/internal/emitter/llvm_emitter.go:1812.11,1814.14 2 0
github.com/wolflang/wolf/internal/emitter/llvm_emitter.go:1817.2,1817.12 1 1
github.com/wolflang/wolf/internal/emitter/llvm_emitter.go:1820.62,1825.15 4 0
github.com/wolflang/wolf/internal/emitter/llvm_emitter.go:1826.11,1828.66 2 0
github.com/wolflang/wolf/internal/emitter/llvm_emitter.go:1829.11,1830.25 1 0
github.com/wolflang/wolf/internal/emitter/llvm_emitter.go:1830.25,1832.4 1 0
github.com/wolflang/wolf/internal/emitter/llvm_emitter.go:1832.9,1834.4 1 0
github.com/wolflang/wolf/internal/emitter/llvm_emitter.go:1835.10,1837.13 2 0
github.com/wolflang/wolf/internal/emitter/llvm_emitter.go:1839.2,1839.12 1 0
github.com/wolflang/wolf/internal/emitter/llvm_emitter.go:1842.62,1844.46 1 1
github.com/wolflang/wolf/internal/emitter/llvm_emitter.go:1844.46,1845.21 1 1
github.com/wolflang/wolf/internal/emitter/llvm_emitter.go:1846.60,1847.32 1 1
github.com/wolflang/wolf/internal/emitter/llvm_emitter.go:1852.2,1855.46 3 0
github.com/wolflang/wolf/internal/emitter/llvm_emitter.go:1855.46,1857.48 1 0
github.com/wolflang/wolf/internal/emitter/llvm_emitter.go:1857.48,1860.4 2 0
github.com/wolflang/wolf/internal/emitter/llvm_emitter.go:1861.8,1865.3 2 0
github.com/wolflang/wolf/internal/emitter/llvm_emitter.go:1868.2,1868.16 1 0
github.com/wolflang/wolf/internal/emitter/llvm_emitter.go:1868.16,1870.33 2 0
github.com/wolflang/wolf/internal/emitter/llvm_emitter.go:1870.33,1873.4 2 0
github.com/wolflang/wolf/internal/emitter/llvm_emitter.go:1874.3,1877.13 4 0
github.com/wolflang/wolf/internal/emitter/llvm_emitter.go:1880.2,1881.46 2 0
github.com/wolflang/wolf/internal/emitter/llvm_emitter.go:1881.46,1883.3 1 0
github.com/wolflang/wolf/internal/emitter/llvm_emitter.go:1885.2,1886.46 2 0
github.com/wolflang/wolf/internal/emitter/llvm_emitter.go:1886.46,1890.21 2 0
github.com/wolflang/wolf/internal/emitter/llvm_emitter.go:1891.14,1892.27 1 0
github.com/wolflang/wolf/internal/emitter/llvm_emitter.go:1893.15,1894.28 1 0
github.com/wolflang/wolf/internal/emitter/llvm_emitter.go:1895.18,1896.31 1 0
github.com/wolflang/wolf/internal/emitter/llvm_emitter.go:1897.15,1898.32 1 0
github.com/wolflang/wolf/internal/emitter/llvm_emitter.go:1899.15,1900.33 1 0
github.com/wolflang/wolf/internal/emitter/llvm_emitter.go:1901.20,1902.38 1 0
github.com/wolflang/wolf/internal/emitter/llvm_emitter.go:1903.16,1904.36 1 0
github.com/wolflang/wolf/internal/emitter/llvm_emitter.go:1905.15,1906.35 1 0
github.com/wolflang/wolf/internal/emitter/llvm_emitter.go:1907.14,1908.34 1 0
github.com/wolflang/wolf/internal/emitter/llvm_emitter.go:1909.15,1910.28 1 0
github.com/wolflang/wolf/internal/emitter/llvm_emitter.go:1911.15,1912.28 1 0
github.com/wolflang/wolf/internal/emitter/llvm_emitter.go:1913.14,1914.31 1 0
github.com/wolflang/wolf/internal/emitter/llvm_emitter.go:1915.24,1916.37 1 0
github.com/wolflang/wolf/internal/emitter/llvm_emitter.go:1917.22,1918.35 1 0
github.com/wolflang/wolf/internal/emitter/llvm_emitter.go:1919.22,1920.35 1 0
github.com/wolflang/wolf/internal/emitter/llvm_emitter.go:1921.22,1922.35 1 0
github.com/wolflang/wolf/internal/emitter/llvm_emitter.go:1923.17,1924.30 1 0
github.com/wolflang/wolf/internal/emitter/llvm_emitter.go:1925.18,1926.31 1 0
github.com/wolflang/wolf/internal/emitter/llvm_emitter.go:1927.21,1928.34 1 0
github.com/wolflang/wolf/internal/emitter/llvm_emitter.go:1929.24,1930.37 1 0
github.com/wolflang/wolf/internal/emitter/llvm_emitter.go:1933.21,1934.34 1 0
github.com/wolflang/wolf/internal/emitter/llvm_emitter.go:1935.21,1936.34 1 0
github.com/wolflang/wolf/internal/emitter/llvm_emitter.go:1937.18,1938.31 1 0
github.com/wolflang/wolf/internal/emitter/llvm_emitter.go:1939.21,1940.34 1 0
github.com/wolflang/wolf/internal/emitter/llvm_emitter.go:1941.23,1942.36 1 0
github.com/wolflang/wolf/internal/emitter/llvm_emitter.go:1943.23,1944.36 1 0
github.com/wolflang/wolf/internal/emitter/llvm_emitter.go:1945.23,1946.36 1 0
github.com/wolflang/wolf/internal/emitter/llvm_emitter.go:1947.28,1948.41 1 0
github.com/wolflang/wolf/internal/emitter/llvm_emitter.go:1949.19,1950.32 1 0
github.com/wolflang/wolf/internal/emitter/llvm_emitter.go:1951.31,1952.44 1 0
github.com/wolflang/wolf/internal/emitter/llvm_emitter.go:1953.20,1954.33 1 0
github.com/wolflang/wolf/internal/emitter/llvm_emitter.go:1955.22,1956.35 1 0
github.com/wolflang/wolf/internal/emitter/llvm_emitter.go:1959.14,1960.32 1 0
github.com/wolflang/wolf/internal/emitter/llvm_emitter.go:1961.14,1962.32 1 0
github.com/wolflang/wolf/internal/emitter/llvm_emitter.go:1963.14,1964.32 1 0
github.com/wolflang/wolf/internal/emitter/llvm_emitter.go:1965.15,1966.33 1 0
github.com/wolflang/wolf/internal/emitter/llvm_emitter.go:1967.15,1968.33 1 0
github.com/wolflang/wolf/internal/emitter/llvm_emitter.go:1969.15,1970.33 1 0
github.com/wolflang/wolf/internal/emitter/llvm_emitter.go:1971.16,1972.34 1 0
github.com/wolflang/wolf/internal/emitter/llvm_emitter.go:1973.15,1974.33 1 0
github.com/wolflang/wolf/internal/emitter/llvm_emitter.go:1975.14,1976.32 1 0
github.com/wolflang/wolf/internal/emitter/llvm_emitter.go:1977.14,1978.32 1 0
github.com/wolflang/wolf/internal/emitter/llvm_emitter.go:1979.16,1980.34 1 0
github.com/wolflang/wolf/internal/emitter/llvm_emitter.go:1981.14,1982.32 1 0
github.com/wolflang/wolf/internal/emitter/llvm_emitter.go:1983.16,1984.34 1 0
github.com/wolflang/wolf/internal/emitter/llvm_emitter.go:1985.15,1986.33 1 0
github.com/wolflang/wolf/internal/emitter/llvm_emitter.go:1987.16,1988.34 1 0
github.com/wolflang/wolf/internal/emitter/llvm_emitter.go:1989.14,1990.32 1 0
github.com/wolflang/wolf/internal/emitter/llvm_emitter.go:1991.15,1992.33 1 0
github.com/wolflang/wolf/internal/emitter/llvm_emitter.go:1993.13,1994.31 1 0
github.com/wolflang/wolf/internal/emitter/llvm_emitter.go:1995.14,1996.32 1 0
github.com/wolflang/wolf/internal/emitter/llvm_emitter.go:1997.14,1998.32 1 0
github.com/wolflang/wolf/internal/emitter/llvm_emitter.go:1999.15,2000.35 1 0
github.com/wolflang/wolf/internal/emitter/llvm_emitter.go:2001.18,2002.31 1 0
github.com/wolflang/wolf/internal/emitter/llvm_emitter.go:2003.18,2004.31 1 0
github.com/wolflang/wolf/internal/emitter/llvm_emitter.go:2005.16,2006.29 1 0
github.com/wolflang/wolf/internal/emitter/llvm_emitter.go:2007.21,2008.34 1 0
github.com/wolflang/wolf/internal/emitter/llvm_emitter.go:2009.22,2010.35 1 0
github.com/wolflang/wolf/internal/emitter/llvm_emitter.go:2011.26,2012.32 1 0
github.com/wolflang/wolf/internal/emitter/llvm_emitter.go:2013.26,2014.32 1 0
github.com/wolflang/wolf/internal/emitter/llvm_emitter.go:2015.17,2016.30 1 0
github.com/wolflang/wolf/internal/emitter/llvm_emitter.go:2017.17,2018.30 1 0
github.com/wolflang/wolf/internal/emitter/llvm_emitter.go:2019.20,2020.33 1 0
github.com/wolflang/wolf/internal/emitter/llvm_emitter.go:2021.19,2022.37 1 0
github.com/wolflang/wolf/internal/emitter/llvm_emitter.go:2023.16,2024.34 1 0
github.com/wolflang/wolf/internal/emitter/llvm_emitter.go:2027.17,2028.38 1 0
github.com/wolflang/wolf/internal/emitter/llvm_emitter.go:2029.21,2030.34 1 0
github.com/wolflang/wolf/internal/emitter/llvm_emitter.go:2031.21,2032.34 1 0
github.com/wolflang/wolf/internal/emitter/llvm_emitter.go:2033.18,2034.31 1 0
github.com/wolflang/wolf/internal/emitter/llvm_emitter.go:2035.18,2036.31 1 0
github.com/wolflang/wolf/internal/emitter/llvm_emitter.go:2037.18,2038.31 1 0
github.com/wolflang/wolf/internal/emitter/llvm_emitter.go:2039.15,2040.28 1 0
github.com/wolflang/wolf/internal/emitter/llvm_emitter.go:2041.16,2042.29 1 0
github.com/wolflang/wolf/internal/emitter/llvm_emitter.go:2043.16,2044.29 1 0
github.com/wolflang/wolf/internal/emitter/llvm_emitter.go:2045.23,2046.36 1 0
github.com/wolflang/wolf/internal/emitter/llvm_emitter.go:2047.26,2048.39 1 0
github.com/wolflang/wolf/internal/emitter/llvm_emitter.go:2049.24,2050.37 1 0
github.com/wolflang/wolf/internal/emitter/llvm_emitter.go:2051.22,2052.35 1 0
github.com/wolflang/wolf/internal/emitter/llvm_emitter.go:2053.21,2054.34 1 0
github.com/wolflang/wolf/internal/emitter/llvm_emitter.go:2055.18,2056.31 1 0
github.com/wolflang/wolf/internal/emitter/llvm_emitter.go:2057.18,2058.31 1 0
github.com/wolflang/wolf/internal/emitter/llvm_emitter.go:2059.18,2060.31 1 0
github.com/wolflang/wolf/internal/emitter/llvm_emitter.go:2061.17,2062.30 1 0
github.com/wolflang/wolf/internal/emitter/llvm_emitter.go:2063.17,2064.30 1 0
github.com/wolflang/wolf/internal/emitter/llvm_emitter.go:2065.18,2066.31 1 0
github.com/wolflang/wolf/internal/emitter/llvm_emitter.go:2067.18,2068.31 1 0
github.com/wolflang/wolf/internal/emitter/llvm_emitter.go:2069.25,2070.38 1 0
github.com/wolflang/wolf/internal/emitter/llvm_emitter.go:2071.16,2072.29 1 0
github.com/wolflang/wolf/internal/emitter/llvm_emitter.go:2073.21,2074.34 1 0
github.com/wolflang/wolf/internal/emitter/llvm_emitter.go:2075.27,2076.40 1 0
github.com/wolflang/wolf/internal/emitter/llvm_emitter.go:2077.21,2078.34 1 0
github.com/wolflang/wolf/internal/emitter/llvm_emitter.go:2079.23,2080.36 1 0
github.com/wolflang/wolf/internal/emitter/llvm_emitter.go:2081.23,2082.36 1 0
github.com/wolflang/wolf/internal/emitter/llvm_emitter.go:2083.34,2084.47 1 0
github.com/wolflang/wolf/internal/emitter/llvm_emitter.go:2085.23,2086.36 1 0
github.com/wolflang/wolf/internal/emitter/llvm_emitter.go:2087.19,2088.32 1 0
github.com/wolflang/wolf/internal/emitter/llvm_emitter.go:2089.34,2090.47 1 0
github.com/wolflang/wolf/internal/emitter/llvm_emitter.go:2091.21,2092.34 1 0
github.com/wolflang/wolf/internal/emitter/llvm_emitter.go:2093.30,2094.43 1 0
github.com/wolflang/wolf/internal/emitter/llvm_emitter.go:2095.25,2096.38 1 0
github.com/wolflang/wolf/internal/emitter/llvm_emitter.go:2097.23,2098.36 1 0
github.com/wolflang/wolf/internal/emitter/llvm_emitter.go:2099.21,2100.34 1 0
github.com/wolflang/wolf/internal/emitter/llvm_emitter.go:2101.17,2102.30 1 0
github.com/wolflang/wolf/internal/emitter/llvm_emitter.go:2105.17,2106.30 1 0
github.com/wolflang/wolf/internal/emitter/llvm_emitter.go:2107.19,2108.32 1 0
github.com/wolflang/wolf/internal/emitter/llvm_emitter.go:2109.17,2110.30 1 0
github.com/wolflang/wolf/internal/emitter/llvm_emitter.go:2111.18,2112.31 1 0
github.com/wolflang/wolf/internal/emitter/llvm_emitter.go:2113.17,2114.30 1 0
github.com/wolflang/wolf/internal/emitter/llvm_emitter.go:2115.18,2116.31 1 0
github.com/wolflang/wolf/internal/emitter/llvm_emitter.go:2117.21,2118.34 1 0
github.com/wolflang/wolf/internal/emitter/llvm_emitter.go:2121.24,2122.37 1 0
github.com/wolflang/wolf/internal/emitter/llvm_emitter.go:2123.24,2124.37 1 0
github.com/wolflang/wolf/internal/emitter/llvm_emitter.go:2125.21,2126.34 1 0
github.com/wolflang/wolf/internal/emitter/llvm_emitter.go:2127.21,2128.34 1 0
github.com/wolflang/wolf/internal/emitter/llvm_emitter.go:2129.22,2130.35 1 0
github.com/wolflang/wolf/internal/emitter/llvm_emitter.go:2131.22,2132.35 1 0
github.com/wolflang/wolf/internal/emitter/llvm_emitter.go:2133.22,2134.35 1 0
github.com/wolflang/wolf/internal/emitter/llvm_emitter.go:2137.14,2138.27 1 0
[...]
github.com/wolflang/wolf/stdlib/redis.go:82.19,84.3 1 1
github.com/wolflang/wolf/stdlib/redis.go:85.2,86.12 2 1
github.com/wolflang/wolf/stdlib/redis.go:90.77,91.19 1 1
github.com/wolflang/wolf/stdlib/redis.go:91.19,93.3 1 0
github.com/wolflang/wolf/stdlib/redis.go:94.2,94.36 1 1
github.com/wolflang/wolf/stdlib/redis.go:98.52,99.19 1 1
github.com/wolflang/wolf/stdlib/redis.go:99.19,101.3 1 0
github.com/wolflang/wolf/stdlib/redis.go:102.2,102.28 1 1
github.com/wolflang/wolf/stdlib/redis.go:106.55,107.19 1 1
github.com/wolflang/wolf/stdlib/redis.go:107.19,109.3 1 0
github.com/wolflang/wolf/stdlib/redis.go:110.2,110.31 1 1
github.com/wolflang/wolf/stdlib/redis.go:114.75,115.19 1 1
github.com/wolflang/wolf/stdlib/redis.go:115.19,117.3 1 0
github.com/wolflang/wolf/stdlib/redis.go:118.2,118.39 1 1
github.com/wolflang/wolf/stdlib/redis.go:122.57,123.19 1 1
github.com/wolflang/wolf/stdlib/redis.go:123.19,125.3 1 0
github.com/wolflang/wolf/stdlib/redis.go:126.2,126.32 1 1
github.com/wolflang/wolf/stdlib/redis.go:130.64,131.19 1 1
github.com/wolflang/wolf/stdlib/redis.go:131.19,133.3 1 0
github.com/wolflang/wolf/stdlib/redis.go:134.2,134.28 1 1
github.com/wolflang/wolf/stdlib/redis.go:138.31,139.19 1 1
github.com/wolflang/wolf/stdlib/redis.go:139.19,141.3 1 1
github.com/wolflang/wolf/stdlib/redis.go:142.2,142.12 1 0
github.com/wolflang/wolf/stdlib/redis.go:155.36,160.2 1 1
github.com/wolflang/wolf/stdlib/redis.go:162.55,165.30 3 1
github.com/wolflang/wolf/stdlib/redis.go:165.30,167.3 1 1
github.com/wolflang/wolf/stdlib/redis.go:168.2,168.49 1 1
github.com/wolflang/wolf/stdlib/redis.go:171.81,176.2 4 1
github.com/wolflang/wolf/stdlib/redis.go:178.58,182.25 4 1
github.com/wolflang/wolf/stdlib/redis.go:182.25,183.29 1 1
github.com/wolflang/wolf/stdlib/redis.go:183.29,186.4 2 1
github.com/wolflang/wolf/stdlib/redis.go:188.2,188.19 1 1
github.com/wolflang/wolf/stdlib/redis.go:191.61,195.25 4 1
github.com/wolflang/wolf/stdlib/redis.go:195.25,196.29 1 1
github.com/wolflang/wolf/stdlib/redis.go:196.29,198.4 1 1
github.com/wolflang/wolf/stdlib/redis.go:200.2,200.19 1 1
github.com/wolflang/wolf/stdlib/redis.go:203.71,205.2 1 0
github.com/wolflang/wolf/stdlib/redis.go:207.79,209.2 1 0
github.com/wolflang/wolf/stdlib/redis.go:211.79,213.2 1 0
github.com/wolflang/wolf/stdlib/redis.go:215.70,217.2 1 0
github.com/wolflang/wolf/stdlib/redis.go:219.81,222.31 3 1
github.com/wolflang/wolf/stdlib/redis.go:222.31,224.3 1 1
github.com/wolflang/wolf/stdlib/redis.go:225.2,226.15 2 1
github.com/wolflang/wolf/stdlib/redis.go:229.63,232.30 3 1
github.com/wolflang/wolf/stdlib/redis.go:232.30,233.28 1 1
github.com/wolflang/wolf/stdlib/redis.go:233.28,235.4 1 1
github.com/wolflang/wolf/stdlib/redis.go:237.2,237.42 1 0
github.com/wolflang/wolf/stdlib/redis.go:240.70,243.30 3 1
github.com/wolflang/wolf/stdlib/redis.go:243.30,245.3 1 1
github.com/wolflang/wolf/stdlib/redis.go:246.2,246.33 1 0
github.com/wolflang/wolf/stdlib/redis.go:249.37,249.51 1 1
github.com/wolflang/wolf/stdlib/redis.go:250.37,250.51 1 0
github.com/wolflang/wolf/stdlib/strings.go:13.52,15.2 1 1
github.com/wolflang/wolf/stdlib/strings.go:18.54,20.2 1 1
github.com/wolflang/wolf/stdlib/strings.go:23.52,25.2 1 1
github.com/wolflang/wolf/stdlib/strings.go:28.50,30.2 1 1
github.com/wolflang/wolf/stdlib/strings.go:33.60,35.2 1 1
github.com/wolflang/wolf/stdlib/strings.go:38.42,40.2 1 1
github.com/wolflang/wolf/stdlib/strings.go:43.54,45.2 1 1
github.com/wolflang/wolf/stdlib/strings.go:48.43,50.2 1 1
github.com/wolflang/wolf/stdlib/strings.go:53.43,55.2 1 1
github.com/wolflang/wolf/stdlib/strings.go:58.55,60.2 1 1
github.com/wolflang/wolf/stdlib/strings.go:63.60,65.2 1 1
github.com/wolflang/wolf/stdlib/strings.go:68.41,70.2 1 1
github.com/wolflang/wolf/stdlib/strings.go:73.55,75.2 1 1
github.com/wolflang/wolf/stdlib/strings.go:78.45,80.54 2 1
github.com/wolflang/wolf/stdlib/strings.go:80.54,82.3 1 1
github.com/wolflang/wolf/stdlib/strings.go:83.2,83.22 1 1
github.com/wolflang/wolf/stdlib/strings.go:87.48,89.2 1 1
github.com/wolflang/wolf/stdlib/strings.go:92.63,94.15 2 1
github.com/wolflang/wolf/stdlib/strings.go:94.15,96.3 1 0
github.com/wolflang/wolf/stdlib/strings.go:97.2,97.22 1 1
github.com/wolflang/wolf/stdlib/strings.go:97.22,99.3 1 1
github.com/wolflang/wolf/stdlib/strings.go:100.2,100.18 1 1
github.com/wolflang/wolf/stdlib/strings.go:100.18,102.3 1 1
github.com/wolflang/wolf/stdlib/strings.go:103.2,103.33 1 1
github.com/wolflang/wolf/stdlib/strings.go:107.69,108.22 1 1
github.com/wolflang/wolf/stdlib/strings.go:108.22,110.3 1 1
github.com/wolflang/wolf/stdlib/strings.go:111.2,111.10 1 1
github.com/wolflang/wolf/stdlib/strings.go:115.70,116.22 1 1
github.com/wolflang/wolf/stdlib/strings.go:116.22,118.3 1 1
github.com/wolflang/wolf/stdlib/strings.go:119.2,119.10 1 1
github.com/wolflang/wolf/stdlib/strings.go:123.43,125.2 1 1
github.com/wolflang/wolf/stdlib/strings.go:128.45,129.13 1 1
github.com/wolflang/wolf/stdlib/strings.go:129.13,131.3 1 1
github.com/wolflang/wolf/stdlib/strings.go:132.2,132.22 1 1
github.com/wolflang/wolf/stdlib/strings.go:132.22,133.26 1 1
github.com/wolflang/wolf/stdlib/strings.go:133.26,135.4 1 1
github.com/wolflang/wolf/stdlib/strings.go:137.2,137.13 1 1
github.com/wolflang/wolf/stdlib/strings.go:141.43,142.13 1 1
github.com/wolflang/wolf/stdlib/strings.go:142.13,144.3 1 0
github.com/wolflang/wolf/stdlib/strings.go:145.2,145.22 1 1
github.com/wolflang/wolf/stdlib/strings.go:145.22,146.27 1 1
github.com/wolflang/wolf/stdlib/strings.go:146.27,148.4 1 1
github.com/wolflang/wolf/stdlib/strings.go:150.2,150.13 1 1
github.com/wolflang/wolf/stdlib/strings.go:154.43,156.2 1 0
github.com/wolflang/wolf/internal/config/config.go:96.29,152.2 1 0
github.com/wolflang/wolf/internal/config/loader.go:17.52,22.22 3 0
github.com/wolflang/wolf/internal/config/loader.go:22.22,23.51 1 0
github.com/wolflang/wolf/internal/config/loader.go:23.51,25.4 1 0
github.com/wolflang/wolf/internal/config/loader.go:29.2,32.38 2 0
github.com/wolflang/wolf/internal/config/loader.go:32.38,34.3 1 0
github.com/wolflang/wolf/internal/config/loader.go:37.2,37.29 1 0
github.com/wolflang/wolf/internal/config/loader.go:37.29,39.3 1 0
github.com/wolflang/wolf/internal/config/loader.go:41.2,41.17 1 0
github.com/wolflang/wolf/internal/config/loader.go:46.40,48.6 2 0
github.com/wolflang/wolf/internal/config/loader.go:48.6,50.47 2 0
github.com/wolflang/wolf/internal/config/loader.go:50.47,52.4 1 0
github.com/wolflang/wolf/internal/config/loader.go:53.3,54.20 2 0
github.com/wolflang/wolf/internal/config/loader.go:54.20,55.9 1 0
github.com/wolflang/wolf/internal/config/loader.go:57.3,57.15 1 0
github.com/wolflang/wolf/internal/config/loader.go:59.2,59.11 1 0
github.com/wolflang/wolf/internal/config/loader.go:71.51,73.16 2 0
github.com/wolflang/wolf/internal/config/loader.go:73.16,75.3 1 0
github.com/wolflang/wolf/internal/config/loader.go:76.2,82.21 5 0
github.com/wolflang/wolf/internal/config/loader.go:82.21,90.17 5 0
github.com/wolflang/wolf/internal/config/loader.go:90.17,91.12 1 0
github.com/wolflang/wolf/internal/config/loader.go:95.3,95.67 1 0
github.com/wolflang/wolf/internal/config/loader.go:95.67,97.12 2 0
github.com/wolflang/wolf/internal/config/loader.go:101.3,102.13 2 0
github.com/wolflang/wolf/internal/config/loader.go:102.13,104.4 1 0
github.com/wolflang/wolf/internal/config/loader.go:106.3,109.67 3 0
github.com/wolflang/wolf/internal/config/loader.go:109.67,111.4 1 0
github.com/wolflang/wolf/internal/config/loader.go:114.2,114.22 1 0
github.com/wolflang/wolf/internal/config/loader.go:118.36,120.23 2 0
github.com/wolflang/wolf/internal/config/loader.go:120.23,121.16 1 0
github.com/wolflang/wolf/internal/config/loader.go:121.16,123.4 1 0
github.com/wolflang/wolf/internal/config/loader.go:124.3,124.28 1 0
github.com/wolflang/wolf/internal/config/loader.go:124.28,126.4 1 0
github.com/wolflang/wolf/internal/config/loader.go:128.2,128.10 1 0
github.com/wolflang/wolf/internal/config/loader.go:132.74,133.43 1 0
github.com/wolflang/wolf/internal/config/loader.go:133.43,135.3 1 0
github.com/wolflang/wolf/internal/config/loader.go:137.2,137.17 1 0
github.com/wolflang/wolf/internal/config/loader.go:138.13,139.14 1 0
github.com/wolflang/wolf/internal/config/loader.go:140.15,141.22 1 0
github.com/wolflang/wolf/internal/config/loader.go:142.14,143.21 1 0
github.com/wolflang/wolf/internal/config/loader.go:144.16,146.18 2 0
github.com/wolflang/wolf/internal/config/loader.go:146.18,148.5 1 0
github.com/wolflang/wolf/internal/config/loader.go:149.4,149.21 1 0
github.com/wolflang/wolf/internal/config/loader.go:150.18,151.25 1 0
github.com/wolflang/wolf/internal/config/loader.go:152.14,153.21 1 0
github.com/wolflang/wolf/internal/config/loader.go:154.11,155.32 1 0
github.com/wolflang/wolf/internal/config/loader.go:158.16,159.14 1 0
github.com/wolflang/wolf/internal/config/loader.go:160.15,161.25 1 0
github.com/wolflang/wolf/internal/config/loader.go:162.15,164.18 2 0
github.com/wolflang/wolf/internal/config/loader.go:164.18,166.5 1 0
github.com/wolflang/wolf/internal/config/loader.go:167.4,167.23 1 0
github.com/wolflang/wolf/internal/config/loader.go:168.23,170.18 2 0
github.com/wolflang/wolf/internal/config/loader.go:170.18,172.5 1 0
github.com/wolflang/wolf/internal/config/loader.go:173.4,173.33 1 0
github.com/wolflang/wolf/internal/config/loader.go:174.24,176.18 2 0
github.com/wolflang/wolf/internal/config/loader.go:176.18,178.5 1 0
github.com/wolflang/wolf/internal/config/loader.go:179.4,179.34 1 0
github.com/wolflang/wolf/internal/config/loader.go:180.27,182.18 2 0
github.com/wolflang/wolf/internal/config/loader.go:182.18,184.5 1 0
github.com/wolflang/wolf/internal/config/loader.go:185.4,185.33 1 0
github.com/wolflang/wolf/internal/config/loader.go:186.25,188.18 2 0
github.com/wolflang/wolf/internal/config/loader.go:188.18,190.5 1 0
github.com/wolflang/wolf/internal/config/loader.go:191.4,191.32 1 0
github.com/wolflang/wolf/internal/config/loader.go:192.22,194.18 2 0
github.com/wolflang/wolf/internal/config/loader.go:194.18,196.5 1 0
github.com/wolflang/wolf/internal/config/loader.go:197.4,197.29 1 0
github.com/wolflang/wolf/internal/config/loader.go:198.18,200.18 2 0
github.com/wolflang/wolf/internal/config/loader.go:200.18,202.5 1 0
github.com/wolflang/wolf/internal/config/loader.go:203.4,203.26 1 0
github.com/wolflang/wolf/internal/config/loader.go:204.11,205.32 1 0
github.com/wolflang/wolf/internal/config/loader.go:208.24,209.14 1 0
github.com/wolflang/wolf/internal/config/loader.go:210.17,211.23 1 0
github.com/wolflang/wolf/internal/config/loader.go:212.15,213.21 1 0
github.com/wolflang/wolf/internal/config/loader.go:214.15,216.18 2 0
github.com/wolflang/wolf/internal/config/loader.go:216.18,218.5 1 0
github.com/wolflang/wolf/internal/config/loader.go:219.4,219.19 1 0
github.com/wolflang/wolf/internal/config/loader.go:220.15,221.21 1 0
github.com/wolflang/wolf/internal/config/loader.go:222.15,223.21 1 0
github.com/wolflang/wolf/internal/config/loader.go:224.19,225.25 1 0
github.com/wolflang/wolf/internal/config/loader.go:226.20,228.18 2 0
github.com/wolflang/wolf/internal/config/loader.go:228.18,230.5 1 0
github.com/wolflang/wolf/internal/config/loader.go:231.4,231.23 1 0
github.com/wolflang/wolf/internal/config/loader.go:232.24,234.18 2 0
github.com/wolflang/wolf/internal/config/loader.go:234.18,236.5 1 0
github.com/wolflang/wolf/internal/config/loader.go:237.4,237.26 1 0
github.com/wolflang/wolf/internal/config/loader.go:238.23,240.18 2 0
github.com/wolflang/wolf/internal/config/loader.go:240.18,242.5 1 0
github.com/wolflang/wolf/internal/config/loader.go:243.4,243.26 1 0
github.com/wolflang/wolf/internal/config/loader.go:244.22,246.18 2 0
github.com/wolflang/wolf/internal/config/loader.go:246.18,248.5 1 0
github.com/wolflang/wolf/internal/config/loader.go:249.4,249.25 1 0
github.com/wolflang/wolf/internal/config/loader.go:250.20,251.25 1 0
github.com/wolflang/wolf/internal/config/loader.go:252.20,254.18 2 0
github.com/wolflang/wolf/internal/config/loader.go:254.18,256.5 1 0
github.com/wolflang/wolf/internal/config/loader.go:257.4,257.23 1 0
github.com/wolflang/wolf/internal/config/loader.go:258.11,259.32 1 0
github.com/wolflang/wolf/internal/config/loader.go:262.15,263.14 1 0
github.com/wolflang/wolf/internal/config/loader.go:264.15,265.24 1 0
github.com/wolflang/wolf/internal/config/loader.go:266.15,268.18 2 0
github.com/wolflang/wolf/internal/config/loader.go:268.18,270.5 1 0
github.com/wolflang/wolf/internal/config/loader.go:271.4,271.22 1 0
github.com/wolflang/wolf/internal/config/loader.go:272.19,273.28 1 0
github.com/wolflang/wolf/internal/config/loader.go:274.13,276.18 2 0
github.com/wolflang/wolf/internal/config/loader.go:276.18,278.5 1 0
github.com/wolflang/wolf/internal/config/loader.go:279.4,279.20 1 0
github.com/wolflang/wolf/internal/config/loader.go:280.11,281.32 1 0
github.com/wolflang/wolf/internal/config/loader.go:284.13,285.14 1 0
github.com/wolflang/wolf/internal/config/loader.go:286.17,287.24 1 0
github.com/wolflang/wolf/internal/config/loader.go:288.35,290.18 2 0
github.com/wolflang/wolf/internal/config/loader.go:290.18,292.5 1 0
github.com/wolflang/wolf/internal/config/loader.go:293.4,293.25 1 0
github.com/wolflang/wolf/internal/config/loader.go:294.20,295.27 1 0
github.com/wolflang/wolf/internal/config/loader.go:296.11,297.32 1 0
github.com/wolflang/wolf/internal/config/loader.go:300.13,301.14 1 0
github.com/wolflang/wolf/internal/config/loader.go:302.16,303.23 1 0
github.com/wolflang/wolf/internal/config/loader.go:304.17,305.24 1 0
github.com/wolflang/wolf/internal/config/loader.go:306.15,307.22 1 0
github.com/wolflang/wolf/internal/config/loader.go:308.11,309.32 1 0
github.com/wolflang/wolf/internal/config/loader.go:312.15,313.14 1 0
github.com/wolflang/wolf/internal/config/loader.go:314.18,315.26 1 0
github.com/wolflang/wolf/internal/config/loader.go:316.31,318.18 2 0
github.com/wolflang/wolf/internal/config/loader.go:318.18,320.5 1 0
github.com/wolflang/wolf/internal/config/loader.go:321.4,321.26 1 0
github.com/wolflang/wolf/internal/config/loader.go:322.18,324.18 2 0
github.com/wolflang/wolf/internal/config/loader.go:324.18,326.5 1 0
github.com/wolflang/wolf/internal/config/loader.go:327.4,327.24 1 0
github.com/wolflang/wolf/internal/config/loader.go:328.22,330.18 2 0
github.com/wolflang/wolf/internal/config/loader.go:330.18,332.5 1 0
github.com/wolflang/wolf/internal/config/loader.go:333.4,333.28 1 0
github.com/wolflang/wolf/internal/config/loader.go:334.11,335.32 1 0
github.com/wolflang/wolf/internal/config/loader.go:338.10,339.73 1 0
github.com/wolflang/wolf/internal/config/loader.go:341.10,341.10 0 0
github.com/wolflang/wolf/internal/config/loader.go:346.2,346.12 1 0
github.com/wolflang/wolf/internal/config/loader.go:352.34,353.43 1 0
github.com/wolflang/wolf/internal/config/loader.go:353.43,354.37 1 0
github.com/wolflang/wolf/internal/config/loader.go:354.37,356.4 1 0
github.com/wolflang/wolf/internal/config/loader.go:358.2,358.40 1 0
github.com/wolflang/wolf/internal/config/loader.go:358.40,359.37 1 0
github.com/wolflang/wolf/internal/config/loader.go:359.37,360.45 1 0
github.com/wolflang/wolf/internal/config/loader.go:360.45,362.5 1 0
github.com/wolflang/wolf/internal/config/loader.go:365.2,365.42 1 0
github.com/wolflang/wolf/internal/config/loader.go:365.42,366.37 1 0
github.com/wolflang/wolf/internal/config/loader.go:366.37,367.42 1 0
github.com/wolflang/wolf/internal/config/loader.go:367.42,369.5 1 0
github.com/wolflang/wolf/internal/config/loader.go:374.2,424.53 39 0
github.com/wolflang/wolf/internal/config/loader.go:429.38,431.29 2 0
github.com/wolflang/wolf/internal/config/loader.go:431.29,433.3 1 0
github.com/wolflang/wolf/internal/config/loader.go:435.2,435.52 1 0
github.com/wolflang/wolf/internal/config/loader.go:435.52,437.3 1 0
github.com/wolflang/wolf/internal/config/loader.go:439.2,439.61 1 0
github.com/wolflang/wolf/internal/config/loader.go:439.61,441.3 1 0
github.com/wolflang/wolf/internal/config/loader.go:443.2,444.30 2 0
github.com/wolflang/wolf/internal/config/loader.go:444.30,446.3 1 0
github.com/wolflang/wolf/internal/config/loader.go:448.2,448.25 1 0
github.com/wolflang/wolf/internal/config/loader.go:448.25,450.3 1 0
github.com/wolflang/wolf/internal/config/loader.go:451.2,451.28 1 0
github.com/wolflang/wolf/internal/config/loader.go:451.28,453.3 1 0
github.com/wolflang/wolf/internal/config/loader.go:454.2,454.42 1 0
github.com/wolflang/wolf/internal/config/loader.go:454.42,457.3 1 0
github.com/wolflang/wolf/internal/config/loader.go:458.2,458.28 1 0
github.com/wolflang/wolf/internal/config/loader.go:458.28,460.3 1 0
github.com/wolflang/wolf/internal/config/loader.go:462.2,463.63 2 0
github.com/wolflang/wolf/internal/config/loader.go:463.63,465.3 1 0
github.com/wolflang/wolf/internal/config/loader.go:467.2,468.33 2 0
github.com/wolflang/wolf/internal/config/loader.go:468.33,470.3 1 0
github.com/wolflang/wolf/internal/config/loader.go:472.2,472.12 1 0
github.com/wolflang/wolf/internal/config/loader.go:476.40,477.47 1 0
github.com/wolflang/wolf/internal/config/loader.go:478.32,479.19 1 0
github.com/wolflang/wolf/internal/config/loader.go:480.33,481.20 1 0
github.com/wolflang/wolf/internal/config/loader.go:483.2,483.56 1 0
github.com/wolflang/wolf/internal/ir/ir_nodes.go:62.31,62.32 0 0
github.com/wolflang/wolf/internal/ir/ir_nodes.go:71.30,71.31 0 0
github.com/wolflang/wolf/internal/ir/ir_nodes.go:78.28,78.29 0 0
github.com/wolflang/wolf/internal/ir/ir_nodes.go:85.30,85.31 0 0
github.com/wolflang/wolf/internal/ir/ir_nodes.go:95.26,95.27 0 0
github.com/wolflang/wolf/internal/ir/ir_nodes.go:111.27,111.28 0 0
github.com/wolflang/wolf/internal/ir/ir_nodes.go:121.29,121.30 0 0
github.com/wolflang/wolf/internal/ir/ir_nodes.go:130.30,130.31 0 0
github.com/wolflang/wolf/internal/ir/ir_nodes.go:143.29,143.30 0 0
github.com/wolflang/wolf/internal/ir/ir_nodes.go:150.26,150.27 0 0
github.com/wolflang/wolf/internal/ir/ir_nodes.go:157.29,157.30 0 0
github.com/wolflang/wolf/internal/ir/ir_nodes.go:164.27,164.28 0 0
github.com/wolflang/wolf/internal/ir/ir_nodes.go:174.33,174.34 0 0
github.com/wolflang/wolf/internal/ir/ir_nodes.go:182.29,182.30 0 0
github.com/wolflang/wolf/internal/ir/ir_nodes.go:196.25,196.26 0 0
github.com/wolflang/wolf/internal/ir/ir_nodes.go:203.26,203.27 0 0
github.com/wolflang/wolf/internal/ir/ir_nodes.go:210.28,210.29 0 0
github.com/wolflang/wolf/internal/ir/ir_nodes.go:217.29,217.30 0 0
github.com/wolflang/wolf/internal/ir/ir_nodes.go:224.27,224.28 0 0
github.com/wolflang/wolf/internal/ir/ir_nodes.go:229.26,229.27 0 0
github.com/wolflang/wolf/internal/ir/ir_nodes.go:238.30,238.31 0 0
github.com/wolflang/wolf/internal/ir/ir_nodes.go:246.29,246.30 0 0
github.com/wolflang/wolf/internal/ir/ir_nodes.go:254.28,254.29 0 0
github.com/wolflang/wolf/internal/ir/ir_nodes.go:262.31,262.32 0 0
github.com/wolflang/wolf/internal/ir/ir_nodes.go:271.34,271.35 0 0
github.com/wolflang/wolf/internal/ir/ir_nodes.go:280.30,280.31 0 0
github.com/wolflang/wolf/internal/ir/ir_nodes.go:288.29,288.30 0 0
github.com/wolflang/wolf/internal/ir/ir_nodes.go:296.28,296.29 0 0
github.com/wolflang/wolf/internal/ir/ir_nodes.go:306.26,306.27 0 0
github.com/wolflang/wolf/internal/ir/ir_nodes.go:314.29,314.30 0 0
github.com/wolflang/wolf/internal/ir/ir_nodes.go:323.27,323.28 0 0
github.com/wolflang/wolf/internal/ir/ir_nodes.go:331.30,331.31 0 0
github.com/wolflang/wolf/internal/ir/ir_nodes.go:338.28,338.29 0 0
github.com/wolflang/wolf/internal/ir/ir_nodes.go:346.28,346.29 0 0
github.com/wolflang/wolf/internal/ir/ir_nodes.go:353.28,353.29 0 0
github.com/wolflang/wolf/internal/ir/ir_nodes.go:361.31,361.32 0 0
github.com/wolflang/wolf/internal/ir/ir_nodes.go:369.32,369.33 0 0
github.com/wolflang/wolf/internal/ir/ir_nodes.go:376.28,376.29 0 0
github.com/wolflang/wolf/internal/ir/ir_nodes.go:387.29,387.30 0 0
github.com/wolflang/wolf/internal/ir/ir_nodes.go:395.29,395.30 0 0
github.com/wolflang/wolf/internal/ir/ir_nodes.go:403.31,403.32 0 0
