mode: set
github.com/wolflang/wolf/cmd/wolf/main.go:17.13,34.55 4 0
github.com/wolflang/wolf/cmd/wolf/main.go:34.55,36.18 2 0
github.com/wolflang/wolf/cmd/wolf/main.go:36.18,38.5 1 0
github.com/wolflang/wolf/cmd/wolf/main.go:40.4,42.18 3 0
github.com/wolflang/wolf/cmd/wolf/main.go:42.18,45.5 2 0
github.com/wolflang/wolf/cmd/wolf/main.go:46.4,50.18 4 0
github.com/wolflang/wolf/cmd/wolf/main.go:50.18,51.37 1 0
github.com/wolflang/wolf/cmd/wolf/main.go:51.37,53.6 1 0
github.com/wolflang/wolf/cmd/wolf/main.go:54.5,54.15 1 0
github.com/wolflang/wolf/cmd/wolf/main.go:57.4,58.14 2 0
github.com/wolflang/wolf/cmd/wolf/main.go:62.2,66.55 1 0
github.com/wolflang/wolf/cmd/wolf/main.go:66.55,68.18 2 0
github.com/wolflang/wolf/cmd/wolf/main.go:68.18,70.5 1 0
github.com/wolflang/wolf/cmd/wolf/main.go:72.4,74.18 3 0
github.com/wolflang/wolf/cmd/wolf/main.go:74.18,77.5 2 0
github.com/wolflang/wolf/cmd/wolf/main.go:78.4,81.41 3 0
github.com/wolflang/wolf/cmd/wolf/main.go:85.2,89.55 1 0
github.com/wolflang/wolf/cmd/wolf/main.go:89.55,93.4 2 0
github.com/wolflang/wolf/cmd/wolf/main.go:96.2,100.55 1 0
github.com/wolflang/wolf/cmd/wolf/main.go:100.55,104.4 2 0
github.com/wolflang/wolf/cmd/wolf/main.go:108.2,116.55 2 0
github.com/wolflang/wolf/cmd/wolf/main.go:116.55,120.38 4 0
github.com/wolflang/wolf/cmd/wolf/main.go:120.38,122.5 1 0
github.com/wolflang/wolf/cmd/wolf/main.go:123.4,124.14 2 0
github.com/wolflang/wolf/cmd/wolf/main.go:128.2,132.55 1 0
github.com/wolflang/wolf/cmd/wolf/main.go:132.55,136.21 4 0
github.com/wolflang/wolf/cmd/wolf/main.go:136.21,138.5 1 0
github.com/wolflang/wolf/cmd/wolf/main.go:139.4,139.50 1 0
github.com/wolflang/wolf/cmd/wolf/main.go:139.50,141.5 1 0
github.com/wolflang/wolf/cmd/wolf/main.go:142.4,143.14 2 0
github.com/wolflang/wolf/cmd/wolf/main.go:147.2,151.55 1 0
github.com/wolflang/wolf/cmd/wolf/main.go:151.55,154.44 3 0
github.com/wolflang/wolf/cmd/wolf/main.go:154.44,156.5 1 0
github.com/wolflang/wolf/cmd/wolf/main.go:157.4,158.14 2 0
github.com/wolflang/wolf/cmd/wolf/main.go:162.2,165.55 1 0
github.com/wolflang/wolf/cmd/wolf/main.go:165.55,169.18 4 0
github.com/wolflang/wolf/cmd/wolf/main.go:169.18,171.5 1 0
github.com/wolflang/wolf/cmd/wolf/main.go:172.4,172.29 1 0
github.com/wolflang/wolf/cmd/wolf/main.go:172.29,174.5 1 0
github.com/wolflang/wolf/cmd/wolf/main.go:175.4,175.14 1 0
github.com/wolflang/wolf/cmd/wolf/main.go:179.2,182.55 1 0
github.com/wolflang/wolf/cmd/wolf/main.go:182.55,186.18 4 0
github.com/wolflang/wolf/cmd/wolf/main.go:186.18,188.5 1 0
github.com/wolflang/wolf/cmd/wolf/main.go:189.4,189.24 1 0
github.com/wolflang/wolf/cmd/wolf/main.go:189.24,191.5 1 0
github.com/wolflang/wolf/cmd/wolf/main.go:191.10,192.34 1 0
github.com/wolflang/wolf/cmd/wolf/main.go:192.34,194.6 1 0
github.com/wolflang/wolf/cmd/wolf/main.go:196.4,196.14 1 0
github.com/wolflang/wolf/cmd/wolf/main.go:200.2,203.55 1 0
github.com/wolflang/wolf/cmd/wolf/main.go:203.55,207.36 4 0
github.com/wolflang/wolf/cmd/wolf/main.go:207.36,209.5 1 0
github.com/wolflang/wolf/cmd/wolf/main.go:210.4,211.14 2 0
github.com/wolflang/wolf/cmd/wolf/main.go:215.2,218.48 1 0
github.com/wolflang/wolf/cmd/wolf/main.go:218.48,223.4 4 0
github.com/wolflang/wolf/cmd/wolf/main.go:226.2,239.55 5 0
github.com/wolflang/wolf/cmd/wolf/main.go:239.55,242.84 3 0
github.com/wolflang/wolf/cmd/wolf/main.go:242.84,244.5 1 0
github.com/wolflang/wolf/cmd/wolf/main.go:245.4,248.28 3 0
github.com/wolflang/wolf/cmd/wolf/main.go:248.28,250.5 1 0
github.com/wolflang/wolf/cmd/wolf/main.go:251.4,252.14 2 0
github.com/wolflang/wolf/cmd/wolf/main.go:255.2,261.55 2 0
github.com/wolflang/wolf/cmd/wolf/main.go:261.55,266.18 5 0
github.com/wolflang/wolf/cmd/wolf/main.go:266.18,268.5 1 0
github.com/wolflang/wolf/cmd/wolf/main.go:269.4,270.14 2 0
github.com/wolflang/wolf/cmd/wolf/main.go:275.2,284.57 4 0
github.com/wolflang/wolf/cmd/wolf/main.go:284.57,287.17 3 0
github.com/wolflang/wolf/cmd/wolf/main.go:287.17,290.4 1 0
github.com/wolflang/wolf/cmd/wolf/main.go:291.3,291.46 1 0
github.com/wolflang/wolf/cmd/wolf/main.go:294.2,298.55 2 0
github.com/wolflang/wolf/cmd/wolf/main.go:298.55,300.18 2 0
github.com/wolflang/wolf/cmd/wolf/main.go:300.18,302.5 1 0
github.com/wolflang/wolf/cmd/wolf/main.go:303.4,304.23 2 0
github.com/wolflang/wolf/cmd/wolf/main.go:307.2,313.55 3 0
github.com/wolflang/wolf/cmd/wolf/main.go:313.55,315.18 2 0
github.com/wolflang/wolf/cmd/wolf/main.go:315.18,317.5 1 0
github.com/wolflang/wolf/cmd/wolf/main.go:318.4,319.27 2 0
github.com/wolflang/wolf/cmd/wolf/main.go:322.2,327.55 2 0
github.com/wolflang/wolf/cmd/wolf/main.go:327.55,329.18 2 0
github.com/wolflang/wolf/cmd/wolf/main.go:329.18,331.5 1 0
github.com/wolflang/wolf/cmd/wolf/main.go:332.4,333.20 2 0
github.com/wolflang/wolf/cmd/wolf/main.go:337.2,340.55 1 0
github.com/wolflang/wolf/cmd/wolf/main.go:340.55,342.18 2 0
github.com/wolflang/wolf/cmd/wolf/main.go:342.18,344.5 1 0
github.com/wolflang/wolf/cmd/wolf/main.go:345.4,345.21 1 0
github.com/wolflang/wolf/cmd/wolf/main.go:349.2,353.55 1 0
github.com/wolflang/wolf/cmd/wolf/main.go:353.55,355.18 2 0
github.com/wolflang/wolf/cmd/wolf/main.go:355.18,357.5 1 0
github.com/wolflang/wolf/cmd/wolf/main.go:358.4,359.18 2 0
github.com/wolflang/wolf/cmd/wolf/main.go:359.18,361.5 1 0
github.com/wolflang/wolf/cmd/wolf/main.go:362.4,363.14 2 0
github.com/wolflang/wolf/cmd/wolf/main.go:367.2,371.42 3 0
github.com/wolflang/wolf/cmd/wolf/main.go:371.42,373.3 1 0
github.com/wolflang/wolf/internal/config/config.go:96.29,152.2 1 0
github.com/wolflang/wolf/internal/config/loader.go:17.52,22.22 3 0
github.com/wolflang/wolf/internal/config/loader.go:22.22,23.51 1 0
github.com/wolflang/wolf/internal/config/loader.go:23.51,25.4 1 0
github.com/wolflang/wolf/internal/config/loader.go:29.2,32.38 2 0
github.com/wolflang/wolf/internal/config/loader.go:32.38,34.3 1 0
github.com/wolflang/wolf/internal/config/loader.go:37.2,37.29 1 0
github.com/wolflang/wolf/internal/config/loader.go:37.29,39.3 1 0
github.com/wolflang/wolf/internal/config/loader.go:41.2,41.17 1 0
github.com/wolflang/wolf/internal/config/loader.go:46.40,48.6 2 0
github.com/wolflang/wolf/internal/config/loader.go:48.6,50.47 2 0
github.com/wolflang/wolf/internal/config/loader.go:50.47,52.4 1 0
github.com/wolflang/wolf/internal/config/loader.go:53.3,54.20 2 0
github.com/wolflang/wolf/internal/config/loader.go:54.20,55.9 1 0
github.com/wolflang/wolf/internal/config/loader.go:57.3,57.15 1 0
github.com/wolflang/wolf/internal/config/loader.go:59.2,59.11 1 0
github.com/wolflang/wolf/internal/config/loader.go:71.51,73.16 2 0
github.com/wolflang/wolf/internal/config/loader.go:73.16,75.3 1 0
github.com/wolflang/wolf/internal/config/loader.go:76.2,82.21 5 0
github.com/wolflang/wolf/internal/config/loader.go:82.21,90.17 5 0
github.com/wolflang/wolf/internal/config/loader.go:90.17,91.12 1 0
github.com/wolflang/wolf/internal/config/loader.go:95.3,95.67 1 0
github.com/wolflang/wolf/internal/config/loader.go:95.67,97.12 2 0
github.com/wolflang/wolf/internal/config/loader.go:101.3,102.13 2 0
github.com/wolflang/wolf/internal/config/loader.go:102.13,104.4 1 0
github.com/wolflang/wolf/internal/config/loader.go:106.3,109.67 3 0
github.com/wolflang/wolf/internal/config/loader.go:109.67,111.4 1 0
github.com/wolflang/wolf/internal/config/loader.go:114.2,114.22 1 0
github.com/wolflang/wolf/internal/config/loader.go:118.36,120.23 2 0
github.com/wolflang/wolf/internal/config/loader.go:120.23,121.16 1 0
github.com/wolflang/wolf/internal/config/loader.go:121.16,123.4 1 0
github.com/wolflang/wolf/internal/config/loader.go:124.3,124.28 1 0
github.com/wolflang/wolf/internal/config/loader.go:124.28,126.4 1 0
github.com/wolflang/wolf/internal/config/loader.go:128.2,128.10 1 0
github.com/wolflang/wolf/internal/config/loader.go:132.74,133.43 1 0
github.com/wolflang/wolf/internal/config/loader.go:133.43,135.3 1 0
github.com/wolflang/wolf/internal/config/loader.go:137.2,137.17 1 0
github.com/wolflang/wolf/internal/config/loader.go:138.13,139.14 1 0
github.com/wolflang/wolf/internal/config/loader.go:140.15,141.22 1 0
github.com/wolflang/wolf/internal/config/loader.go:142.14,143.21 1 0
github.com/wolflang/wolf/internal/config/loader.go:144.16,146.18 2 0
github.com/wolflang/wolf/internal/config/loader.go:146.18,148.5 1 0
github.com/wolflang/wolf/internal/config/loader.go:149.4,149.21 1 0
github.com/wolflang/wolf/internal/config/loader.go:150.18,151.25 1 0
github.com/wolflang/wolf/internal/config/loader.go:152.14,153.21 1 0
github.com/wolflang/wolf/internal/config/loader.go:154.11,155.32 1 0
github.com/wolflang/wolf/internal/config/loader.go:158.16,159.14 1 0
github.com/wolflang/wolf/internal/config/loader.go:160.15,161.25 1 0
github.com/wolflang/wolf/internal/config/loader.go:162.15,164.18 2 0
github.com/wolflang/wolf/internal/config/loader.go:164.18,166.5 1 0
github.com/wolflang/wolf/internal/config/loader.go:167.4,167.23 1 0
github.com/wolflang/wolf/internal/config/loader.go:168.23,170.18 2 0
github.com/wolflang/wolf/internal/config/loader.go:170.18,172.5 1 0
github.com/wolflang/wolf/internal/config/loader.go:173.4,173.33 1 0
github.com/wolflang/wolf/internal/config/loader.go:174.24,176.18 2 0
github.com/wolflang/wolf/internal/config/loader.go:176.18,178.5 1 0
github.com/wolflang/wolf/internal/config/loader.go:179.4,179.34 1 0
github.com/wolflang/wolf/internal/config/loader.go:180.27,182.18 2 0
github.com/wolflang/wolf/internal/config/loader.go:182.18,184.5 1 0
github.com/wolflang/wolf/internal/config/loader.go:185.4,185.33 1 0
github.com/wolflang/wolf/internal/config/loader.go:186.25,188.18 2 0
github.com/wolflang/wolf/internal/config/loader.go:188.18,190.5 1 0
github.com/wolflang/wolf/internal/config/loader.go:191.4,191.32 1 0
github.com/wolflang/wolf/internal/config/loader.go:192.22,194.18 2 0
github.com/wolflang/wolf/internal/config/loader.go:194.18,196.5 1 0
github.com/wolflang/wolf/internal/config/loader.go:197.4,197.29 1 0
github.com/wolflang/wolf/internal/config/loader.go:198.18,200.18 2 0
github.com/wolflang/wolf/internal/config/loader.go:200.18,202.5 1 0
github.com/wolflang/wolf/internal/config/loader.go:203.4,203.26 1 0
github.com/wolflang/wolf/internal/config/loader.go:204.11,205.32 1 0
github.com/wolflang/wolf/internal/config/loader.go:208.24,209.14 1 0
github.com/wolflang/wolf/internal/config/loader.go:210.17,211.23 1 0
github.com/wolflang/wolf/internal/config/loader.go:212.15,213.21 1 0
github.com/wolflang/wolf/internal/config/loader.go:214.15,216.18 2 0
github.com/wolflang/wolf/internal/config/loader.go:216.18,218.5 1 0
github.com/wolflang/wolf/internal/config/loader.go:219.4,219.19 1 0
github.com/wolflang/wolf/internal/config/loader.go:220.15,221.21 1 0
github.com/wolflang/wolf/internal/config/loader.go:222.15,223.21 1 0
github.com/wolflang/wolf/internal/config/loader.go:224.19,225.25 1 0
github.com/wolflang/wolf/internal/config/loader.go:226.20,228.18 2 0
github.com/wolflang/wolf/internal/config/loader.go:228.18,230.5 1 0
github.com/wolflang/wolf/internal/config/loader.go:231.4,231.23 1 0
github.com/wolflang/wolf/internal/config/loader.go:232.24,234.18 2 0
github.com/wolflang/wolf/internal/config/loader.go:234.18,236.5 1 0
github.com/wolflang/wolf/internal/config/loader.go:237.4,237.26 1 0
github.com/wolflang/wolf/internal/config/loader.go:238.23,240.18 2 0
github.com/wolflang/wolf/internal/config/loader.go:240.18,242.5 1 0
github.com/wolflang/wolf/internal/config/loader.go:243.4,243.26 1 0
github.com/wolflang/wolf/internal/config/loader.go:244.22,246.18 2 0
github.com/wolflang/wolf/internal/config/loader.go:246.18,248.5 1 0
github.com/wolflang/wolf/internal/config/loader.go:249.4,249.25 1 0
github.com/wolflang/wolf/internal/config/loader.go:250.20,251.25 1 0
github.com/wolflang/wolf/internal/config/loader.go:252.20,254.18 2 0
github.com/wolflang/wolf/internal/config/loader.go:254.18,256.5 1 0
github.com/wolflang/wolf/internal/config/loader.go:257.4,257.23 1 0
github.com/wolflang/wolf/internal/config/loader.go:258.11,259.32 1 0
github.com/wolflang/wolf/internal/config/loader.go:262.15,263.14 1 0
github.com/wolflang/wolf/internal/config/loader.go:264.15,265.24 1 0
github.com/wolflang/wolf/internal/config/loader.go:266.15,268.18 2 0
github.com/wolflang/wolf/internal/config/loader.go:268.18,270.5 1 0
github.com/wolflang/wolf/internal/config/loader.go:271.4,271.22 1 0
github.com/wolflang/wolf/internal/config/loader.go:272.19,273.28 1 0
github.com/wolflang/wolf/internal/config/loader.go:274.13,276.18 2 0
github.com/wolflang/wolf/internal/config/loader.go:276.18,278.5 1 0
github.com/wolflang/wolf/internal/config/loader.go:279.4,279.20 1 0
github.com/wolflang/wolf/internal/config/loader.go:280.11,281.32 1 0
github.com/wolflang/wolf/internal/config/loader.go:284.13,285.14 1 0
github.com/wolflang/wolf/internal/config/loader.go:286.17,287.24 1 0
github.com/wolflang/wolf/internal/config/loader.go:288.35,290.18 2 0
github.com/wolflang/wolf/internal/config/loader.go:290.18,292.5 1 0
github.com/wolflang/wolf/internal/config/loader.go:293.4,293.25 1 0
github.com/wolflang/wolf/internal/config/loader.go:294.20,295.27 1 0
github.com/wolflang/wolf/internal/config/loader.go:296.11,297.32 1 0
github.com/wolflang/wolf/internal/config/loader.go:300.13,301.14 1 0
github.com/wolflang/wolf/internal/config/loader.go:302.16,303.23 1 0
github.com/wolflang/wolf/internal/config/loader.go:304.17,305.24 1 0
github.com/wolflang/wolf/internal/config/loader.go:306.15,307.22 1 0
github.com/wolflang/wolf/internal/config/loader.go:308.11,309.32 1 0
github.com/wolflang/wolf/internal/config/loader.go:312.15,313.14 1 0
github.com/wolflang/wolf/internal/config/loader.go:314.18,315.26 1 0
github.com/wolflang/wolf/internal/config/loader.go:316.31,318.18 2 0
github.com/wolflang/wolf/internal/config/loader.go:318.18,320.5 1 0
github.com/wolflang/wolf/internal/config/loader.go:321.4,321.26 1 0
github.com/wolflang/wolf/internal/config/loader.go:322.18,324.18 2 0
github.com/wolflang/wolf/internal/config/loader.go:324.18,326.5 1 0
github.com/wolflang/wolf/internal/config/loader.go:327.4,327.24 1 0
github.com/wolflang/wolf/internal/config/loader.go:328.22,330.18 2 0
github.com/wolflang/wolf/internal/config/loader.go:330.18,332.5 1 0
github.com/wolflang/wolf/internal/config/loader.go:333.4,333.28 1 0
github.com/wolflang/wolf/internal/config/loader.go:334.11,335.32 1 0
github.com/wolflang/wolf/internal/config/loader.go:338.10,339.73 1 0
github.com/wolflang/wolf/internal/config/loader.go:341.10,341.10 0 0
github.com/wolflang/wolf/internal/config/loader.go:346.2,346.12 1 0
github.com/wolflang/wolf/internal/config/loader.go:352.34,353.43 1 0
github.com/wolflang/wolf/internal/config/loader.go:353.43,354.37 1 0
github.com/wolflang/wolf/internal/config/loader.go:354.37,356.4 1 0
github.com/wolflang/wolf/internal/config/loader.go:358.2,358.40 1 0
github.com/wolflang/wolf/internal/config/loader.go:358.40,359.37 1 0
github.com/wolflang/wolf/internal/config/loader.go:359.37,360.45 1 0
github.com/wolflang/wolf/internal/config/loader.go:360.45,362.5 1 0
github.com/wolflang/wolf/internal/config/loader.go:365.2,365.42 1 0
github.com/wolflang/wolf/internal/config/loader.go:365.42,366.37 1 0
github.com/wolflang/wolf/internal/config/loader.go:366.37,367.42 1 0
github.com/wolflang/wolf/internal/config/loader.go:367.42,369.5 1 0
github.com/wolflang/wolf/internal/config/loader.go:374.2,424.53 39 0
github.com/wolflang/wolf/internal/config/loader.go:429.38,431.29 2 0
github.com/wolflang/wolf/internal/config/loader.go:431.29,433.3 1 0
github.com/wolflang/wolf/internal/config/loader.go:435.2,435.52 1 0
github.com/wolflang/wolf/internal/config/loader.go:435.52,437.3 1 0
github.com/wolflang/wolf/internal/config/loader.go:439.2,439.61 1 0
github.com/wolflang/wolf/internal/config/loader.go:439.61,441.3 1 0
github.com/wolflang/wolf/internal/config/loader.go:443.2,444.30 2 0
github.com/wolflang/wolf/internal/config/loader.go:444.30,446.3 1 0
github.com/wolflang/wolf/internal/config/loader.go:448.2,448.25 1 0
github.com/wolflang/wolf/internal/config/loader.go:448.25,450.3 1 0
github.com/wolflang/wolf/internal/config/loader.go:451.2,451.28 1 0
github.com/wolflang/wolf/internal/config/loader.go:451.28,453.3 1 0
github.com/wolflang/wolf/internal/config/loader.go:454.2,454.42 1 0
github.com/wolflang/wolf/internal/config/loader.go:454.42,457.3 1 0
github.com/wolflang/wolf/internal/config/loader.go:458.2,458.28 1 0
github.com/wolflang/wolf/internal/config/loader.go:458.28,460.3 1 0
github.com/wolflang/wolf/internal/config/loader.go:462.2,463.63 2 0
github.com/wolflang/wolf/internal/config/loader.go:463.63,465.3 1 0
github.com/wolflang/wolf/internal/config/loader.go:467.2,468.33 2 0
github.com/wolflang/wolf/internal/config/loader.go:468.33,470.3 1 0
github.com/wolflang/wolf/internal/config/loader.go:472.2,472.12 1 0
github.com/wolflang/wolf/internal/config/loader.go:476.40,477.47 1 0
github.com/wolflang/wolf/internal/config/loader.go:478.32,479.19 1 0
github.com/wolflang/wolf/internal/config/loader.go:480.33,481.20 1 0
github.com/wolflang/wolf/internal/config/loader.go:483.2,483.56 1 0
github.com/wolflang/wolf/internal/ir/clone.go:7.30,10.2 2 0
github.com/wolflang/wolf/internal/ir/clone.go:12.48,13.18 1 0
github.com/wolflang/wolf/internal/ir/clone.go:13.18,15.3 1 0
github.com/wolflang/wolf/internal/ir/clone.go:17.2,17.18 1 0
github.com/wolflang/wolf/internal/ir/clone.go:18.19,19.16 1 0
github.com/wolflang/wolf/internal/ir/clone.go:19.16,21.4 1 0
github.com/wolflang/wolf/internal/ir/clone.go:23.3,26.13 4 0
github.com/wolflang/wolf/internal/ir/clone.go:28.22,30.37 2 0
github.com/wolflang/wolf/internal/ir/clone.go:30.37,33.39 2 0
github.com/wolflang/wolf/internal/ir/clone.go:33.39,34.13 1 0
github.com/wolflang/wolf/internal/ir/clone.go:36.4,36.42 1 0
github.com/wolflang/wolf/internal/ir/clone.go:38.3,38.16 1 0
github.com/wolflang/wolf/internal/ir/clone.go:40.21,41.16 1 0
github.com/wolflang/wolf/internal/ir/clone.go:41.16,43.4 1 0
github.com/wolflang/wolf/internal/ir/clone.go:44.3,45.32 2 0
github.com/wolflang/wolf/internal/ir/clone.go:45.32,47.4 1 0
github.com/wolflang/wolf/internal/ir/clone.go:48.3,48.16 1 0
github.com/wolflang/wolf/internal/ir/clone.go:50.19,51.16 1 0
github.com/wolflang/wolf/internal/ir/clone.go:51.16,53.4 1 0
github.com/wolflang/wolf/internal/ir/clone.go:54.3,55.35 2 0
github.com/wolflang/wolf/internal/ir/clone.go:55.35,57.4 1 0
github.com/wolflang/wolf/internal/ir/clone.go:58.3,58.16 1 0
github.com/wolflang/wolf/internal/ir/clone.go:60.25,61.16 1 0
github.com/wolflang/wolf/internal/ir/clone.go:61.16,63.4 1 0
github.com/wolflang/wolf/internal/ir/clone.go:66.3,70.32 2 0
github.com/wolflang/wolf/internal/ir/clone.go:72.10,74.11 1 0
github.com/wolflang/wolf/internal/ir/clone.go:80.57,82.2 1 0
github.com/wolflang/wolf/internal/ir/clone.go:84.70,85.18 1 0
github.com/wolflang/wolf/internal/ir/clone.go:85.18,87.3 1 0
github.com/wolflang/wolf/internal/ir/clone.go:89.2,89.18 1 0
github.com/wolflang/wolf/internal/ir/clone.go:90.38,91.17 1 0
github.com/wolflang/wolf/internal/ir/clone.go:91.17,93.4 1 0
github.com/wolflang/wolf/internal/ir/clone.go:95.22,96.37 1 0
github.com/wolflang/wolf/internal/ir/clone.go:96.37,98.23 2 0
github.com/wolflang/wolf/internal/ir/clone.go:98.23,100.13 1 0
github.com/wolflang/wolf/internal/ir/clone.go:102.4,105.21 2 0
github.com/wolflang/wolf/internal/ir/clone.go:106.64,107.39 1 0
github.com/wolflang/wolf/internal/ir/clone.go:107.39,108.52 1 0
github.com/wolflang/wolf/internal/ir/clone.go:108.52,110.7 1 0
github.com/wolflang/wolf/internal/ir/clone.go:112.23,113.86 1 0
github.com/wolflang/wolf/internal/ir/clone.go:113.86,114.39 1 0
github.com/wolflang/wolf/internal/ir/clone.go:114.39,116.52 2 0
github.com/wolflang/wolf/internal/ir/clone.go:116.52,118.8 1 0
github.com/wolflang/wolf/internal/ir/clone.go:124.4,124.39 1 0
github.com/wolflang/wolf/internal/ir/clone.go:127.21,128.32 1 0
github.com/wolflang/wolf/internal/ir/clone.go:128.32,130.4 1 0
github.com/wolflang/wolf/internal/ir/ir_nodes.go:79.31,79.32 0 0
github.com/wolflang/wolf/internal/ir/ir_nodes.go:88.30,88.31 0 0
github.com/wolflang/wolf/internal/ir/ir_nodes.go:95.28,95.29 0 0
github.com/wolflang/wolf/internal/ir/ir_nodes.go:102.30,102.31 0 0
github.com/wolflang/wolf/internal/ir/ir_nodes.go:112.26,112.27 0 0
github.com/wolflang/wolf/internal/ir/ir_nodes.go:128.27,128.28 0 0
github.com/wolflang/wolf/internal/ir/ir_nodes.go:138.29,138.30 0 0
github.com/wolflang/wolf/internal/ir/ir_nodes.go:147.30,147.31 0 0
github.com/wolflang/wolf/internal/ir/ir_nodes.go:160.29,160.30 0 0
github.com/wolflang/wolf/internal/ir/ir_nodes.go:169.32,169.33 0 0
github.com/wolflang/wolf/internal/ir/ir_nodes.go:177.29,177.30 0 0
github.com/wolflang/wolf/internal/ir/ir_nodes.go:182.31,182.32 0 0
github.com/wolflang/wolf/internal/ir/ir_nodes.go:189.29,189.30 0 0
github.com/wolflang/wolf/internal/ir/ir_nodes.go:196.27,196.28 0 0
github.com/wolflang/wolf/internal/ir/ir_nodes.go:206.33,206.34 0 0
github.com/wolflang/wolf/internal/ir/ir_nodes.go:214.29,214.30 0 0
github.com/wolflang/wolf/internal/ir/ir_nodes.go:228.25,228.26 0 0
github.com/wolflang/wolf/internal/ir/ir_nodes.go:235.26,235.27 0 0
github.com/wolflang/wolf/internal/ir/ir_nodes.go:242.28,242.29 0 0
github.com/wolflang/wolf/internal/ir/ir_nodes.go:249.29,249.30 0 0
github.com/wolflang/wolf/internal/ir/ir_nodes.go:256.27,256.28 0 0
github.com/wolflang/wolf/internal/ir/ir_nodes.go:261.26,261.27 0 0
github.com/wolflang/wolf/internal/ir/ir_nodes.go:270.30,270.31 0 0
github.com/wolflang/wolf/internal/ir/ir_nodes.go:278.29,278.30 0 0
github.com/wolflang/wolf/internal/ir/ir_nodes.go:287.28,287.29 0 0
github.com/wolflang/wolf/internal/ir/ir_nodes.go:295.31,295.32 0 0
github.com/wolflang/wolf/internal/ir/ir_nodes.go:305.34,305.35 0 0
github.com/wolflang/wolf/internal/ir/ir_nodes.go:314.30,314.31 0 0
github.com/wolflang/wolf/internal/ir/ir_nodes.go:322.29,322.30 0 0
github.com/wolflang/wolf/internal/ir/ir_nodes.go:330.28,330.29 0 0
github.com/wolflang/wolf/internal/ir/ir_nodes.go:340.26,340.27 0 0
github.com/wolflang/wolf/internal/ir/ir_nodes.go:348.29,348.30 0 0
github.com/wolflang/wolf/internal/ir/ir_nodes.go:357.27,357.28 0 0
github.com/wolflang/wolf/internal/ir/ir_nodes.go:365.30,365.31 0 0
github.com/wolflang/wolf/internal/ir/ir_nodes.go:372.28,372.29 0 0
github.com/wolflang/wolf/internal/ir/ir_nodes.go:380.28,380.29 0 0
github.com/wolflang/wolf/internal/ir/ir_nodes.go:387.28,387.29 0 0
github.com/wolflang/wolf/internal/ir/ir_nodes.go:395.31,395.32 0 0
github.com/wolflang/wolf/internal/ir/ir_nodes.go:403.32,403.33 0 0
github.com/wolflang/wolf/internal/ir/ir_nodes.go:410.28,410.29 0 0
github.com/wolflang/wolf/internal/ir/ir_nodes.go:421.29,421.30 0 0
github.com/wolflang/wolf/internal/ir/ir_nodes.go:429.29,429.30 0 0
github.com/wolflang/wolf/internal/ir/ir_nodes.go:437.31,437.32 0 0
github.com/wolflang/wolf/internal/config/config.go:96.29,152.2 1 0
github.com/wolflang/wolf/internal/config/loader.go:17.52,22.22 3 0
github.com/wolflang/wolf/internal/config/loader.go:22.22,23.51 1 0
github.com/wolflang/wolf/internal/config/loader.go:23.51,25.4 1 0
github.com/wolflang/wolf/internal/config/loader.go:29.2,32.38 2 0
github.com/wolflang/wolf/internal/config/loader.go:32.38,34.3 1 0
github.com/wolflang/wolf/internal/config/loader.go:37.2,37.29 1 0
github.com/wolflang/wolf/internal/config/loader.go:37.29,39.3 1 0
github.com/wolflang/wolf/internal/config/loader.go:41.2,41.17 1 0
github.com/wolflang/wolf/internal/config/loader.go:46.40,48.6 2 0
github.com/wolflang/wolf/internal/config/loader.go:48.6,50.47 2 0
github.com/wolflang/wolf/internal/config/loader.go:50.47,52.4 1 0
github.com/wolflang/wolf/internal/config/loader.go:53.3,54.20 2 0
github.com/wolflang/wolf/internal/config/loader.go:54.20,55.9 1 0
github.com/wolflang/wolf/internal/config/loader.go:57.3,57.15 1 0
github.com/wolflang/wolf/internal/config/loader.go:59.2,59.11 1 0
github.com/wolflang/wolf/internal/config/loader.go:71.51,73.16 2 0
github.com/wolflang/wolf/internal/config/loader.go:73.16,75.3 1 0
github.com/wolflang/wolf/internal/config/loader.go:76.2,82.21 5 0
github.com/wolflang/wolf/internal/config/loader.go:82.21,90.17 5 0
github.com/wolflang/wolf/internal/config/loader.go:90.17,91.12 1 0
github.com/wolflang/wolf/internal/config/loader.go:95.3,95.67 1 0
github.com/wolflang/wolf/internal/config/loader.go:95.67,97.12 2 0
github.com/wolflang/wolf/internal/config/loader.go:101.3,102.13 2 0
github.com/wolflang/wolf/internal/config/loader.go:102.13,104.4 1 0
github.com/wolflang/wolf/internal/config/loader.go:106.3,109.67 3 0
github.com/wolflang/wolf/internal/config/loader.go:109.67,111.4 1 0
github.com/wolflang/wolf/internal/config/loader.go:114.2,114.22 1 0
github.com/wolflang/wolf/internal/config/loader.go:118.36,120.23 2 0
github.com/wolflang/wolf/internal/config/loader.go:120.23,121.16 1 0
github.com/wolflang/wolf/internal/config/loader.go:121.16,123.4 1 0
github.com/wolflang/wolf/internal/config/loader.go:124.3,124.28 1 0
github.com/wolflang/wolf/internal/config/loader.go:124.28,126.4 1 0
github.com/wolflang/wolf/internal/config/loader.go:128.2,128.10 1 0
github.com/wolflang/wolf/internal/config/loader.go:132.74,133.43 1 0
github.com/wolflang/wolf/internal/config/loader.go:133.43,135.3 1 0
github.com/wolflang/wolf/internal/config/loader.go:137.2,137.17 1 0
github.com/wolflang/wolf/internal/config/loader.go:138.13,139.14 1 0
github.com/wolflang/wolf/internal/config/loader.go:140.15,141.22 1 0
github.com/wolflang/wolf/internal/config/loader.go:142.14,143.21 1 0
github.com/wolflang/wolf/internal/config/loader.go:144.16,146.18 2 0
github.com/wolflang/wolf/internal/config/loader.go:146.18,148.5 1 0
github.com/wolflang/wolf/internal/config/loader.go:149.4,149.21 1 0
github.com/wolflang/wolf/internal/config/loader.go:150.18,151.25 1 0
github.com/wolflang/wolf/internal/config/loader.go:152.14,153.21 1 0
github.com/wolflang/wolf/internal/config/loader.go:154.11,155.32 1 0
github.com/wolflang/wolf/internal/config/loader.go:158.16,159.14 1 0
github.com/wolflang/wolf/internal/config/loader.go:160.15,161.25 1 0
github.com/wolflang/wolf/internal/config/loader.go:162.15,164.18 2 0
github.com/wolflang/wolf/internal/config/loader.go:164.18,166.5 1 0
github.com/wolflang/wolf/internal/config/loader.go:167.4,167.23 1 0
github.com/wolflang/wolf/internal/config/loader.go:168.23,170.18 2 0
github.com/wolflang/wolf/internal/config/loader.go:170.18,172.5 1 0
github.com/wolflang/wolf/internal/config/loader.go:173.4,173.33 1 0
github.com/wolflang/wolf/internal/config/loader.go:174.24,176.18 2 0
github.com/wolflang/wolf/internal/config/loader.go:176.18,178.5 1 0
github.com/wolflang/wolf/internal/config/loader.go:179.4,179.34 1 0
github.com/wolflang/wolf/internal/config/loader.go:180.27,182.18 2 0
github.com/wolflang/wolf/internal/config/loader.go:182.18,184.5 1 0
github.com/wolflang/wolf/internal/config/loader.go:185.4,185.33 1 0
github.com/wolflang/wolf/internal/config/loader.go:186.25,188.18 2 0
github.com/wolflang/wolf/internal/config/loader.go:188.18,190.5 1 0
github.com/wolflang/wolf/internal/config/loader.go:191.4,191.32 1 0
github.com/wolflang/wolf/internal/config/loader.go:192.22,194.18 2 0
github.com/wolflang/wolf/internal/config/loader.go:194.18,196.5 1 0
github.com/wolflang/wolf/internal/config/loader.go:197.4,197.29 1 0
github.com/wolflang/wolf/internal/config/loader.go:198.18,200.18 2 0
github.com/wolflang/wolf/internal/config/loader.go:200.18,202.5 1 0
github.com/wolflang/wolf/internal/config/loader.go:203.4,203.26 1 0
github.com/wolflang/wolf/internal/config/loader.go:204.11,205.32 1 0
github.com/wolflang/wolf/internal/config/loader.go:208.24,209.14 1 0
github.com/wolflang/wolf/internal/config/loader.go:210.17,211.23 1 0
github.com/wolflang/wolf/internal/config/loader.go:212.15,213.21 1 0
github.com/wolflang/wolf/internal/config/loader.go:214.15,216.18 2 0
github.com/wolflang/wolf/internal/config/loader.go:216.18,218.5 1 0
github.com/wolflang/wolf/internal/config/loader.go:219.4,219.19 1 0
github.com/wolflang/wolf/internal/config/loader.go:220.15,221.21 1 0
github.com/wolflang/wolf/internal/config/loader.go:222.15,223.21 1 0
github.com/wolflang/wolf/internal/config/loader.go:224.19,225.25 1 0
github.com/wolflang/wolf/internal/config/loader.go:226.20,228.18 2 0
github.com/wolflang/wolf/internal/config/loader.go:228.18,230.5 1 0
github.com/wolflang/wolf/internal/config/loader.go:231.4,231.23 1 0
github.com/wolflang/wolf/internal/config/loader.go:232.24,234.18 2 0
github.com/wolflang/wolf/internal/config/loader.go:234.18,236.5 1 0
github.com/wolflang/wolf/internal/config/loader.go:237.4,237.26 1 0
github.com/wolflang/wolf/internal/config/loader.go:238.23,240.18 2 0
github.com/wolflang/wolf/internal/config/loader.go:240.18,242.5 1 0
github.com/wolflang/wolf/internal/config/loader.go:243.4,243.26 1 0
github.com/wolflang/wolf/internal/config/loader.go:244.22,246.18 2 0
github.com/wolflang/wolf/internal/config/loader.go:246.18,248.5 1 0
github.com/wolflang/wolf/internal/config/loader.go:249.4,249.25 1 0
github.com/wolflang/wolf/internal/config/loader.go:250.20,251.25 1 0
github.com/wolflang/wolf/internal/config/loader.go:252.20,254.18 2 0
github.com/wolflang/wolf/internal/config/loader.go:254.18,256.5 1 0
github.com/wolflang/wolf/internal/config/loader.go:257.4,257.23 1 0
github.com/wolflang/wolf/internal/config/loader.go:258.11,259.32 1 0
github.com/wolflang/wolf/internal/config/loader.go:262.15,263.14 1 0
github.com/wolflang/wolf/internal/config/loader.go:264.15,265.24 1 0
github.com/wolflang/wolf/internal/config/loader.go:266.15,268.18 2 0
github.com/wolflang/wolf/internal/config/loader.go:268.18,270.5 1 0
github.com/wolflang/wolf/internal/config/loader.go:271.4,271.22 1 0
github.com/wolflang/wolf/internal/config/loader.go:272.19,273.28 1 0
github.com/wolflang/wolf/internal/config/loader.go:274.13,276.18 2 0
github.com/wolflang/wolf/internal/config/loader.go:276.18,278.5 1 0
github.com/wolflang/wolf/internal/config/loader.go:279.4,279.20 1 0
github.com/wolflang/wolf/internal/config/loader.go:280.11,281.32 1 0
github.com/wolflang/wolf/internal/config/loader.go:284.13,285.14 1 0
github.com/wolflang/wolf/internal/config/loader.go:286.17,287.24 1 0
github.com/wolflang/wolf/internal/config/loader.go:288.35,290.18 2 0
github.com/wolflang/wolf/internal/config/loader.go:290.18,292.5 1 0
github.com/wolflang/wolf/internal/config/loader.go:293.4,293.25 1 0
github.com/wolflang/wolf/internal/config/loader.go:294.20,295.27 1 0
github.com/wolflang/wolf/internal/config/loader.go:296.11,297.32 1 0
github.com/wolflang/wolf/internal/config/loader.go:300.13,301.14 1 0
github.com/wolflang/wolf/internal/config/loader.go:302.16,303.23 1 0
github.com/wolflang/wolf/internal/config/loader.go:304.17,305.24 1 0
github.com/wolflang/wolf/internal/config/loader.go:306.15,307.22 1 0
github.com/wolflang/wolf/internal/config/loader.go:308.11,309.32 1 0
github.com/wolflang/wolf/internal/config/loader.go:312.15,313.14 1 0
github.com/wolflang/wolf/internal/config/loader.go:314.18,315.26 1 0
github.com/wolflang/wolf/internal/config/loader.go:316.31,318.18 2 0
github.com/wolflang/wolf/internal/config/loader.go:318.18,320.5 1 0
github.com/wolflang/wolf/internal/config/loader.go:321.4,321.26 1 0
github.com/wolflang/wolf/internal/config/loader.go:322.18,324.18 2 0
github.com/wolflang/wolf/internal/config/loader.go:324.18,326.5 1 0
github.com/wolflang/wolf/internal/config/loader.go:327.4,327.24 1 0
github.com/wolflang/wolf/internal/config/loader.go:328.22,330.18 2 0
github.com/wolflang/wolf/internal/config/loader.go:330.18,332.5 1 0
github.com/wolflang/wolf/internal/config/loader.go:333.4,333.28 1 0
github.com/wolflang/wolf/internal/config/loader.go:334.11,335.32 1 0
github.com/wolflang/wolf/internal/config/loader.go:338.10,339.73 1 0
github.com/wolflang/wolf/internal/config/loader.go:341.10,341.10 0 0
github.com/wolflang/wolf/internal/config/loader.go:346.2,346.12 1 0
github.com/wolflang/wolf/internal/config/loader.go:352.34,353.43 1 0
github.com/wolflang/wolf/internal/config/loader.go:353.43,354.37 1 0
github.com/wolflang/wolf/internal/config/loader.go:354.37,356.4 1 0
github.com/wolflang/wolf/internal/config/loader.go:358.2,358.40 1 0
github.com/wolflang/wolf/internal/config/loader.go:358.40,359.37 1 0
github.com/wolflang/wolf/internal/config/loader.go:359.37,360.45 1 0
github.com/wolflang/wolf/internal/config/loader.go:360.45,362.5 1 0
github.com/wolflang/wolf/internal/config/loader.go:365.2,365.42 1 0
github.com/wolflang/wolf/internal/config/loader.go:365.42,366.37 1 0
github.com/wolflang/wolf/internal/config/loader.go:366.37,367.42 1 0
github.com/wolflang/wolf/internal/config/loader.go:367.42,369.5 1 0
github.com/wolflang/wolf/internal/config/loader.go:374.2,424.53 39 0
github.com/wolflang/wolf/internal/config/loader.go:429.38,431.29 2 0
github.com/wolflang/wolf/internal/config/loader.go:431.29,433.3 1 0
github.com/wolflang/wolf/internal/config/loader.go:435.2,435.52 1 0
github.com/wolflang/wolf/internal/config/loader.go:435.52,437.3 1 0
github.com/wolflang/wolf/internal/config/loader.go:439.2,439.61 1 0
github.com/wolflang/wolf/internal/config/loader.go:439.61,441.3 1 0
github.com/wolflang/wolf/internal/config/loader.go:443.2,444.30 2 0
github.com/wolflang/wolf/internal/config/loader.go:444.30,446.3 1 0
github.com/wolflang/wolf/internal/config/loader.go:448.2,448.25 1 0
github.com/wolflang/wolf/internal/config/loader.go:448.25,450.3 1 0
github.com/wolflang/wolf/internal/config/loader.go:451.2,451.28 1 0
github.com/wolflang/wolf/internal/config/loader.go:451.28,453.3 1 0
github.com/wolflang/wolf/internal/config/loader.go:454.2,454.42 1 0
github.com/wolflang/wolf/internal/config/loader.go:454.42,457.3 1 0
github.com/wolflang/wolf/internal/config/loader.go:458.2,458.28 1 0
github.com/wolflang/wolf/internal/config/loader.go:458.28,460.3 1 0
github.com/wolflang/wolf/internal/config/loader.go:462.2,463.63 2 0
github.com/wolflang/wolf/internal/config/loader.go:463.63,465.3 1 0
github.com/wolflang/wolf/internal/config/loader.go:467.2,468.33 2 0
github.com/wolflang/wolf/internal/config/loader.go:468.33,470.3 1 0
github.com/wolflang/wolf/internal/config/loader.go:472.2,472.12 1 0
github.com/wolflang/wolf/internal/config/loader.go:476.40,477.47 1 0
github.com/wolflang/wolf/internal/config/loader.go:478.32,479.19 1 0
github.com/wolflang/wolf/internal/config/loader.go:480.33,481.20 1 0
github.com/wolflang/wolf/internal/config/loader.go:483.2,483.56 1 0
