mode: set
github.com/wolflang/wolf/cmd/wolf/main.go:15.13,32.55 4 0
github.com/wolflang/wolf/cmd/wolf/main.go:32.55,34.18 2 0
github.com/wolflang/wolf/cmd/wolf/main.go:34.18,36.5 1 0
github.com/wolflang/wolf/cmd/wolf/main.go:38.4,40.18 3 0
github.com/wolflang/wolf/cmd/wolf/main.go:40.18,43.5 2 0
github.com/wolflang/wolf/cmd/wolf/main.go:44.4,48.18 4 0
github.com/wolflang/wolf/cmd/wolf/main.go:48.18,49.37 1 0
github.com/wolflang/wolf/cmd/wolf/main.go:49.37,51.6 1 0
github.com/wolflang/wolf/cmd/wolf/main.go:52.5,52.15 1 0
github.com/wolflang/wolf/cmd/wolf/main.go:55.4,56.14 2 0
github.com/wolflang/wolf/cmd/wolf/main.go:60.2,64.55 1 0
github.com/wolflang/wolf/cmd/wolf/main.go:64.55,66.18 2 0
github.com/wolflang/wolf/cmd/wolf/main.go:66.18,68.5 1 0
github.com/wolflang/wolf/cmd/wolf/main.go:70.4,72.18 3 0
github.com/wolflang/wolf/cmd/wolf/main.go:72.18,75.5 2 0
github.com/wolflang/wolf/cmd/wolf/main.go:76.4,79.41 3 0
github.com/wolflang/wolf/cmd/wolf/main.go:83.2,87.55 1 0
github.com/wolflang/wolf/cmd/wolf/main.go:87.55,91.4 2 0
github.com/wolflang/wolf/cmd/wolf/main.go:94.2,98.55 1 0
github.com/wolflang/wolf/cmd/wolf/main.go:98.55,102.4 2 0
github.com/wolflang/wolf/cmd/wolf/main.go:106.2,114.55 2 0
github.com/wolflang/wolf/cmd/wolf/main.go:114.55,118.38 4 0
github.com/wolflang/wolf/cmd/wolf/main.go:118.38,120.5 1 0
github.com/wolflang/wolf/cmd/wolf/main.go:121.4,122.14 2 0
github.com/wolflang/wolf/cmd/wolf/main.go:126.2,130.55 1 0
github.com/wolflang/wolf/cmd/wolf/main.go:130.55,134.21 4 0
github.com/wolflang/wolf/cmd/wolf/main.go:134.21,136.5 1 0
github.com/wolflang/wolf/cmd/wolf/main.go:137.4,137.50 1 0
github.com/wolflang/wolf/cmd/wolf/main.go:137.50,139.5 1 0
github.com/wolflang/wolf/cmd/wolf/main.go:140.4,141.14 2 0
github.com/wolflang/wolf/cmd/wolf/main.go:145.2,149.55 1 0
github.com/wolflang/wolf/cmd/wolf/main.go:149.55,152.44 3 0
github.com/wolflang/wolf/cmd/wolf/main.go:152.44,154.5 1 0
github.com/wolflang/wolf/cmd/wolf/main.go:155.4,156.14 2 0
github.com/wolflang/wolf/cmd/wolf/main.go:160.2,163.55 1 0
github.com/wolflang/wolf/cmd/wolf/main.go:163.55,167.18 4 0
github.com/wolflang/wolf/cmd/wolf/main.go:167.18,169.5 1 0
github.com/wolflang/wolf/cmd/wolf/main.go:170.4,170.29 1 0
github.com/wolflang/wolf/cmd/wolf/main.go:170.29,172.5 1 0
github.com/wolflang/wolf/cmd/wolf/main.go:173.4,173.14 1 0
github.com/wolflang/wolf/cmd/wolf/main.go:177.2,180.55 1 0
github.com/wolflang/wolf/cmd/wolf/main.go:180.55,184.18 4 0
github.com/wolflang/wolf/cmd/wolf/main.go:184.18,186.5 1 0
github.com/wolflang/wolf/cmd/wolf/main.go:187.4,187.24 1 0
github.com/wolflang/wolf/cmd/wolf/main.go:187.24,189.5 1 0
github.com/wolflang/wolf/cmd/wolf/main.go:189.10,190.34 1 0
github.com/wolflang/wolf/cmd/wolf/main.go:190.34,192.6 1 0
github.com/wolflang/wolf/cmd/wolf/main.go:194.4,194.14 1 0
github.com/wolflang/wolf/cmd/wolf/main.go:198.2,201.55 1 0
github.com/wolflang/wolf/cmd/wolf/main.go:201.55,205.36 4 0
github.com/wolflang/wolf/cmd/wolf/main.go:205.36,207.5 1 0
github.com/wolflang/wolf/cmd/wolf/main.go:208.4,209.14 2 0
github.com/wolflang/wolf/cmd/wolf/main.go:213.2,216.48 1 0
github.com/wolflang/wolf/cmd/wolf/main.go:216.48,221.4 4 0
github.com/wolflang/wolf/cmd/wolf/main.go:224.2,237.55 5 0
github.com/wolflang/wolf/cmd/wolf/main.go:237.55,240.84 3 0
github.com/wolflang/wolf/cmd/wolf/main.go:240.84,242.5 1 0
github.com/wolflang/wolf/cmd/wolf/main.go:243.4,246.28 3 0
github.com/wolflang/wolf/cmd/wolf/main.go:246.28,248.5 1 0
github.com/wolflang/wolf/cmd/wolf/main.go:249.4,250.14 2 0
github.com/wolflang/wolf/cmd/wolf/main.go:253.2,259.55 2 0
github.com/wolflang/wolf/cmd/wolf/main.go:259.55,264.18 5 0
github.com/wolflang/wolf/cmd/wolf/main.go:264.18,266.5 1 0
github.com/wolflang/wolf/cmd/wolf/main.go:267.4,268.14 2 0
github.com/wolflang/wolf/cmd/wolf/main.go:272.2,274.42 2 0
github.com/wolflang/wolf/cmd/wolf/main.go:274.42,276.3 1 0
github.com/wolflang/wolf/internal/config/config.go:96.29,152.2 1 0
github.com/wolflang/wolf/internal/config/loader.go:17.52,22.22 3 0
github.com/wolflang/wolf/internal/config/loader.go:22.22,23.51 1 0
github.com/wolflang/wolf/internal/config/loader.go:23.51,25.4 1 0
github.com/wolflang/wolf/internal/config/loader.go:29.2,32.38 2 0
github.com/wolflang/wolf/internal/config/loader.go:32.38,34.3 1 0
github.com/wolflang/wolf/internal/config/loader.go:37.2,37.29 1 0
github.com/wolflang/wolf/internal/config/loader.go:37.29,39.3 1 0
github.com/wolflang/wolf/internal/config/loader.go:41.2,41.17 1 0
github.com/wolflang/wolf/internal/config/loader.go:46.40,48.6 2 0
github.com/wolflang/wolf/internal/config/loader.go:48.6,50.47 2 0
github.com/wolflang/wolf/internal/config/loader.go:50.47,52.4 1 0
github.com/wolflang/wolf/internal/config/loader.go:53.3,54.20 2 0
github.com/wolflang/wolf/internal/config/loader.go:54.20,55.9 1 0
github.com/wolflang/wolf/internal/config/loader.go:57.3,57.15 1 0
github.com/wolflang/wolf/internal/config/loader.go:59.2,59.11 1 0
github.com/wolflang/wolf/internal/config/loader.go:71.51,73.16 2 0
github.com/wolflang/wolf/internal/config/loader.go:73.16,75.3 1 0
github.com/wolflang/wolf/internal/config/loader.go:76.2,82.21 5 0
github.com/wolflang/wolf/internal/config/loader.go:82.21,90.17 5 0
github.com/wolflang/wolf/internal/config/loader.go:90.17,91.12 1 0
github.com/wolflang/wolf/internal/config/loader.go:95.3,95.67 1 0
github.com/wolflang/wolf/internal/config/loader.go:95.67,97.12 2 0
github.com/wolflang/wolf/internal/config/loader.go:101.3,102.13 2 0
github.com/wolflang/wolf/internal/config/loader.go:102.13,104.4 1 0
github.com/wolflang/wolf/internal/config/loader.go:106.3,109.67 3 0
github.com/wolflang/wolf/internal/config/loader.go:109.67,111.4 1 0
github.com/wolflang/wolf/internal/config/loader.go:114.2,114.22 1 0
github.com/wolflang/wolf/internal/config/loader.go:118.36,120.23 2 0
github.com/wolflang/wolf/internal/config/loader.go:120.23,121.16 1 0
github.com/wolflang/wolf/internal/config/loader.go:121.16,123.4 1 0
github.com/wolflang/wolf/internal/config/loader.go:124.3,124.28 1 0
github.com/wolflang/wolf/internal/config/loader.go:124.28,126.4 1 0
github.com/wolflang/wolf/internal/config/loader.go:128.2,128.10 1 0
github.com/wolflang/wolf/internal/config/loader.go:132.74,133.43 1 0
github.com/wolflang/wolf/internal/config/loader.go:133.43,135.3 1 0
github.com/wolflang/wolf/internal/config/loader.go:137.2,137.17 1 0
github.com/wolflang/wolf/internal/config/loader.go:138.13,139.14 1 0
github.com/wolflang/wolf/internal/config/loader.go:140.15,141.22 1 0
github.com/wolflang/wolf/internal/config/loader.go:142.14,143.21 1 0
github.com/wolflang/wolf/internal/config/loader.go:144.16,146.18 2 0
github.com/wolflang/wolf/internal/config/loader.go:146.18,148.5 1 0
github.com/wolflang/wolf/internal/config/loader.go:149.4,149.21 1 0
github.com/wolflang/wolf/internal/config/loader.go:150.18,151.25 1 0
github.com/wolflang/wolf/internal/config/loader.go:152.14,153.21 1 0
github.com/wolflang/wolf/internal/config/loader.go:154.11,155.32 1 0
github.com/wolflang/wolf/internal/config/loader.go:158.16,159.14 1 0
github.com/wolflang/wolf/internal/config/loader.go:160.15,161.25 1 0
github.com/wolflang/wolf/internal/config/loader.go:162.15,164.18 2 0
github.com/wolflang/wolf/internal/config/loader.go:164.18,166.5 1 0
github.com/wolflang/wolf/internal/config/loader.go:167.4,167.23 1 0
github.com/wolflang/wolf/internal/config/loader.go:168.23,170.18 2 0
github.com/wolflang/wolf/internal/config/loader.go:170.18,172.5 1 0
github.com/wolflang/wolf/internal/config/loader.go:173.4,173.33 1 0
github.com/wolflang/wolf/internal/config/loader.go:174.24,176.18 2 0
github.com/wolflang/wolf/internal/config/loader.go:176.18,178.5 1 0
github.com/wolflang/wolf/internal/config/loader.go:179.4,179.34 1 0
github.com/wolflang/wolf/internal/config/loader.go:180.27,182.18 2 0
github.com/wolflang/wolf/internal/config/loader.go:182.18,184.5 1 0
github.com/wolflang/wolf/internal/config/loader.go:185.4,185.33 1 0
github.com/wolflang/wolf/internal/config/loader.go:186.25,188.18 2 0
github.com/wolflang/wolf/internal/config/loader.go:188.18,190.5 1 0
github.com/wolflang/wolf/internal/config/loader.go:191.4,191.32 1 0
github.com/wolflang/wolf/internal/config/loader.go:192.22,194.18 2 0
github.com/wolflang/wolf/internal/config/loader.go:194.18,196.5 1 0
github.com/wolflang/wolf/internal/config/loader.go:197.4,197.29 1 0
github.com/wolflang/wolf/internal/config/loader.go:198.18,200.18 2 0
github.com/wolflang/wolf/internal/config/loader.go:200.18,202.5 1 0
github.com/wolflang/wolf/internal/config/loader.go:203.4,203.26 1 0
github.com/wolflang/wolf/internal/config/loader.go:204.11,205.32 1 0
github.com/wolflang/wolf/internal/config/loader.go:208.24,209.14 1 0
github.com/wolflang/wolf/internal/config/loader.go:210.17,211.23 1 0
github.com/wolflang/wolf/internal/config/loader.go:212.15,213.21 1 0
github.com/wolflang/wolf/internal/config/loader.go:214.15,216.18 2 0
github.com/wolflang/wolf/internal/config/loader.go:216.18,218.5 1 0
github.com/wolflang/wolf/internal/config/loader.go:219.4,219.19 1 0
github.com/wolflang/wolf/internal/config/loader.go:220.15,221.21 1 0
github.com/wolflang/wolf/internal/config/loader.go:222.15,223.21 1 0
github.com/wolflang/wolf/internal/config/loader.go:224.19,225.25 1 0
github.com/wolflang/wolf/internal/config/loader.go:226.20,228.18 2 0
github.com/wolflang/wolf/internal/config/loader.go:228.18,230.5 1 0
github.com/wolflang/wolf/internal/config/loader.go:231.4,231.23 1 0
github.com/wolflang/wolf/internal/config/loader.go:232.24,234.18 2 0
github.com/wolflang/wolf/internal/config/loader.go:234.18,236.5 1 0
github.com/wolflang/wolf/internal/config/loader.go:237.4,237.26 1 0
github.com/wolflang/wolf/internal/config/loader.go:238.23,240.18 2 0
github.com/wolflang/wolf/internal/config/loader.go:240.18,242.5 1 0
github.com/wolflang/wolf/internal/config/loader.go:243.4,243.26 1 0
github.com/wolflang/wolf/internal/config/loader.go:244.22,246.18 2 0
github.com/wolflang/wolf/internal/config/loader.go:246.18,248.5 1 0
github.com/wolflang/wolf/internal/config/loader.go:249.4,249.25 1 0
github.com/wolflang/wolf/internal/config/loader.go:250.20,251.25 1 0
github.com/wolflang/wolf/internal/config/loader.go:252.20,254.18 2 0
github.com/wolflang/wolf/internal/config/loader.go:254.18,256.5 1 0
github.com/wolflang/wolf/internal/config/loader.go:257.4,257.23 1 0
github.com/wolflang/wolf/internal/config/loader.go:258.11,259.32 1 0
github.com/wolflang/wolf/internal/config/loader.go:262.15,263.14 1 0
github.com/wolflang/wolf/internal/config/loader.go:264.15,265.24 1 0
github.com/wolflang/wolf/internal/config/loader.go:266.15,268.18 2 0
github.com/wolflang/wolf/internal/config/loader.go:268.18,270.5 1 0
github.com/wolflang/wolf/internal/config/loader.go:271.4,271.22 1 0
github.com/wolflang/wolf/internal/config/loader.go:272.19,273.28 1 0
github.com/wolflang/wolf/internal/config/loader.go:274.13,276.18 2 0
github.com/wolflang/wolf/internal/config/loader.go:276.18,278.5 1 0
github.com/wolflang/wolf/internal/config/loader.go:279.4,279.20 1 0
github.com/wolflang/wolf/internal/config/loader.go:280.11,281.32 1 0
github.com/wolflang/wolf/internal/config/loader.go:284.13,285.14 1 0
github.com/wolflang/wolf/internal/config/loader.go:286.17,287.24 1 0
github.com/wolflang/wolf/internal/config/loader.go:288.35,290.18 2 0
github.com/wolflang/wolf/internal/config/loader.go:290.18,292.5 1 0
github.com/wolflang/wolf/internal/config/loader.go:293.4,293.25 1 0
github.com/wolflang/wolf/internal/config/loader.go:294.20,295.27 1 0
github.com/wolflang/wolf/internal/config/loader.go:296.11,297.32 1 0
github.com/wolflang/wolf/internal/config/loader.go:300.13,301.14 1 0
github.com/wolflang/wolf/internal/config/loader.go:302.16,303.23 1 0
github.com/wolflang/wolf/internal/config/loader.go:304.17,305.24 1 0
github.com/wolflang/wolf/internal/config/loader.go:306.15,307.22 1 0
github.com/wolflang/wolf/internal/config/loader.go:308.11,309.32 1 0
github.com/wolflang/wolf/internal/config/loader.go:312.15,313.14 1 0
github.com/wolflang/wolf/internal/config/loader.go:314.18,315.26 1 0
github.com/wolflang/wolf/internal/config/loader.go:316.31,318.18 2 0
github.com/wolflang/wolf/internal/config/loader.go:318.18,320.5 1 0
github.com/wolflang/wolf/internal/config/loader.go:321.4,321.26 1 0
github.com/wolflang/wolf/internal/config/loader.go:322.18,324.18 2 0
github.com/wolflang/wolf/internal/config/loader.go:324.18,326.5 1 0
github.com/wolflang/wolf/internal/config/loader.go:327.4,327.24 1 0
github.com/wolflang/wolf/internal/config/loader.go:328.22,330.18 2 0
github.com/wolflang/wolf/internal/config/loader.go:330.18,332.5 1 0
github.com/wolflang/wolf/internal/config/loader.go:333.4,333.28 1 0
github.com/wolflang/wolf/internal/config/loader.go:334.11,335.32 1 0
github.com/wolflang/wolf/internal/config/loader.go:338.10,339.73 1 0
github.com/wolflang/wolf/internal/config/loader.go:341.10,341.10 0 0
github.com/wolflang/wolf/internal/config/loader.go:346.2,346.12 1 0
github.com/wolflang/wolf/internal/config/loader.go:352.34,353.43 1 0
github.com/wolflang/wolf/internal/config/loader.go:353.43,354.37 1 0
github.com/wolflang/wolf/internal/config/loader.go:354.37,356.4 1 0
github.com/wolflang/wolf/internal/config/loader.go:358.2,358.40 1 0
github.com/wolflang/wolf/internal/config/loader.go:358.40,359.37 1 0
github.com/wolflang/wolf/internal/config/loader.go:359.37,360.45 1 0
github.com/wolflang/wolf/internal/config/loader.go:360.45,362.5 1 0
github.com/wolflang/wolf/internal/config/loader.go:365.2,365.42 1 0
github.com/wolflang/wolf/internal/config/loader.go:365.42,366.37 1 0
github.com/wolflang/wolf/internal/config/loader.go:366.37,367.42 1 0
github.com/wolflang/wolf/internal/config/loader.go:367.42,369.5 1 0
github.com/wolflang/wolf/internal/config/loader.go:374.2,424.53 39 0
github.com/wolflang/wolf/internal/config/loader.go:429.38,431.29 2 0
github.com/wolflang/wolf/internal/config/loader.go:431.29,433.3 1 0
github.com/wolflang/wolf/internal/config/loader.go:435.2,435.52 1 0
github.com/wolflang/wolf/internal/config/loader.go:435.52,437.3 1 0
github.com/wolflang/wolf/internal/config/loader.go:439.2,439.61 1 0
github.com/wolflang/wolf/internal/config/loader.go:439.61,441.3 1 0
github.com/wolflang/wolf/internal/config/loader.go:443.2,444.30 2 0
github.com/wolflang/wolf/internal/config/loader.go:444.30,446.3 1 0
github.com/wolflang/wolf/internal/config/loader.go:448.2,448.25 1 0
github.com/wolflang/wolf/internal/config/loader.go:448.25,450.3 1 0
github.com/wolflang/wolf/internal/config/loader.go:451.2,451.28 1 0
github.com/wolflang/wolf/internal/config/loader.go:451.28,453.3 1 0
github.com/wolflang/wolf/internal/config/loader.go:454.2,454.42 1 0
github.com/wolflang/wolf/internal/config/loader.go:454.42,457.3 1 0
github.com/wolflang/wolf/internal/config/loader.go:458.2,458.28 1 0
github.com/wolflang/wolf/internal/config/loader.go:458.28,460.3 1 0
github.com/wolflang/wolf/internal/config/loader.go:462.2,463.63 2 0
github.com/wolflang/wolf/internal/config/loader.go:463.63,465.3 1 0
github.com/wolflang/wolf/internal/config/loader.go:467.2,468.33 2 0
github.com/wolflang/wolf/internal/config/loader.go:468.33,470.3 1 0
github.com/wolflang/wolf/internal/config/loader.go:472.2,472.12 1 0
github.com/wolflang/wolf/internal/config/loader.go:476.40,477.47 1 0
github.com/wolflang/wolf/internal/config/loader.go:478.32,479.19 1 0
github.com/wolflang/wolf/internal/config/loader.go:480.33,481.20 1 0
github.com/wolflang/wolf/internal/config/loader.go:483.2,483.56 1 0
github.com/wolflang/wolf/internal/emitter/ir_emitter.go:21.45,28.2 1 1
github.com/wolflang/wolf/internal/emitter/ir_emitter.go:31.63,39.42 3 1
github.com/wolflang/wolf/internal/emitter/ir_emitter.go:39.42,40.27 1 1
github.com/wolflang/wolf/internal/emitter/ir_emitter.go:41.25,44.30 2 1
github.com/wolflang/wolf/internal/emitter/ir_emitter.go:44.30,50.5 2 0
github.com/wolflang/wolf/internal/emitter/ir_emitter.go:51.4,51.51 1 1
github.com/wolflang/wolf/internal/emitter/ir_emitter.go:52.26,54.48 2 1
github.com/wolflang/wolf/internal/emitter/ir_emitter.go:55.11,57.21 2 1
github.com/wolflang/wolf/internal/emitter/ir_emitter.go:57.21,59.5 1 1
github.com/wolflang/wolf/internal/emitter/ir_emitter.go:64.2,64.29 1 1
github.com/wolflang/wolf/internal/emitter/ir_emitter.go:64.29,66.3 1 1
github.com/wolflang/wolf/internal/emitter/ir_emitter.go:68.2,68.15 1 1
github.com/wolflang/wolf/internal/emitter/ir_emitter.go:72.66,73.42 1 1
github.com/wolflang/wolf/internal/emitter/ir_emitter.go:73.42,74.56 1 1
github.com/wolflang/wolf/internal/emitter/ir_emitter.go:74.56,75.56 1 1
github.com/wolflang/wolf/internal/emitter/ir_emitter.go:75.56,76.58 1 0
github.com/wolflang/wolf/internal/emitter/ir_emitter.go:76.58,77.54 1 0
github.com/wolflang/wolf/internal/emitter/ir_emitter.go:77.54,78.68 1 0
github.com/wolflang/wolf/internal/emitter/ir_emitter.go:78.68,80.43 2 0
github.com/wolflang/wolf/internal/emitter/ir_emitter.go:80.43,82.9 1 0
github.com/wolflang/wolf/internal/emitter/ir_emitter.go:83.8,83.35 1 0
github.com/wolflang/wolf/internal/emitter/ir_emitter.go:94.61,95.26 1 1
github.com/wolflang/wolf/internal/emitter/ir_emitter.go:96.30,97.27 1 1
github.com/wolflang/wolf/internal/emitter/ir_emitter.go:98.23,99.26 1 0
github.com/wolflang/wolf/internal/emitter/ir_emitter.go:100.26,101.29 1 1
github.com/wolflang/wolf/internal/emitter/ir_emitter.go:102.26,103.29 1 0
github.com/wolflang/wolf/internal/emitter/ir_emitter.go:104.22,105.25 1 1
github.com/wolflang/wolf/internal/emitter/ir_emitter.go:106.23,107.26 1 1
github.com/wolflang/wolf/internal/emitter/ir_emitter.go:108.27,109.30 1 1
github.com/wolflang/wolf/internal/emitter/ir_emitter.go:110.25,111.28 1 0
github.com/wolflang/wolf/internal/emitter/ir_emitter.go:112.25,113.28 1 1
github.com/wolflang/wolf/internal/emitter/ir_emitter.go:114.28,115.27 1 0
github.com/wolflang/wolf/internal/emitter/ir_emitter.go:116.28,117.27 1 0
github.com/wolflang/wolf/internal/emitter/ir_emitter.go:118.33,119.30 1 0
github.com/wolflang/wolf/internal/emitter/ir_emitter.go:120.25,121.24 1 0
github.com/wolflang/wolf/internal/emitter/ir_emitter.go:122.10,123.13 1 0
github.com/wolflang/wolf/internal/emitter/ir_emitter.go:127.68,129.48 1 1
github.com/wolflang/wolf/internal/emitter/ir_emitter.go:129.48,130.92 1 1
github.com/wolflang/wolf/internal/emitter/ir_emitter.go:130.92,136.17 3 1
github.com/wolflang/wolf/internal/emitter/ir_emitter.go:136.17,137.44 1 1
github.com/wolflang/wolf/internal/emitter/ir_emitter.go:137.44,138.33 1 1
github.com/wolflang/wolf/internal/emitter/ir_emitter.go:138.33,141.7 2 1
github.com/wolflang/wolf/internal/emitter/ir_emitter.go:145.4,149.5 1 1
github.com/wolflang/wolf/internal/emitter/ir_emitter.go:154.2,154.47 1 1
github.com/wolflang/wolf/internal/emitter/ir_emitter.go:154.47,155.56 1 0
github.com/wolflang/wolf/internal/emitter/ir_emitter.go:155.56,156.22 1 0
github.com/wolflang/wolf/internal/emitter/ir_emitter.go:157.17,158.33 1 0
github.com/wolflang/wolf/internal/emitter/ir_emitter.go:159.17,160.33 1 0
github.com/wolflang/wolf/internal/emitter/ir_emitter.go:161.19,162.35 1 0
github.com/wolflang/wolf/internal/emitter/ir_emitter.go:167.2,167.47 1 1
github.com/wolflang/wolf/internal/emitter/ir_emitter.go:171.66,180.25 7 0
github.com/wolflang/wolf/internal/emitter/ir_emitter.go:180.25,181.58 1 0
github.com/wolflang/wolf/internal/emitter/ir_emitter.go:181.58,183.4 1 0
github.com/wolflang/wolf/internal/emitter/ir_emitter.go:184.3,184.58 1 0
github.com/wolflang/wolf/internal/emitter/ir_emitter.go:184.58,186.4 1 0
github.com/wolflang/wolf/internal/emitter/ir_emitter.go:188.2,188.25 1 0
github.com/wolflang/wolf/internal/emitter/ir_emitter.go:188.25,189.57 1 0
github.com/wolflang/wolf/internal/emitter/ir_emitter.go:189.57,191.4 1 0
github.com/wolflang/wolf/internal/emitter/ir_emitter.go:194.2,198.3 1 0
github.com/wolflang/wolf/internal/emitter/ir_emitter.go:202.66,210.25 6 0
github.com/wolflang/wolf/internal/emitter/ir_emitter.go:210.25,212.3 1 0
github.com/wolflang/wolf/internal/emitter/ir_emitter.go:212.8,214.3 1 0
github.com/wolflang/wolf/internal/emitter/ir_emitter.go:216.2,216.25 1 0
github.com/wolflang/wolf/internal/emitter/ir_emitter.go:216.25,218.3 1 0
github.com/wolflang/wolf/internal/emitter/ir_emitter.go:220.2,220.52 1 0
github.com/wolflang/wolf/internal/emitter/ir_emitter.go:224.68,231.25 5 0
github.com/wolflang/wolf/internal/emitter/ir_emitter.go:231.25,233.3 1 0
github.com/wolflang/wolf/internal/emitter/ir_emitter.go:234.2,234.25 1 0
github.com/wolflang/wolf/internal/emitter/ir_emitter.go:234.25,236.3 1 0
github.com/wolflang/wolf/internal/emitter/ir_emitter.go:238.2,241.3 1 0
github.com/wolflang/wolf/internal/emitter/ir_emitter.go:244.60,249.20 4 0
github.com/wolflang/wolf/internal/emitter/ir_emitter.go:249.20,251.3 1 0
github.com/wolflang/wolf/internal/emitter/ir_emitter.go:253.2,257.3 1 0
github.com/wolflang/wolf/internal/emitter/ir_emitter.go:260.66,265.15 3 1
github.com/wolflang/wolf/internal/emitter/ir_emitter.go:265.15,266.42 1 1
github.com/wolflang/wolf/internal/emitter/ir_emitter.go:266.42,267.31 1 1
github.com/wolflang/wolf/internal/emitter/ir_emitter.go:267.31,270.5 2 1
github.com/wolflang/wolf/internal/emitter/ir_emitter.go:274.2,278.3 1 1
github.com/wolflang/wolf/internal/emitter/ir_emitter.go:281.66,283.29 2 0
github.com/wolflang/wolf/internal/emitter/ir_emitter.go:283.29,285.3 1 0
github.com/wolflang/wolf/internal/emitter/ir_emitter.go:286.2,286.39 1 0
github.com/wolflang/wolf/internal/emitter/ir_emitter.go:289.58,295.32 2 1
github.com/wolflang/wolf/internal/emitter/ir_emitter.go:295.32,300.3 1 0
github.com/wolflang/wolf/internal/emitter/ir_emitter.go:302.2,302.23 1 1
github.com/wolflang/wolf/internal/emitter/ir_emitter.go:302.23,304.3 1 1
github.com/wolflang/wolf/internal/emitter/ir_emitter.go:306.2,306.15 1 1
github.com/wolflang/wolf/internal/emitter/ir_emitter.go:309.60,316.2 1 1
github.com/wolflang/wolf/internal/emitter/ir_emitter.go:318.68,320.20 2 1
github.com/wolflang/wolf/internal/emitter/ir_emitter.go:320.20,322.3 1 0
github.com/wolflang/wolf/internal/emitter/ir_emitter.go:323.2,330.3 2 1
github.com/wolflang/wolf/internal/emitter/ir_emitter.go:333.64,341.2 1 0
github.com/wolflang/wolf/internal/emitter/ir_emitter.go:343.64,348.29 2 1
github.com/wolflang/wolf/internal/emitter/ir_emitter.go:348.29,349.58 1 1
github.com/wolflang/wolf/internal/emitter/ir_emitter.go:349.58,351.4 1 1
github.com/wolflang/wolf/internal/emitter/ir_emitter.go:351.9,357.4 2 1
github.com/wolflang/wolf/internal/emitter/ir_emitter.go:360.2,360.15 1 1
github.com/wolflang/wolf/internal/emitter/ir_emitter.go:363.66,369.22 3 0
github.com/wolflang/wolf/internal/emitter/ir_emitter.go:369.22,371.3 1 0
github.com/wolflang/wolf/internal/emitter/ir_emitter.go:374.2,379.36 3 0
github.com/wolflang/wolf/internal/emitter/ir_emitter.go:382.66,385.41 2 0
github.com/wolflang/wolf/internal/emitter/ir_emitter.go:385.41,389.3 1 0
github.com/wolflang/wolf/internal/emitter/ir_emitter.go:390.2,390.38 1 0
github.com/wolflang/wolf/internal/emitter/ir_emitter.go:393.74,397.28 2 0
github.com/wolflang/wolf/internal/emitter/ir_emitter.go:397.28,399.3 1 0
github.com/wolflang/wolf/internal/emitter/ir_emitter.go:400.2,405.3 2 0
github.com/wolflang/wolf/internal/emitter/ir_emitter.go:408.60,410.2 1 0
github.com/wolflang/wolf/internal/emitter/ir_emitter.go:414.67,422.57 3 1
github.com/wolflang/wolf/internal/emitter/ir_emitter.go:422.57,424.52 2 0
github.com/wolflang/wolf/internal/emitter/ir_emitter.go:424.52,426.4 1 0
github.com/wolflang/wolf/internal/emitter/ir_emitter.go:429.2,429.29 1 1
github.com/wolflang/wolf/internal/emitter/ir_emitter.go:429.29,432.19 3 1
github.com/wolflang/wolf/internal/emitter/ir_emitter.go:432.19,434.4 1 1
github.com/wolflang/wolf/internal/emitter/ir_emitter.go:435.3,435.71 1 1
github.com/wolflang/wolf/internal/emitter/ir_emitter.go:438.2,438.25 1 1
github.com/wolflang/wolf/internal/emitter/ir_emitter.go:438.25,439.41 1 0
github.com/wolflang/wolf/internal/emitter/ir_emitter.go:439.41,441.4 1 0
github.com/wolflang/wolf/internal/emitter/ir_emitter.go:444.2,444.19 1 1
github.com/wolflang/wolf/internal/emitter/ir_emitter.go:444.19,446.3 1 1
github.com/wolflang/wolf/internal/emitter/ir_emitter.go:448.2,448.24 1 1
github.com/wolflang/wolf/internal/emitter/ir_emitter.go:448.24,452.3 1 0
github.com/wolflang/wolf/internal/emitter/ir_emitter.go:454.2,454.11 1 1
github.com/wolflang/wolf/internal/emitter/ir_emitter.go:457.62,463.36 2 1
github.com/wolflang/wolf/internal/emitter/ir_emitter.go:463.36,465.19 2 1
github.com/wolflang/wolf/internal/emitter/ir_emitter.go:465.19,467.4 1 0
github.com/wolflang/wolf/internal/emitter/ir_emitter.go:468.3,469.26 2 1
github.com/wolflang/wolf/internal/emitter/ir_emitter.go:469.26,471.4 1 0
github.com/wolflang/wolf/internal/emitter/ir_emitter.go:472.3,477.5 1 1
github.com/wolflang/wolf/internal/emitter/ir_emitter.go:480.2,480.35 1 1
github.com/wolflang/wolf/internal/emitter/ir_emitter.go:480.35,484.35 4 1
github.com/wolflang/wolf/internal/emitter/ir_emitter.go:484.35,488.4 3 1
github.com/wolflang/wolf/internal/emitter/ir_emitter.go:488.9,490.4 1 0
github.com/wolflang/wolf/internal/emitter/ir_emitter.go:493.2,493.12 1 1
github.com/wolflang/wolf/internal/emitter/ir_emitter.go:498.62,499.17 1 1
github.com/wolflang/wolf/internal/emitter/ir_emitter.go:499.17,501.3 1 0
github.com/wolflang/wolf/internal/emitter/ir_emitter.go:503.2,503.27 1 1
github.com/wolflang/wolf/internal/emitter/ir_emitter.go:504.27,505.51 1 1
github.com/wolflang/wolf/internal/emitter/ir_emitter.go:507.26,508.34 1 0
github.com/wolflang/wolf/internal/emitter/ir_emitter.go:510.26,511.37 1 1
github.com/wolflang/wolf/internal/emitter/ir_emitter.go:513.28,514.39 1 1
github.com/wolflang/wolf/internal/emitter/ir_emitter.go:516.29,517.40 1 1
github.com/wolflang/wolf/internal/emitter/ir_emitter.go:519.27,520.38 1 1
github.com/wolflang/wolf/internal/emitter/ir_emitter.go:522.26,523.22 1 0
github.com/wolflang/wolf/internal/emitter/ir_emitter.go:525.34,526.38 1 1
github.com/wolflang/wolf/internal/emitter/ir_emitter.go:528.26,533.4 1 1
github.com/wolflang/wolf/internal/emitter/ir_emitter.go:535.25,536.67 1 0
github.com/wolflang/wolf/internal/emitter/ir_emitter.go:538.27,539.69 1 1
github.com/wolflang/wolf/internal/emitter/ir_emitter.go:541.24,543.29 2 0
github.com/wolflang/wolf/internal/emitter/ir_emitter.go:543.29,545.4 1 0
github.com/wolflang/wolf/internal/emitter/ir_emitter.go:547.3,547.35 1 0
github.com/wolflang/wolf/internal/emitter/ir_emitter.go:547.35,549.4 1 0
github.com/wolflang/wolf/internal/emitter/ir_emitter.go:550.3,550.65 1 0
github.com/wolflang/wolf/internal/emitter/ir_emitter.go:552.30,556.4 1 1
github.com/wolflang/wolf/internal/emitter/ir_emitter.go:558.26,560.29 2 0
github.com/wolflang/wolf/internal/emitter/ir_emitter.go:560.29,562.4 1 0
github.com/wolflang/wolf/internal/emitter/ir_emitter.go:563.3,563.54 1 0
github.com/wolflang/wolf/internal/emitter/ir_emitter.go:563.54,564.46 1 0
github.com/wolflang/wolf/internal/emitter/ir_emitter.go:564.46,566.5 1 0
github.com/wolflang/wolf/internal/emitter/ir_emitter.go:568.3,572.4 1 0
github.com/wolflang/wolf/internal/emitter/ir_emitter.go:574.26,576.29 2 0
github.com/wolflang/wolf/internal/emitter/ir_emitter.go:576.29,578.4 1 0
github.com/wolflang/wolf/internal/emitter/ir_emitter.go:579.3,579.43 1 0
github.com/wolflang/wolf/internal/emitter/ir_emitter.go:579.43,581.4 1 0
github.com/wolflang/wolf/internal/emitter/ir_emitter.go:582.3,586.4 1 0
github.com/wolflang/wolf/internal/emitter/ir_emitter.go:588.25,592.4 1 0
github.com/wolflang/wolf/internal/emitter/ir_emitter.go:594.28,596.36 2 1
github.com/wolflang/wolf/internal/emitter/ir_emitter.go:596.36,598.4 1 1
github.com/wolflang/wolf/internal/emitter/ir_emitter.go:599.3,599.64 1 1
github.com/wolflang/wolf/internal/emitter/ir_emitter.go:601.26,603.26 2 0
github.com/wolflang/wolf/internal/emitter/ir_emitter.go:603.26,606.4 2 0
github.com/wolflang/wolf/internal/emitter/ir_emitter.go:607.3,610.4 1 0
github.com/wolflang/wolf/internal/emitter/ir_emitter.go:612.23,614.29 2 1
github.com/wolflang/wolf/internal/emitter/ir_emitter.go:614.29,616.4 1 1
github.com/wolflang/wolf/internal/emitter/ir_emitter.go:617.3,620.4 1 1
github.com/wolflang/wolf/internal/emitter/ir_emitter.go:622.27,624.31 2 0
github.com/wolflang/wolf/internal/emitter/ir_emitter.go:624.31,626.20 2 0
github.com/wolflang/wolf/internal/emitter/ir_emitter.go:626.20,628.5 1 0
github.com/wolflang/wolf/internal/emitter/ir_emitter.go:629.4,629.89 1 0
github.com/wolflang/wolf/internal/emitter/ir_emitter.go:631.3,631.21 1 0
github.com/wolflang/wolf/internal/emitter/ir_emitter.go:631.21,633.4 1 0
github.com/wolflang/wolf/internal/emitter/ir_emitter.go:634.3,634.26 1 0
github.com/wolflang/wolf/internal/emitter/ir_emitter.go:634.26,636.4 1 0
github.com/wolflang/wolf/internal/emitter/ir_emitter.go:637.3,637.12 1 0
github.com/wolflang/wolf/internal/emitter/ir_emitter.go:639.25,643.4 1 0
github.com/wolflang/wolf/internal/emitter/ir_emitter.go:645.25,647.52 1 0
github.com/wolflang/wolf/internal/emitter/ir_emitter.go:649.27,650.61 1 0
github.com/wolflang/wolf/internal/emitter/ir_emitter.go:652.24,653.84 1 0
github.com/wolflang/wolf/internal/emitter/ir_emitter.go:655.27,656.55 1 0
github.com/wolflang/wolf/internal/emitter/ir_emitter.go:658.25,660.55 2 1
github.com/wolflang/wolf/internal/emitter/ir_emitter.go:662.25,667.4 2 1
github.com/wolflang/wolf/internal/emitter/ir_emitter.go:669.28,673.4 1 0
github.com/wolflang/wolf/internal/emitter/ir_emitter.go:675.24,676.30 1 0
github.com/wolflang/wolf/internal/emitter/ir_emitter.go:678.10,679.22 1 0
github.com/wolflang/wolf/internal/emitter/ir_emitter.go:683.82,689.31 4 1
github.com/wolflang/wolf/internal/emitter/ir_emitter.go:689.31,690.27 1 1
github.com/wolflang/wolf/internal/emitter/ir_emitter.go:691.30,692.21 1 1
github.com/wolflang/wolf/internal/emitter/ir_emitter.go:693.11,695.41 2 1
github.com/wolflang/wolf/internal/emitter/ir_emitter.go:699.2,699.51 1 1
github.com/wolflang/wolf/internal/emitter/ir_emitter.go:704.67,706.26 2 1
github.com/wolflang/wolf/internal/emitter/ir_emitter.go:706.26,708.20 2 1
github.com/wolflang/wolf/internal/emitter/ir_emitter.go:708.20,710.4 1 1
github.com/wolflang/wolf/internal/emitter/ir_emitter.go:712.2,712.15 1 1
github.com/wolflang/wolf/internal/emitter/ir_emitter.go:715.76,717.2 1 1
github.com/wolflang/wolf/internal/emitter/ir_emitter.go:719.59,720.55 1 1
github.com/wolflang/wolf/internal/emitter/ir_emitter.go:720.55,721.40 1 1
github.com/wolflang/wolf/internal/emitter/ir_emitter.go:721.40,723.4 1 1
github.com/wolflang/wolf/internal/emitter/ir_emitter.go:725.2,725.30 1 0
github.com/wolflang/wolf/internal/emitter/ir_emitter.go:728.38,729.37 1 0
github.com/wolflang/wolf/internal/emitter/ir_emitter.go:729.37,731.3 1 0
github.com/wolflang/wolf/internal/emitter/ir_emitter.go:732.2,732.13 1 0
github.com/wolflang/wolf/internal/emitter/ir_emitter.go:735.58,736.18 1 1
github.com/wolflang/wolf/internal/emitter/ir_emitter.go:737.13,738.15 1 0
github.com/wolflang/wolf/internal/emitter/ir_emitter.go:739.26,740.19 1 0
github.com/wolflang/wolf/internal/emitter/ir_emitter.go:741.16,742.18 1 1
github.com/wolflang/wolf/internal/emitter/ir_emitter.go:743.14,744.16 1 0
github.com/wolflang/wolf/internal/emitter/ir_emitter.go:745.15,746.17 1 0
github.com/wolflang/wolf/internal/emitter/ir_emitter.go:747.17,748.12 1 1
github.com/wolflang/wolf/internal/emitter/ir_emitter.go:749.10,750.18 1 0
github.com/wolflang/wolf/internal/emitter/ir_emitter.go:754.39,756.26 2 0
github.com/wolflang/wolf/internal/emitter/ir_emitter.go:756.26,757.12 1 0
github.com/wolflang/wolf/internal/emitter/ir_emitter.go:757.12,759.4 1 0
github.com/wolflang/wolf/internal/emitter/ir_emitter.go:760.3,760.14 1 0
github.com/wolflang/wolf/internal/emitter/ir_emitter.go:762.2,762.15 1 0
github.com/wolflang/wolf/internal/emitter/llvm_emitter.go:31.36,41.2 3 1
github.com/wolflang/wolf/internal/emitter/llvm_emitter.go:43.40,76.2 25 1
github.com/wolflang/wolf/internal/emitter/llvm_emitter.go:79.42,82.2 2 1
github.com/wolflang/wolf/internal/emitter/llvm_emitter.go:85.55,88.2 2 1
github.com/wolflang/wolf/internal/emitter/llvm_emitter.go:91.59,92.44 1 1
github.com/wolflang/wolf/internal/emitter/llvm_emitter.go:92.44,94.3 1 0
github.com/wolflang/wolf/internal/emitter/llvm_emitter.go:95.2,98.14 4 1
github.com/wolflang/wolf/internal/emitter/llvm_emitter.go:102.40,104.30 2 1
github.com/wolflang/wolf/internal/emitter/llvm_emitter.go:104.30,106.13 2 1
github.com/wolflang/wolf/internal/emitter/llvm_emitter.go:107.13,108.25 1 0
github.com/wolflang/wolf/internal/emitter/llvm_emitter.go:109.12,110.25 1 0
github.com/wolflang/wolf/internal/emitter/llvm_emitter.go:111.13,112.25 1 0
github.com/wolflang/wolf/internal/emitter/llvm_emitter.go:113.13,114.25 1 0
github.com/wolflang/wolf/internal/emitter/llvm_emitter.go:115.13,116.25 1 0
github.com/wolflang/wolf/internal/emitter/llvm_emitter.go:117.15,118.25 1 0
github.com/wolflang/wolf/internal/emitter/llvm_emitter.go:119.11,120.27 1 1
github.com/wolflang/wolf/internal/emitter/llvm_emitter.go:120.27,122.5 1 0
github.com/wolflang/wolf/internal/emitter/llvm_emitter.go:122.10,124.5 1 1
github.com/wolflang/wolf/internal/emitter/llvm_emitter.go:127.2,127.19 1 1
github.com/wolflang/wolf/internal/emitter/llvm_emitter.go:131.56,145.39 7 1
github.com/wolflang/wolf/internal/emitter/llvm_emitter.go:145.39,147.3 1 1
github.com/wolflang/wolf/internal/emitter/llvm_emitter.go:148.2,148.38 1 1
github.com/wolflang/wolf/internal/emitter/llvm_emitter.go:148.38,149.29 1 0
github.com/wolflang/wolf/internal/emitter/llvm_emitter.go:149.29,153.4 3 0
github.com/wolflang/wolf/internal/emitter/llvm_emitter.go:154.3,154.38 1 0
github.com/wolflang/wolf/internal/emitter/llvm_emitter.go:154.38,158.4 3 0
github.com/wolflang/wolf/internal/emitter/llvm_emitter.go:162.2,162.39 1 1
github.com/wolflang/wolf/internal/emitter/llvm_emitter.go:162.39,165.3 2 1
github.com/wolflang/wolf/internal/emitter/llvm_emitter.go:168.2,168.38 1 1
github.com/wolflang/wolf/internal/emitter/llvm_emitter.go:168.38,169.29 1 0
github.com/wolflang/wolf/internal/emitter/llvm_emitter.go:169.29,172.4 2 0
github.com/wolflang/wolf/internal/emitter/llvm_emitter.go:173.3,173.38 1 0
github.com/wolflang/wolf/internal/emitter/llvm_emitter.go:173.38,176.4 2 0
github.com/wolflang/wolf/internal/emitter/llvm_emitter.go:180.2,180.32 1 1
github.com/wolflang/wolf/internal/emitter/llvm_emitter.go:180.32,193.40 8 1
github.com/wolflang/wolf/internal/emitter/llvm_emitter.go:193.40,195.4 1 1
github.com/wolflang/wolf/internal/emitter/llvm_emitter.go:197.3,197.42 1 1
github.com/wolflang/wolf/internal/emitter/llvm_emitter.go:197.42,199.4 1 1
github.com/wolflang/wolf/internal/emitter/llvm_emitter.go:201.3,204.17 4 1
github.com/wolflang/wolf/internal/emitter/llvm_emitter.go:208.2,217.18 8 1
github.com/wolflang/wolf/internal/emitter/llvm_emitter.go:217.18,219.3 1 1
github.com/wolflang/wolf/internal/emitter/llvm_emitter.go:220.2,224.29 3 1
github.com/wolflang/wolf/internal/emitter/llvm_emitter.go:224.29,226.44 2 1
github.com/wolflang/wolf/internal/emitter/llvm_emitter.go:226.44,230.4 3 1
github.com/wolflang/wolf/internal/emitter/llvm_emitter.go:231.3,231.16 1 1
github.com/wolflang/wolf/internal/emitter/llvm_emitter.go:235.2,616.23 355 1
github.com/wolflang/wolf/internal/emitter/llvm_emitter.go:621.57,622.29 1 1
github.com/wolflang/wolf/internal/emitter/llvm_emitter.go:622.29,623.27 1 1
github.com/wolflang/wolf/internal/emitter/llvm_emitter.go:624.24,626.39 2 0
github.com/wolflang/wolf/internal/emitter/llvm_emitter.go:626.39,627.23 1 0
github.com/wolflang/wolf/internal/emitter/llvm_emitter.go:627.23,629.6 1 0
github.com/wolflang/wolf/internal/emitter/llvm_emitter.go:630.5,630.21 1 0
github.com/wolflang/wolf/internal/emitter/llvm_emitter.go:630.21,632.6 1 0
github.com/wolflang/wolf/internal/emitter/llvm_emitter.go:634.4,634.31 1 0
github.com/wolflang/wolf/internal/emitter/llvm_emitter.go:635.23,636.46 1 1
github.com/wolflang/wolf/internal/emitter/llvm_emitter.go:636.46,637.38 1 1
github.com/wolflang/wolf/internal/emitter/llvm_emitter.go:637.38,639.22 2 1
github.com/wolflang/wolf/internal/emitter/llvm_emitter.go:639.22,641.7 1 0
github.com/wolflang/wolf/internal/emitter/llvm_emitter.go:642.6,642.38 1 1
github.com/wolflang/wolf/internal/emitter/llvm_emitter.go:645.19,647.35 2 1
github.com/wolflang/wolf/internal/emitter/llvm_emitter.go:647.35,649.5 1 0
github.com/wolflang/wolf/internal/emitter/llvm_emitter.go:650.4,650.25 1 1
github.com/wolflang/wolf/internal/emitter/llvm_emitter.go:650.25,652.5 1 1
github.com/wolflang/wolf/internal/emitter/llvm_emitter.go:653.20,654.21 1 1
github.com/wolflang/wolf/internal/emitter/llvm_emitter.go:654.21,656.5 1 1
github.com/wolflang/wolf/internal/emitter/llvm_emitter.go:657.4,657.30 1 1
github.com/wolflang/wolf/internal/emitter/llvm_emitter.go:658.22,660.19 2 0
github.com/wolflang/wolf/internal/emitter/llvm_emitter.go:660.19,662.5 1 0
github.com/wolflang/wolf/internal/emitter/llvm_emitter.go:663.4,663.30 1 0
github.com/wolflang/wolf/internal/emitter/llvm_emitter.go:664.23,665.30 1 0
github.com/wolflang/wolf/internal/emitter/llvm_emitter.go:665.30,667.5 1 0
github.com/wolflang/wolf/internal/emitter/llvm_emitter.go:668.4,668.24 1 0
github.com/wolflang/wolf/internal/emitter/llvm_emitter.go:668.24,670.5 1 0
github.com/wolflang/wolf/internal/emitter/llvm_emitter.go:671.22,672.31 1 0
github.com/wolflang/wolf/internal/emitter/llvm_emitter.go:679.51,680.26 1 1
github.com/wolflang/wolf/internal/emitter/llvm_emitter.go:680.26,681.25 1 1
github.com/wolflang/wolf/internal/emitter/llvm_emitter.go:682.23,683.26 1 0
github.com/wolflang/wolf/internal/emitter/llvm_emitter.go:683.26,685.5 1 0
github.com/wolflang/wolf/internal/emitter/llvm_emitter.go:686.19,687.78 1 0
github.com/wolflang/wolf/internal/emitter/llvm_emitter.go:687.78,689.5 1 0
github.com/wolflang/wolf/internal/emitter/llvm_emitter.go:690.22,691.40 1 0
github.com/wolflang/wolf/internal/emitter/llvm_emitter.go:691.40,693.5 1 0
github.com/wolflang/wolf/internal/emitter/llvm_emitter.go:694.20,695.39 1 0
github.com/wolflang/wolf/internal/emitter/llvm_emitter.go:695.39,697.5 1 0
github.com/wolflang/wolf/internal/emitter/llvm_emitter.go:698.22,699.39 1 0
github.com/wolflang/wolf/internal/emitter/llvm_emitter.go:699.39,701.5 1 0
github.com/wolflang/wolf/internal/emitter/llvm_emitter.go:702.23,703.31 1 0
github.com/wolflang/wolf/internal/emitter/llvm_emitter.go:703.31,704.39 1 0
github.com/wolflang/wolf/internal/emitter/llvm_emitter.go:704.39,706.6 1 0
github.com/wolflang/wolf/internal/emitter/llvm_emitter.go:708.4,708.42 1 0
github.com/wolflang/wolf/internal/emitter/llvm_emitter.go:708.42,710.5 1 0
github.com/wolflang/wolf/internal/emitter/llvm_emitter.go:713.2,713.14 1 1
github.com/wolflang/wolf/internal/emitter/llvm_emitter.go:716.53,719.30 2 1
github.com/wolflang/wolf/internal/emitter/llvm_emitter.go:719.30,722.3 2 1
github.com/wolflang/wolf/internal/emitter/llvm_emitter.go:724.2,725.29 2 1
github.com/wolflang/wolf/internal/emitter/llvm_emitter.go:725.29,727.3 1 0
github.com/wolflang/wolf/internal/emitter/llvm_emitter.go:727.8,727.44 1 1
github.com/wolflang/wolf/internal/emitter/llvm_emitter.go:727.44,731.3 1 0
github.com/wolflang/wolf/internal/emitter/llvm_emitter.go:733.2,745.30 9 1
github.com/wolflang/wolf/internal/emitter/llvm_emitter.go:745.30,748.3 2 1
github.com/wolflang/wolf/internal/emitter/llvm_emitter.go:751.2,754.39 2 1
github.com/wolflang/wolf/internal/emitter/llvm_emitter.go:754.39,756.3 1 1
github.com/wolflang/wolf/internal/emitter/llvm_emitter.go:759.2,759.30 1 1
github.com/wolflang/wolf/internal/emitter/llvm_emitter.go:759.30,762.3 2 1
github.com/wolflang/wolf/internal/emitter/llvm_emitter.go:764.2,764.31 1 1
github.com/wolflang/wolf/internal/emitter/llvm_emitter.go:764.31,766.3 1 1
github.com/wolflang/wolf/internal/emitter/llvm_emitter.go:769.2,769.55 1 1
github.com/wolflang/wolf/internal/emitter/llvm_emitter.go:769.55,771.3 1 1
github.com/wolflang/wolf/internal/emitter/llvm_emitter.go:773.2,775.16 3 1
github.com/wolflang/wolf/internal/emitter/llvm_emitter.go:778.74,780.30 2 0
github.com/wolflang/wolf/internal/emitter/llvm_emitter.go:780.30,783.3 2 0
github.com/wolflang/wolf/internal/emitter/llvm_emitter.go:785.2,786.43 2 0
github.com/wolflang/wolf/internal/emitter/llvm_emitter.go:786.43,788.3 1 0
github.com/wolflang/wolf/internal/emitter/llvm_emitter.go:790.2,800.30 7 0
github.com/wolflang/wolf/internal/emitter/llvm_emitter.go:800.30,803.3 2 0
github.com/wolflang/wolf/internal/emitter/llvm_emitter.go:806.2,812.39 3 0
github.com/wolflang/wolf/internal/emitter/llvm_emitter.go:812.39,814.3 1 0
github.com/wolflang/wolf/internal/emitter/llvm_emitter.go:817.2,817.30 1 0
github.com/wolflang/wolf/internal/emitter/llvm_emitter.go:817.30,820.3 2 0
github.com/wolflang/wolf/internal/emitter/llvm_emitter.go:822.2,829.31 7 0
github.com/wolflang/wolf/internal/emitter/llvm_emitter.go:829.31,831.3 1 0
github.com/wolflang/wolf/internal/emitter/llvm_emitter.go:833.2,839.16 6 0
github.com/wolflang/wolf/internal/emitter/llvm_emitter.go:842.62,843.21 1 1
github.com/wolflang/wolf/internal/emitter/llvm_emitter.go:843.21,845.3 1 0
github.com/wolflang/wolf/internal/emitter/llvm_emitter.go:846.2,847.11 2 1
github.com/wolflang/wolf/internal/emitter/llvm_emitter.go:852.46,853.26 1 1
github.com/wolflang/wolf/internal/emitter/llvm_emitter.go:854.23,855.19 1 0
github.com/wolflang/wolf/internal/emitter/llvm_emitter.go:856.22,857.18 1 1
github.com/wolflang/wolf/internal/emitter/llvm_emitter.go:858.20,859.20 1 1
github.com/wolflang/wolf/internal/emitter/llvm_emitter.go:860.22,861.18 1 0
github.com/wolflang/wolf/internal/emitter/llvm_emitter.go:862.18,863.14 1 1
github.com/wolflang/wolf/internal/emitter/llvm_emitter.go:864.19,865.15 1 1
github.com/wolflang/wolf/internal/emitter/llvm_emitter.go:866.21,867.17 1 0
github.com/wolflang/wolf/internal/emitter/llvm_emitter.go:868.22,869.18 1 0
github.com/wolflang/wolf/internal/emitter/llvm_emitter.go:870.21,871.17 1 0
github.com/wolflang/wolf/internal/emitter/llvm_emitter.go:872.23,873.19 1 0
github.com/wolflang/wolf/internal/emitter/llvm_emitter.go:874.21,875.33 1 0
github.com/wolflang/wolf/internal/emitter/llvm_emitter.go:875.33,877.4 1 0
github.com/wolflang/wolf/internal/emitter/llvm_emitter.go:878.19,879.52 1 0
github.com/wolflang/wolf/internal/emitter/llvm_emitter.go:880.10,881.76 1 0
github.com/wolflang/wolf/internal/emitter/llvm_emitter.go:885.50,889.2 3 0
github.com/wolflang/wolf/internal/emitter/llvm_emitter.go:891.54,898.2 4 0
github.com/wolflang/wolf/internal/emitter/llvm_emitter.go:900.54,902.37 2 0
github.com/wolflang/wolf/internal/emitter/llvm_emitter.go:902.37,904.21 1 0
github.com/wolflang/wolf/internal/emitter/llvm_emitter.go:904.21,906.4 1 0
github.com/wolflang/wolf/internal/emitter/llvm_emitter.go:907.3,907.19 1 0
github.com/wolflang/wolf/internal/emitter/llvm_emitter.go:907.19,909.4 1 0
github.com/wolflang/wolf/internal/emitter/llvm_emitter.go:912.2,912.20 1 0
github.com/wolflang/wolf/internal/emitter/llvm_emitter.go:912.20,915.3 2 0
github.com/wolflang/wolf/internal/emitter/llvm_emitter.go:918.52,919.35 1 1
github.com/wolflang/wolf/internal/emitter/llvm_emitter.go:920.17,923.19 2 1
github.com/wolflang/wolf/internal/emitter/llvm_emitter.go:923.19,925.4 1 0
github.com/wolflang/wolf/internal/emitter/llvm_emitter.go:928.3,929.10 2 1
github.com/wolflang/wolf/internal/emitter/llvm_emitter.go:929.10,931.4 1 0
github.com/wolflang/wolf/internal/emitter/llvm_emitter.go:933.3,934.86 2 1
github.com/wolflang/wolf/internal/emitter/llvm_emitter.go:935.23,942.106 7 0
github.com/wolflang/wolf/internal/emitter/llvm_emitter.go:943.21,947.23 4 0
github.com/wolflang/wolf/internal/emitter/llvm_emitter.go:947.23,950.4 2 0
github.com/wolflang/wolf/internal/emitter/llvm_emitter.go:951.3,952.106 2 0
github.com/wolflang/wolf/internal/emitter/llvm_emitter.go:953.10,954.81 1 0
github.com/wolflang/wolf/internal/emitter/llvm_emitter.go:959.58,960.27 1 1
github.com/wolflang/wolf/internal/emitter/llvm_emitter.go:961.18,962.15 1 1
github.com/wolflang/wolf/internal/emitter/llvm_emitter.go:963.20,964.18 1 1
github.com/wolflang/wolf/internal/emitter/llvm_emitter.go:965.19,966.14 1 1
github.com/wolflang/wolf/internal/emitter/llvm_emitter.go:967.21,968.15 1 1
github.com/wolflang/wolf/internal/emitter/llvm_emitter.go:969.18,970.15 1 0
github.com/wolflang/wolf/internal/emitter/llvm_emitter.go:971.22,973.16 1 1
github.com/wolflang/wolf/internal/emitter/llvm_emitter.go:974.53,975.15 1 1
github.com/wolflang/wolf/internal/emitter/llvm_emitter.go:976.11,977.97 1 1
github.com/wolflang/wolf/internal/emitter/llvm_emitter.go:977.97,979.5 1 0
github.com/wolflang/wolf/internal/emitter/llvm_emitter.go:981.4,981.85 1 1
github.com/wolflang/wolf/internal/emitter/llvm_emitter.go:981.85,983.5 1 0
github.com/wolflang/wolf/internal/emitter/llvm_emitter.go:984.4,984.16 1 1
github.com/wolflang/wolf/internal/emitter/llvm_emitter.go:986.21,987.19 1 0
github.com/wolflang/wolf/internal/emitter/llvm_emitter.go:987.19,989.4 1 0
github.com/wolflang/wolf/internal/emitter/llvm_emitter.go:990.3,990.37 1 0
github.com/wolflang/wolf/internal/emitter/llvm_emitter.go:991.22,992.15 1 0
github.com/wolflang/wolf/internal/emitter/llvm_emitter.go:993.24,994.15 1 0
github.com/wolflang/wolf/internal/emitter/llvm_emitter.go:995.20,996.45 1 0
github.com/wolflang/wolf/internal/emitter/llvm_emitter.go:996.45,997.22 1 0
github.com/wolflang/wolf/internal/emitter/llvm_emitter.go:1007.71,1008.17 1 0
github.com/wolflang/wolf/internal/emitter/llvm_emitter.go:1010.145,1011.17 1 0
github.com/wolflang/wolf/internal/emitter/llvm_emitter.go:1012.73,1013.17 1 0
github.com/wolflang/wolf/internal/emitter/llvm_emitter.go:1017.37,1018.16 1 0
github.com/wolflang/wolf/internal/emitter/llvm_emitter.go:1019.131,1020.18 1 0
github.com/wolflang/wolf/internal/emitter/llvm_emitter.go:1021.145,1022.20 1 0
github.com/wolflang/wolf/internal/emitter/llvm_emitter.go:1024.4,1024.85 1 0
github.com/wolflang/wolf/internal/emitter/llvm_emitter.go:1024.85,1026.5 1 0
github.com/wolflang/wolf/internal/emitter/llvm_emitter.go:1028.3,1028.15 1 0
github.com/wolflang/wolf/internal/emitter/llvm_emitter.go:1029.26,1032.37 3 0
github.com/wolflang/wolf/internal/emitter/llvm_emitter.go:1032.37,1033.46 1 0
github.com/wolflang/wolf/internal/emitter/llvm_emitter.go:1033.46,1034.40 1 0
github.com/wolflang/wolf/internal/emitter/llvm_emitter.go:1034.40,1036.11 2 0
github.com/wolflang/wolf/internal/emitter/llvm_emitter.go:1040.3,1040.23 1 0
github.com/wolflang/wolf/internal/emitter/llvm_emitter.go:1040.23,1042.4 1 0
github.com/wolflang/wolf/internal/emitter/llvm_emitter.go:1044.3,1045.49 2 0
github.com/wolflang/wolf/internal/emitter/llvm_emitter.go:1045.49,1047.4 1 0
github.com/wolflang/wolf/internal/emitter/llvm_emitter.go:1048.3,1048.15 1 0
github.com/wolflang/wolf/internal/emitter/llvm_emitter.go:1049.22,1052.16 2 0
github.com/wolflang/wolf/internal/emitter/llvm_emitter.go:1059.41,1060.19 1 0
github.com/wolflang/wolf/internal/emitter/llvm_emitter.go:1061.137,1062.16 1 0
github.com/wolflang/wolf/internal/emitter/llvm_emitter.go:1063.29,1064.16 1 0
github.com/wolflang/wolf/internal/emitter/llvm_emitter.go:1065.199,1066.16 1 0
github.com/wolflang/wolf/internal/emitter/llvm_emitter.go:1067.93,1068.15 1 0
github.com/wolflang/wolf/internal/emitter/llvm_emitter.go:1069.65,1070.17 1 0
github.com/wolflang/wolf/internal/emitter/llvm_emitter.go:1071.67,1072.16 1 0
github.com/wolflang/wolf/internal/emitter/llvm_emitter.go:1074.3,1074.15 1 0
github.com/wolflang/wolf/internal/emitter/llvm_emitter.go:1075.17,1076.39 1 1
github.com/wolflang/wolf/internal/emitter/llvm_emitter.go:1076.39,1078.4 1 1
github.com/wolflang/wolf/internal/emitter/llvm_emitter.go:1079.3,1079.15 1 0
github.com/wolflang/wolf/internal/emitter/llvm_emitter.go:1080.10,1081.15 1 0
github.com/wolflang/wolf/internal/emitter/llvm_emitter.go:1085.52,1086.31 1 1
github.com/wolflang/wolf/internal/emitter/llvm_emitter.go:1087.20,1088.23 1 1
github.com/wolflang/wolf/internal/emitter/llvm_emitter.go:1089.26,1090.25 1 0
github.com/wolflang/wolf/internal/emitter/llvm_emitter.go:1091.10,1092.25 1 1
github.com/wolflang/wolf/internal/emitter/llvm_emitter.go:1096.52,1097.24 1 0
github.com/wolflang/wolf/internal/emitter/llvm_emitter.go:1097.24,1099.3 1 0
github.com/wolflang/wolf/internal/emitter/llvm_emitter.go:1099.8,1104.32 3 0
github.com/wolflang/wolf/internal/emitter/llvm_emitter.go:1104.32,1105.22 1 0
github.com/wolflang/wolf/internal/emitter/llvm_emitter.go:1105.22,1110.5 4 0
github.com/wolflang/wolf/internal/emitter/llvm_emitter.go:1110.10,1110.30 1 0
github.com/wolflang/wolf/internal/emitter/llvm_emitter.go:1110.30,1115.5 4 0
github.com/wolflang/wolf/internal/emitter/llvm_emitter.go:1115.10,1115.33 1 0
github.com/wolflang/wolf/internal/emitter/llvm_emitter.go:1115.33,1120.5 4 0
github.com/wolflang/wolf/internal/emitter/llvm_emitter.go:1123.3,1123.57 1 0
github.com/wolflang/wolf/internal/emitter/llvm_emitter.go:1133.72,1136.44 2 1
github.com/wolflang/wolf/internal/emitter/llvm_emitter.go:1136.44,1138.3 1 0
github.com/wolflang/wolf/internal/emitter/llvm_emitter.go:1139.2,1139.20 1 1
github.com/wolflang/wolf/internal/emitter/llvm_emitter.go:1140.12,1141.13 1 1
github.com/wolflang/wolf/internal/emitter/llvm_emitter.go:1142.13,1145.16 3 0
github.com/wolflang/wolf/internal/emitter/llvm_emitter.go:1146.16,1149.16 3 0
github.com/wolflang/wolf/internal/emitter/llvm_emitter.go:1150.10,1153.16 3 0
github.com/wolflang/wolf/internal/emitter/llvm_emitter.go:1158.44,1169.16 9 1
github.com/wolflang/wolf/internal/emitter/llvm_emitter.go:1169.16,1171.3 1 0
github.com/wolflang/wolf/internal/emitter/llvm_emitter.go:1171.8,1171.20 1 1
github.com/wolflang/wolf/internal/emitter/llvm_emitter.go:1171.20,1173.3 1 1
github.com/wolflang/wolf/internal/emitter/llvm_emitter.go:1175.2,1179.30 3 1
github.com/wolflang/wolf/internal/emitter/llvm_emitter.go:1179.30,1181.3 1 1
github.com/wolflang/wolf/internal/emitter/llvm_emitter.go:1182.2,1185.33 2 1
github.com/wolflang/wolf/internal/emitter/llvm_emitter.go:1185.33,1194.27 6 0
github.com/wolflang/wolf/internal/emitter/llvm_emitter.go:1194.27,1196.4 1 0
github.com/wolflang/wolf/internal/emitter/llvm_emitter.go:1196.9,1196.21 1 0
github.com/wolflang/wolf/internal/emitter/llvm_emitter.go:1196.21,1198.4 1 0
github.com/wolflang/wolf/internal/emitter/llvm_emitter.go:1198.9,1200.4 1 0
github.com/wolflang/wolf/internal/emitter/llvm_emitter.go:1202.3,1206.34 3 0
github.com/wolflang/wolf/internal/emitter/llvm_emitter.go:1206.34,1208.4 1 0
github.com/wolflang/wolf/internal/emitter/llvm_emitter.go:1209.3,1209.58 1 0
github.com/wolflang/wolf/internal/emitter/llvm_emitter.go:1213.2,1213.13 1 1
github.com/wolflang/wolf/internal/emitter/llvm_emitter.go:1213.13,1215.35 2 1
github.com/wolflang/wolf/internal/emitter/llvm_emitter.go:1215.35,1217.4 1 1
github.com/wolflang/wolf/internal/emitter/llvm_emitter.go:1218.3,1218.58 1 1
github.com/wolflang/wolf/internal/emitter/llvm_emitter.go:1222.2,1222.41 1 1
github.com/wolflang/wolf/internal/emitter/llvm_emitter.go:1226.46,1233.19 5 1
github.com/wolflang/wolf/internal/emitter/llvm_emitter.go:1233.19,1235.3 1 1
github.com/wolflang/wolf/internal/emitter/llvm_emitter.go:1236.2,1240.19 3 1
github.com/wolflang/wolf/internal/emitter/llvm_emitter.go:1240.19,1246.3 4 1
github.com/wolflang/wolf/internal/emitter/llvm_emitter.go:1246.8,1248.3 1 0
github.com/wolflang/wolf/internal/emitter/llvm_emitter.go:1251.2,1252.30 2 1
github.com/wolflang/wolf/internal/emitter/llvm_emitter.go:1252.30,1254.3 1 1
github.com/wolflang/wolf/internal/emitter/llvm_emitter.go:1255.2,1259.21 3 1
github.com/wolflang/wolf/internal/emitter/llvm_emitter.go:1259.21,1261.3 1 1
github.com/wolflang/wolf/internal/emitter/llvm_emitter.go:1262.2,1265.41 2 1
github.com/wolflang/wolf/internal/emitter/llvm_emitter.go:1268.50,1297.37 18 0
github.com/wolflang/wolf/internal/emitter/llvm_emitter.go:1297.37,1301.3 3 0
github.com/wolflang/wolf/internal/emitter/llvm_emitter.go:1304.2,1304.33 1 0
github.com/wolflang/wolf/internal/emitter/llvm_emitter.go:1304.33,1306.3 1 0
github.com/wolflang/wolf/internal/emitter/llvm_emitter.go:1308.2,1308.30 1 0
github.com/wolflang/wolf/internal/emitter/llvm_emitter.go:1308.30,1310.3 1 0
github.com/wolflang/wolf/internal/emitter/llvm_emitter.go:1313.2,1318.41 5 0
github.com/wolflang/wolf/internal/emitter/llvm_emitter.go:1321.52,1323.20 2 0
github.com/wolflang/wolf/internal/emitter/llvm_emitter.go:1323.20,1325.3 1 0
github.com/wolflang/wolf/internal/emitter/llvm_emitter.go:1326.2,1330.22 4 0
github.com/wolflang/wolf/internal/emitter/llvm_emitter.go:1330.22,1333.3 2 0
github.com/wolflang/wolf/internal/emitter/llvm_emitter.go:1333.8,1333.31 1 0
github.com/wolflang/wolf/internal/emitter/llvm_emitter.go:1333.31,1336.3 2 0
github.com/wolflang/wolf/internal/emitter/llvm_emitter.go:1336.8,1340.3 3 0
github.com/wolflang/wolf/internal/emitter/llvm_emitter.go:1342.2,1342.28 1 0
github.com/wolflang/wolf/internal/emitter/llvm_emitter.go:1342.28,1353.25 6 0
github.com/wolflang/wolf/internal/emitter/llvm_emitter.go:1353.25,1355.4 1 0
github.com/wolflang/wolf/internal/emitter/llvm_emitter.go:1355.9,1355.32 1 0
github.com/wolflang/wolf/internal/emitter/llvm_emitter.go:1355.32,1357.4 1 0
github.com/wolflang/wolf/internal/emitter/llvm_emitter.go:1357.9,1359.4 1 0
github.com/wolflang/wolf/internal/emitter/llvm_emitter.go:1361.3,1364.31 3 0
github.com/wolflang/wolf/internal/emitter/llvm_emitter.go:1364.31,1366.4 1 0
github.com/wolflang/wolf/internal/emitter/llvm_emitter.go:1367.3,1367.58 1 0
github.com/wolflang/wolf/internal/emitter/llvm_emitter.go:1370.2,1370.24 1 0
github.com/wolflang/wolf/internal/emitter/llvm_emitter.go:1370.24,1372.34 2 0
github.com/wolflang/wolf/internal/emitter/llvm_emitter.go:1372.34,1374.4 1 0
github.com/wolflang/wolf/internal/emitter/llvm_emitter.go:1375.3,1375.58 1 0
github.com/wolflang/wolf/internal/emitter/llvm_emitter.go:1378.2,1378.41 1 0
github.com/wolflang/wolf/internal/emitter/llvm_emitter.go:1384.74,1385.27 1 1
github.com/wolflang/wolf/internal/emitter/llvm_emitter.go:1386.18,1387.18 1 1
github.com/wolflang/wolf/internal/emitter/llvm_emitter.go:1388.20,1389.18 1 1
github.com/wolflang/wolf/internal/emitter/llvm_emitter.go:1390.19,1391.15 1 1
github.com/wolflang/wolf/internal/emitter/llvm_emitter.go:1391.15,1393.4 1 1
github.com/wolflang/wolf/internal/emitter/llvm_emitter.go:1394.3,1394.13 1 0
github.com/wolflang/wolf/internal/emitter/llvm_emitter.go:1395.18,1396.16 1 0
github.com/wolflang/wolf/internal/emitter/llvm_emitter.go:1397.21,1402.13 5 1
github.com/wolflang/wolf/internal/emitter/llvm_emitter.go:1403.17,1405.47 1 1
github.com/wolflang/wolf/internal/emitter/llvm_emitter.go:1405.47,1407.49 2 0
github.com/wolflang/wolf/internal/emitter/llvm_emitter.go:1407.49,1409.5 1 0
github.com/wolflang/wolf/internal/emitter/llvm_emitter.go:1410.4,1410.29 1 0
github.com/wolflang/wolf/internal/emitter/llvm_emitter.go:1413.3,1414.39 2 1
github.com/wolflang/wolf/internal/emitter/llvm_emitter.go:1414.39,1416.4 1 1
github.com/wolflang/wolf/internal/emitter/llvm_emitter.go:1417.3,1419.13 3 1
github.com/wolflang/wolf/internal/emitter/llvm_emitter.go:1420.23,1428.13 8 0
github.com/wolflang/wolf/internal/emitter/llvm_emitter.go:1429.22,1430.44 1 1
github.com/wolflang/wolf/internal/emitter/llvm_emitter.go:1431.21,1432.29 1 0
github.com/wolflang/wolf/internal/emitter/llvm_emitter.go:1433.20,1434.28 1 0
github.com/wolflang/wolf/internal/emitter/llvm_emitter.go:1435.26,1436.30 1 0
github.com/wolflang/wolf/internal/emitter/llvm_emitter.go:1437.22,1438.30 1 0
github.com/wolflang/wolf/internal/emitter/llvm_emitter.go:1439.22,1440.30 1 0
github.com/wolflang/wolf/internal/emitter/llvm_emitter.go:1441.24,1442.32 1 0
github.com/wolflang/wolf/internal/emitter/llvm_emitter.go:1443.23,1444.27 1 1
github.com/wolflang/wolf/internal/emitter/llvm_emitter.go:1445.21,1446.29 1 0
github.com/wolflang/wolf/internal/emitter/llvm_emitter.go:1447.20,1448.28 1 0
github.com/wolflang/wolf/internal/emitter/llvm_emitter.go:1449.18,1450.26 1 0
github.com/wolflang/wolf/internal/emitter/llvm_emitter.go:1451.10,1453.16 2 0
github.com/wolflang/wolf/internal/emitter/llvm_emitter.go:1457.62,1463.22 5 0
github.com/wolflang/wolf/internal/emitter/llvm_emitter.go:1463.22,1465.3 1 0
github.com/wolflang/wolf/internal/emitter/llvm_emitter.go:1465.8,1467.23 1 0
github.com/wolflang/wolf/internal/emitter/llvm_emitter.go:1467.23,1470.4 2 0
github.com/wolflang/wolf/internal/emitter/llvm_emitter.go:1471.3,1471.99 1 0
github.com/wolflang/wolf/internal/emitter/llvm_emitter.go:1473.2,1473.12 1 0
github.com/wolflang/wolf/internal/emitter/llvm_emitter.go:1476.60,1479.35 3 0
github.com/wolflang/wolf/internal/emitter/llvm_emitter.go:1479.35,1481.19 2 0
github.com/wolflang/wolf/internal/emitter/llvm_emitter.go:1482.14,1486.91 4 0
github.com/wolflang/wolf/internal/emitter/llvm_emitter.go:1487.17,1491.91 4 0
github.com/wolflang/wolf/internal/emitter/llvm_emitter.go:1492.13,1496.91 4 0
github.com/wolflang/wolf/internal/emitter/llvm_emitter.go:1497.11,1499.95 2 0
github.com/wolflang/wolf/internal/emitter/llvm_emitter.go:1502.2,1502.15 1 0
github.com/wolflang/wolf/internal/emitter/llvm_emitter.go:1505.56,1508.25 3 0
github.com/wolflang/wolf/internal/emitter/llvm_emitter.go:1508.25,1511.18 3 0
github.com/wolflang/wolf/internal/emitter/llvm_emitter.go:1512.14,1514.111 2 0
github.com/wolflang/wolf/internal/emitter/llvm_emitter.go:1515.17,1517.118 2 0
github.com/wolflang/wolf/internal/emitter/llvm_emitter.go:1518.13,1520.112 2 0
github.com/wolflang/wolf/internal/emitter/llvm_emitter.go:1521.11,1523.24 2 0
github.com/wolflang/wolf/internal/emitter/llvm_emitter.go:1523.24,1525.59 1 0
github.com/wolflang/wolf/internal/emitter/llvm_emitter.go:1525.59,1530.6 4 0
github.com/wolflang/wolf/internal/emitter/llvm_emitter.go:1530.11,1533.6 2 0
github.com/wolflang/wolf/internal/emitter/llvm_emitter.go:1534.10,1537.5 2 0
github.com/wolflang/wolf/internal/emitter/llvm_emitter.go:1540.2,1540.15 1 0
github.com/wolflang/wolf/internal/emitter/llvm_emitter.go:1543.85,1547.63 3 1
github.com/wolflang/wolf/internal/emitter/llvm_emitter.go:1547.63,1553.3 5 0
github.com/wolflang/wolf/internal/emitter/llvm_emitter.go:1555.2,1556.36 2 1
github.com/wolflang/wolf/internal/emitter/llvm_emitter.go:1556.36,1558.3 1 0
github.com/wolflang/wolf/internal/emitter/llvm_emitter.go:1558.8,1558.58 1 1
github.com/wolflang/wolf/internal/emitter/llvm_emitter.go:1558.58,1560.3 1 0
github.com/wolflang/wolf/internal/emitter/llvm_emitter.go:1560.8,1560.52 1 1
github.com/wolflang/wolf/internal/emitter/llvm_emitter.go:1560.52,1562.87 1 0
github.com/wolflang/wolf/internal/emitter/llvm_emitter.go:1562.87,1564.4 1 0
github.com/wolflang/wolf/internal/emitter/llvm_emitter.go:1564.9,1566.4 1 0
github.com/wolflang/wolf/internal/emitter/llvm_emitter.go:1569.2,1575.25 4 1
github.com/wolflang/wolf/internal/emitter/llvm_emitter.go:1575.25,1576.63 1 0
github.com/wolflang/wolf/internal/emitter/llvm_emitter.go:1576.63,1580.4 3 0
github.com/wolflang/wolf/internal/emitter/llvm_emitter.go:1581.3,1581.64 1 0
github.com/wolflang/wolf/internal/emitter/llvm_emitter.go:1581.64,1585.4 3 0
github.com/wolflang/wolf/internal/emitter/llvm_emitter.go:1589.2,1589.25 1 1
github.com/wolflang/wolf/internal/emitter/llvm_emitter.go:1589.25,1590.24 1 1
github.com/wolflang/wolf/internal/emitter/llvm_emitter.go:1590.24,1594.4 3 0
github.com/wolflang/wolf/internal/emitter/llvm_emitter.go:1594.9,1594.30 1 1
github.com/wolflang/wolf/internal/emitter/llvm_emitter.go:1594.30,1595.57 1 0
github.com/wolflang/wolf/internal/emitter/llvm_emitter.go:1595.57,1599.5 3 0
github.com/wolflang/wolf/internal/emitter/llvm_emitter.go:1602.3,1602.25 1 1
github.com/wolflang/wolf/internal/emitter/llvm_emitter.go:1602.25,1606.4 3 0
github.com/wolflang/wolf/internal/emitter/llvm_emitter.go:1606.9,1606.31 1 1
github.com/wolflang/wolf/internal/emitter/llvm_emitter.go:1606.31,1607.58 1 0
github.com/wolflang/wolf/internal/emitter/llvm_emitter.go:1607.58,1611.5 3 0
github.com/wolflang/wolf/internal/emitter/llvm_emitter.go:1615.2,1615.28 1 1
github.com/wolflang/wolf/internal/emitter/llvm_emitter.go:1615.28,1616.16 1 0
github.com/wolflang/wolf/internal/emitter/llvm_emitter.go:1617.12,1618.77 1 0
github.com/wolflang/wolf/internal/emitter/llvm_emitter.go:1619.12,1620.77 1 0
github.com/wolflang/wolf/internal/emitter/llvm_emitter.go:1621.12,1622.77 1 0
github.com/wolflang/wolf/internal/emitter/llvm_emitter.go:1623.12,1624.77 1 0
github.com/wolflang/wolf/internal/emitter/llvm_emitter.go:1625.12,1626.77 1 0
github.com/wolflang/wolf/internal/emitter/llvm_emitter.go:1627.13,1628.81 1 0
github.com/wolflang/wolf/internal/emitter/llvm_emitter.go:1629.13,1630.81 1 0
github.com/wolflang/wolf/internal/emitter/llvm_emitter.go:1631.12,1632.81 1 0
github.com/wolflang/wolf/internal/emitter/llvm_emitter.go:1633.12,1634.81 1 0
github.com/wolflang/wolf/internal/emitter/llvm_emitter.go:1635.13,1636.81 1 0
github.com/wolflang/wolf/internal/emitter/llvm_emitter.go:1637.13,1638.81 1 0
github.com/wolflang/wolf/internal/emitter/llvm_emitter.go:1639.11,1641.16 2 0
github.com/wolflang/wolf/internal/emitter/llvm_emitter.go:1643.8,1643.32 1 1
github.com/wolflang/wolf/internal/emitter/llvm_emitter.go:1643.32,1644.16 1 0
github.com/wolflang/wolf/internal/emitter/llvm_emitter.go:1645.13,1648.71 3 0
github.com/wolflang/wolf/internal/emitter/llvm_emitter.go:1649.13,1652.71 3 0
github.com/wolflang/wolf/internal/emitter/llvm_emitter.go:1653.11,1655.86 1 0
github.com/wolflang/wolf/internal/emitter/llvm_emitter.go:1655.86,1660.18 5 0
github.com/wolflang/wolf/internal/emitter/llvm_emitter.go:1661.14,1662.82 1 0
github.com/wolflang/wolf/internal/emitter/llvm_emitter.go:1663.14,1664.82 1 0
github.com/wolflang/wolf/internal/emitter/llvm_emitter.go:1665.15,1666.82 1 0
github.com/wolflang/wolf/internal/emitter/llvm_emitter.go:1667.15,1668.82 1 0
github.com/wolflang/wolf/internal/emitter/llvm_emitter.go:1669.14,1670.77 1 0
github.com/wolflang/wolf/internal/emitter/llvm_emitter.go:1672.10,1675.5 2 0
github.com/wolflang/wolf/internal/emitter/llvm_emitter.go:1677.8,1677.31 1 1
github.com/wolflang/wolf/internal/emitter/llvm_emitter.go:1677.31,1678.16 1 0
github.com/wolflang/wolf/internal/emitter/llvm_emitter.go:1679.13,1680.72 1 0
github.com/wolflang/wolf/internal/emitter/llvm_emitter.go:1681.13,1682.71 1 0
github.com/wolflang/wolf/internal/emitter/llvm_emitter.go:1683.13,1684.76 1 0
github.com/wolflang/wolf/internal/emitter/llvm_emitter.go:1685.13,1686.76 1 0
github.com/wolflang/wolf/internal/emitter/llvm_emitter.go:1687.11,1689.14 2 0
github.com/wolflang/wolf/internal/emitter/llvm_emitter.go:1691.8,1693.16 1 1
github.com/wolflang/wolf/internal/emitter/llvm_emitter.go:1694.12,1695.73 1 1
github.com/wolflang/wolf/internal/emitter/llvm_emitter.go:1696.12,1697.73 1 0
github.com/wolflang/wolf/internal/emitter/llvm_emitter.go:1698.12,1699.73 1 0
github.com/wolflang/wolf/internal/emitter/llvm_emitter.go:1700.12,1701.74 1 0
github.com/wolflang/wolf/internal/emitter/llvm_emitter.go:1702.12,1703.74 1 0
github.com/wolflang/wolf/internal/emitter/llvm_emitter.go:1704.13,1705.77 1 0
github.com/wolflang/wolf/internal/emitter/llvm_emitter.go:1706.13,1707.77 1 0
github.com/wolflang/wolf/internal/emitter/llvm_emitter.go:1708.12,1709.78 1 1
github.com/wolflang/wolf/internal/emitter/llvm_emitter.go:1710.12,1711.78 1 1
github.com/wolflang/wolf/internal/emitter/llvm_emitter.go:1712.13,1713.78 1 0
github.com/wolflang/wolf/internal/emitter/llvm_emitter.go:1714.13,1715.78 1 0
github.com/wolflang/wolf/internal/emitter/llvm_emitter.go:1716.11,1718.14 2 0
github.com/wolflang/wolf/internal/emitter/llvm_emitter.go:1721.2,1721.12 1 1
github.com/wolflang/wolf/internal/emitter/llvm_emitter.go:1724.62,1729.15 4 0
github.com/wolflang/wolf/internal/emitter/llvm_emitter.go:1730.11,1732.66 2 0
github.com/wolflang/wolf/internal/emitter/llvm_emitter.go:1733.11,1734.25 1 0
github.com/wolflang/wolf/internal/emitter/llvm_emitter.go:1734.25,1736.4 1 0
github.com/wolflang/wolf/internal/emitter/llvm_emitter.go:1736.9,1738.4 1 0
github.com/wolflang/wolf/internal/emitter/llvm_emitter.go:1739.10,1741.13 2 0
github.com/wolflang/wolf/internal/emitter/llvm_emitter.go:1743.2,1743.12 1 0
github.com/wolflang/wolf/internal/emitter/llvm_emitter.go:1746.62,1748.46 1 1
github.com/wolflang/wolf/internal/emitter/llvm_emitter.go:1748.46,1749.21 1 1
github.com/wolflang/wolf/internal/emitter/llvm_emitter.go:1750.60,1751.32 1 1
github.com/wolflang/wolf/internal/emitter/llvm_emitter.go:1755.2,1756.46 2 0
github.com/wolflang/wolf/internal/emitter/llvm_emitter.go:1756.46,1758.3 1 0
github.com/wolflang/wolf/internal/emitter/llvm_emitter.go:1760.2,1761.46 2 0
github.com/wolflang/wolf/internal/emitter/llvm_emitter.go:1761.46,1765.21 2 0
github.com/wolflang/wolf/internal/emitter/llvm_emitter.go:1766.14,1767.27 1 0
github.com/wolflang/wolf/internal/emitter/llvm_emitter.go:1768.15,1769.28 1 0
github.com/wolflang/wolf/internal/emitter/llvm_emitter.go:1770.18,1771.31 1 0
github.com/wolflang/wolf/internal/emitter/llvm_emitter.go:1772.15,1773.32 1 0
github.com/wolflang/wolf/internal/emitter/llvm_emitter.go:1774.15,1775.33 1 0
github.com/wolflang/wolf/internal/emitter/llvm_emitter.go:1776.20,1777.38 1 0
github.com/wolflang/wolf/internal/emitter/llvm_emitter.go:1778.16,1779.36 1 0
github.com/wolflang/wolf/internal/emitter/llvm_emitter.go:1780.15,1781.35 1 0
github.com/wolflang/wolf/internal/emitter/llvm_emitter.go:1782.14,1783.34 1 0
github.com/wolflang/wolf/internal/emitter/llvm_emitter.go:1784.15,1785.28 1 0
github.com/wolflang/wolf/internal/emitter/llvm_emitter.go:1786.15,1787.28 1 0
github.com/wolflang/wolf/internal/emitter/llvm_emitter.go:1788.14,1789.31 1 0
github.com/wolflang/wolf/internal/emitter/llvm_emitter.go:1790.24,1791.37 1 0
github.com/wolflang/wolf/internal/emitter/llvm_emitter.go:1792.22,1793.35 1 0
github.com/wolflang/wolf/internal/emitter/llvm_emitter.go:1794.22,1795.35 1 0
github.com/wolflang/wolf/internal/emitter/llvm_emitter.go:1796.22,1797.35 1 0
github.com/wolflang/wolf/internal/emitter/llvm_emitter.go:1798.17,1799.30 1 0
github.com/wolflang/wolf/internal/emitter/llvm_emitter.go:1800.18,1801.31 1 0
github.com/wolflang/wolf/internal/emitter/llvm_emitter.go:1802.21,1803.34 1 0
github.com/wolflang/wolf/internal/emitter/llvm_emitter.go:1804.24,1805.37 1 0
github.com/wolflang/wolf/internal/emitter/llvm_emitter.go:1808.21,1809.34 1 0
github.com/wolflang/wolf/internal/emitter/llvm_emitter.go:1810.21,1811.34 1 0
github.com/wolflang/wolf/internal/emitter/llvm_emitter.go:1812.18,1813.31 1 0
github.com/wolflang/wolf/internal/emitter/llvm_emitter.go:1814.21,1815.34 1 0
github.com/wolflang/wolf/internal/emitter/llvm_emitter.go:1816.23,1817.36 1 0
github.com/wolflang/wolf/internal/emitter/llvm_emitter.go:1818.23,1819.36 1 0
github.com/wolflang/wolf/internal/emitter/llvm_emitter.go:1820.23,1821.36 1 0
github.com/wolflang/wolf/internal/emitter/llvm_emitter.go:1822.28,1823.41 1 0
github.com/wolflang/wolf/internal/emitter/llvm_emitter.go:1824.19,1825.32 1 0
github.com/wolflang/wolf/internal/emitter/llvm_emitter.go:1826.31,1827.44 1 0
github.com/wolflang/wolf/internal/emitter/llvm_emitter.go:1828.20,1829.33 1 0
github.com/wolflang/wolf/internal/emitter/llvm_emitter.go:1830.22,1831.35 1 0
github.com/wolflang/wolf/internal/emitter/llvm_emitter.go:1834.14,1835.32 1 0
github.com/wolflang/wolf/internal/emitter/llvm_emitter.go:1836.14,1837.32 1 0
github.com/wolflang/wolf/internal/emitter/llvm_emitter.go:1838.14,1839.32 1 0
github.com/wolflang/wolf/internal/emitter/llvm_emitter.go:1840.15,1841.33 1 0
github.com/wolflang/wolf/internal/emitter/llvm_emitter.go:1842.15,1843.33 1 0
github.com/wolflang/wolf/internal/emitter/llvm_emitter.go:1844.15,1845.33 1 0
github.com/wolflang/wolf/internal/emitter/llvm_emitter.go:1846.16,1847.34 1 0
github.com/wolflang/wolf/internal/emitter/llvm_emitter.go:1848.15,1849.33 1 0
github.com/wolflang/wolf/internal/emitter/llvm_emitter.go:1850.14,1851.32 1 0
github.com/wolflang/wolf/internal/emitter/llvm_emitter.go:1852.14,1853.32 1 0
github.com/wolflang/wolf/internal/emitter/llvm_emitter.go:1854.16,1855.34 1 0
github.com/wolflang/wolf/internal/emitter/llvm_emitter.go:1856.14,1857.32 1 0
github.com/wolflang/wolf/internal/emitter/llvm_emitter.go:1858.16,1859.34 1 0
github.com/wolflang/wolf/internal/emitter/llvm_emitter.go:1860.15,1861.33 1 0
github.com/wolflang/wolf/internal/emitter/llvm_emitter.go:1862.16,1863.34 1 0
github.com/wolflang/wolf/internal/emitter/llvm_emitter.go:1864.14,1865.32 1 0
github.com/wolflang/wolf/internal/emitter/llvm_emitter.go:1866.15,1867.33 1 0
github.com/wolflang/wolf/internal/emitter/llvm_emitter.go:1868.13,1869.31 1 0
github.com/wolflang/wolf/internal/emitter/llvm_emitter.go:1870.14,1871.32 1 0
github.com/wolflang/wolf/internal/emitter/llvm_emitter.go:1872.14,1873.32 1 0
github.com/wolflang/wolf/internal/emitter/llvm_emitter.go:1874.15,1875.35 1 0
github.com/wolflang/wolf/internal/emitter/llvm_emitter.go:1876.18,1877.31 1 0
github.com/wolflang/wolf/internal/emitter/llvm_emitter.go:1878.18,1879.31 1 0
github.com/wolflang/wolf/internal/emitter/llvm_emitter.go:1880.16,1881.29 1 0
github.com/wolflang/wolf/internal/emitter/llvm_emitter.go:1882.21,1883.34 1 0
github.com/wolflang/wolf/internal/emitter/llvm_emitter.go:1884.22,1885.35 1 0
github.com/wolflang/wolf/internal/emitter/llvm_emitter.go:1886.26,1887.32 1 0
github.com/wolflang/wolf/internal/emitter/llvm_emitter.go:1888.26,1889.32 1 0
github.com/wolflang/wolf/internal/emitter/llvm_emitter.go:1890.17,1891.30 1 0
github.com/wolflang/wolf/internal/emitter/llvm_emitter.go:1892.17,1893.30 1 0
github.com/wolflang/wolf/internal/emitter/llvm_emitter.go:1894.20,1895.33 1 0
github.com/wolflang/wolf/internal/emitter/llvm_emitter.go:1896.19,1897.37 1 0
github.com/wolflang/wolf/internal/emitter/llvm_emitter.go:1898.16,1899.34 1 0
github.com/wolflang/wolf/internal/emitter/llvm_emitter.go:1902.17,1903.38 1 0
github.com/wolflang/wolf/internal/emitter/llvm_emitter.go:1904.21,1905.34 1 0
github.com/wolflang/wolf/internal/emitter/llvm_emitter.go:1906.21,1907.34 1 0
github.com/wolflang/wolf/internal/emitter/llvm_emitter.go:1908.18,1909.31 1 0
github.com/wolflang/wolf/internal/emitter/llvm_emitter.go:1910.18,1911.31 1 0
github.com/wolflang/wolf/internal/emitter/llvm_emitter.go:1912.18,1913.31 1 0
github.com/wolflang/wolf/internal/emitter/llvm_emitter.go:1914.15,1915.28 1 0
github.com/wolflang/wolf/internal/emitter/llvm_emitter.go:1916.16,1917.29 1 0
github.com/wolflang/wolf/internal/emitter/llvm_emitter.go:1918.16,1919.29 1 0
github.com/wolflang/wolf/internal/emitter/llvm_emitter.go:1920.23,1921.36 1 0
github.com/wolflang/wolf/internal/emitter/llvm_emitter.go:1922.26,1923.39 1 0
github.com/wolflang/wolf/internal/emitter/llvm_emitter.go:1924.24,1925.37 1 0
github.com/wolflang/wolf/internal/emitter/llvm_emitter.go:1926.22,1927.35 1 0
github.com/wolflang/wolf/internal/emitter/llvm_emitter.go:1928.21,1929.34 1 0
github.com/wolflang/wolf/internal/emitter/llvm_emitter.go:1930.18,1931.31 1 0
github.com/wolflang/wolf/internal/emitter/llvm_emitter.go:1932.18,1933.31 1 0
github.com/wolflang/wolf/internal/emitter/llvm_emitter.go:1934.18,1935.31 1 0
github.com/wolflang/wolf/internal/emitter/llvm_emitter.go:1936.17,1937.30 1 0
github.com/wolflang/wolf/internal/emitter/llvm_emitter.go:1938.17,1939.30 1 0
github.com/wolflang/wolf/internal/emitter/llvm_emitter.go:1940.18,1941.31 1 0
github.com/wolflang/wolf/internal/emitter/llvm_emitter.go:1942.18,1943.31 1 0
github.com/wolflang/wolf/internal/emitter/llvm_emitter.go:1944.25,1945.38 1 0
github.com/wolflang/wolf/internal/emitter/llvm_emitter.go:1946.16,1947.29 1 0
github.com/wolflang/wolf/internal/emitter/llvm_emitter.go:1948.21,1949.34 1 0
github.com/wolflang/wolf/internal/emitter/llvm_emitter.go:1950.27,1951.40 1 0
github.com/wolflang/wolf/internal/emitter/llvm_emitter.go:1952.21,1953.34 1 0
github.com/wolflang/wolf/internal/emitter/llvm_emitter.go:1954.23,1955.36 1 0
github.com/wolflang/wolf/internal/emitter/llvm_emitter.go:1956.23,1957.36 1 0
github.com/wolflang/wolf/internal/emitter/llvm_emitter.go:1958.34,1959.47 1 0
github.com/wolflang/wolf/internal/emitter/llvm_emitter.go:1960.23,1961.36 1 0
github.com/wolflang/wolf/internal/emitter/llvm_emitter.go:1962.19,1963.32 1 0
github.com/wolflang/wolf/internal/emitter/llvm_emitter.go:1964.34,1965.47 1 0
github.com/wolflang/wolf/internal/emitter/llvm_emitter.go:1966.21,1967.34 1 0
github.com/wolflang/wolf/internal/emitter/llvm_emitter.go:1968.30,1969.43 1 0
github.com/wolflang/wolf/internal/emitter/llvm_emitter.go:1970.25,1971.38 1 0
github.com/wolflang/wolf/internal/emitter/llvm_emitter.go:1972.23,1973.36 1 0
github.com/wolflang/wolf/internal/emitter/llvm_emitter.go:1974.21,1975.34 1 0
github.com/wolflang/wolf/internal/emitter/llvm_emitter.go:1976.17,1977.30 1 0
github.com/wolflang/wolf/internal/emitter/llvm_emitter.go:1980.17,1981.30 1 0
github.com/wolflang/wolf/internal/emitter/llvm_emitter.go:1982.19,1983.32 1 0
github.com/wolflang/wolf/internal/emitter/llvm_emitter.go:1984.17,1985.30 1 0
github.com/wolflang/wolf/internal/emitter/llvm_emitter.go:1986.18,1987.31 1 0
github.com/wolflang/wolf/internal/emitter/llvm_emitter.go:1988.17,1989.30 1 0
github.com/wolflang/wolf/internal/emitter/llvm_emitter.go:1990.18,1991.31 1 0
github.com/wolflang/wolf/internal/emitter/llvm_emitter.go:1992.21,1993.34 1 0
github.com/wolflang/wolf/internal/emitter/llvm_emitter.go:1996.24,1997.37 1 0
github.com/wolflang/wolf/internal/emitter/llvm_emitter.go:1998.24,1999.37 1 0
github.com/wolflang/wolf/internal/emitter/llvm_emitter.go:2000.21,2001.34 1 0
github.com/wolflang/wolf/internal/emitter/llvm_emitter.go:2002.21,2003.34 1 0
github.com/wolflang/wolf/internal/emitter/llvm_emitter.go:2004.22,2005.35 1 0
github.com/wolflang/wolf/internal/emitter/llvm_emitter.go:2006.22,2007.35 1 0
github.com/wolflang/wolf/internal/emitter/llvm_emitter.go:2008.22,2009.35 1 0
github.com/wolflang/wolf/internal/emitter/llvm_emitter.go:2012.14,2013.27 1 0
github.com/wolflang/wolf/internal/emitter/llvm_emitter.go:2014.17,2015.30 1 0
github.com/wolflang/wolf/internal/emitter/llvm_emitter.go:2016.24,2017.37 1 0
github.com/wolflang/wolf/internal/emitter/llvm_emitter.go:2018.26,2019.39 1 0
github.com/wolflang/wolf/internal/emitter/llvm_emitter.go:2020.18,2021.31 1 0
github.com/wolflang/wolf/internal/emitter/llvm_emitter.go:2022.19,2023.32 1 0
github.com/wolflang/wolf/internal/emitter/llvm_emitter.go:2026.15,2027.28 1 0
github.com/wolflang/wolf/internal/emitter/llvm_emitter.go:2028.13,2029.26 1 0
github.com/wolflang/wolf/internal/emitter/llvm_emitter.go:2030.19,2031.32 1 0
github.com/wolflang/wolf/internal/emitter/llvm_emitter.go:2032.22,2033.35 1 0
github.com/wolflang/wolf/internal/emitter/llvm_emitter.go:2034.20,2035.33 1 0
github.com/wolflang/wolf/internal/emitter/llvm_emitter.go:2038.16,2039.29 1 0
github.com/wolflang/wolf/internal/emitter/llvm_emitter.go:2040.19,2041.32 1 0
github.com/wolflang/wolf/internal/emitter/llvm_emitter.go:2042.23,2043.36 1 0
github.com/wolflang/wolf/internal/emitter/llvm_emitter.go:2044.21,2045.34 1 0
github.com/wolflang/wolf/internal/emitter/llvm_emitter.go:2046.20,2047.33 1 0
github.com/wolflang/wolf/internal/emitter/llvm_emitter.go:2048.22,2049.35 1 0
github.com/wolflang/wolf/internal/emitter/llvm_emitter.go:2050.24,2051.37 1 0
github.com/wolflang/wolf/internal/emitter/llvm_emitter.go:2052.24,2053.37 1 0
github.com/wolflang/wolf/internal/emitter/llvm_emitter.go:2054.23,2055.36 1 0
github.com/wolflang/wolf/internal/emitter/llvm_emitter.go:2056.22,2057.35 1 0
github.com/wolflang/wolf/internal/emitter/llvm_emitter.go:2058.22,2059.35 1 0
github.com/wolflang/wolf/internal/emitter/llvm_emitter.go:2060.15,2061.28 1 0
github.com/wolflang/wolf/internal/emitter/llvm_emitter.go:2062.16,2063.29 1 0
github.com/wolflang/wolf/internal/emitter/llvm_emitter.go:2064.20,2065.33 1 0
github.com/wolflang/wolf/internal/emitter/llvm_emitter.go:2066.21,2067.34 1 0
github.com/wolflang/wolf/internal/emitter/llvm_emitter.go:2068.23,2069.36 1 0
github.com/wolflang/wolf/internal/emitter/llvm_emitter.go:2070.21,2071.34 1 0
github.com/wolflang/wolf/internal/emitter/llvm_emitter.go:2072.26,2073.39 1 0
github.com/wolflang/wolf/internal/emitter/llvm_emitter.go:2074.21,2075.34 1 0
github.com/wolflang/wolf/internal/emitter/llvm_emitter.go:2076.16,2077.29 1 0
github.com/wolflang/wolf/internal/emitter/llvm_emitter.go:2078.21,2079.34 1 0
github.com/wolflang/wolf/internal/emitter/llvm_emitter.go:2080.24,2081.37 1 0
github.com/wolflang/wolf/internal/emitter/llvm_emitter.go:2082.22,2083.35 1 0
github.com/wolflang/wolf/internal/emitter/llvm_emitter.go:2084.23,2085.36 1 0
github.com/wolflang/wolf/internal/emitter/llvm_emitter.go:2086.24,2087.37 1 0
github.com/wolflang/wolf/internal/emitter/llvm_emitter.go:2088.25,2089.38 1 0
github.com/wolflang/wolf/internal/emitter/llvm_emitter.go:2090.23,2091.36 1 0
github.com/wolflang/wolf/internal/emitter/llvm_emitter.go:2092.20,2093.33 1 0
github.com/wolflang/wolf/internal/emitter/llvm_emitter.go:2094.29,2095.42 1 0
github.com/wolflang/wolf/internal/emitter/llvm_emitter.go:2096.21,2097.38 1 0
github.com/wolflang/wolf/internal/emitter/llvm_emitter.go:2098.21,2099.34 1 0
github.com/wolflang/wolf/internal/emitter/llvm_emitter.go:2100.23,2101.36 1 0
github.com/wolflang/wolf/internal/emitter/llvm_emitter.go:2102.21,2103.34 1 0
github.com/wolflang/wolf/internal/emitter/llvm_emitter.go:2104.25,2105.38 1 0
github.com/wolflang/wolf/internal/emitter/llvm_emitter.go:2106.24,2107.37 1 0
github.com/wolflang/wolf/internal/emitter/llvm_emitter.go:2108.27,2109.40 1 0
github.com/wolflang/wolf/internal/emitter/llvm_emitter.go:2112.18,2113.31 1 0
github.com/wolflang/wolf/internal/emitter/llvm_emitter.go:2114.18,2115.31 1 0
github.com/wolflang/wolf/internal/emitter/llvm_emitter.go:2116.17,2117.30 1 0
github.com/wolflang/wolf/internal/emitter/llvm_emitter.go:2118.20,2119.33 1 0
github.com/wolflang/wolf/internal/emitter/llvm_emitter.go:2120.22,2121.35 1 0
github.com/wolflang/wolf/internal/emitter/llvm_emitter.go:2122.22,2123.35 1 0
github.com/wolflang/wolf/internal/emitter/llvm_emitter.go:2124.24,2125.37 1 0
github.com/wolflang/wolf/internal/emitter/llvm_emitter.go:2126.23,2127.36 1 0
github.com/wolflang/wolf/internal/emitter/llvm_emitter.go:2128.22,2129.35 1 0
github.com/wolflang/wolf/internal/emitter/llvm_emitter.go:2130.24,2131.37 1 0
github.com/wolflang/wolf/internal/emitter/llvm_emitter.go:2132.26,2133.39 1 0
github.com/wolflang/wolf/internal/emitter/llvm_emitter.go:2134.25,2135.38 1 0
github.com/wolflang/wolf/internal/emitter/llvm_emitter.go:2136.23,2137.36 1 0
github.com/wolflang/wolf/internal/emitter/llvm_emitter.go:2138.25,2139.38 1 0
github.com/wolflang/wolf/internal/emitter/llvm_emitter.go:2140.22,2141.35 1 0
github.com/wolflang/wolf/internal/emitter/llvm_emitter.go:2144.19,2145.32 1 0
github.com/wolflang/wolf/internal/emitter/llvm_emitter.go:2146.17,2147.30 1 0
github.com/wolflang/wolf/internal/emitter/llvm_emitter.go:2148.19,2149.32 1 0
github.com/wolflang/wolf/internal/emitter/llvm_emitter.go:2150.18,2151.31 1 0
github.com/wolflang/wolf/internal/emitter/llvm_emitter.go:2152.18,2153.31 1 0
github.com/wolflang/wolf/internal/emitter/llvm_emitter.go:2154.16,2155.29 1 0
github.com/wolflang/wolf/internal/emitter/llvm_emitter.go:2156.19,2157.32 1 0
github.com/wolflang/wolf/internal/emitter/llvm_emitter.go:2158.23,2159.36 1 0
github.com/wolflang/wolf/internal/emitter/llvm_emitter.go:2162.22,2163.35 1 0
github.com/wolflang/wolf/internal/emitter/llvm_emitter.go:2164.20,2165.33 1 0
github.com/wolflang/wolf/internal/emitter/llvm_emitter.go:2166.21,2167.34 1 0
github.com/wolflang/wolf/internal/emitter/llvm_emitter.go:2168.22,2169.35 1 0
github.com/wolflang/wolf/internal/emitter/llvm_emitter.go:2170.22,2171.35 1 0
github.com/wolflang/wolf/internal/emitter/llvm_emitter.go:2172.20,2173.33 1 0
github.com/wolflang/wolf/internal/emitter/llvm_emitter.go:2174.25,2175.38 1 0
github.com/wolflang/wolf/internal/emitter/llvm_emitter.go:2176.24,2177.37 1 0
github.com/wolflang/wolf/internal/emitter/llvm_emitter.go:2178.23,2179.36 1 0
github.com/wolflang/wolf/internal/emitter/llvm_emitter.go:2180.21,2181.34 1 0
[...]
github.com/wolflang/wolf/stdlib/strings.go:33.60,35.2 1 1
github.com/wolflang/wolf/stdlib/strings.go:38.42,40.2 1 1
github.com/wolflang/wolf/stdlib/strings.go:43.54,45.2 1 1
github.com/wolflang/wolf/stdlib/strings.go:48.43,50.2 1 1
github.com/wolflang/wolf/stdlib/strings.go:53.43,55.2 1 1
github.com/wolflang/wolf/stdlib/strings.go:58.55,60.2 1 1
github.com/wolflang/wolf/stdlib/strings.go:63.60,65.2 1 1
github.com/wolflang/wolf/stdlib/strings.go:68.41,70.2 1 1
github.com/wolflang/wolf/stdlib/strings.go:73.55,75.2 1 1
github.com/wolflang/wolf/stdlib/strings.go:78.45,80.54 2 1
github.com/wolflang/wolf/stdlib/strings.go:80.54,82.3 1 1
github.com/wolflang/wolf/stdlib/strings.go:83.2,83.22 1 1
github.com/wolflang/wolf/stdlib/strings.go:87.48,89.2 1 1
github.com/wolflang/wolf/stdlib/strings.go:92.63,94.15 2 1
github.com/wolflang/wolf/stdlib/strings.go:94.15,96.3 1 0
github.com/wolflang/wolf/stdlib/strings.go:97.2,97.22 1 1
github.com/wolflang/wolf/stdlib/strings.go:97.22,99.3 1 1
github.com/wolflang/wolf/stdlib/strings.go:100.2,100.18 1 1
github.com/wolflang/wolf/stdlib/strings.go:100.18,102.3 1 1
github.com/wolflang/wolf/stdlib/strings.go:103.2,103.33 1 1
github.com/wolflang/wolf/stdlib/strings.go:107.69,108.22 1 1
github.com/wolflang/wolf/stdlib/strings.go:108.22,110.3 1 1
github.com/wolflang/wolf/stdlib/strings.go:111.2,111.10 1 1
github.com/wolflang/wolf/stdlib/strings.go:115.70,116.22 1 1
github.com/wolflang/wolf/stdlib/strings.go:116.22,118.3 1 1
github.com/wolflang/wolf/stdlib/strings.go:119.2,119.10 1 1
github.com/wolflang/wolf/stdlib/strings.go:123.43,125.2 1 1
github.com/wolflang/wolf/stdlib/strings.go:128.45,129.13 1 1
github.com/wolflang/wolf/stdlib/strings.go:129.13,131.3 1 1
github.com/wolflang/wolf/stdlib/strings.go:132.2,132.22 1 1
github.com/wolflang/wolf/stdlib/strings.go:132.22,133.26 1 1
github.com/wolflang/wolf/stdlib/strings.go:133.26,135.4 1 1
github.com/wolflang/wolf/stdlib/strings.go:137.2,137.13 1 1
github.com/wolflang/wolf/stdlib/strings.go:141.43,142.13 1 1
github.com/wolflang/wolf/stdlib/strings.go:142.13,144.3 1 0
github.com/wolflang/wolf/stdlib/strings.go:145.2,145.22 1 1
github.com/wolflang/wolf/stdlib/strings.go:145.22,146.27 1 1
github.com/wolflang/wolf/stdlib/strings.go:146.27,148.4 1 1
github.com/wolflang/wolf/stdlib/strings.go:150.2,150.13 1 1
github.com/wolflang/wolf/stdlib/strings.go:154.43,156.2 1 0
github.com/wolflang/wolf/internal/mlbridge/bridge.go:44.20,48.2 1 1
github.com/wolflang/wolf/internal/mlbridge/bridge.go:51.31,55.19 3 1
github.com/wolflang/wolf/internal/mlbridge/bridge.go:55.19,57.3 1 0
github.com/wolflang/wolf/internal/mlbridge/bridge.go:60.2,61.16 2 1
github.com/wolflang/wolf/internal/mlbridge/bridge.go:61.16,63.3 1 0
github.com/wolflang/wolf/internal/mlbridge/bridge.go:64.2,66.12 3 1
github.com/wolflang/wolf/internal/mlbridge/bridge.go:70.35,77.2 5 1
github.com/wolflang/wolf/internal/mlbridge/bridge.go:80.39,82.2 1 1
github.com/wolflang/wolf/internal/mlbridge/bridge.go:85.38,87.2 1 1
github.com/wolflang/wolf/internal/mlbridge/bridge.go:91.111,92.20 1 1
github.com/wolflang/wolf/internal/mlbridge/bridge.go:92.20,93.34 1 0
github.com/wolflang/wolf/internal/mlbridge/bridge.go:93.34,95.4 1 0
github.com/wolflang/wolf/internal/mlbridge/bridge.go:98.2,113.22 5 1
github.com/wolflang/wolf/internal/mlbridge/bridge.go:113.22,116.31 3 0
github.com/wolflang/wolf/internal/mlbridge/bridge.go:116.31,117.39 1 0
github.com/wolflang/wolf/internal/mlbridge/bridge.go:117.39,119.10 2 0
github.com/wolflang/wolf/internal/mlbridge/bridge.go:124.2,125.16 2 1
github.com/wolflang/wolf/internal/mlbridge/bridge.go:125.16,128.3 2 1
github.com/wolflang/wolf/internal/mlbridge/bridge.go:131.2,132.20 2 1
github.com/wolflang/wolf/internal/mlbridge/bridge.go:132.20,136.51 2 1
github.com/wolflang/wolf/internal/mlbridge/bridge.go:136.51,138.74 2 1
github.com/wolflang/wolf/internal/mlbridge/bridge.go:138.74,140.5 1 0
github.com/wolflang/wolf/internal/mlbridge/bridge.go:142.4,142.22 1 1
github.com/wolflang/wolf/internal/mlbridge/bridge.go:142.22,144.5 1 0
github.com/wolflang/wolf/internal/mlbridge/bridge.go:145.9,148.4 1 1
github.com/wolflang/wolf/internal/mlbridge/bridge.go:151.2,151.20 1 1
github.com/wolflang/wolf/internal/mlbridge/bridge.go:155.114,157.12 2 1
github.com/wolflang/wolf/internal/mlbridge/bridge.go:157.12,160.3 2 1
github.com/wolflang/wolf/internal/mlbridge/bridge.go:161.2,161.11 1 1
github.com/wolflang/wolf/internal/mlbridge/bridge.go:165.63,169.41 3 1
github.com/wolflang/wolf/internal/mlbridge/bridge.go:169.41,171.3 1 1
github.com/wolflang/wolf/internal/mlbridge/bridge.go:173.2,178.19 3 1
github.com/wolflang/wolf/internal/mlbridge/bridge.go:182.61,187.2 4 1
github.com/wolflang/wolf/internal/mlbridge/bridge.go:190.43,192.2 1 0
github.com/wolflang/wolf/internal/mlbridge/bridge.go:197.104,203.21 3 1
github.com/wolflang/wolf/internal/mlbridge/bridge.go:203.21,206.25 3 1
github.com/wolflang/wolf/internal/mlbridge/bridge.go:206.25,208.4 1 1
github.com/wolflang/wolf/internal/mlbridge/bridge.go:212.2,217.22 4 1
github.com/wolflang/wolf/internal/mlbridge/bridge.go:217.22,219.29 2 1
github.com/wolflang/wolf/internal/mlbridge/bridge.go:219.29,222.37 2 1
github.com/wolflang/wolf/internal/mlbridge/bridge.go:222.37,224.5 1 1
github.com/wolflang/wolf/internal/mlbridge/bridge.go:225.4,225.141 1 1
github.com/wolflang/wolf/internal/mlbridge/bridge.go:227.3,227.85 1 1
github.com/wolflang/wolf/internal/mlbridge/bridge.go:230.2,230.20 1 1
github.com/wolflang/wolf/internal/mlbridge/bridge.go:234.35,236.34 2 1
github.com/wolflang/wolf/internal/mlbridge/bridge.go:236.34,238.17 2 1
github.com/wolflang/wolf/internal/mlbridge/bridge.go:238.17,242.63 3 1
github.com/wolflang/wolf/internal/mlbridge/bridge.go:242.63,244.5 1 1
github.com/wolflang/wolf/internal/mlbridge/bridge.go:247.2,247.84 1 0
github.com/wolflang/wolf/internal/config/config.go:96.29,152.2 1 0
github.com/wolflang/wolf/internal/config/loader.go:17.52,22.22 3 0
github.com/wolflang/wolf/internal/config/loader.go:22.22,23.51 1 0
github.com/wolflang/wolf/internal/config/loader.go:23.51,25.4 1 0
github.com/wolflang/wolf/internal/config/loader.go:29.2,32.38 2 0
github.com/wolflang/wolf/internal/config/loader.go:32.38,34.3 1 0
github.com/wolflang/wolf/internal/config/loader.go:37.2,37.29 1 0
github.com/wolflang/wolf/internal/config/loader.go:37.29,39.3 1 0
github.com/wolflang/wolf/internal/config/loader.go:41.2,41.17 1 0
github.com/wolflang/wolf/internal/config/loader.go:46.40,48.6 2 0
github.com/wolflang/wolf/internal/config/loader.go:48.6,50.47 2 0
github.com/wolflang/wolf/internal/config/loader.go:50.47,52.4 1 0
github.com/wolflang/wolf/internal/config/loader.go:53.3,54.20 2 0
github.com/wolflang/wolf/internal/config/loader.go:54.20,55.9 1 0
github.com/wolflang/wolf/internal/config/loader.go:57.3,57.15 1 0
github.com/wolflang/wolf/internal/config/loader.go:59.2,59.11 1 0
github.com/wolflang/wolf/internal/config/loader.go:71.51,73.16 2 0
github.com/wolflang/wolf/internal/config/loader.go:73.16,75.3 1 0
github.com/wolflang/wolf/internal/config/loader.go:76.2,82.21 5 0
github.com/wolflang/wolf/internal/config/loader.go:82.21,90.17 5 0
github.com/wolflang/wolf/internal/config/loader.go:90.17,91.12 1 0
github.com/wolflang/wolf/internal/config/loader.go:95.3,95.67 1 0
github.com/wolflang/wolf/internal/config/loader.go:95.67,97.12 2 0
github.com/wolflang/wolf/internal/config/loader.go:101.3,102.13 2 0
github.com/wolflang/wolf/internal/config/loader.go:102.13,104.4 1 0
github.com/wolflang/wolf/internal/config/loader.go:106.3,109.67 3 0
github.com/wolflang/wolf/internal/config/loader.go:109.67,111.4 1 0
github.com/wolflang/wolf/internal/config/loader.go:114.2,114.22 1 0
github.com/wolflang/wolf/internal/config/loader.go:118.36,120.23 2 0
github.com/wolflang/wolf/internal/config/loader.go:120.23,121.16 1 0
github.com/wolflang/wolf/internal/config/loader.go:121.16,123.4 1 0
github.com/wolflang/wolf/internal/config/loader.go:124.3,124.28 1 0
github.com/wolflang/wolf/internal/config/loader.go:124.28,126.4 1 0
github.com/wolflang/wolf/internal/config/loader.go:128.2,128.10 1 0
github.com/wolflang/wolf/internal/config/loader.go:132.74,133.43 1 0
github.com/wolflang/wolf/internal/config/loader.go:133.43,135.3 1 0
github.com/wolflang/wolf/internal/config/loader.go:137.2,137.17 1 0
github.com/wolflang/wolf/internal/config/loader.go:138.13,139.14 1 0
github.com/wolflang/wolf/internal/config/loader.go:140.15,141.22 1 0
github.com/wolflang/wolf/internal/config/loader.go:142.14,143.21 1 0
github.com/wolflang/wolf/internal/config/loader.go:144.16,146.18 2 0
github.com/wolflang/wolf/internal/config/loader.go:146.18,148.5 1 0
github.com/wolflang/wolf/internal/config/loader.go:149.4,149.21 1 0
github.com/wolflang/wolf/internal/config/loader.go:150.18,151.25 1 0
github.com/wolflang/wolf/internal/config/loader.go:152.14,153.21 1 0
github.com/wolflang/wolf/internal/config/loader.go:154.11,155.32 1 0
github.com/wolflang/wolf/internal/config/loader.go:158.16,159.14 1 0
github.com/wolflang/wolf/internal/config/loader.go:160.15,161.25 1 0
github.com/wolflang/wolf/internal/config/loader.go:162.15,164.18 2 0
github.com/wolflang/wolf/internal/config/loader.go:164.18,166.5 1 0
github.com/wolflang/wolf/internal/config/loader.go:167.4,167.23 1 0
github.com/wolflang/wolf/internal/config/loader.go:168.23,170.18 2 0
github.com/wolflang/wolf/internal/config/loader.go:170.18,172.5 1 0
github.com/wolflang/wolf/internal/config/loader.go:173.4,173.33 1 0
github.com/wolflang/wolf/internal/config/loader.go:174.24,176.18 2 0
github.com/wolflang/wolf/internal/config/loader.go:176.18,178.5 1 0
github.com/wolflang/wolf/internal/config/loader.go:179.4,179.34 1 0
github.com/wolflang/wolf/internal/config/loader.go:180.27,182.18 2 0
github.com/wolflang/wolf/internal/config/loader.go:182.18,184.5 1 0
github.com/wolflang/wolf/internal/config/loader.go:185.4,185.33 1 0
github.com/wolflang/wolf/internal/config/loader.go:186.25,188.18 2 0
github.com/wolflang/wolf/internal/config/loader.go:188.18,190.5 1 0
github.com/wolflang/wolf/internal/config/loader.go:191.4,191.32 1 0
github.com/wolflang/wolf/internal/config/loader.go:192.22,194.18 2 0
github.com/wolflang/wolf/internal/config/loader.go:194.18,196.5 1 0
github.com/wolflang/wolf/internal/config/loader.go:197.4,197.29 1 0
github.com/wolflang/wolf/internal/config/loader.go:198.18,200.18 2 0
github.com/wolflang/wolf/internal/config/loader.go:200.18,202.5 1 0
github.com/wolflang/wolf/internal/config/loader.go:203.4,203.26 1 0
github.com/wolflang/wolf/internal/config/loader.go:204.11,205.32 1 0
github.com/wolflang/wolf/internal/config/loader.go:208.24,209.14 1 0
github.com/wolflang/wolf/internal/config/loader.go:210.17,211.23 1 0
github.com/wolflang/wolf/internal/config/loader.go:212.15,213.21 1 0
github.com/wolflang/wolf/internal/config/loader.go:214.15,216.18 2 0
github.com/wolflang/wolf/internal/config/loader.go:216.18,218.5 1 0
github.com/wolflang/wolf/internal/config/loader.go:219.4,219.19 1 0
github.com/wolflang/wolf/internal/config/loader.go:220.15,221.21 1 0
github.com/wolflang/wolf/internal/config/loader.go:222.15,223.21 1 0
github.com/wolflang/wolf/internal/config/loader.go:224.19,225.25 1 0
github.com/wolflang/wolf/internal/config/loader.go:226.20,228.18 2 0
github.com/wolflang/wolf/internal/config/loader.go:228.18,230.5 1 0
github.com/wolflang/wolf/internal/config/loader.go:231.4,231.23 1 0
github.com/wolflang/wolf/internal/config/loader.go:232.24,234.18 2 0
github.com/wolflang/wolf/internal/config/loader.go:234.18,236.5 1 0
github.com/wolflang/wolf/internal/config/loader.go:237.4,237.26 1 0
github.com/wolflang/wolf/internal/config/loader.go:238.23,240.18 2 0
github.com/wolflang/wolf/internal/config/loader.go:240.18,242.5 1 0
github.com/wolflang/wolf/internal/config/loader.go:243.4,243.26 1 0
github.com/wolflang/wolf/internal/config/loader.go:244.22,246.18 2 0
github.com/wolflang/wolf/internal/config/loader.go:246.18,248.5 1 0
github.com/wolflang/wolf/internal/config/loader.go:249.4,249.25 1 0
github.com/wolflang/wolf/internal/config/loader.go:250.20,251.25 1 0
github.com/wolflang/wolf/internal/config/loader.go:252.20,254.18 2 0
github.com/wolflang/wolf/internal/config/loader.go:254.18,256.5 1 0
github.com/wolflang/wolf/internal/config/loader.go:257.4,257.23 1 0
github.com/wolflang/wolf/internal/config/loader.go:258.11,259.32 1 0
github.com/wolflang/wolf/internal/config/loader.go:262.15,263.14 1 0
github.com/wolflang/wolf/internal/config/loader.go:264.15,265.24 1 0
github.com/wolflang/wolf/internal/config/loader.go:266.15,268.18 2 0
github.com/wolflang/wolf/internal/config/loader.go:268.18,270.5 1 0
github.com/wolflang/wolf/internal/config/loader.go:271.4,271.22 1 0
github.com/wolflang/wolf/internal/config/loader.go:272.19,273.28 1 0
github.com/wolflang/wolf/internal/config/loader.go:274.13,276.18 2 0
github.com/wolflang/wolf/internal/config/loader.go:276.18,278.5 1 0
github.com/wolflang/wolf/internal/config/loader.go:279.4,279.20 1 0
github.com/wolflang/wolf/internal/config/loader.go:280.11,281.32 1 0
github.com/wolflang/wolf/internal/config/loader.go:284.13,285.14 1 0
github.com/wolflang/wolf/internal/config/loader.go:286.17,287.24 1 0
github.com/wolflang/wolf/internal/config/loader.go:288.35,290.18 2 0
github.com/wolflang/wolf/internal/config/loader.go:290.18,292.5 1 0
github.com/wolflang/wolf/internal/config/loader.go:293.4,293.25 1 0
github.com/wolflang/wolf/internal/config/loader.go:294.20,295.27 1 0
github.com/wolflang/wolf/internal/config/loader.go:296.11,297.32 1 0
github.com/wolflang/wolf/internal/config/loader.go:300.13,301.14 1 0
github.com/wolflang/wolf/internal/config/loader.go:302.16,303.23 1 0
github.com/wolflang/wolf/internal/config/loader.go:304.17,305.24 1 0
github.com/wolflang/wolf/internal/config/loader.go:306.15,307.22 1 0
github.com/wolflang/wolf/internal/config/loader.go:308.11,309.32 1 0
github.com/wolflang/wolf/internal/config/loader.go:312.15,313.14 1 0
github.com/wolflang/wolf/internal/config/loader.go:314.18,315.26 1 0
github.com/wolflang/wolf/internal/config/loader.go:316.31,318.18 2 0
github.com/wolflang/wolf/internal/config/loader.go:318.18,320.5 1 0
github.com/wolflang/wolf/internal/config/loader.go:321.4,321.26 1 0
github.com/wolflang/wolf/internal/config/loader.go:322.18,324.18 2 0
github.com/wolflang/wolf/internal/config/loader.go:324.18,326.5 1 0
github.com/wolflang/wolf/internal/config/loader.go:327.4,327.24 1 0
github.com/wolflang/wolf/internal/config/loader.go:328.22,330.18 2 0
github.com/wolflang/wolf/internal/config/loader.go:330.18,332.5 1 0
github.com/wolflang/wolf/internal/config/loader.go:333.4,333.28 1 0
github.com/wolflang/wolf/internal/config/loader.go:334.11,335.32 1 0
github.com/wolflang/wolf/internal/config/loader.go:338.10,339.73 1 0
github.com/wolflang/wolf/internal/config/loader.go:341.10,341.10 0 0
github.com/wolflang/wolf/internal/config/loader.go:346.2,346.12 1 0
github.com/wolflang/wolf/internal/config/loader.go:352.34,353.43 1 0
github.com/wolflang/wolf/internal/config/loader.go:353.43,354.37 1 0
github.com/wolflang/wolf/internal/config/loader.go:354.37,356.4 1 0
github.com/wolflang/wolf/internal/config/loader.go:358.2,358.40 1 0
github.com/wolflang/wolf/internal/config/loader.go:358.40,359.37 1 0
github.com/wolflang/wolf/internal/config/loader.go:359.37,360.45 1 0
github.com/wolflang/wolf/internal/config/loader.go:360.45,362.5 1 0
github.com/wolflang/wolf/internal/config/loader.go:365.2,365.42 1 0
github.com/wolflang/wolf/internal/config/loader.go:365.42,366.37 1 0
github.com/wolflang/wolf/internal/config/loader.go:366.37,367.42 1 0
github.com/wolflang/wolf/internal/config/loader.go:367.42,369.5 1 0
github.com/wolflang/wolf/internal/config/loader.go:374.2,424.53 39 0
github.com/wolflang/wolf/internal/config/loader.go:429.38,431.29 2 0
github.com/wolflang/wolf/internal/config/loader.go:431.29,433.3 1 0
github.com/wolflang/wolf/internal/config/loader.go:435.2,435.52 1 0
github.com/wolflang/wolf/internal/config/loader.go:435.52,437.3 1 0
github.com/wolflang/wolf/internal/config/loader.go:439.2,439.61 1 0
github.com/wolflang/wolf/internal/config/loader.go:439.61,441.3 1 0
github.com/wolflang/wolf/internal/config/loader.go:443.2,444.30 2 0
github.com/wolflang/wolf/internal/config/loader.go:444.30,446.3 1 0
github.com/wolflang/wolf/internal/config/loader.go:448.2,448.25 1 0
github.com/wolflang/wolf/internal/config/loader.go:448.25,450.3 1 0
github.com/wolflang/wolf/internal/config/loader.go:451.2,451.28 1 0
github.com/wolflang/wolf/internal/config/loader.go:451.28,453.3 1 0
github.com/wolflang/wolf/internal/config/loader.go:454.2,454.42 1 0
github.com/wolflang/wolf/internal/config/loader.go:454.42,457.3 1 0
github.com/wolflang/wolf/internal/config/loader.go:458.2,458.28 1 0
github.com/wolflang/wolf/internal/config/loader.go:458.28,460.3 1 0
github.com/wolflang/wolf/internal/config/loader.go:462.2,463.63 2 0
github.com/wolflang/wolf/internal/config/loader.go:463.63,465.3 1 0
github.com/wolflang/wolf/internal/config/loader.go:467.2,468.33 2 0
github.com/wolflang/wolf/internal/config/loader.go:468.33,470.3 1 0
github.com/wolflang/wolf/internal/config/loader.go:472.2,472.12 1 0
github.com/wolflang/wolf/internal/config/loader.go:476.40,477.47 1 0
github.com/wolflang/wolf/internal/config/loader.go:478.32,479.19 1 0
github.com/wolflang/wolf/internal/config/loader.go:480.33,481.20 1 0
github.com/wolflang/wolf/internal/config/loader.go:483.2,483.56 1 0
github.com/wolflang/wolf/internal/ir/ir_nodes.go:62.31,62.32 0 0
github.com/wolflang/wolf/internal/ir/ir_nodes.go:71.30,71.31 0 0
github.com/wolflang/wolf/internal/ir/ir_nodes.go:78.28,78.29 0 0
github.com/wolflang/wolf/internal/ir/ir_nodes.go:85.30,85.31 0 0
github.com/wolflang/wolf/internal/ir/ir_nodes.go:95.26,95.27 0 0
github.com/wolflang/wolf/internal/ir/ir_nodes.go:111.27,111.28 0 0
github.com/wolflang/wolf/internal/ir/ir_nodes.go:121.29,121.30 0 0
github.com/wolflang/wolf/internal/ir/ir_nodes.go:130.30,130.31 0 0
github.com/wolflang/wolf/internal/ir/ir_nodes.go:143.29,143.30 0 0
github.com/wolflang/wolf/internal/ir/ir_nodes.go:150.26,150.27 0 0
github.com/wolflang/wolf/internal/ir/ir_nodes.go:157.29,157.30 0 0
github.com/wolflang/wolf/internal/ir/ir_nodes.go:164.27,164.28 0 0
github.com/wolflang/wolf/internal/ir/ir_nodes.go:178.25,178.26 0 0
github.com/wolflang/wolf/internal/ir/ir_nodes.go:185.26,185.27 0 0
github.com/wolflang/wolf/internal/ir/ir_nodes.go:192.28,192.29 0 0
github.com/wolflang/wolf/internal/ir/ir_nodes.go:199.29,199.30 0 0
github.com/wolflang/wolf/internal/ir/ir_nodes.go:206.27,206.28 0 0
github.com/wolflang/wolf/internal/ir/ir_nodes.go:211.26,211.27 0 0
github.com/wolflang/wolf/internal/ir/ir_nodes.go:220.30,220.31 0 0
github.com/wolflang/wolf/internal/ir/ir_nodes.go:228.29,228.30 0 0
github.com/wolflang/wolf/internal/ir/ir_nodes.go:236.28,236.29 0 0
github.com/wolflang/wolf/internal/ir/ir_nodes.go:244.31,244.32 0 0
github.com/wolflang/wolf/internal/ir/ir_nodes.go:253.34,253.35 0 0
github.com/wolflang/wolf/internal/ir/ir_nodes.go:262.30,262.31 0 0
github.com/wolflang/wolf/internal/ir/ir_nodes.go:270.29,270.30 0 0
github.com/wolflang/wolf/internal/ir/ir_nodes.go:278.28,278.29 0 0
github.com/wolflang/wolf/internal/ir/ir_nodes.go:288.26,288.27 0 0
github.com/wolflang/wolf/internal/ir/ir_nodes.go:296.29,296.30 0 0
github.com/wolflang/wolf/internal/ir/ir_nodes.go:305.27,305.28 0 0
github.com/wolflang/wolf/internal/ir/ir_nodes.go:313.30,313.31 0 0
github.com/wolflang/wolf/internal/ir/ir_nodes.go:320.28,320.29 0 0
github.com/wolflang/wolf/internal/ir/ir_nodes.go:328.28,328.29 0 0
github.com/wolflang/wolf/internal/ir/ir_nodes.go:335.28,335.29 0 0
github.com/wolflang/wolf/internal/ir/ir_nodes.go:343.31,343.32 0 0
github.com/wolflang/wolf/internal/ir/ir_nodes.go:351.32,351.33 0 0
github.com/wolflang/wolf/internal/ir/ir_nodes.go:358.28,358.29 0 0
github.com/wolflang/wolf/internal/ir/ir_nodes.go:369.29,369.30 0 0
github.com/wolflang/wolf/internal/ir/ir_nodes.go:377.29,377.30 0 0
github.com/wolflang/wolf/internal/ir/ir_nodes.go:385.31,385.32 0 0
