mode: set
github.com/wolflang/wolf/internal/ir/clone.go:7.30,9.20 2 1
github.com/wolflang/wolf/internal/ir/clone.go:9.20,11.3 1 1
github.com/wolflang/wolf/internal/ir/clone.go:12.2,13.28 2 1
github.com/wolflang/wolf/internal/ir/clone.go:16.48,17.18 1 1
github.com/wolflang/wolf/internal/ir/clone.go:17.18,19.3 1 1
github.com/wolflang/wolf/internal/ir/clone.go:21.2,21.18 1 1
github.com/wolflang/wolf/internal/ir/clone.go:22.19,23.16 1 1
github.com/wolflang/wolf/internal/ir/clone.go:23.16,25.4 1 1
github.com/wolflang/wolf/internal/ir/clone.go:27.3,30.13 4 1
github.com/wolflang/wolf/internal/ir/clone.go:32.22,34.37 2 1
github.com/wolflang/wolf/internal/ir/clone.go:34.37,37.39 2 1
github.com/wolflang/wolf/internal/ir/clone.go:37.39,38.13 1 1
github.com/wolflang/wolf/internal/ir/clone.go:40.4,40.42 1 1
github.com/wolflang/wolf/internal/ir/clone.go:42.3,42.16 1 1
github.com/wolflang/wolf/internal/ir/clone.go:44.21,45.16 1 1
github.com/wolflang/wolf/internal/ir/clone.go:45.16,47.4 1 1
github.com/wolflang/wolf/internal/ir/clone.go:48.3,49.32 2 1
github.com/wolflang/wolf/internal/ir/clone.go:49.32,51.4 1 1
github.com/wolflang/wolf/internal/ir/clone.go:52.3,52.16 1 1
github.com/wolflang/wolf/internal/ir/clone.go:54.19,55.16 1 1
github.com/wolflang/wolf/internal/ir/clone.go:55.16,57.4 1 1
github.com/wolflang/wolf/internal/ir/clone.go:58.3,59.35 2 1
github.com/wolflang/wolf/internal/ir/clone.go:59.35,61.4 1 1
github.com/wolflang/wolf/internal/ir/clone.go:62.3,62.16 1 1
github.com/wolflang/wolf/internal/ir/clone.go:64.25,65.16 1 1
github.com/wolflang/wolf/internal/ir/clone.go:65.16,67.4 1 1
github.com/wolflang/wolf/internal/ir/clone.go:70.3,74.32 2 1
github.com/wolflang/wolf/internal/ir/clone.go:76.10,78.11 1 1
github.com/wolflang/wolf/internal/ir/clone.go:84.57,86.2 1 1
github.com/wolflang/wolf/internal/ir/clone.go:88.70,89.18 1 1
github.com/wolflang/wolf/internal/ir/clone.go:89.18,91.3 1 1
github.com/wolflang/wolf/internal/ir/clone.go:93.2,93.18 1 1
github.com/wolflang/wolf/internal/ir/clone.go:94.38,95.17 1 1
github.com/wolflang/wolf/internal/ir/clone.go:95.17,97.4 1 1
github.com/wolflang/wolf/internal/ir/clone.go:99.22,100.37 1 1
github.com/wolflang/wolf/internal/ir/clone.go:100.37,102.23 2 1
github.com/wolflang/wolf/internal/ir/clone.go:102.23,104.13 1 1
github.com/wolflang/wolf/internal/ir/clone.go:106.4,109.21 2 1
github.com/wolflang/wolf/internal/ir/clone.go:110.64,111.39 1 1
github.com/wolflang/wolf/internal/ir/clone.go:111.39,112.52 1 1
github.com/wolflang/wolf/internal/ir/clone.go:112.52,114.7 1 1
github.com/wolflang/wolf/internal/ir/clone.go:116.23,117.86 1 1
github.com/wolflang/wolf/internal/ir/clone.go:117.86,118.39 1 1
github.com/wolflang/wolf/internal/ir/clone.go:118.39,120.52 2 1
github.com/wolflang/wolf/internal/ir/clone.go:120.52,122.8 1 1
github.com/wolflang/wolf/internal/ir/clone.go:128.4,128.39 1 1
github.com/wolflang/wolf/internal/ir/clone.go:131.21,132.32 1 1
github.com/wolflang/wolf/internal/ir/clone.go:132.32,134.4 1 1
github.com/wolflang/wolf/internal/ir/ir_nodes.go:79.30,79.39 1 1
github.com/wolflang/wolf/internal/ir/ir_nodes.go:88.29,88.38 1 1
github.com/wolflang/wolf/internal/ir/ir_nodes.go:95.27,95.36 1 1
github.com/wolflang/wolf/internal/ir/ir_nodes.go:102.29,102.38 1 1
github.com/wolflang/wolf/internal/ir/ir_nodes.go:112.25,112.34 1 1
github.com/wolflang/wolf/internal/ir/ir_nodes.go:128.26,128.35 1 1
github.com/wolflang/wolf/internal/ir/ir_nodes.go:138.28,138.37 1 1
github.com/wolflang/wolf/internal/ir/ir_nodes.go:147.29,147.38 1 1
github.com/wolflang/wolf/internal/ir/ir_nodes.go:160.28,160.37 1 1
github.com/wolflang/wolf/internal/ir/ir_nodes.go:169.31,169.40 1 1
github.com/wolflang/wolf/internal/ir/ir_nodes.go:177.28,177.37 1 1
github.com/wolflang/wolf/internal/ir/ir_nodes.go:182.30,182.39 1 1
github.com/wolflang/wolf/internal/ir/ir_nodes.go:189.28,189.37 1 1
github.com/wolflang/wolf/internal/ir/ir_nodes.go:196.26,196.35 1 1
github.com/wolflang/wolf/internal/ir/ir_nodes.go:206.32,206.41 1 1
github.com/wolflang/wolf/internal/ir/ir_nodes.go:214.28,214.37 1 1
github.com/wolflang/wolf/internal/ir/ir_nodes.go:228.24,228.33 1 1
github.com/wolflang/wolf/internal/ir/ir_nodes.go:235.25,235.34 1 1
github.com/wolflang/wolf/internal/ir/ir_nodes.go:242.27,242.36 1 1
github.com/wolflang/wolf/internal/ir/ir_nodes.go:249.28,249.37 1 1
github.com/wolflang/wolf/internal/ir/ir_nodes.go:256.26,256.35 1 1
github.com/wolflang/wolf/internal/ir/ir_nodes.go:261.25,261.34 1 1
github.com/wolflang/wolf/internal/ir/ir_nodes.go:270.29,270.38 1 1
github.com/wolflang/wolf/internal/ir/ir_nodes.go:278.28,278.37 1 1
github.com/wolflang/wolf/internal/ir/ir_nodes.go:287.27,287.36 1 1
github.com/wolflang/wolf/internal/ir/ir_nodes.go:295.30,295.39 1 1
github.com/wolflang/wolf/internal/ir/ir_nodes.go:305.33,305.42 1 1
github.com/wolflang/wolf/internal/ir/ir_nodes.go:314.29,314.38 1 1
github.com/wolflang/wolf/internal/ir/ir_nodes.go:322.28,322.37 1 1
github.com/wolflang/wolf/internal/ir/ir_nodes.go:330.27,330.36 1 1
github.com/wolflang/wolf/internal/ir/ir_nodes.go:340.25,340.34 1 1
github.com/wolflang/wolf/internal/ir/ir_nodes.go:348.28,348.37 1 1
github.com/wolflang/wolf/internal/ir/ir_nodes.go:357.26,357.35 1 1
github.com/wolflang/wolf/internal/ir/ir_nodes.go:365.29,365.38 1 1
github.com/wolflang/wolf/internal/ir/ir_nodes.go:372.27,372.36 1 1
github.com/wolflang/wolf/internal/ir/ir_nodes.go:380.27,380.36 1 1
github.com/wolflang/wolf/internal/ir/ir_nodes.go:387.27,387.36 1 1
github.com/wolflang/wolf/internal/ir/ir_nodes.go:395.30,395.39 1 1
github.com/wolflang/wolf/internal/ir/ir_nodes.go:403.31,403.40 1 1
github.com/wolflang/wolf/internal/ir/ir_nodes.go:410.27,410.36 1 1
github.com/wolflang/wolf/internal/ir/ir_nodes.go:421.28,421.37 1 1
github.com/wolflang/wolf/internal/ir/ir_nodes.go:429.28,429.37 1 1
github.com/wolflang/wolf/internal/ir/ir_nodes.go:437.30,437.39 1 1
