mode: set
github.com/wolflang/wolf/cmd/wolf/main.go:15.13,32.55 4 0
github.com/wolflang/wolf/cmd/wolf/main.go:32.55,34.18 2 0
github.com/wolflang/wolf/cmd/wolf/main.go:34.18,36.5 1 0
github.com/wolflang/wolf/cmd/wolf/main.go:38.4,40.18 3 0
github.com/wolflang/wolf/cmd/wolf/main.go:40.18,43.5 2 0
github.com/wolflang/wolf/cmd/wolf/main.go:44.4,48.18 4 0
github.com/wolflang/wolf/cmd/wolf/main.go:48.18,49.37 1 0
github.com/wolflang/wolf/cmd/wolf/main.go:49.37,51.6 1 0
github.com/wolflang/wolf/cmd/wolf/main.go:52.5,52.15 1 0
github.com/wolflang/wolf/cmd/wolf/main.go:55.4,56.14 2 0
github.com/wolflang/wolf/cmd/wolf/main.go:60.2,64.55 1 0
github.com/wolflang/wolf/cmd/wolf/main.go:64.55,66.18 2 0
github.com/wolflang/wolf/cmd/wolf/main.go:66.18,68.5 1 0
github.com/wolflang/wolf/cmd/wolf/main.go:70.4,72.18 3 0
github.com/wolflang/wolf/cmd/wolf/main.go:72.18,75.5 2 0
github.com/wolflang/wolf/cmd/wolf/main.go:76.4,79.41 3 0
github.com/wolflang/wolf/cmd/wolf/main.go:83.2,87.55 1 0
github.com/wolflang/wolf/cmd/wolf/main.go:87.55,91.4 2 0
github.com/wolflang/wolf/cmd/wolf/main.go:94.2,98.55 1 0
github.com/wolflang/wolf/cmd/wolf/main.go:98.55,102.4 2 0
github.com/wolflang/wolf/cmd/wolf/main.go:106.2,114.55 2 0
github.com/wolflang/wolf/cmd/wolf/main.go:114.55,118.38 4 0
github.com/wolflang/wolf/cmd/wolf/main.go:118.38,120.5 1 0
github.com/wolflang/wolf/cmd/wolf/main.go:121.4,122.14 2 0
github.com/wolflang/wolf/cmd/wolf/main.go:126.2,130.55 1 0
github.com/wolflang/wolf/cmd/wolf/main.go:130.55,134.21 4 0
github.com/wolflang/wolf/cmd/wolf/main.go:134.21,136.5 1 0
github.com/wolflang/wolf/cmd/wolf/main.go:137.4,137.50 1 0
github.com/wolflang/wolf/cmd/wolf/main.go:137.50,139.5 1 0
github.com/wolflang/wolf/cmd/wolf/main.go:140.4,141.14 2 0
github.com/wolflang/wolf/cmd/wolf/main.go:145.2,149.55 1 0
github.com/wolflang/wolf/cmd/wolf/main.go:149.55,152.44 3 0
github.com/wolflang/wolf/cmd/wolf/main.go:152.44,154.5 1 0
github.com/wolflang/wolf/cmd/wolf/main.go:155.4,156.14 2 0
github.com/wolflang/wolf/cmd/wolf/main.go:160.2,163.55 1 0
github.com/wolflang/wolf/cmd/wolf/main.go:163.55,167.18 4 0
github.com/wolflang/wolf/cmd/wolf/main.go:167.18,169.5 1 0
github.com/wolflang/wolf/cmd/wolf/main.go:170.4,170.29 1 0
github.com/wolflang/wolf/cmd/wolf/main.go:170.29,172.5 1 0
github.com/wolflang/wolf/cmd/wolf/main.go:173.4,173.14 1 0
github.com/wolflang/wolf/cmd/wolf/main.go:177.2,180.55 1 0
github.com/wolflang/wolf/cmd/wolf/main.go:180.55,184.18 4 0
github.com/wolflang/wolf/cmd/wolf/main.go:184.18,186.5 1 0
github.com/wolflang/wolf/cmd/wolf/main.go:187.4,187.24 1 0
github.com/wolflang/wolf/cmd/wolf/main.go:187.24,189.5 1 0
github.com/wolflang/wolf/cmd/wolf/main.go:189.10,190.34 1 0
github.com/wolflang/wolf/cmd/wolf/main.go:190.34,192.6 1 0
github.com/wolflang/wolf/cmd/wolf/main.go:194.4,194.14 1 0
github.com/wolflang/wolf/cmd/wolf/main.go:198.2,201.55 1 0
github.com/wolflang/wolf/cmd/wolf/main.go:201.55,205.36 4 0
github.com/wolflang/wolf/cmd/wolf/main.go:205.36,207.5 1 0
github.com/wolflang/wolf/cmd/wolf/main.go:208.4,209.14 2 0
github.com/wolflang/wolf/cmd/wolf/main.go:213.2,216.48 1 0
github.com/wolflang/wolf/cmd/wolf/main.go:216.48,221.4 4 0
github.com/wolflang/wolf/cmd/wolf/main.go:224.2,237.55 5 0
github.com/wolflang/wolf/cmd/wolf/main.go:237.55,240.84 3 0
github.com/wolflang/wolf/cmd/wolf/main.go:240.84,242.5 1 0
github.com/wolflang/wolf/cmd/wolf/main.go:243.4,246.28 3 0
github.com/wolflang/wolf/cmd/wolf/main.go:246.28,248.5 1 0
github.com/wolflang/wolf/cmd/wolf/main.go:249.4,250.14 2 0
github.com/wolflang/wolf/cmd/wolf/main.go:253.2,259.55 2 0
github.com/wolflang/wolf/cmd/wolf/main.go:259.55,264.18 5 0
github.com/wolflang/wolf/cmd/wolf/main.go:264.18,266.5 1 0
github.com/wolflang/wolf/cmd/wolf/main.go:267.4,268.14 2 0
github.com/wolflang/wolf/cmd/wolf/main.go:272.2,274.42 2 0
github.com/wolflang/wolf/cmd/wolf/main.go:274.42,276.3 1 0
github.com/wolflang/wolf/internal/config/config.go:96.29,152.2 1 0
github.com/wolflang/wolf/internal/config/loader.go:17.52,22.22 3 0
github.com/wolflang/wolf/internal/config/loader.go:22.22,23.51 1 0
github.com/wolflang/wolf/internal/config/loader.go:23.51,25.4 1 0
github.com/wolflang/wolf/internal/config/loader.go:29.2,32.38 2 0
github.com/wolflang/wolf/internal/config/loader.go:32.38,34.3 1 0
github.com/wolflang/wolf/internal/config/loader.go:37.2,37.29 1 0
github.com/wolflang/wolf/internal/config/loader.go:37.29,39.3 1 0
github.com/wolflang/wolf/internal/config/loader.go:41.2,41.17 1 0
github.com/wolflang/wolf/internal/config/loader.go:46.40,48.6 2 0
github.com/wolflang/wolf/internal/config/loader.go:48.6,50.47 2 0
github.com/wolflang/wolf/internal/config/loader.go:50.47,52.4 1 0
github.com/wolflang/wolf/internal/config/loader.go:53.3,54.20 2 0
github.com/wolflang/wolf/internal/config/loader.go:54.20,55.9 1 0
github.com/wolflang/wolf/internal/config/loader.go:57.3,57.15 1 0
github.com/wolflang/wolf/internal/config/loader.go:59.2,59.11 1 0
github.com/wolflang/wolf/internal/config/loader.go:71.51,73.16 2 0
github.com/wolflang/wolf/internal/config/loader.go:73.16,75.3 1 0
github.com/wolflang/wolf/internal/config/loader.go:76.2,82.21 5 0
github.com/wolflang/wolf/internal/config/loader.go:82.21,90.17 5 0
github.com/wolflang/wolf/internal/config/loader.go:90.17,91.12 1 0
github.com/wolflang/wolf/internal/config/loader.go:95.3,95.67 1 0
github.com/wolflang/wolf/internal/config/loader.go:95.67,97.12 2 0
github.com/wolflang/wolf/internal/config/loader.go:101.3,102.13 2 0
github.com/wolflang/wolf/internal/config/loader.go:102.13,104.4 1 0
github.com/wolflang/wolf/internal/config/loader.go:106.3,109.67 3 0
github.com/wolflang/wolf/internal/config/loader.go:109.67,111.4 1 0
github.com/wolflang/wolf/internal/config/loader.go:114.2,114.22 1 0
github.com/wolflang/wolf/internal/config/loader.go:118.36,120.23 2 0
github.com/wolflang/wolf/internal/config/loader.go:120.23,121.16 1 0
github.com/wolflang/wolf/internal/config/loader.go:121.16,123.4 1 0
github.com/wolflang/wolf/internal/config/loader.go:124.3,124.28 1 0
github.com/wolflang/wolf/internal/config/loader.go:124.28,126.4 1 0
github.com/wolflang/wolf/internal/config/loader.go:128.2,128.10 1 0
github.com/wolflang/wolf/internal/config/loader.go:132.74,133.43 1 0
github.com/wolflang/wolf/internal/config/loader.go:133.43,135.3 1 0
github.com/wolflang/wolf/internal/config/loader.go:137.2,137.17 1 0
github.com/wolflang/wolf/internal/config/loader.go:138.13,139.14 1 0
github.com/wolflang/wolf/internal/config/loader.go:140.15,141.22 1 0
github.com/wolflang/wolf/internal/config/loader.go:142.14,143.21 1 0
github.com/wolflang/wolf/internal/config/loader.go:144.16,146.18 2 0
github.com/wolflang/wolf/internal/config/loader.go:146.18,148.5 1 0
github.com/wolflang/wolf/internal/config/loader.go:149.4,149.21 1 0
github.com/wolflang/wolf/internal/config/loader.go:150.18,151.25 1 0
github.com/wolflang/wolf/internal/config/loader.go:152.14,153.21 1 0
github.com/wolflang/wolf/internal/config/loader.go:154.11,155.32 1 0
github.com/wolflang/wolf/internal/config/loader.go:158.16,159.14 1 0
github.com/wolflang/wolf/internal/config/loader.go:160.15,161.25 1 0
github.com/wolflang/wolf/internal/config/loader.go:162.15,164.18 2 0
github.com/wolflang/wolf/internal/config/loader.go:164.18,166.5 1 0
github.com/wolflang/wolf/internal/config/loader.go:167.4,167.23 1 0
github.com/wolflang/wolf/internal/config/loader.go:168.23,170.18 2 0
github.com/wolflang/wolf/internal/config/loader.go:170.18,172.5 1 0
github.com/wolflang/wolf/internal/config/loader.go:173.4,173.33 1 0
github.com/wolflang/wolf/internal/config/loader.go:174.24,176.18 2 0
github.com/wolflang/wolf/internal/config/loader.go:176.18,178.5 1 0
github.com/wolflang/wolf/internal/config/loader.go:179.4,179.34 1 0
github.com/wolflang/wolf/internal/config/loader.go:180.27,182.18 2 0
github.com/wolflang/wolf/internal/config/loader.go:182.18,184.5 1 0
github.com/wolflang/wolf/internal/config/loader.go:185.4,185.33 1 0
github.com/wolflang/wolf/internal/config/loader.go:186.25,188.18 2 0
github.com/wolflang/wolf/internal/config/loader.go:188.18,190.5 1 0
github.com/wolflang/wolf/internal/config/loader.go:191.4,191.32 1 0
github.com/wolflang/wolf/internal/config/loader.go:192.22,194.18 2 0
github.com/wolflang/wolf/internal/config/loader.go:194.18,196.5 1 0
github.com/wolflang/wolf/internal/config/loader.go:197.4,197.29 1 0
github.com/wolflang/wolf/internal/config/loader.go:198.18,200.18 2 0
github.com/wolflang/wolf/internal/config/loader.go:200.18,202.5 1 0
github.com/wolflang/wolf/internal/config/loader.go:203.4,203.26 1 0
github.com/wolflang/wolf/internal/config/loader.go:204.11,205.32 1 0
github.com/wolflang/wolf/internal/config/loader.go:208.24,209.14 1 0
github.com/wolflang/wolf/internal/config/loader.go:210.17,211.23 1 0
github.com/wolflang/wolf/internal/config/loader.go:212.15,213.21 1 0
github.com/wolflang/wolf/internal/config/loader.go:214.15,216.18 2 0
github.com/wolflang/wolf/internal/config/loader.go:216.18,218.5 1 0
github.com/wolflang/wolf/internal/config/loader.go:219.4,219.19 1 0
github.com/wolflang/wolf/internal/config/loader.go:220.15,221.21 1 0
github.com/wolflang/wolf/internal/config/loader.go:222.15,223.21 1 0
github.com/wolflang/wolf/internal/config/loader.go:224.19,225.25 1 0
github.com/wolflang/wolf/internal/config/loader.go:226.20,228.18 2 0
github.com/wolflang/wolf/internal/config/loader.go:228.18,230.5 1 0
github.com/wolflang/wolf/internal/config/loader.go:231.4,231.23 1 0
github.com/wolflang/wolf/internal/config/loader.go:232.24,234.18 2 0
github.com/wolflang/wolf/internal/config/loader.go:234.18,236.5 1 0
github.com/wolflang/wolf/internal/config/loader.go:237.4,237.26 1 0
github.com/wolflang/wolf/internal/config/loader.go:238.23,240.18 2 0
github.com/wolflang/wolf/internal/config/loader.go:240.18,242.5 1 0
github.com/wolflang/wolf/internal/config/loader.go:243.4,243.26 1 0
github.com/wolflang/wolf/internal/config/loader.go:244.22,246.18 2 0
github.com/wolflang/wolf/internal/config/loader.go:246.18,248.5 1 0
github.com/wolflang/wolf/internal/config/loader.go:249.4,249.25 1 0
github.com/wolflang/wolf/internal/config/loader.go:250.20,251.25 1 0
github.com/wolflang/wolf/internal/config/loader.go:252.20,254.18 2 0
github.com/wolflang/wolf/internal/config/loader.go:254.18,256.5 1 0
github.com/wolflang/wolf/internal/config/loader.go:257.4,257.23 1 0
github.com/wolflang/wolf/internal/config/loader.go:258.11,259.32 1 0
github.com/wolflang/wolf/internal/config/loader.go:262.15,263.14 1 0
github.com/wolflang/wolf/internal/config/loader.go:264.15,265.24 1 0
github.com/wolflang/wolf/internal/config/loader.go:266.15,268.18 2 0
github.com/wolflang/wolf/internal/config/loader.go:268.18,270.5 1 0
github.com/wolflang/wolf/internal/config/loader.go:271.4,271.22 1 0
github.com/wolflang/wolf/internal/config/loader.go:272.19,273.28 1 0
github.com/wolflang/wolf/internal/config/loader.go:274.13,276.18 2 0
github.com/wolflang/wolf/internal/config/loader.go:276.18,278.5 1 0
github.com/wolflang/wolf/internal/config/loader.go:279.4,279.20 1 0
github.com/wolflang/wolf/internal/config/loader.go:280.11,281.32 1 0
github.com/wolflang/wolf/internal/config/loader.go:284.13,285.14 1 0
github.com/wolflang/wolf/internal/config/loader.go:286.17,287.24 1 0
github.com/wolflang/wolf/internal/config/loader.go:288.35,290.18 2 0
github.com/wolflang/wolf/internal/config/loader.go:290.18,292.5 1 0
github.com/wolflang/wolf/internal/config/loader.go:293.4,293.25 1 0
github.com/wolflang/wolf/internal/config/loader.go:294.20,295.27 1 0
github.com/wolflang/wolf/internal/config/loader.go:296.11,297.32 1 0
github.com/wolflang/wolf/internal/config/loader.go:300.13,301.14 1 0
github.com/wolflang/wolf/internal/config/loader.go:302.16,303.23 1 0
github.com/wolflang/wolf/internal/config/loader.go:304.17,305.24 1 0
github.com/wolflang/wolf/internal/config/loader.go:306.15,307.22 1 0
github.com/wolflang/wolf/internal/config/loader.go:308.11,309.32 1 0
github.com/wolflang/wolf/internal/config/loader.go:312.15,313.14 1 0
github.com/wolflang/wolf/internal/config/loader.go:314.18,315.26 1 0
github.com/wolflang/wolf/internal/config/loader.go:316.31,318.18 2 0
github.com/wolflang/wolf/internal/config/loader.go:318.18,320.5 1 0
github.com/wolflang/wolf/internal/config/loader.go:321.4,321.26 1 0
github.com/wolflang/wolf/internal/config/loader.go:322.18,324.18 2 0
github.com/wolflang/wolf/internal/config/loader.go:324.18,326.5 1 0
github.com/wolflang/wolf/internal/config/loader.go:327.4,327.24 1 0
github.com/wolflang/wolf/internal/config/loader.go:328.22,330.18 2 0
github.com/wolflang/wolf/internal/config/loader.go:330.18,332.5 1 0
github.com/wolflang/wolf/internal/config/loader.go:333.4,333.28 1 0
github.com/wolflang/wolf/internal/config/loader.go:334.11,335.32 1 0
github.com/wolflang/wolf/internal/config/loader.go:338.10,339.73 1 0
github.com/wolflang/wolf/internal/config/loader.go:341.10,341.10 0 0
github.com/wolflang/wolf/internal/config/loader.go:346.2,346.12 1 0
github.com/wolflang/wolf/internal/config/loader.go:352.34,353.43 1 0
github.com/wolflang/wolf/internal/config/loader.go:353.43,354.37 1 0
github.com/wolflang/wolf/internal/config/loader.go:354.37,356.4 1 0
github.com/wolflang/wolf/internal/config/loader.go:358.2,358.40 1 0
github.com/wolflang/wolf/internal/config/loader.go:358.40,359.37 1 0
github.com/wolflang/wolf/internal/config/loader.go:359.37,360.45 1 0
github.com/wolflang/wolf/internal/config/loader.go:360.45,362.5 1 0
github.com/wolflang/wolf/internal/config/loader.go:365.2,365.42 1 0
github.com/wolflang/wolf/internal/config/loader.go:365.42,366.37 1 0
github.com/wolflang/wolf/internal/config/loader.go:366.37,367.42 1 0
github.com/wolflang/wolf/internal/config/loader.go:367.42,369.5 1 0
github.com/wolflang/wolf/internal/config/loader.go:374.2,424.53 39 0
github.com/wolflang/wolf/internal/config/loader.go:429.38,431.29 2 0
github.com/wolflang/wolf/internal/config/loader.go:431.29,433.3 1 0
github.com/wolflang/wolf/internal/config/loader.go:435.2,435.52 1 0
github.com/wolflang/wolf/internal/config/loader.go:435.52,437.3 1 0
github.com/wolflang/wolf/internal/config/loader.go:439.2,439.61 1 0
github.com/wolflang/wolf/internal/config/loader.go:439.61,441.3 1 0
github.com/wolflang/wolf/internal/config/loader.go:443.2,444.30 2 0
github.com/wolflang/wolf/internal/config/loader.go:444.30,446.3 1 0
github.com/wolflang/wolf/internal/config/loader.go:448.2,448.25 1 0
github.com/wolflang/wolf/internal/config/loader.go:448.25,450.3 1 0
github.com/wolflang/wolf/internal/config/loader.go:451.2,451.28 1 0
github.com/wolflang/wolf/internal/config/loader.go:451.28,453.3 1 0
github.com/wolflang/wolf/internal/config/loader.go:454.2,454.42 1 0
github.com/wolflang/wolf/internal/config/loader.go:454.42,457.3 1 0
github.com/wolflang/wolf/internal/config/loader.go:458.2,458.28 1 0
github.com/wolflang/wolf/internal/config/loader.go:458.28,460.3 1 0
github.com/wolflang/wolf/internal/config/loader.go:462.2,463.63 2 0
github.com/wolflang/wolf/internal/config/loader.go:463.63,465.3 1 0
github.com/wolflang/wolf/internal/config/loader.go:467.2,468.33 2 0
github.com/wolflang/wolf/internal/config/loader.go:468.33,470.3 1 0
github.com/wolflang/wolf/internal/config/loader.go:472.2,472.12 1 0
github.com/wolflang/wolf/internal/config/loader.go:476.40,477.47 1 0
github.com/wolflang/wolf/internal/config/loader.go:478.32,479.19 1 0
github.com/wolflang/wolf/internal/config/loader.go:480.33,481.20 1 0
github.com/wolflang/wolf/internal/config/loader.go:483.2,483.56 1 0
github.com/wolflang/wolf/internal/ir/ir_nodes.go:62.31,62.32 0 0
github.com/wolflang/wolf/internal/ir/ir_nodes.go:71.30,71.31 0 0
github.com/wolflang/wolf/internal/ir/ir_nodes.go:78.28,78.29 0 0
github.com/wolflang/wolf/internal/ir/ir_nodes.go:85.30,85.31 0 0
github.com/wolflang/wolf/internal/ir/ir_nodes.go:95.26,95.27 0 0
github.com/wolflang/wolf/internal/ir/ir_nodes.go:111.27,111.28 0 0
github.com/wolflang/wolf/internal/ir/ir_nodes.go:121.29,121.30 0 0
github.com/wolflang/wolf/internal/ir/ir_nodes.go:130.30,130.31 0 0
github.com/wolflang/wolf/internal/ir/ir_nodes.go:143.29,143.30 0 0
github.com/wolflang/wolf/internal/ir/ir_nodes.go:150.26,150.27 0 0
github.com/wolflang/wolf/internal/ir/ir_nodes.go:157.29,157.30 0 0
github.com/wolflang/wolf/internal/ir/ir_nodes.go:164.27,164.28 0 0
github.com/wolflang/wolf/internal/ir/ir_nodes.go:178.25,178.26 0 0
github.com/wolflang/wolf/internal/ir/ir_nodes.go:185.26,185.27 0 0
github.com/wolflang/wolf/internal/ir/ir_nodes.go:192.28,192.29 0 0
github.com/wolflang/wolf/internal/ir/ir_nodes.go:199.29,199.30 0 0
github.com/wolflang/wolf/internal/ir/ir_nodes.go:206.27,206.28 0 0
github.com/wolflang/wolf/internal/ir/ir_nodes.go:211.26,211.27 0 0
github.com/wolflang/wolf/internal/ir/ir_nodes.go:220.30,220.31 0 0
github.com/wolflang/wolf/internal/ir/ir_nodes.go:228.29,228.30 0 0
github.com/wolflang/wolf/internal/ir/ir_nodes.go:236.28,236.29 0 0
github.com/wolflang/wolf/internal/ir/ir_nodes.go:244.31,244.32 0 0
github.com/wolflang/wolf/internal/ir/ir_nodes.go:253.34,253.35 0 0
github.com/wolflang/wolf/internal/ir/ir_nodes.go:262.30,262.31 0 0
github.com/wolflang/wolf/internal/ir/ir_nodes.go:270.29,270.30 0 0
github.com/wolflang/wolf/internal/ir/ir_nodes.go:278.28,278.29 0 0
github.com/wolflang/wolf/internal/ir/ir_nodes.go:288.26,288.27 0 0
github.com/wolflang/wolf/internal/ir/ir_nodes.go:296.29,296.30 0 0
github.com/wolflang/wolf/internal/ir/ir_nodes.go:305.27,305.28 0 0
github.com/wolflang/wolf/internal/ir/ir_nodes.go:313.30,313.31 0 0
github.com/wolflang/wolf/internal/ir/ir_nodes.go:320.28,320.29 0 0
github.com/wolflang/wolf/internal/ir/ir_nodes.go:328.28,328.29 0 0
github.com/wolflang/wolf/internal/ir/ir_nodes.go:335.28,335.29 0 0
github.com/wolflang/wolf/internal/ir/ir_nodes.go:343.31,343.32 0 0
github.com/wolflang/wolf/internal/ir/ir_nodes.go:351.32,351.33 0 0
github.com/wolflang/wolf/internal/ir/ir_nodes.go:358.28,358.29 0 0
github.com/wolflang/wolf/internal/ir/ir_nodes.go:369.29,369.30 0 0
github.com/wolflang/wolf/internal/ir/ir_nodes.go:377.29,377.30 0 0
github.com/wolflang/wolf/internal/ir/ir_nodes.go:385.31,385.32 0 0
github.com/wolflang/wolf/internal/emitter/ir_emitter.go:21.45,28.2 1 1
github.com/wolflang/wolf/internal/emitter/ir_emitter.go:31.63,39.42 3 1
github.com/wolflang/wolf/internal/emitter/ir_emitter.go:39.42,40.27 1 1
github.com/wolflang/wolf/internal/emitter/ir_emitter.go:41.25,44.30 2 1
github.com/wolflang/wolf/internal/emitter/ir_emitter.go:44.30,50.5 2 0
github.com/wolflang/wolf/internal/emitter/ir_emitter.go:51.4,51.51 1 1
github.com/wolflang/wolf/internal/emitter/ir_emitter.go:52.26,54.48 2 1
github.com/wolflang/wolf/internal/emitter/ir_emitter.go:55.11,57.21 2 1
github.com/wolflang/wolf/internal/emitter/ir_emitter.go:57.21,59.5 1 1
github.com/wolflang/wolf/internal/emitter/ir_emitter.go:64.2,64.29 1 1
github.com/wolflang/wolf/internal/emitter/ir_emitter.go:64.29,66.3 1 1
github.com/wolflang/wolf/internal/emitter/ir_emitter.go:68.2,68.15 1 1
github.com/wolflang/wolf/internal/emitter/ir_emitter.go:72.66,73.42 1 1
github.com/wolflang/wolf/internal/emitter/ir_emitter.go:73.42,74.56 1 1
github.com/wolflang/wolf/internal/emitter/ir_emitter.go:74.56,75.56 1 1
github.com/wolflang/wolf/internal/emitter/ir_emitter.go:75.56,76.58 1 0
github.com/wolflang/wolf/internal/emitter/ir_emitter.go:76.58,77.54 1 0
github.com/wolflang/wolf/internal/emitter/ir_emitter.go:77.54,78.68 1 0
github.com/wolflang/wolf/internal/emitter/ir_emitter.go:78.68,80.43 2 0
github.com/wolflang/wolf/internal/emitter/ir_emitter.go:80.43,82.9 1 0
github.com/wolflang/wolf/internal/emitter/ir_emitter.go:83.8,83.35 1 0
github.com/wolflang/wolf/internal/emitter/ir_emitter.go:94.61,95.26 1 1
github.com/wolflang/wolf/internal/emitter/ir_emitter.go:96.30,97.27 1 1
github.com/wolflang/wolf/internal/emitter/ir_emitter.go:98.23,99.26 1 0
github.com/wolflang/wolf/internal/emitter/ir_emitter.go:100.26,101.29 1 1
github.com/wolflang/wolf/internal/emitter/ir_emitter.go:102.26,103.29 1 0
github.com/wolflang/wolf/internal/emitter/ir_emitter.go:104.22,105.25 1 1
github.com/wolflang/wolf/internal/emitter/ir_emitter.go:106.23,107.26 1 1
github.com/wolflang/wolf/internal/emitter/ir_emitter.go:108.27,109.30 1 1
github.com/wolflang/wolf/internal/emitter/ir_emitter.go:110.25,111.28 1 0
github.com/wolflang/wolf/internal/emitter/ir_emitter.go:112.25,113.28 1 1
github.com/wolflang/wolf/internal/emitter/ir_emitter.go:114.28,115.27 1 0
github.com/wolflang/wolf/internal/emitter/ir_emitter.go:116.28,117.27 1 0
github.com/wolflang/wolf/internal/emitter/ir_emitter.go:118.33,119.30 1 0
github.com/wolflang/wolf/internal/emitter/ir_emitter.go:120.25,121.24 1 0
github.com/wolflang/wolf/internal/emitter/ir_emitter.go:122.10,123.13 1 0
github.com/wolflang/wolf/internal/emitter/ir_emitter.go:127.68,129.48 1 1
github.com/wolflang/wolf/internal/emitter/ir_emitter.go:129.48,130.92 1 1
github.com/wolflang/wolf/internal/emitter/ir_emitter.go:130.92,136.17 3 1
github.com/wolflang/wolf/internal/emitter/ir_emitter.go:136.17,137.44 1 1
github.com/wolflang/wolf/internal/emitter/ir_emitter.go:137.44,138.33 1 1
github.com/wolflang/wolf/internal/emitter/ir_emitter.go:138.33,141.7 2 1
github.com/wolflang/wolf/internal/emitter/ir_emitter.go:145.4,149.5 1 1
github.com/wolflang/wolf/internal/emitter/ir_emitter.go:154.2,154.47 1 1
github.com/wolflang/wolf/internal/emitter/ir_emitter.go:154.47,155.56 1 0
github.com/wolflang/wolf/internal/emitter/ir_emitter.go:155.56,156.22 1 0
github.com/wolflang/wolf/internal/emitter/ir_emitter.go:157.17,158.33 1 0
github.com/wolflang/wolf/internal/emitter/ir_emitter.go:159.17,160.33 1 0
github.com/wolflang/wolf/internal/emitter/ir_emitter.go:161.19,162.35 1 0
github.com/wolflang/wolf/internal/emitter/ir_emitter.go:167.2,167.47 1 1
github.com/wolflang/wolf/internal/emitter/ir_emitter.go:171.66,180.25 7 0
github.com/wolflang/wolf/internal/emitter/ir_emitter.go:180.25,181.58 1 0
github.com/wolflang/wolf/internal/emitter/ir_emitter.go:181.58,183.4 1 0
github.com/wolflang/wolf/internal/emitter/ir_emitter.go:184.3,184.58 1 0
github.com/wolflang/wolf/internal/emitter/ir_emitter.go:184.58,186.4 1 0
github.com/wolflang/wolf/internal/emitter/ir_emitter.go:188.2,188.25 1 0
github.com/wolflang/wolf/internal/emitter/ir_emitter.go:188.25,189.57 1 0
github.com/wolflang/wolf/internal/emitter/ir_emitter.go:189.57,191.4 1 0
github.com/wolflang/wolf/internal/emitter/ir_emitter.go:194.2,198.3 1 0
github.com/wolflang/wolf/internal/emitter/ir_emitter.go:202.66,210.25 6 0
github.com/wolflang/wolf/internal/emitter/ir_emitter.go:210.25,212.3 1 0
github.com/wolflang/wolf/internal/emitter/ir_emitter.go:212.8,214.3 1 0
github.com/wolflang/wolf/internal/emitter/ir_emitter.go:216.2,216.25 1 0
github.com/wolflang/wolf/internal/emitter/ir_emitter.go:216.25,218.3 1 0
github.com/wolflang/wolf/internal/emitter/ir_emitter.go:220.2,220.52 1 0
github.com/wolflang/wolf/internal/emitter/ir_emitter.go:224.68,231.25 5 0
github.com/wolflang/wolf/internal/emitter/ir_emitter.go:231.25,233.3 1 0
github.com/wolflang/wolf/internal/emitter/ir_emitter.go:234.2,234.25 1 0
github.com/wolflang/wolf/internal/emitter/ir_emitter.go:234.25,236.3 1 0
github.com/wolflang/wolf/internal/emitter/ir_emitter.go:238.2,241.3 1 0
github.com/wolflang/wolf/internal/emitter/ir_emitter.go:244.60,249.20 4 0
github.com/wolflang/wolf/internal/emitter/ir_emitter.go:249.20,251.3 1 0
github.com/wolflang/wolf/internal/emitter/ir_emitter.go:253.2,257.3 1 0
github.com/wolflang/wolf/internal/emitter/ir_emitter.go:260.66,265.15 3 1
github.com/wolflang/wolf/internal/emitter/ir_emitter.go:265.15,266.42 1 1
github.com/wolflang/wolf/internal/emitter/ir_emitter.go:266.42,267.31 1 1
github.com/wolflang/wolf/internal/emitter/ir_emitter.go:267.31,270.5 2 1
github.com/wolflang/wolf/internal/emitter/ir_emitter.go:274.2,278.3 1 1
github.com/wolflang/wolf/internal/emitter/ir_emitter.go:281.66,283.29 2 0
github.com/wolflang/wolf/internal/emitter/ir_emitter.go:283.29,285.3 1 0
github.com/wolflang/wolf/internal/emitter/ir_emitter.go:286.2,286.39 1 0
github.com/wolflang/wolf/internal/emitter/ir_emitter.go:289.58,295.32 2 1
github.com/wolflang/wolf/internal/emitter/ir_emitter.go:295.32,300.3 1 0
github.com/wolflang/wolf/internal/emitter/ir_emitter.go:302.2,302.23 1 1
github.com/wolflang/wolf/internal/emitter/ir_emitter.go:302.23,304.3 1 1
github.com/wolflang/wolf/internal/emitter/ir_emitter.go:306.2,306.15 1 1
github.com/wolflang/wolf/internal/emitter/ir_emitter.go:309.60,316.2 1 1
github.com/wolflang/wolf/internal/emitter/ir_emitter.go:318.68,320.20 2 1
github.com/wolflang/wolf/internal/emitter/ir_emitter.go:320.20,322.3 1 0
github.com/wolflang/wolf/internal/emitter/ir_emitter.go:323.2,330.3 2 1
github.com/wolflang/wolf/internal/emitter/ir_emitter.go:333.64,341.2 1 0
github.com/wolflang/wolf/internal/emitter/ir_emitter.go:343.64,348.29 2 1
github.com/wolflang/wolf/internal/emitter/ir_emitter.go:348.29,349.58 1 1
github.com/wolflang/wolf/internal/emitter/ir_emitter.go:349.58,351.4 1 1
github.com/wolflang/wolf/internal/emitter/ir_emitter.go:351.9,357.4 2 1
github.com/wolflang/wolf/internal/emitter/ir_emitter.go:360.2,360.15 1 1
github.com/wolflang/wolf/internal/emitter/ir_emitter.go:363.66,369.22 3 0
github.com/wolflang/wolf/internal/emitter/ir_emitter.go:369.22,371.3 1 0
github.com/wolflang/wolf/internal/emitter/ir_emitter.go:374.2,379.36 3 0
github.com/wolflang/wolf/internal/emitter/ir_emitter.go:382.66,385.41 2 0
github.com/wolflang/wolf/internal/emitter/ir_emitter.go:385.41,389.3 1 0
github.com/wolflang/wolf/internal/emitter/ir_emitter.go:390.2,390.38 1 0
github.com/wolflang/wolf/internal/emitter/ir_emitter.go:393.74,397.28 2 0
github.com/wolflang/wolf/internal/emitter/ir_emitter.go:397.28,399.3 1 0
github.com/wolflang/wolf/internal/emitter/ir_emitter.go:400.2,405.3 2 0
github.com/wolflang/wolf/internal/emitter/ir_emitter.go:408.60,410.2 1 0
github.com/wolflang/wolf/internal/emitter/ir_emitter.go:414.67,422.57 3 1
github.com/wolflang/wolf/internal/emitter/ir_emitter.go:422.57,424.52 2 0
github.com/wolflang/wolf/internal/emitter/ir_emitter.go:424.52,426.4 1 0
github.com/wolflang/wolf/internal/emitter/ir_emitter.go:429.2,429.29 1 1
github.com/wolflang/wolf/internal/emitter/ir_emitter.go:429.29,432.19 3 1
github.com/wolflang/wolf/internal/emitter/ir_emitter.go:432.19,434.4 1 1
github.com/wolflang/wolf/internal/emitter/ir_emitter.go:435.3,435.71 1 1
github.com/wolflang/wolf/internal/emitter/ir_emitter.go:438.2,438.25 1 1
github.com/wolflang/wolf/internal/emitter/ir_emitter.go:438.25,439.41 1 0
github.com/wolflang/wolf/internal/emitter/ir_emitter.go:439.41,441.4 1 0
github.com/wolflang/wolf/internal/emitter/ir_emitter.go:444.2,444.19 1 1
github.com/wolflang/wolf/internal/emitter/ir_emitter.go:444.19,446.3 1 1
github.com/wolflang/wolf/internal/emitter/ir_emitter.go:448.2,448.24 1 1
github.com/wolflang/wolf/internal/emitter/ir_emitter.go:448.24,452.3 1 0
github.com/wolflang/wolf/internal/emitter/ir_emitter.go:454.2,454.11 1 1
github.com/wolflang/wolf/internal/emitter/ir_emitter.go:457.62,463.36 2 1
github.com/wolflang/wolf/internal/emitter/ir_emitter.go:463.36,465.19 2 1
github.com/wolflang/wolf/internal/emitter/ir_emitter.go:465.19,467.4 1 0
github.com/wolflang/wolf/internal/emitter/ir_emitter.go:468.3,469.26 2 1
github.com/wolflang/wolf/internal/emitter/ir_emitter.go:469.26,471.4 1 0
github.com/wolflang/wolf/internal/emitter/ir_emitter.go:472.3,477.5 1 1
github.com/wolflang/wolf/internal/emitter/ir_emitter.go:480.2,480.35 1 1
github.com/wolflang/wolf/internal/emitter/ir_emitter.go:480.35,484.35 4 1
github.com/wolflang/wolf/internal/emitter/ir_emitter.go:484.35,488.4 3 1
github.com/wolflang/wolf/internal/emitter/ir_emitter.go:488.9,490.4 1 0
github.com/wolflang/wolf/internal/emitter/ir_emitter.go:493.2,493.12 1 1
github.com/wolflang/wolf/internal/emitter/ir_emitter.go:498.62,499.17 1 1
github.com/wolflang/wolf/internal/emitter/ir_emitter.go:499.17,501.3 1 0
github.com/wolflang/wolf/internal/emitter/ir_emitter.go:503.2,503.27 1 1
github.com/wolflang/wolf/internal/emitter/ir_emitter.go:504.27,505.51 1 1
github.com/wolflang/wolf/internal/emitter/ir_emitter.go:507.26,508.34 1 0
github.com/wolflang/wolf/internal/emitter/ir_emitter.go:510.26,511.37 1 1
github.com/wolflang/wolf/internal/emitter/ir_emitter.go:513.28,514.39 1 1
github.com/wolflang/wolf/internal/emitter/ir_emitter.go:516.29,517.40 1 1
github.com/wolflang/wolf/internal/emitter/ir_emitter.go:519.27,520.38 1 1
github.com/wolflang/wolf/internal/emitter/ir_emitter.go:522.26,523.22 1 0
github.com/wolflang/wolf/internal/emitter/ir_emitter.go:525.34,526.38 1 1
github.com/wolflang/wolf/internal/emitter/ir_emitter.go:528.26,533.4 1 1
github.com/wolflang/wolf/internal/emitter/ir_emitter.go:535.25,536.67 1 0
github.com/wolflang/wolf/internal/emitter/ir_emitter.go:538.27,539.69 1 1
github.com/wolflang/wolf/internal/emitter/ir_emitter.go:541.24,543.29 2 0
github.com/wolflang/wolf/internal/emitter/ir_emitter.go:543.29,545.4 1 0
github.com/wolflang/wolf/internal/emitter/ir_emitter.go:547.3,547.35 1 0
github.com/wolflang/wolf/internal/emitter/ir_emitter.go:547.35,549.4 1 0
github.com/wolflang/wolf/internal/emitter/ir_emitter.go:550.3,550.65 1 0
github.com/wolflang/wolf/internal/emitter/ir_emitter.go:552.30,556.4 1 1
github.com/wolflang/wolf/internal/emitter/ir_emitter.go:558.26,560.29 2 0
github.com/wolflang/wolf/internal/emitter/ir_emitter.go:560.29,562.4 1 0
github.com/wolflang/wolf/internal/emitter/ir_emitter.go:563.3,563.54 1 0
github.com/wolflang/wolf/internal/emitter/ir_emitter.go:563.54,564.46 1 0
github.com/wolflang/wolf/internal/emitter/ir_emitter.go:564.46,566.5 1 0
github.com/wolflang/wolf/internal/emitter/ir_emitter.go:568.3,572.4 1 0
github.com/wolflang/wolf/internal/emitter/ir_emitter.go:574.26,576.29 2 0
github.com/wolflang/wolf/internal/emitter/ir_emitter.go:576.29,578.4 1 0
github.com/wolflang/wolf/internal/emitter/ir_emitter.go:579.3,579.43 1 0
github.com/wolflang/wolf/internal/emitter/ir_emitter.go:579.43,581.4 1 0
github.com/wolflang/wolf/internal/emitter/ir_emitter.go:582.3,586.4 1 0
github.com/wolflang/wolf/internal/emitter/ir_emitter.go:588.25,592.4 1 0
github.com/wolflang/wolf/internal/emitter/ir_emitter.go:594.28,596.36 2 1
github.com/wolflang/wolf/internal/emitter/ir_emitter.go:596.36,598.4 1 1
github.com/wolflang/wolf/internal/emitter/ir_emitter.go:599.3,599.64 1 1
github.com/wolflang/wolf/internal/emitter/ir_emitter.go:601.26,603.26 2 0
github.com/wolflang/wolf/internal/emitter/ir_emitter.go:603.26,606.4 2 0
github.com/wolflang/wolf/internal/emitter/ir_emitter.go:607.3,610.4 1 0
github.com/wolflang/wolf/internal/emitter/ir_emitter.go:612.23,614.29 2 1
github.com/wolflang/wolf/internal/emitter/ir_emitter.go:614.29,616.4 1 1
github.com/wolflang/wolf/internal/emitter/ir_emitter.go:617.3,620.4 1 1
github.com/wolflang/wolf/internal/emitter/ir_emitter.go:622.27,624.31 2 0
github.com/wolflang/wolf/internal/emitter/ir_emitter.go:624.31,626.20 2 0
github.com/wolflang/wolf/internal/emitter/ir_emitter.go:626.20,628.5 1 0
github.com/wolflang/wolf/internal/emitter/ir_emitter.go:629.4,629.89 1 0
github.com/wolflang/wolf/internal/emitter/ir_emitter.go:631.3,631.21 1 0
github.com/wolflang/wolf/internal/emitter/ir_emitter.go:631.21,633.4 1 0
github.com/wolflang/wolf/internal/emitter/ir_emitter.go:634.3,634.26 1 0
github.com/wolflang/wolf/internal/emitter/ir_emitter.go:634.26,636.4 1 0
github.com/wolflang/wolf/internal/emitter/ir_emitter.go:637.3,637.12 1 0
github.com/wolflang/wolf/internal/emitter/ir_emitter.go:639.25,643.4 1 0
github.com/wolflang/wolf/internal/emitter/ir_emitter.go:645.25,647.52 1 0
github.com/wolflang/wolf/internal/emitter/ir_emitter.go:649.27,650.61 1 0
github.com/wolflang/wolf/internal/emitter/ir_emitter.go:652.24,653.84 1 0
github.com/wolflang/wolf/internal/emitter/ir_emitter.go:655.27,656.55 1 0
github.com/wolflang/wolf/internal/emitter/ir_emitter.go:658.25,660.55 2 1
github.com/wolflang/wolf/internal/emitter/ir_emitter.go:662.25,667.4 2 1
github.com/wolflang/wolf/internal/emitter/ir_emitter.go:669.28,673.4 1 0
github.com/wolflang/wolf/internal/emitter/ir_emitter.go:675.24,676.30 1 0
github.com/wolflang/wolf/internal/emitter/ir_emitter.go:678.10,679.22 1 0
github.com/wolflang/wolf/internal/emitter/ir_emitter.go:683.82,689.31 4 1
github.com/wolflang/wolf/internal/emitter/ir_emitter.go:689.31,690.27 1 1
github.com/wolflang/wolf/internal/emitter/ir_emitter.go:691.30,692.21 1 1
github.com/wolflang/wolf/internal/emitter/ir_emitter.go:693.11,695.41 2 1
github.com/wolflang/wolf/internal/emitter/ir_emitter.go:699.2,699.51 1 1
github.com/wolflang/wolf/internal/emitter/ir_emitter.go:704.67,706.26 2 1
github.com/wolflang/wolf/internal/emitter/ir_emitter.go:706.26,708.20 2 1
github.com/wolflang/wolf/internal/emitter/ir_emitter.go:708.20,710.4 1 1
github.com/wolflang/wolf/internal/emitter/ir_emitter.go:712.2,712.15 1 1
github.com/wolflang/wolf/internal/emitter/ir_emitter.go:715.76,717.2 1 1
github.com/wolflang/wolf/internal/emitter/ir_emitter.go:719.59,720.55 1 1
github.com/wolflang/wolf/internal/emitter/ir_emitter.go:720.55,721.40 1 1
github.com/wolflang/wolf/internal/emitter/ir_emitter.go:721.40,723.4 1 1
github.com/wolflang/wolf/internal/emitter/ir_emitter.go:725.2,725.30 1 0
github.com/wolflang/wolf/internal/emitter/ir_emitter.go:728.38,729.37 1 0
github.com/wolflang/wolf/internal/emitter/ir_emitter.go:729.37,731.3 1 0
github.com/wolflang/wolf/internal/emitter/ir_emitter.go:732.2,732.13 1 0
github.com/wolflang/wolf/internal/emitter/ir_emitter.go:735.58,736.18 1 1
github.com/wolflang/wolf/internal/emitter/ir_emitter.go:737.13,738.15 1 0
github.com/wolflang/wolf/internal/emitter/ir_emitter.go:739.26,740.19 1 0
github.com/wolflang/wolf/internal/emitter/ir_emitter.go:741.16,742.18 1 1
github.com/wolflang/wolf/internal/emitter/ir_emitter.go:743.14,744.16 1 0
github.com/wolflang/wolf/internal/emitter/ir_emitter.go:745.15,746.17 1 0
github.com/wolflang/wolf/internal/emitter/ir_emitter.go:747.17,748.12 1 1
github.com/wolflang/wolf/internal/emitter/ir_emitter.go:749.10,750.18 1 0
github.com/wolflang/wolf/internal/emitter/ir_emitter.go:754.39,756.26 2 0
github.com/wolflang/wolf/internal/emitter/ir_emitter.go:756.26,757.12 1 0
github.com/wolflang/wolf/internal/emitter/ir_emitter.go:757.12,759.4 1 0
github.com/wolflang/wolf/internal/emitter/ir_emitter.go:760.3,760.14 1 0
github.com/wolflang/wolf/internal/emitter/ir_emitter.go:762.2,762.15 1 0
github.com/wolflang/wolf/internal/emitter/llvm_emitter.go:31.36,41.2 3 1
github.com/wolflang/wolf/internal/emitter/llvm_emitter.go:43.40,62.2 13 1
github.com/wolflang/wolf/internal/emitter/llvm_emitter.go:65.42,68.2 2 1
github.com/wolflang/wolf/internal/emitter/llvm_emitter.go:71.55,74.2 2 1
github.com/wolflang/wolf/internal/emitter/llvm_emitter.go:77.59,78.44 1 1
github.com/wolflang/wolf/internal/emitter/llvm_emitter.go:78.44,80.3 1 0
github.com/wolflang/wolf/internal/emitter/llvm_emitter.go:81.2,84.14 4 1
github.com/wolflang/wolf/internal/emitter/llvm_emitter.go:88.40,90.30 2 1
github.com/wolflang/wolf/internal/emitter/llvm_emitter.go:90.30,92.13 2 1
github.com/wolflang/wolf/internal/emitter/llvm_emitter.go:93.13,94.25 1 0
github.com/wolflang/wolf/internal/emitter/llvm_emitter.go:95.12,96.25 1 0
github.com/wolflang/wolf/internal/emitter/llvm_emitter.go:97.13,98.25 1 0
github.com/wolflang/wolf/internal/emitter/llvm_emitter.go:99.13,100.25 1 0
github.com/wolflang/wolf/internal/emitter/llvm_emitter.go:101.13,102.25 1 0
github.com/wolflang/wolf/internal/emitter/llvm_emitter.go:103.15,104.25 1 0
github.com/wolflang/wolf/internal/emitter/llvm_emitter.go:105.11,106.27 1 1
github.com/wolflang/wolf/internal/emitter/llvm_emitter.go:106.27,108.5 1 0
github.com/wolflang/wolf/internal/emitter/llvm_emitter.go:108.10,110.5 1 1
github.com/wolflang/wolf/internal/emitter/llvm_emitter.go:113.2,113.19 1 1
github.com/wolflang/wolf/internal/emitter/llvm_emitter.go:117.56,131.39 7 1
github.com/wolflang/wolf/internal/emitter/llvm_emitter.go:131.39,133.3 1 1
github.com/wolflang/wolf/internal/emitter/llvm_emitter.go:134.2,134.38 1 1
github.com/wolflang/wolf/internal/emitter/llvm_emitter.go:134.38,135.29 1 0
github.com/wolflang/wolf/internal/emitter/llvm_emitter.go:135.29,139.4 3 0
github.com/wolflang/wolf/internal/emitter/llvm_emitter.go:140.3,140.38 1 0
github.com/wolflang/wolf/internal/emitter/llvm_emitter.go:140.38,144.4 3 0
github.com/wolflang/wolf/internal/emitter/llvm_emitter.go:148.2,148.39 1 1
github.com/wolflang/wolf/internal/emitter/llvm_emitter.go:148.39,151.3 2 1
github.com/wolflang/wolf/internal/emitter/llvm_emitter.go:154.2,154.38 1 1
github.com/wolflang/wolf/internal/emitter/llvm_emitter.go:154.38,155.29 1 0
github.com/wolflang/wolf/internal/emitter/llvm_emitter.go:155.29,158.4 2 0
github.com/wolflang/wolf/internal/emitter/llvm_emitter.go:159.3,159.38 1 0
github.com/wolflang/wolf/internal/emitter/llvm_emitter.go:159.38,162.4 2 0
github.com/wolflang/wolf/internal/emitter/llvm_emitter.go:166.2,166.32 1 1
github.com/wolflang/wolf/internal/emitter/llvm_emitter.go:166.32,179.40 8 1
github.com/wolflang/wolf/internal/emitter/llvm_emitter.go:179.40,181.4 1 1
github.com/wolflang/wolf/internal/emitter/llvm_emitter.go:183.3,183.42 1 1
github.com/wolflang/wolf/internal/emitter/llvm_emitter.go:183.42,185.4 1 1
github.com/wolflang/wolf/internal/emitter/llvm_emitter.go:187.3,190.17 4 1
github.com/wolflang/wolf/internal/emitter/llvm_emitter.go:194.2,203.18 8 1
github.com/wolflang/wolf/internal/emitter/llvm_emitter.go:203.18,205.3 1 1
github.com/wolflang/wolf/internal/emitter/llvm_emitter.go:206.2,210.29 3 1
github.com/wolflang/wolf/internal/emitter/llvm_emitter.go:210.29,212.44 2 1
github.com/wolflang/wolf/internal/emitter/llvm_emitter.go:212.44,216.4 3 1
github.com/wolflang/wolf/internal/emitter/llvm_emitter.go:217.3,217.16 1 1
github.com/wolflang/wolf/internal/emitter/llvm_emitter.go:221.2,601.23 354 1
github.com/wolflang/wolf/internal/emitter/llvm_emitter.go:606.57,607.29 1 1
github.com/wolflang/wolf/internal/emitter/llvm_emitter.go:607.29,608.27 1 1
github.com/wolflang/wolf/internal/emitter/llvm_emitter.go:609.24,611.39 2 0
github.com/wolflang/wolf/internal/emitter/llvm_emitter.go:611.39,612.23 1 0
github.com/wolflang/wolf/internal/emitter/llvm_emitter.go:612.23,614.6 1 0
github.com/wolflang/wolf/internal/emitter/llvm_emitter.go:615.5,615.21 1 0
github.com/wolflang/wolf/internal/emitter/llvm_emitter.go:615.21,617.6 1 0
github.com/wolflang/wolf/internal/emitter/llvm_emitter.go:619.4,619.31 1 0
github.com/wolflang/wolf/internal/emitter/llvm_emitter.go:620.23,621.46 1 1
github.com/wolflang/wolf/internal/emitter/llvm_emitter.go:621.46,622.38 1 1
github.com/wolflang/wolf/internal/emitter/llvm_emitter.go:622.38,624.22 2 1
github.com/wolflang/wolf/internal/emitter/llvm_emitter.go:624.22,626.7 1 0
github.com/wolflang/wolf/internal/emitter/llvm_emitter.go:627.6,627.38 1 1
github.com/wolflang/wolf/internal/emitter/llvm_emitter.go:630.19,632.35 2 1
github.com/wolflang/wolf/internal/emitter/llvm_emitter.go:632.35,634.5 1 0
github.com/wolflang/wolf/internal/emitter/llvm_emitter.go:635.4,635.25 1 1
github.com/wolflang/wolf/internal/emitter/llvm_emitter.go:635.25,637.5 1 1
github.com/wolflang/wolf/internal/emitter/llvm_emitter.go:638.20,639.21 1 1
github.com/wolflang/wolf/internal/emitter/llvm_emitter.go:639.21,641.5 1 1
github.com/wolflang/wolf/internal/emitter/llvm_emitter.go:642.4,642.30 1 1
github.com/wolflang/wolf/internal/emitter/llvm_emitter.go:643.22,645.19 2 0
github.com/wolflang/wolf/internal/emitter/llvm_emitter.go:645.19,647.5 1 0
github.com/wolflang/wolf/internal/emitter/llvm_emitter.go:648.4,648.30 1 0
github.com/wolflang/wolf/internal/emitter/llvm_emitter.go:649.23,650.30 1 0
github.com/wolflang/wolf/internal/emitter/llvm_emitter.go:650.30,652.5 1 0
github.com/wolflang/wolf/internal/emitter/llvm_emitter.go:653.4,653.24 1 0
github.com/wolflang/wolf/internal/emitter/llvm_emitter.go:653.24,655.5 1 0
github.com/wolflang/wolf/internal/emitter/llvm_emitter.go:656.22,657.31 1 0
github.com/wolflang/wolf/internal/emitter/llvm_emitter.go:664.51,665.26 1 1
github.com/wolflang/wolf/internal/emitter/llvm_emitter.go:665.26,666.25 1 1
github.com/wolflang/wolf/internal/emitter/llvm_emitter.go:667.23,668.26 1 0
github.com/wolflang/wolf/internal/emitter/llvm_emitter.go:668.26,670.5 1 0
github.com/wolflang/wolf/internal/emitter/llvm_emitter.go:671.19,672.78 1 0
github.com/wolflang/wolf/internal/emitter/llvm_emitter.go:672.78,674.5 1 0
github.com/wolflang/wolf/internal/emitter/llvm_emitter.go:675.22,676.40 1 0
github.com/wolflang/wolf/internal/emitter/llvm_emitter.go:676.40,678.5 1 0
github.com/wolflang/wolf/internal/emitter/llvm_emitter.go:679.20,680.39 1 0
github.com/wolflang/wolf/internal/emitter/llvm_emitter.go:680.39,682.5 1 0
github.com/wolflang/wolf/internal/emitter/llvm_emitter.go:683.22,684.39 1 0
github.com/wolflang/wolf/internal/emitter/llvm_emitter.go:684.39,686.5 1 0
github.com/wolflang/wolf/internal/emitter/llvm_emitter.go:687.23,688.31 1 0
github.com/wolflang/wolf/internal/emitter/llvm_emitter.go:688.31,689.39 1 0
github.com/wolflang/wolf/internal/emitter/llvm_emitter.go:689.39,691.6 1 0
github.com/wolflang/wolf/internal/emitter/llvm_emitter.go:693.4,693.42 1 0
github.com/wolflang/wolf/internal/emitter/llvm_emitter.go:693.42,695.5 1 0
github.com/wolflang/wolf/internal/emitter/llvm_emitter.go:698.2,698.14 1 1
github.com/wolflang/wolf/internal/emitter/llvm_emitter.go:701.53,704.30 2 1
github.com/wolflang/wolf/internal/emitter/llvm_emitter.go:704.30,707.3 2 1
github.com/wolflang/wolf/internal/emitter/llvm_emitter.go:709.2,710.29 2 1
github.com/wolflang/wolf/internal/emitter/llvm_emitter.go:710.29,712.3 1 0
github.com/wolflang/wolf/internal/emitter/llvm_emitter.go:712.8,712.44 1 1
github.com/wolflang/wolf/internal/emitter/llvm_emitter.go:712.44,716.3 1 0
github.com/wolflang/wolf/internal/emitter/llvm_emitter.go:718.2,730.30 9 1
github.com/wolflang/wolf/internal/emitter/llvm_emitter.go:730.30,733.3 2 1
github.com/wolflang/wolf/internal/emitter/llvm_emitter.go:736.2,739.39 2 1
github.com/wolflang/wolf/internal/emitter/llvm_emitter.go:739.39,741.3 1 1
github.com/wolflang/wolf/internal/emitter/llvm_emitter.go:744.2,744.30 1 1
github.com/wolflang/wolf/internal/emitter/llvm_emitter.go:744.30,747.3 2 1
github.com/wolflang/wolf/internal/emitter/llvm_emitter.go:749.2,749.31 1 1
github.com/wolflang/wolf/internal/emitter/llvm_emitter.go:749.31,751.3 1 1
github.com/wolflang/wolf/internal/emitter/llvm_emitter.go:754.2,754.55 1 1
github.com/wolflang/wolf/internal/emitter/llvm_emitter.go:754.55,756.3 1 1
github.com/wolflang/wolf/internal/emitter/llvm_emitter.go:758.2,760.16 3 1
github.com/wolflang/wolf/internal/emitter/llvm_emitter.go:763.74,765.30 2 0
github.com/wolflang/wolf/internal/emitter/llvm_emitter.go:765.30,768.3 2 0
github.com/wolflang/wolf/internal/emitter/llvm_emitter.go:770.2,771.43 2 0
github.com/wolflang/wolf/internal/emitter/llvm_emitter.go:771.43,773.3 1 0
github.com/wolflang/wolf/internal/emitter/llvm_emitter.go:775.2,785.30 7 0
github.com/wolflang/wolf/internal/emitter/llvm_emitter.go:785.30,788.3 2 0
github.com/wolflang/wolf/internal/emitter/llvm_emitter.go:791.2,797.39 3 0
github.com/wolflang/wolf/internal/emitter/llvm_emitter.go:797.39,799.3 1 0
github.com/wolflang/wolf/internal/emitter/llvm_emitter.go:802.2,802.30 1 0
github.com/wolflang/wolf/internal/emitter/llvm_emitter.go:802.30,805.3 2 0
github.com/wolflang/wolf/internal/emitter/llvm_emitter.go:807.2,814.31 7 0
github.com/wolflang/wolf/internal/emitter/llvm_emitter.go:814.31,816.3 1 0
github.com/wolflang/wolf/internal/emitter/llvm_emitter.go:818.2,824.16 6 0
github.com/wolflang/wolf/internal/emitter/llvm_emitter.go:827.62,828.21 1 1
github.com/wolflang/wolf/internal/emitter/llvm_emitter.go:828.21,830.3 1 0
github.com/wolflang/wolf/internal/emitter/llvm_emitter.go:831.2,832.11 2 1
github.com/wolflang/wolf/internal/emitter/llvm_emitter.go:837.46,838.26 1 1
github.com/wolflang/wolf/internal/emitter/llvm_emitter.go:839.23,840.19 1 0
github.com/wolflang/wolf/internal/emitter/llvm_emitter.go:841.22,842.18 1 1
github.com/wolflang/wolf/internal/emitter/llvm_emitter.go:843.20,844.20 1 1
github.com/wolflang/wolf/internal/emitter/llvm_emitter.go:845.22,846.18 1 0
github.com/wolflang/wolf/internal/emitter/llvm_emitter.go:847.18,848.14 1 1
github.com/wolflang/wolf/internal/emitter/llvm_emitter.go:849.19,850.15 1 1
github.com/wolflang/wolf/internal/emitter/llvm_emitter.go:851.21,852.17 1 0
github.com/wolflang/wolf/internal/emitter/llvm_emitter.go:853.22,854.18 1 0
github.com/wolflang/wolf/internal/emitter/llvm_emitter.go:855.21,856.17 1 0
github.com/wolflang/wolf/internal/emitter/llvm_emitter.go:857.23,858.19 1 0
github.com/wolflang/wolf/internal/emitter/llvm_emitter.go:859.21,860.33 1 0
github.com/wolflang/wolf/internal/emitter/llvm_emitter.go:860.33,862.4 1 0
github.com/wolflang/wolf/internal/emitter/llvm_emitter.go:863.19,864.52 1 0
github.com/wolflang/wolf/internal/emitter/llvm_emitter.go:865.10,866.76 1 0
github.com/wolflang/wolf/internal/emitter/llvm_emitter.go:870.50,874.2 3 0
github.com/wolflang/wolf/internal/emitter/llvm_emitter.go:876.54,883.2 4 0
github.com/wolflang/wolf/internal/emitter/llvm_emitter.go:885.54,887.37 2 0
github.com/wolflang/wolf/internal/emitter/llvm_emitter.go:887.37,889.21 1 0
github.com/wolflang/wolf/internal/emitter/llvm_emitter.go:889.21,891.4 1 0
github.com/wolflang/wolf/internal/emitter/llvm_emitter.go:892.3,892.19 1 0
github.com/wolflang/wolf/internal/emitter/llvm_emitter.go:892.19,894.4 1 0
github.com/wolflang/wolf/internal/emitter/llvm_emitter.go:897.2,897.20 1 0
github.com/wolflang/wolf/internal/emitter/llvm_emitter.go:897.20,900.3 2 0
github.com/wolflang/wolf/internal/emitter/llvm_emitter.go:903.52,904.35 1 1
github.com/wolflang/wolf/internal/emitter/llvm_emitter.go:905.17,908.19 2 1
github.com/wolflang/wolf/internal/emitter/llvm_emitter.go:908.19,910.4 1 0
github.com/wolflang/wolf/internal/emitter/llvm_emitter.go:913.3,914.10 2 1
github.com/wolflang/wolf/internal/emitter/llvm_emitter.go:914.10,916.4 1 0
github.com/wolflang/wolf/internal/emitter/llvm_emitter.go:918.3,919.86 2 1
github.com/wolflang/wolf/internal/emitter/llvm_emitter.go:920.23,927.106 7 0
github.com/wolflang/wolf/internal/emitter/llvm_emitter.go:928.21,932.23 4 0
github.com/wolflang/wolf/internal/emitter/llvm_emitter.go:932.23,935.4 2 0
github.com/wolflang/wolf/internal/emitter/llvm_emitter.go:936.3,937.106 2 0
github.com/wolflang/wolf/internal/emitter/llvm_emitter.go:938.10,939.81 1 0
github.com/wolflang/wolf/internal/emitter/llvm_emitter.go:944.58,945.27 1 1
github.com/wolflang/wolf/internal/emitter/llvm_emitter.go:946.18,947.15 1 1
github.com/wolflang/wolf/internal/emitter/llvm_emitter.go:948.20,949.18 1 1
github.com/wolflang/wolf/internal/emitter/llvm_emitter.go:950.19,951.14 1 1
github.com/wolflang/wolf/internal/emitter/llvm_emitter.go:952.21,953.15 1 1
github.com/wolflang/wolf/internal/emitter/llvm_emitter.go:954.18,955.15 1 0
github.com/wolflang/wolf/internal/emitter/llvm_emitter.go:956.22,958.16 1 1
github.com/wolflang/wolf/internal/emitter/llvm_emitter.go:959.53,960.15 1 1
github.com/wolflang/wolf/internal/emitter/llvm_emitter.go:961.11,962.97 1 1
github.com/wolflang/wolf/internal/emitter/llvm_emitter.go:962.97,964.5 1 0
github.com/wolflang/wolf/internal/emitter/llvm_emitter.go:966.4,966.85 1 1
github.com/wolflang/wolf/internal/emitter/llvm_emitter.go:966.85,968.5 1 0
github.com/wolflang/wolf/internal/emitter/llvm_emitter.go:969.4,969.16 1 1
github.com/wolflang/wolf/internal/emitter/llvm_emitter.go:971.21,972.19 1 0
github.com/wolflang/wolf/internal/emitter/llvm_emitter.go:972.19,974.4 1 0
github.com/wolflang/wolf/internal/emitter/llvm_emitter.go:975.3,975.37 1 0
github.com/wolflang/wolf/internal/emitter/llvm_emitter.go:976.22,977.15 1 0
github.com/wolflang/wolf/internal/emitter/llvm_emitter.go:978.24,979.15 1 0
github.com/wolflang/wolf/internal/emitter/llvm_emitter.go:980.20,981.45 1 0
github.com/wolflang/wolf/internal/emitter/llvm_emitter.go:981.45,982.22 1 0
github.com/wolflang/wolf/internal/emitter/llvm_emitter.go:992.71,993.17 1 0
github.com/wolflang/wolf/internal/emitter/llvm_emitter.go:995.145,996.17 1 0
github.com/wolflang/wolf/internal/emitter/llvm_emitter.go:997.73,998.17 1 0
github.com/wolflang/wolf/internal/emitter/llvm_emitter.go:1002.37,1003.16 1 0
github.com/wolflang/wolf/internal/emitter/llvm_emitter.go:1004.131,1005.18 1 0
github.com/wolflang/wolf/internal/emitter/llvm_emitter.go:1006.145,1007.20 1 0
github.com/wolflang/wolf/internal/emitter/llvm_emitter.go:1009.4,1009.85 1 0
github.com/wolflang/wolf/internal/emitter/llvm_emitter.go:1009.85,1011.5 1 0
github.com/wolflang/wolf/internal/emitter/llvm_emitter.go:1013.3,1013.15 1 0
github.com/wolflang/wolf/internal/emitter/llvm_emitter.go:1014.26,1017.37 3 0
github.com/wolflang/wolf/internal/emitter/llvm_emitter.go:1017.37,1018.46 1 0
github.com/wolflang/wolf/internal/emitter/llvm_emitter.go:1018.46,1019.40 1 0
github.com/wolflang/wolf/internal/emitter/llvm_emitter.go:1019.40,1021.11 2 0
github.com/wolflang/wolf/internal/emitter/llvm_emitter.go:1025.3,1025.23 1 0
github.com/wolflang/wolf/internal/emitter/llvm_emitter.go:1025.23,1027.4 1 0
github.com/wolflang/wolf/internal/emitter/llvm_emitter.go:1029.3,1030.49 2 0
github.com/wolflang/wolf/internal/emitter/llvm_emitter.go:1030.49,1032.4 1 0
github.com/wolflang/wolf/internal/emitter/llvm_emitter.go:1033.3,1033.15 1 0
github.com/wolflang/wolf/internal/emitter/llvm_emitter.go:1034.22,1037.16 2 0
github.com/wolflang/wolf/internal/emitter/llvm_emitter.go:1044.41,1045.19 1 0
github.com/wolflang/wolf/internal/emitter/llvm_emitter.go:1046.137,1047.16 1 0
github.com/wolflang/wolf/internal/emitter/llvm_emitter.go:1048.29,1049.16 1 0
github.com/wolflang/wolf/internal/emitter/llvm_emitter.go:1050.199,1051.16 1 0
github.com/wolflang/wolf/internal/emitter/llvm_emitter.go:1052.93,1053.15 1 0
github.com/wolflang/wolf/internal/emitter/llvm_emitter.go:1054.65,1055.17 1 0
github.com/wolflang/wolf/internal/emitter/llvm_emitter.go:1056.67,1057.16 1 0
github.com/wolflang/wolf/internal/emitter/llvm_emitter.go:1059.3,1059.15 1 0
github.com/wolflang/wolf/internal/emitter/llvm_emitter.go:1060.17,1061.39 1 1
github.com/wolflang/wolf/internal/emitter/llvm_emitter.go:1061.39,1063.4 1 1
github.com/wolflang/wolf/internal/emitter/llvm_emitter.go:1064.3,1064.15 1 0
github.com/wolflang/wolf/internal/emitter/llvm_emitter.go:1065.10,1066.15 1 0
github.com/wolflang/wolf/internal/emitter/llvm_emitter.go:1070.52,1071.31 1 1
github.com/wolflang/wolf/internal/emitter/llvm_emitter.go:1072.20,1073.23 1 1
github.com/wolflang/wolf/internal/emitter/llvm_emitter.go:1074.26,1075.25 1 0
github.com/wolflang/wolf/internal/emitter/llvm_emitter.go:1076.10,1077.25 1 1
github.com/wolflang/wolf/internal/emitter/llvm_emitter.go:1081.52,1082.24 1 0
github.com/wolflang/wolf/internal/emitter/llvm_emitter.go:1082.24,1084.3 1 0
github.com/wolflang/wolf/internal/emitter/llvm_emitter.go:1084.8,1089.32 3 0
github.com/wolflang/wolf/internal/emitter/llvm_emitter.go:1089.32,1090.22 1 0
github.com/wolflang/wolf/internal/emitter/llvm_emitter.go:1090.22,1095.5 4 0
github.com/wolflang/wolf/internal/emitter/llvm_emitter.go:1095.10,1095.30 1 0
github.com/wolflang/wolf/internal/emitter/llvm_emitter.go:1095.30,1100.5 4 0
github.com/wolflang/wolf/internal/emitter/llvm_emitter.go:1100.10,1100.33 1 0
github.com/wolflang/wolf/internal/emitter/llvm_emitter.go:1100.33,1105.5 4 0
github.com/wolflang/wolf/internal/emitter/llvm_emitter.go:1108.3,1108.57 1 0
github.com/wolflang/wolf/internal/emitter/llvm_emitter.go:1118.72,1121.44 2 1
github.com/wolflang/wolf/internal/emitter/llvm_emitter.go:1121.44,1123.3 1 0
github.com/wolflang/wolf/internal/emitter/llvm_emitter.go:1124.2,1124.20 1 1
github.com/wolflang/wolf/internal/emitter/llvm_emitter.go:1125.12,1126.13 1 1
github.com/wolflang/wolf/internal/emitter/llvm_emitter.go:1127.13,1130.16 3 0
github.com/wolflang/wolf/internal/emitter/llvm_emitter.go:1131.16,1134.16 3 0
github.com/wolflang/wolf/internal/emitter/llvm_emitter.go:1135.10,1138.16 3 0
github.com/wolflang/wolf/internal/emitter/llvm_emitter.go:1143.44,1154.16 9 1
github.com/wolflang/wolf/internal/emitter/llvm_emitter.go:1154.16,1156.3 1 0
github.com/wolflang/wolf/internal/emitter/llvm_emitter.go:1156.8,1156.20 1 1
github.com/wolflang/wolf/internal/emitter/llvm_emitter.go:1156.20,1158.3 1 1
github.com/wolflang/wolf/internal/emitter/llvm_emitter.go:1160.2,1164.30 3 1
github.com/wolflang/wolf/internal/emitter/llvm_emitter.go:1164.30,1166.3 1 1
github.com/wolflang/wolf/internal/emitter/llvm_emitter.go:1167.2,1170.33 2 1
github.com/wolflang/wolf/internal/emitter/llvm_emitter.go:1170.33,1179.27 6 0
github.com/wolflang/wolf/internal/emitter/llvm_emitter.go:1179.27,1181.4 1 0
github.com/wolflang/wolf/internal/emitter/llvm_emitter.go:1181.9,1181.21 1 0
github.com/wolflang/wolf/internal/emitter/llvm_emitter.go:1181.21,1183.4 1 0
github.com/wolflang/wolf/internal/emitter/llvm_emitter.go:1183.9,1185.4 1 0
github.com/wolflang/wolf/internal/emitter/llvm_emitter.go:1187.3,1191.34 3 0
github.com/wolflang/wolf/internal/emitter/llvm_emitter.go:1191.34,1193.4 1 0
github.com/wolflang/wolf/internal/emitter/llvm_emitter.go:1194.3,1194.58 1 0
github.com/wolflang/wolf/internal/emitter/llvm_emitter.go:1198.2,1198.13 1 1
github.com/wolflang/wolf/internal/emitter/llvm_emitter.go:1198.13,1200.35 2 1
github.com/wolflang/wolf/internal/emitter/llvm_emitter.go:1200.35,1202.4 1 1
github.com/wolflang/wolf/internal/emitter/llvm_emitter.go:1203.3,1203.58 1 1
github.com/wolflang/wolf/internal/emitter/llvm_emitter.go:1207.2,1207.41 1 1
github.com/wolflang/wolf/internal/emitter/llvm_emitter.go:1211.46,1218.19 5 1
github.com/wolflang/wolf/internal/emitter/llvm_emitter.go:1218.19,1220.3 1 1
github.com/wolflang/wolf/internal/emitter/llvm_emitter.go:1221.2,1225.19 3 1
github.com/wolflang/wolf/internal/emitter/llvm_emitter.go:1225.19,1231.3 4 1
github.com/wolflang/wolf/internal/emitter/llvm_emitter.go:1231.8,1233.3 1 0
github.com/wolflang/wolf/internal/emitter/llvm_emitter.go:1236.2,1237.30 2 1
github.com/wolflang/wolf/internal/emitter/llvm_emitter.go:1237.30,1239.3 1 1
github.com/wolflang/wolf/internal/emitter/llvm_emitter.go:1240.2,1244.21 3 1
github.com/wolflang/wolf/internal/emitter/llvm_emitter.go:1244.21,1246.3 1 1
github.com/wolflang/wolf/internal/emitter/llvm_emitter.go:1247.2,1250.41 2 1
github.com/wolflang/wolf/internal/emitter/llvm_emitter.go:1253.50,1282.37 18 0
github.com/wolflang/wolf/internal/emitter/llvm_emitter.go:1282.37,1286.3 3 0
github.com/wolflang/wolf/internal/emitter/llvm_emitter.go:1289.2,1289.33 1 0
github.com/wolflang/wolf/internal/emitter/llvm_emitter.go:1289.33,1291.3 1 0
github.com/wolflang/wolf/internal/emitter/llvm_emitter.go:1293.2,1293.30 1 0
github.com/wolflang/wolf/internal/emitter/llvm_emitter.go:1293.30,1295.3 1 0
github.com/wolflang/wolf/internal/emitter/llvm_emitter.go:1298.2,1303.41 5 0
github.com/wolflang/wolf/internal/emitter/llvm_emitter.go:1306.52,1308.20 2 0
github.com/wolflang/wolf/internal/emitter/llvm_emitter.go:1308.20,1310.3 1 0
github.com/wolflang/wolf/internal/emitter/llvm_emitter.go:1311.2,1315.22 4 0
github.com/wolflang/wolf/internal/emitter/llvm_emitter.go:1315.22,1318.3 2 0
github.com/wolflang/wolf/internal/emitter/llvm_emitter.go:1318.8,1318.31 1 0
github.com/wolflang/wolf/internal/emitter/llvm_emitter.go:1318.31,1321.3 2 0
github.com/wolflang/wolf/internal/emitter/llvm_emitter.go:1321.8,1325.3 3 0
github.com/wolflang/wolf/internal/emitter/llvm_emitter.go:1327.2,1327.28 1 0
github.com/wolflang/wolf/internal/emitter/llvm_emitter.go:1327.28,1338.25 6 0
github.com/wolflang/wolf/internal/emitter/llvm_emitter.go:1338.25,1340.4 1 0
github.com/wolflang/wolf/internal/emitter/llvm_emitter.go:1340.9,1340.32 1 0
github.com/wolflang/wolf/internal/emitter/llvm_emitter.go:1340.32,1342.4 1 0
github.com/wolflang/wolf/internal/emitter/llvm_emitter.go:1342.9,1344.4 1 0
github.com/wolflang/wolf/internal/emitter/llvm_emitter.go:1346.3,1349.31 3 0
github.com/wolflang/wolf/internal/emitter/llvm_emitter.go:1349.31,1351.4 1 0
github.com/wolflang/wolf/internal/emitter/llvm_emitter.go:1352.3,1352.58 1 0
github.com/wolflang/wolf/internal/emitter/llvm_emitter.go:1355.2,1355.24 1 0
github.com/wolflang/wolf/internal/emitter/llvm_emitter.go:1355.24,1357.34 2 0
github.com/wolflang/wolf/internal/emitter/llvm_emitter.go:1357.34,1359.4 1 0
github.com/wolflang/wolf/internal/emitter/llvm_emitter.go:1360.3,1360.58 1 0
github.com/wolflang/wolf/internal/emitter/llvm_emitter.go:1363.2,1363.41 1 0
github.com/wolflang/wolf/internal/emitter/llvm_emitter.go:1369.74,1370.27 1 1
github.com/wolflang/wolf/internal/emitter/llvm_emitter.go:1371.18,1372.18 1 1
github.com/wolflang/wolf/internal/emitter/llvm_emitter.go:1373.20,1374.18 1 1
github.com/wolflang/wolf/internal/emitter/llvm_emitter.go:1375.19,1376.15 1 1
github.com/wolflang/wolf/internal/emitter/llvm_emitter.go:1376.15,1378.4 1 1
github.com/wolflang/wolf/internal/emitter/llvm_emitter.go:1379.3,1379.13 1 0
github.com/wolflang/wolf/internal/emitter/llvm_emitter.go:1380.18,1381.16 1 0
github.com/wolflang/wolf/internal/emitter/llvm_emitter.go:1382.21,1387.13 5 1
github.com/wolflang/wolf/internal/emitter/llvm_emitter.go:1388.17,1390.47 1 1
github.com/wolflang/wolf/internal/emitter/llvm_emitter.go:1390.47,1392.49 2 0
github.com/wolflang/wolf/internal/emitter/llvm_emitter.go:1392.49,1394.5 1 0
github.com/wolflang/wolf/internal/emitter/llvm_emitter.go:1395.4,1395.29 1 0
github.com/wolflang/wolf/internal/emitter/llvm_emitter.go:1398.3,1399.39 2 1
github.com/wolflang/wolf/internal/emitter/llvm_emitter.go:1399.39,1401.4 1 1
github.com/wolflang/wolf/internal/emitter/llvm_emitter.go:1402.3,1404.13 3 1
github.com/wolflang/wolf/internal/emitter/llvm_emitter.go:1405.23,1413.13 8 0
github.com/wolflang/wolf/internal/emitter/llvm_emitter.go:1414.22,1415.44 1 1
github.com/wolflang/wolf/internal/emitter/llvm_emitter.go:1416.21,1417.29 1 0
github.com/wolflang/wolf/internal/emitter/llvm_emitter.go:1418.20,1419.28 1 0
github.com/wolflang/wolf/internal/emitter/llvm_emitter.go:1420.26,1421.30 1 0
github.com/wolflang/wolf/internal/emitter/llvm_emitter.go:1422.22,1423.30 1 0
github.com/wolflang/wolf/internal/emitter/llvm_emitter.go:1424.22,1425.30 1 0
github.com/wolflang/wolf/internal/emitter/llvm_emitter.go:1426.24,1427.32 1 0
github.com/wolflang/wolf/internal/emitter/llvm_emitter.go:1428.23,1429.27 1 1
github.com/wolflang/wolf/internal/emitter/llvm_emitter.go:1430.21,1431.29 1 0
github.com/wolflang/wolf/internal/emitter/llvm_emitter.go:1432.20,1433.28 1 0
github.com/wolflang/wolf/internal/emitter/llvm_emitter.go:1434.18,1435.26 1 0
github.com/wolflang/wolf/internal/emitter/llvm_emitter.go:1436.10,1438.16 2 0
github.com/wolflang/wolf/internal/emitter/llvm_emitter.go:1442.62,1448.22 5 0
github.com/wolflang/wolf/internal/emitter/llvm_emitter.go:1448.22,1450.3 1 0
github.com/wolflang/wolf/internal/emitter/llvm_emitter.go:1450.8,1452.23 1 0
github.com/wolflang/wolf/internal/emitter/llvm_emitter.go:1452.23,1455.4 2 0
github.com/wolflang/wolf/internal/emitter/llvm_emitter.go:1456.3,1456.99 1 0
github.com/wolflang/wolf/internal/emitter/llvm_emitter.go:1458.2,1458.12 1 0
github.com/wolflang/wolf/internal/emitter/llvm_emitter.go:1461.60,1464.35 3 0
github.com/wolflang/wolf/internal/emitter/llvm_emitter.go:1464.35,1466.19 2 0
github.com/wolflang/wolf/internal/emitter/llvm_emitter.go:1467.14,1471.91 4 0
github.com/wolflang/wolf/internal/emitter/llvm_emitter.go:1472.17,1476.91 4 0
github.com/wolflang/wolf/internal/emitter/llvm_emitter.go:1477.13,1481.91 4 0
github.com/wolflang/wolf/internal/emitter/llvm_emitter.go:1482.11,1484.95 2 0
github.com/wolflang/wolf/internal/emitter/llvm_emitter.go:1487.2,1487.15 1 0
github.com/wolflang/wolf/internal/emitter/llvm_emitter.go:1490.56,1493.25 3 0
github.com/wolflang/wolf/internal/emitter/llvm_emitter.go:1493.25,1496.18 3 0
github.com/wolflang/wolf/internal/emitter/llvm_emitter.go:1497.14,1499.111 2 0
github.com/wolflang/wolf/internal/emitter/llvm_emitter.go:1500.17,1502.118 2 0
github.com/wolflang/wolf/internal/emitter/llvm_emitter.go:1503.13,1505.112 2 0
github.com/wolflang/wolf/internal/emitter/llvm_emitter.go:1506.11,1508.107 2 0
github.com/wolflang/wolf/internal/emitter/llvm_emitter.go:1511.2,1511.15 1 0
github.com/wolflang/wolf/internal/emitter/llvm_emitter.go:1514.85,1518.63 3 1
github.com/wolflang/wolf/internal/emitter/llvm_emitter.go:1518.63,1524.3 5 0
github.com/wolflang/wolf/internal/emitter/llvm_emitter.go:1526.2,1527.36 2 1
github.com/wolflang/wolf/internal/emitter/llvm_emitter.go:1527.36,1529.3 1 0
github.com/wolflang/wolf/internal/emitter/llvm_emitter.go:1529.8,1529.58 1 1
github.com/wolflang/wolf/internal/emitter/llvm_emitter.go:1529.58,1531.3 1 0
github.com/wolflang/wolf/internal/emitter/llvm_emitter.go:1531.8,1531.52 1 1
github.com/wolflang/wolf/internal/emitter/llvm_emitter.go:1531.52,1533.87 1 0
github.com/wolflang/wolf/internal/emitter/llvm_emitter.go:1533.87,1535.4 1 0
github.com/wolflang/wolf/internal/emitter/llvm_emitter.go:1535.9,1537.4 1 0
github.com/wolflang/wolf/internal/emitter/llvm_emitter.go:1540.2,1546.25 4 1
github.com/wolflang/wolf/internal/emitter/llvm_emitter.go:1546.25,1547.63 1 0
github.com/wolflang/wolf/internal/emitter/llvm_emitter.go:1547.63,1551.4 3 0
github.com/wolflang/wolf/internal/emitter/llvm_emitter.go:1552.3,1552.64 1 0
github.com/wolflang/wolf/internal/emitter/llvm_emitter.go:1552.64,1556.4 3 0
github.com/wolflang/wolf/internal/emitter/llvm_emitter.go:1560.2,1560.25 1 1
github.com/wolflang/wolf/internal/emitter/llvm_emitter.go:1560.25,1561.24 1 1
github.com/wolflang/wolf/internal/emitter/llvm_emitter.go:1561.24,1565.4 3 0
github.com/wolflang/wolf/internal/emitter/llvm_emitter.go:1565.9,1565.30 1 1
github.com/wolflang/wolf/internal/emitter/llvm_emitter.go:1565.30,1566.57 1 0
github.com/wolflang/wolf/internal/emitter/llvm_emitter.go:1566.57,1570.5 3 0
github.com/wolflang/wolf/internal/emitter/llvm_emitter.go:1573.3,1573.25 1 1
github.com/wolflang/wolf/internal/emitter/llvm_emitter.go:1573.25,1577.4 3 0
github.com/wolflang/wolf/internal/emitter/llvm_emitter.go:1577.9,1577.31 1 1
github.com/wolflang/wolf/internal/emitter/llvm_emitter.go:1577.31,1578.58 1 0
github.com/wolflang/wolf/internal/emitter/llvm_emitter.go:1578.58,1582.5 3 0
github.com/wolflang/wolf/internal/emitter/llvm_emitter.go:1586.2,1586.28 1 1
github.com/wolflang/wolf/internal/emitter/llvm_emitter.go:1586.28,1587.16 1 0
github.com/wolflang/wolf/internal/emitter/llvm_emitter.go:1588.12,1589.77 1 0
github.com/wolflang/wolf/internal/emitter/llvm_emitter.go:1590.12,1591.77 1 0
github.com/wolflang/wolf/internal/emitter/llvm_emitter.go:1592.12,1593.77 1 0
github.com/wolflang/wolf/internal/emitter/llvm_emitter.go:1594.12,1595.77 1 0
github.com/wolflang/wolf/internal/emitter/llvm_emitter.go:1596.12,1597.77 1 0
github.com/wolflang/wolf/internal/emitter/llvm_emitter.go:1598.13,1599.81 1 0
github.com/wolflang/wolf/internal/emitter/llvm_emitter.go:1600.13,1601.81 1 0
github.com/wolflang/wolf/internal/emitter/llvm_emitter.go:1602.12,1603.81 1 0
github.com/wolflang/wolf/internal/emitter/llvm_emitter.go:1604.12,1605.81 1 0
github.com/wolflang/wolf/internal/emitter/llvm_emitter.go:1606.13,1607.81 1 0
github.com/wolflang/wolf/internal/emitter/llvm_emitter.go:1608.13,1609.81 1 0
github.com/wolflang/wolf/internal/emitter/llvm_emitter.go:1610.11,1612.16 2 0
github.com/wolflang/wolf/internal/emitter/llvm_emitter.go:1614.8,1614.32 1 1
github.com/wolflang/wolf/internal/emitter/llvm_emitter.go:1614.32,1615.16 1 0
github.com/wolflang/wolf/internal/emitter/llvm_emitter.go:1616.13,1619.71 3 0
github.com/wolflang/wolf/internal/emitter/llvm_emitter.go:1620.13,1623.71 3 0
github.com/wolflang/wolf/internal/emitter/llvm_emitter.go:1624.11,1626.86 1 0
github.com/wolflang/wolf/internal/emitter/llvm_emitter.go:1626.86,1631.18 5 0
github.com/wolflang/wolf/internal/emitter/llvm_emitter.go:1632.14,1633.82 1 0
github.com/wolflang/wolf/internal/emitter/llvm_emitter.go:1634.14,1635.82 1 0
github.com/wolflang/wolf/internal/emitter/llvm_emitter.go:1636.15,1637.82 1 0
github.com/wolflang/wolf/internal/emitter/llvm_emitter.go:1638.15,1639.82 1 0
github.com/wolflang/wolf/internal/emitter/llvm_emitter.go:1640.14,1641.77 1 0
github.com/wolflang/wolf/internal/emitter/llvm_emitter.go:1643.10,1646.5 2 0
github.com/wolflang/wolf/internal/emitter/llvm_emitter.go:1648.8,1648.31 1 1
github.com/wolflang/wolf/internal/emitter/llvm_emitter.go:1648.31,1649.16 1 0
github.com/wolflang/wolf/internal/emitter/llvm_emitter.go:1650.13,1651.72 1 0
github.com/wolflang/wolf/internal/emitter/llvm_emitter.go:1652.13,1653.71 1 0
github.com/wolflang/wolf/internal/emitter/llvm_emitter.go:1654.13,1655.76 1 0
github.com/wolflang/wolf/internal/emitter/llvm_emitter.go:1656.13,1657.76 1 0
github.com/wolflang/wolf/internal/emitter/llvm_emitter.go:1658.11,1660.14 2 0
github.com/wolflang/wolf/internal/emitter/llvm_emitter.go:1662.8,1664.16 1 1
github.com/wolflang/wolf/internal/emitter/llvm_emitter.go:1665.12,1666.73 1 1
github.com/wolflang/wolf/internal/emitter/llvm_emitter.go:1667.12,1668.73 1 0
github.com/wolflang/wolf/internal/emitter/llvm_emitter.go:1669.12,1670.73 1 0
github.com/wolflang/wolf/internal/emitter/llvm_emitter.go:1671.12,1672.74 1 0
github.com/wolflang/wolf/internal/emitter/llvm_emitter.go:1673.12,1674.74 1 0
github.com/wolflang/wolf/internal/emitter/llvm_emitter.go:1675.13,1676.77 1 0
github.com/wolflang/wolf/internal/emitter/llvm_emitter.go:1677.13,1678.77 1 0
github.com/wolflang/wolf/internal/emitter/llvm_emitter.go:1679.12,1680.78 1 1
github.com/wolflang/wolf/internal/emitter/llvm_emitter.go:1681.12,1682.78 1 1
github.com/wolflang/wolf/internal/emitter/llvm_emitter.go:1683.13,1684.78 1 0
github.com/wolflang/wolf/internal/emitter/llvm_emitter.go:1685.13,1686.78 1 0
github.com/wolflang/wolf/internal/emitter/llvm_emitter.go:1687.11,1689.14 2 0
github.com/wolflang/wolf/internal/emitter/llvm_emitter.go:1692.2,1692.12 1 1
github.com/wolflang/wolf/internal/emitter/llvm_emitter.go:1695.62,1700.15 4 0
github.com/wolflang/wolf/internal/emitter/llvm_emitter.go:1701.11,1703.66 2 0
github.com/wolflang/wolf/internal/emitter/llvm_emitter.go:1704.11,1705.25 1 0
github.com/wolflang/wolf/internal/emitter/llvm_emitter.go:1705.25,1707.4 1 0
github.com/wolflang/wolf/internal/emitter/llvm_emitter.go:1707.9,1709.4 1 0
github.com/wolflang/wolf/internal/emitter/llvm_emitter.go:1710.10,1712.13 2 0
github.com/wolflang/wolf/internal/emitter/llvm_emitter.go:1714.2,1714.12 1 0
github.com/wolflang/wolf/internal/emitter/llvm_emitter.go:1717.62,1719.46 1 1
github.com/wolflang/wolf/internal/emitter/llvm_emitter.go:1719.46,1720.21 1 1
github.com/wolflang/wolf/internal/emitter/llvm_emitter.go:1721.60,1722.32 1 1
github.com/wolflang/wolf/internal/emitter/llvm_emitter.go:1726.2,1727.46 2 0
github.com/wolflang/wolf/internal/emitter/llvm_emitter.go:1727.46,1729.3 1 0
github.com/wolflang/wolf/internal/emitter/llvm_emitter.go:1731.2,1732.46 2 0
github.com/wolflang/wolf/internal/emitter/llvm_emitter.go:1732.46,1736.21 2 0
github.com/wolflang/wolf/internal/emitter/llvm_emitter.go:1737.14,1738.27 1 0
github.com/wolflang/wolf/internal/emitter/llvm_emitter.go:1739.15,1740.28 1 0
github.com/wolflang/wolf/internal/emitter/llvm_emitter.go:1741.18,1742.31 1 0
github.com/wolflang/wolf/internal/emitter/llvm_emitter.go:1743.15,1744.32 1 0
github.com/wolflang/wolf/internal/emitter/llvm_emitter.go:1745.15,1746.33 1 0
github.com/wolflang/wolf/internal/emitter/llvm_emitter.go:1747.20,1748.38 1 0
github.com/wolflang/wolf/internal/emitter/llvm_emitter.go:1749.16,1750.36 1 0
github.com/wolflang/wolf/internal/emitter/llvm_emitter.go:1751.15,1752.35 1 0
github.com/wolflang/wolf/internal/emitter/llvm_emitter.go:1753.14,1754.34 1 0
github.com/wolflang/wolf/internal/emitter/llvm_emitter.go:1755.15,1756.28 1 0
github.com/wolflang/wolf/internal/emitter/llvm_emitter.go:1757.15,1758.28 1 0
github.com/wolflang/wolf/internal/emitter/llvm_emitter.go:1759.14,1760.31 1 0
github.com/wolflang/wolf/internal/emitter/llvm_emitter.go:1761.24,1762.37 1 0
github.com/wolflang/wolf/internal/emitter/llvm_emitter.go:1763.22,1764.35 1 0
github.com/wolflang/wolf/internal/emitter/llvm_emitter.go:1765.22,1766.35 1 0
github.com/wolflang/wolf/internal/emitter/llvm_emitter.go:1767.22,1768.35 1 0
github.com/wolflang/wolf/internal/emitter/llvm_emitter.go:1769.17,1770.30 1 0
github.com/wolflang/wolf/internal/emitter/llvm_emitter.go:1771.18,1772.31 1 0
github.com/wolflang/wolf/internal/emitter/llvm_emitter.go:1773.21,1774.34 1 0
github.com/wolflang/wolf/internal/emitter/llvm_emitter.go:1775.24,1776.37 1 0
github.com/wolflang/wolf/internal/emitter/llvm_emitter.go:1779.21,1780.34 1 0
github.com/wolflang/wolf/internal/emitter/llvm_emitter.go:1781.21,1782.34 1 0
github.com/wolflang/wolf/internal/emitter/llvm_emitter.go:1783.18,1784.31 1 0
github.com/wolflang/wolf/internal/emitter/llvm_emitter.go:1785.21,1786.34 1 0
github.com/wolflang/wolf/internal/emitter/llvm_emitter.go:1787.23,1788.36 1 0
github.com/wolflang/wolf/internal/emitter/llvm_emitter.go:1789.23,1790.36 1 0
github.com/wolflang/wolf/internal/emitter/llvm_emitter.go:1791.23,1792.36 1 0
github.com/wolflang/wolf/internal/emitter/llvm_emitter.go:1793.28,1794.41 1 0
github.com/wolflang/wolf/internal/emitter/llvm_emitter.go:1795.19,1796.32 1 0
github.com/wolflang/wolf/internal/emitter/llvm_emitter.go:1797.31,1798.44 1 0
github.com/wolflang/wolf/internal/emitter/llvm_emitter.go:1799.20,1800.33 1 0
github.com/wolflang/wolf/internal/emitter/llvm_emitter.go:1801.22,1802.35 1 0
github.com/wolflang/wolf/internal/emitter/llvm_emitter.go:1805.14,1806.32 1 0
github.com/wolflang/wolf/internal/emitter/llvm_emitter.go:1807.14,1808.32 1 0
github.com/wolflang/wolf/internal/emitter/llvm_emitter.go:1809.14,1810.32 1 0
github.com/wolflang/wolf/internal/emitter/llvm_emitter.go:1811.15,1812.33 1 0
github.com/wolflang/wolf/internal/emitter/llvm_emitter.go:1813.15,1814.33 1 0
github.com/wolflang/wolf/internal/emitter/llvm_emitter.go:1815.15,1816.33 1 0
github.com/wolflang/wolf/internal/emitter/llvm_emitter.go:1817.16,1818.34 1 0
github.com/wolflang/wolf/internal/emitter/llvm_emitter.go:1819.15,1820.33 1 0
github.com/wolflang/wolf/internal/emitter/llvm_emitter.go:1821.14,1822.32 1 0
github.com/wolflang/wolf/internal/emitter/llvm_emitter.go:1823.14,1824.32 1 0
github.com/wolflang/wolf/internal/emitter/llvm_emitter.go:1825.16,1826.34 1 0
github.com/wolflang/wolf/internal/emitter/llvm_emitter.go:1827.14,1828.32 1 0
github.com/wolflang/wolf/internal/emitter/llvm_emitter.go:1829.16,1830.34 1 0
github.com/wolflang/wolf/internal/emitter/llvm_emitter.go:1831.15,1832.33 1 0
github.com/wolflang/wolf/internal/emitter/llvm_emitter.go:1833.16,1834.34 1 0
github.com/wolflang/wolf/internal/emitter/llvm_emitter.go:1835.14,1836.32 1 0
github.com/wolflang/wolf/internal/emitter/llvm_emitter.go:1837.15,1838.33 1 0
github.com/wolflang/wolf/internal/emitter/llvm_emitter.go:1839.13,1840.31 1 0
github.com/wolflang/wolf/internal/emitter/llvm_emitter.go:1841.14,1842.32 1 0
github.com/wolflang/wolf/internal/emitter/llvm_emitter.go:1843.14,1844.32 1 0
github.com/wolflang/wolf/internal/emitter/llvm_emitter.go:1845.15,1846.35 1 0
github.com/wolflang/wolf/internal/emitter/llvm_emitter.go:1847.18,1848.31 1 0
github.com/wolflang/wolf/internal/emitter/llvm_emitter.go:1849.18,1850.31 1 0
github.com/wolflang/wolf/internal/emitter/llvm_emitter.go:1851.16,1852.29 1 0
github.com/wolflang/wolf/internal/emitter/llvm_emitter.go:1853.21,1854.34 1 0
github.com/wolflang/wolf/internal/emitter/llvm_emitter.go:1855.22,1856.35 1 0
github.com/wolflang/wolf/internal/emitter/llvm_emitter.go:1857.26,1858.32 1 0
github.com/wolflang/wolf/internal/emitter/llvm_emitter.go:1859.26,1860.32 1 0
github.com/wolflang/wolf/internal/emitter/llvm_emitter.go:1861.17,1862.30 1 0
github.com/wolflang/wolf/internal/emitter/llvm_emitter.go:1863.17,1864.30 1 0
github.com/wolflang/wolf/internal/emitter/llvm_emitter.go:1865.20,1866.33 1 0
github.com/wolflang/wolf/internal/emitter/llvm_emitter.go:1867.19,1868.37 1 0
github.com/wolflang/wolf/internal/emitter/llvm_emitter.go:1869.16,1870.34 1 0
github.com/wolflang/wolf/internal/emitter/llvm_emitter.go:1873.17,1874.37 1 0
github.com/wolflang/wolf/internal/emitter/llvm_emitter.go:1875.21,1876.34 1 0
github.com/wolflang/wolf/internal/emitter/llvm_emitter.go:1877.21,1878.34 1 0
github.com/wolflang/wolf/internal/emitter/llvm_emitter.go:1879.18,1880.31 1 0
github.com/wolflang/wolf/internal/emitter/llvm_emitter.go:1881.18,1882.31 1 0
github.com/wolflang/wolf/internal/emitter/llvm_emitter.go:1883.18,1884.31 1 0
github.com/wolflang/wolf/internal/emitter/llvm_emitter.go:1885.15,1886.28 1 0
github.com/wolflang/wolf/internal/emitter/llvm_emitter.go:1887.16,1888.29 1 0
github.com/wolflang/wolf/internal/emitter/llvm_emitter.go:1889.16,1890.29 1 0
github.com/wolflang/wolf/internal/emitter/llvm_emitter.go:1891.23,1892.36 1 0
github.com/wolflang/wolf/internal/emitter/llvm_emitter.go:1893.26,1894.39 1 0
github.com/wolflang/wolf/internal/emitter/llvm_emitter.go:1895.24,1896.37 1 0
github.com/wolflang/wolf/internal/emitter/llvm_emitter.go:1897.22,1898.35 1 0
github.com/wolflang/wolf/internal/emitter/llvm_emitter.go:1899.21,1900.34 1 0
github.com/wolflang/wolf/internal/emitter/llvm_emitter.go:1901.18,1902.31 1 0
github.com/wolflang/wolf/internal/emitter/llvm_emitter.go:1903.18,1904.31 1 0
github.com/wolflang/wolf/internal/emitter/llvm_emitter.go:1905.18,1906.31 1 0
github.com/wolflang/wolf/internal/emitter/llvm_emitter.go:1907.17,1908.30 1 0
github.com/wolflang/wolf/internal/emitter/llvm_emitter.go:1909.17,1910.30 1 0
github.com/wolflang/wolf/internal/emitter/llvm_emitter.go:1911.18,1912.31 1 0
github.com/wolflang/wolf/internal/emitter/llvm_emitter.go:1913.18,1914.31 1 0
github.com/wolflang/wolf/internal/emitter/llvm_emitter.go:1915.25,1916.38 1 0
github.com/wolflang/wolf/internal/emitter/llvm_emitter.go:1917.16,1918.29 1 0
github.com/wolflang/wolf/internal/emitter/llvm_emitter.go:1919.21,1920.34 1 0
github.com/wolflang/wolf/internal/emitter/llvm_emitter.go:1921.27,1922.40 1 0
github.com/wolflang/wolf/internal/emitter/llvm_emitter.go:1923.21,1924.34 1 0
github.com/wolflang/wolf/internal/emitter/llvm_emitter.go:1925.23,1926.36 1 0
github.com/wolflang/wolf/internal/emitter/llvm_emitter.go:1927.23,1928.36 1 0
github.com/wolflang/wolf/internal/emitter/llvm_emitter.go:1929.34,1930.47 1 0
github.com/wolflang/wolf/internal/emitter/llvm_emitter.go:1931.23,1932.36 1 0
github.com/wolflang/wolf/internal/emitter/llvm_emitter.go:1933.19,1934.32 1 0
github.com/wolflang/wolf/internal/emitter/llvm_emitter.go:1935.34,1936.47 1 0
github.com/wolflang/wolf/internal/emitter/llvm_emitter.go:1937.21,1938.34 1 0
github.com/wolflang/wolf/internal/emitter/llvm_emitter.go:1939.30,1940.43 1 0
github.com/wolflang/wolf/internal/emitter/llvm_emitter.go:1941.25,1942.38 1 0
github.com/wolflang/wolf/internal/emitter/llvm_emitter.go:1943.23,1944.36 1 0
github.com/wolflang/wolf/internal/emitter/llvm_emitter.go:1945.21,1946.34 1 0
github.com/wolflang/wolf/internal/emitter/llvm_emitter.go:1947.17,1948.30 1 0
github.com/wolflang/wolf/internal/emitter/llvm_emitter.go:1951.17,1952.30 1 0
github.com/wolflang/wolf/internal/emitter/llvm_emitter.go:1953.19,1954.32 1 0
github.com/wolflang/wolf/internal/emitter/llvm_emitter.go:1955.17,1956.30 1 0
github.com/wolflang/wolf/internal/emitter/llvm_emitter.go:1957.18,1958.31 1 0
github.com/wolflang/wolf/internal/emitter/llvm_emitter.go:1959.17,1960.30 1 0
github.com/wolflang/wolf/internal/emitter/llvm_emitter.go:1961.18,1962.31 1 0
github.com/wolflang/wolf/internal/emitter/llvm_emitter.go:1963.21,1964.34 1 0
github.com/wolflang/wolf/internal/emitter/llvm_emitter.go:1967.24,1968.37 1 0
github.com/wolflang/wolf/internal/emitter/llvm_emitter.go:1969.24,1970.37 1 0
github.com/wolflang/wolf/internal/emitter/llvm_emitter.go:1971.21,1972.34 1 0
github.com/wolflang/wolf/internal/emitter/llvm_emitter.go:1973.21,1974.34 1 0
github.com/wolflang/wolf/internal/emitter/llvm_emitter.go:1975.22,1976.35 1 0
github.com/wolflang/wolf/internal/emitter/llvm_emitter.go:1977.22,1978.35 1 0
github.com/wolflang/wolf/internal/emitter/llvm_emitter.go:1979.22,1980.35 1 0
github.com/wolflang/wolf/internal/emitter/llvm_emitter.go:1983.14,1984.27 1 0
github.com/wolflang/wolf/internal/emitter/llvm_emitter.go:1985.17,1986.30 1 0
github.com/wolflang/wolf/internal/emitter/llvm_emitter.go:1987.24,1988.37 1 0
github.com/wolflang/wolf/internal/emitter/llvm_emitter.go:1989.26,1990.39 1 0
github.com/wolflang/wolf/internal/emitter/llvm_emitter.go:1991.18,1992.31 1 0
github.com/wolflang/wolf/internal/emitter/llvm_emitter.go:1993.19,1994.32 1 0
github.com/wolflang/wolf/internal/emitter/llvm_emitter.go:1997.15,1998.28 1 0
github.com/wolflang/wolf/internal/emitter/llvm_emitter.go:1999.13,2000.26 1 0
github.com/wolflang/wolf/internal/emitter/llvm_emitter.go:2001.19,2002.32 1 0
github.com/wolflang/wolf/internal/emitter/llvm_emitter.go:2003.22,2004.35 1 0
github.com/wolflang/wolf/internal/emitter/llvm_emitter.go:2005.20,2006.33 1 0
github.com/wolflang/wolf/internal/emitter/llvm_emitter.go:2009.16,2010.29 1 0
github.com/wolflang/wolf/internal/emitter/llvm_emitter.go:2011.19,2012.32 1 0
github.com/wolflang/wolf/internal/emitter/llvm_emitter.go:2013.23,2014.36 1 0
github.com/wolflang/wolf/internal/emitter/llvm_emitter.go:2015.21,2016.34 1 0
github.com/wolflang/wolf/internal/emitter/llvm_emitter.go:2017.20,2018.33 1 0
github.com/wolflang/wolf/internal/emitter/llvm_emitter.go:2019.22,2020.35 1 0
github.com/wolflang/wolf/internal/emitter/llvm_emitter.go:2021.24,2022.37 1 0
github.com/wolflang/wolf/internal/emitter/llvm_emitter.go:2023.24,2024.37 1 0
github.com/wolflang/wolf/internal/emitter/llvm_emitter.go:2025.23,2026.36 1 0
github.com/wolflang/wolf/internal/emitter/llvm_emitter.go:2027.22,2028.35 1 0
github.com/wolflang/wolf/internal/emitter/llvm_emitter.go:2029.22,2030.35 1 0
github.com/wolflang/wolf/internal/emitter/llvm_emitter.go:2031.15,2032.28 1 0
github.com/wolflang/wolf/internal/emitter/llvm_emitter.go:2033.16,2034.29 1 0
github.com/wolflang/wolf/internal/emitter/llvm_emitter.go:2035.20,2036.33 1 0
github.com/wolflang/wolf/internal/emitter/llvm_emitter.go:2037.21,2038.34 1 0
github.com/wolflang/wolf/internal/emitter/llvm_emitter.go:2039.23,2040.36 1 0
github.com/wolflang/wolf/internal/emitter/llvm_emitter.go:2041.21,2042.34 1 0
github.com/wolflang/wolf/internal/emitter/llvm_emitter.go:2043.26,2044.39 1 0
github.com/wolflang/wolf/internal/emitter/llvm_emitter.go:2045.21,2046.34 1 0
github.com/wolflang/wolf/internal/emitter/llvm_emitter.go:2047.16,2048.29 1 0
github.com/wolflang/wolf/internal/emitter/llvm_emitter.go:2049.21,2050.34 1 0
github.com/wolflang/wolf/internal/emitter/llvm_emitter.go:2051.24,2052.37 1 0
github.com/wolflang/wolf/internal/emitter/llvm_emitter.go:2053.22,2054.35 1 0
github.com/wolflang/wolf/internal/emitter/llvm_emitter.go:2055.23,2056.36 1 0
github.com/wolflang/wolf/internal/emitter/llvm_emitter.go:2057.24,2058.37 1 0
github.com/wolflang/wolf/internal/emitter/llvm_emitter.go:2059.25,2060.38 1 0
github.com/wolflang/wolf/internal/emitter/llvm_emitter.go:2061.23,2062.36 1 0
github.com/wolflang/wolf/internal/emitter/llvm_emitter.go:2063.20,2064.33 1 0
github.com/wolflang/wolf/internal/emitter/llvm_emitter.go:2065.29,2066.42 1 0
github.com/wolflang/wolf/internal/emitter/llvm_emitter.go:2067.21,2068.38 1 0
github.com/wolflang/wolf/internal/emitter/llvm_emitter.go:2069.21,2070.34 1 0
github.com/wolflang/wolf/internal/emitter/llvm_emitter.go:2071.23,2072.36 1 0
github.com/wolflang/wolf/internal/emitter/llvm_emitter.go:2073.21,2074.34 1 0
github.com/wolflang/wolf/internal/emitter/llvm_emitter.go:2075.25,2076.38 1 0
github.com/wolflang/wolf/internal/emitter/llvm_emitter.go:2077.24,2078.37 1 0
github.com/wolflang/wolf/internal/emitter/llvm_emitter.go:2079.27,2080.40 1 0
github.com/wolflang/wolf/internal/emitter/llvm_emitter.go:2083.18,2084.31 1 0
github.com/wolflang/wolf/internal/emitter/llvm_emitter.go:2085.18,2086.31 1 0
github.com/wolflang/wolf/internal/emitter/llvm_emitter.go:2087.17,2088.30 1 0
github.com/wolflang/wolf/internal/emitter/llvm_emitter.go:2089.20,2090.33 1 0
[...]
github.com/wolflang/wolf/stdlib/redis.go:68.13,72.2 2 1
github.com/wolflang/wolf/stdlib/redis.go:75.33,78.2 1 0
github.com/wolflang/wolf/stdlib/redis.go:81.40,82.19 1 1
github.com/wolflang/wolf/stdlib/redis.go:82.19,84.3 1 1
github.com/wolflang/wolf/stdlib/redis.go:85.2,86.12 2 1
github.com/wolflang/wolf/stdlib/redis.go:90.77,91.19 1 1
github.com/wolflang/wolf/stdlib/redis.go:91.19,93.3 1 0
github.com/wolflang/wolf/stdlib/redis.go:94.2,94.36 1 1
github.com/wolflang/wolf/stdlib/redis.go:98.52,99.19 1 1
github.com/wolflang/wolf/stdlib/redis.go:99.19,101.3 1 0
github.com/wolflang/wolf/stdlib/redis.go:102.2,102.28 1 1
github.com/wolflang/wolf/stdlib/redis.go:106.55,107.19 1 1
github.com/wolflang/wolf/stdlib/redis.go:107.19,109.3 1 0
github.com/wolflang/wolf/stdlib/redis.go:110.2,110.31 1 1
github.com/wolflang/wolf/stdlib/redis.go:114.75,115.19 1 1
github.com/wolflang/wolf/stdlib/redis.go:115.19,117.3 1 0
github.com/wolflang/wolf/stdlib/redis.go:118.2,118.39 1 1
github.com/wolflang/wolf/stdlib/redis.go:122.57,123.19 1 1
github.com/wolflang/wolf/stdlib/redis.go:123.19,125.3 1 0
github.com/wolflang/wolf/stdlib/redis.go:126.2,126.32 1 1
github.com/wolflang/wolf/stdlib/redis.go:130.64,131.19 1 1
github.com/wolflang/wolf/stdlib/redis.go:131.19,133.3 1 0
github.com/wolflang/wolf/stdlib/redis.go:134.2,134.28 1 1
github.com/wolflang/wolf/stdlib/redis.go:138.31,139.19 1 1
github.com/wolflang/wolf/stdlib/redis.go:139.19,141.3 1 1
github.com/wolflang/wolf/stdlib/redis.go:142.2,142.12 1 0
github.com/wolflang/wolf/stdlib/redis.go:155.36,160.2 1 1
github.com/wolflang/wolf/stdlib/redis.go:162.55,165.30 3 1
github.com/wolflang/wolf/stdlib/redis.go:165.30,167.3 1 1
github.com/wolflang/wolf/stdlib/redis.go:168.2,168.49 1 1
github.com/wolflang/wolf/stdlib/redis.go:171.81,176.2 4 1
github.com/wolflang/wolf/stdlib/redis.go:178.58,182.25 4 1
github.com/wolflang/wolf/stdlib/redis.go:182.25,183.29 1 1
github.com/wolflang/wolf/stdlib/redis.go:183.29,186.4 2 1
github.com/wolflang/wolf/stdlib/redis.go:188.2,188.19 1 1
github.com/wolflang/wolf/stdlib/redis.go:191.61,195.25 4 1
github.com/wolflang/wolf/stdlib/redis.go:195.25,196.29 1 1
github.com/wolflang/wolf/stdlib/redis.go:196.29,198.4 1 1
github.com/wolflang/wolf/stdlib/redis.go:200.2,200.19 1 1
github.com/wolflang/wolf/stdlib/redis.go:203.71,205.2 1 0
github.com/wolflang/wolf/stdlib/redis.go:207.79,209.2 1 0
github.com/wolflang/wolf/stdlib/redis.go:211.79,213.2 1 0
github.com/wolflang/wolf/stdlib/redis.go:215.70,217.2 1 0
github.com/wolflang/wolf/stdlib/redis.go:219.81,222.31 3 1
github.com/wolflang/wolf/stdlib/redis.go:222.31,224.3 1 1
github.com/wolflang/wolf/stdlib/redis.go:225.2,226.15 2 1
github.com/wolflang/wolf/stdlib/redis.go:229.63,232.30 3 1
github.com/wolflang/wolf/stdlib/redis.go:232.30,233.28 1 1
github.com/wolflang/wolf/stdlib/redis.go:233.28,235.4 1 1
github.com/wolflang/wolf/stdlib/redis.go:237.2,237.42 1 0
github.com/wolflang/wolf/stdlib/redis.go:240.70,243.30 3 1
github.com/wolflang/wolf/stdlib/redis.go:243.30,245.3 1 1
github.com/wolflang/wolf/stdlib/redis.go:246.2,246.33 1 0
github.com/wolflang/wolf/stdlib/redis.go:249.37,249.51 1 1
github.com/wolflang/wolf/stdlib/redis.go:250.37,250.51 1 0
github.com/wolflang/wolf/stdlib/strings.go:13.52,15.2 1 1
github.com/wolflang/wolf/stdlib/strings.go:18.54,20.2 1 1
github.com/wolflang/wolf/stdlib/strings.go:23.52,25.2 1 1
github.com/wolflang/wolf/stdlib/strings.go:28.50,30.2 1 1
github.com/wolflang/wolf/stdlib/strings.go:33.60,35.2 1 1
github.com/wolflang/wolf/stdlib/strings.go:38.42,40.2 1 1
github.com/wolflang/wolf/stdlib/strings.go:43.54,45.2 1 1
github.com/wolflang/wolf/stdlib/strings.go:48.43,50.2 1 1
github.com/wolflang/wolf/stdlib/strings.go:53.43,55.2 1 1
github.com/wolflang/wolf/stdlib/strings.go:58.55,60.2 1 1
github.com/wolflang/wolf/stdlib/strings.go:63.60,65.2 1 1
github.com/wolflang/wolf/stdlib/strings.go:68.41,70.2 1 1
github.com/wolflang/wolf/stdlib/strings.go:73.55,75.2 1 1
github.com/wolflang/wolf/stdlib/strings.go:78.45,80.54 2 1
github.com/wolflang/wolf/stdlib/strings.go:80.54,82.3 1 1
github.com/wolflang/wolf/stdlib/strings.go:83.2,83.22 1 1
github.com/wolflang/wolf/stdlib/strings.go:87.48,89.2 1 1
github.com/wolflang/wolf/stdlib/strings.go:92.63,94.15 2 1
github.com/wolflang/wolf/stdlib/strings.go:94.15,96.3 1 0
github.com/wolflang/wolf/stdlib/strings.go:97.2,97.22 1 1
github.com/wolflang/wolf/stdlib/strings.go:97.22,99.3 1 1
github.com/wolflang/wolf/stdlib/strings.go:100.2,100.18 1 1
github.com/wolflang/wolf/stdlib/strings.go:100.18,102.3 1 1
github.com/wolflang/wolf/stdlib/strings.go:103.2,103.33 1 1
github.com/wolflang/wolf/stdlib/strings.go:107.69,108.22 1 1
github.com/wolflang/wolf/stdlib/strings.go:108.22,110.3 1 1
github.com/wolflang/wolf/stdlib/strings.go:111.2,111.10 1 1
github.com/wolflang/wolf/stdlib/strings.go:115.70,116.22 1 1
github.com/wolflang/wolf/stdlib/strings.go:116.22,118.3 1 1
github.com/wolflang/wolf/stdlib/strings.go:119.2,119.10 1 1
github.com/wolflang/wolf/stdlib/strings.go:123.43,125.2 1 1
github.com/wolflang/wolf/stdlib/strings.go:128.45,129.13 1 1
github.com/wolflang/wolf/stdlib/strings.go:129.13,131.3 1 1
github.com/wolflang/wolf/stdlib/strings.go:132.2,132.22 1 1
github.com/wolflang/wolf/stdlib/strings.go:132.22,133.26 1 1
github.com/wolflang/wolf/stdlib/strings.go:133.26,135.4 1 1
github.com/wolflang/wolf/stdlib/strings.go:137.2,137.13 1 1
github.com/wolflang/wolf/stdlib/strings.go:141.43,142.13 1 1
github.com/wolflang/wolf/stdlib/strings.go:142.13,144.3 1 0
github.com/wolflang/wolf/stdlib/strings.go:145.2,145.22 1 1
github.com/wolflang/wolf/stdlib/strings.go:145.22,146.27 1 1
github.com/wolflang/wolf/stdlib/strings.go:146.27,148.4 1 1
github.com/wolflang/wolf/stdlib/strings.go:150.2,150.13 1 1
github.com/wolflang/wolf/stdlib/strings.go:154.43,156.2 1 0
github.com/wolflang/wolf/internal/config/config.go:96.29,152.2 1 0
github.com/wolflang/wolf/internal/config/loader.go:17.52,22.22 3 0
github.com/wolflang/wolf/internal/config/loader.go:22.22,23.51 1 0
github.com/wolflang/wolf/internal/config/loader.go:23.51,25.4 1 0
github.com/wolflang/wolf/internal/config/loader.go:29.2,32.38 2 0
github.com/wolflang/wolf/internal/config/loader.go:32.38,34.3 1 0
github.com/wolflang/wolf/internal/config/loader.go:37.2,37.29 1 0
github.com/wolflang/wolf/internal/config/loader.go:37.29,39.3 1 0
github.com/wolflang/wolf/internal/config/loader.go:41.2,41.17 1 0
github.com/wolflang/wolf/internal/config/loader.go:46.40,48.6 2 0
github.com/wolflang/wolf/internal/config/loader.go:48.6,50.47 2 0
github.com/wolflang/wolf/internal/config/loader.go:50.47,52.4 1 0
github.com/wolflang/wolf/internal/config/loader.go:53.3,54.20 2 0
github.com/wolflang/wolf/internal/config/loader.go:54.20,55.9 1 0
github.com/wolflang/wolf/internal/config/loader.go:57.3,57.15 1 0
github.com/wolflang/wolf/internal/config/loader.go:59.2,59.11 1 0
github.com/wolflang/wolf/internal/config/loader.go:71.51,73.16 2 0
github.com/wolflang/wolf/internal/config/loader.go:73.16,75.3 1 0
github.com/wolflang/wolf/internal/config/loader.go:76.2,82.21 5 0
github.com/wolflang/wolf/internal/config/loader.go:82.21,90.17 5 0
github.com/wolflang/wolf/internal/config/loader.go:90.17,91.12 1 0
github.com/wolflang/wolf/internal/config/loader.go:95.3,95.67 1 0
github.com/wolflang/wolf/internal/config/loader.go:95.67,97.12 2 0
github.com/wolflang/wolf/internal/config/loader.go:101.3,102.13 2 0
github.com/wolflang/wolf/internal/config/loader.go:102.13,104.4 1 0
github.com/wolflang/wolf/internal/config/loader.go:106.3,109.67 3 0
github.com/wolflang/wolf/internal/config/loader.go:109.67,111.4 1 0
github.com/wolflang/wolf/internal/config/loader.go:114.2,114.22 1 0
github.com/wolflang/wolf/internal/config/loader.go:118.36,120.23 2 0
github.com/wolflang/wolf/internal/config/loader.go:120.23,121.16 1 0
github.com/wolflang/wolf/internal/config/loader.go:121.16,123.4 1 0
github.com/wolflang/wolf/internal/config/loader.go:124.3,124.28 1 0
github.com/wolflang/wolf/internal/config/loader.go:124.28,126.4 1 0
github.com/wolflang/wolf/internal/config/loader.go:128.2,128.10 1 0
github.com/wolflang/wolf/internal/config/loader.go:132.74,133.43 1 0
github.com/wolflang/wolf/internal/config/loader.go:133.43,135.3 1 0
github.com/wolflang/wolf/internal/config/loader.go:137.2,137.17 1 0
github.com/wolflang/wolf/internal/config/loader.go:138.13,139.14 1 0
github.com/wolflang/wolf/internal/config/loader.go:140.15,141.22 1 0
github.com/wolflang/wolf/internal/config/loader.go:142.14,143.21 1 0
github.com/wolflang/wolf/internal/config/loader.go:144.16,146.18 2 0
github.com/wolflang/wolf/internal/config/loader.go:146.18,148.5 1 0
github.com/wolflang/wolf/internal/config/loader.go:149.4,149.21 1 0
github.com/wolflang/wolf/internal/config/loader.go:150.18,151.25 1 0
github.com/wolflang/wolf/internal/config/loader.go:152.14,153.21 1 0
github.com/wolflang/wolf/internal/config/loader.go:154.11,155.32 1 0
github.com/wolflang/wolf/internal/config/loader.go:158.16,159.14 1 0
github.com/wolflang/wolf/internal/config/loader.go:160.15,161.25 1 0
github.com/wolflang/wolf/internal/config/loader.go:162.15,164.18 2 0
github.com/wolflang/wolf/internal/config/loader.go:164.18,166.5 1 0
github.com/wolflang/wolf/internal/config/loader.go:167.4,167.23 1 0
github.com/wolflang/wolf/internal/config/loader.go:168.23,170.18 2 0
github.com/wolflang/wolf/internal/config/loader.go:170.18,172.5 1 0
github.com/wolflang/wolf/internal/config/loader.go:173.4,173.33 1 0
github.com/wolflang/wolf/internal/config/loader.go:174.24,176.18 2 0
github.com/wolflang/wolf/internal/config/loader.go:176.18,178.5 1 0
github.com/wolflang/wolf/internal/config/loader.go:179.4,179.34 1 0
github.com/wolflang/wolf/internal/config/loader.go:180.27,182.18 2 0
github.com/wolflang/wolf/internal/config/loader.go:182.18,184.5 1 0
github.com/wolflang/wolf/internal/config/loader.go:185.4,185.33 1 0
github.com/wolflang/wolf/internal/config/loader.go:186.25,188.18 2 0
github.com/wolflang/wolf/internal/config/loader.go:188.18,190.5 1 0
github.com/wolflang/wolf/internal/config/loader.go:191.4,191.32 1 0
github.com/wolflang/wolf/internal/config/loader.go:192.22,194.18 2 0
github.com/wolflang/wolf/internal/config/loader.go:194.18,196.5 1 0
github.com/wolflang/wolf/internal/config/loader.go:197.4,197.29 1 0
github.com/wolflang/wolf/internal/config/loader.go:198.18,200.18 2 0
github.com/wolflang/wolf/internal/config/loader.go:200.18,202.5 1 0
github.com/wolflang/wolf/internal/config/loader.go:203.4,203.26 1 0
github.com/wolflang/wolf/internal/config/loader.go:204.11,205.32 1 0
github.com/wolflang/wolf/internal/config/loader.go:208.24,209.14 1 0
github.com/wolflang/wolf/internal/config/loader.go:210.17,211.23 1 0
github.com/wolflang/wolf/internal/config/loader.go:212.15,213.21 1 0
github.com/wolflang/wolf/internal/config/loader.go:214.15,216.18 2 0
github.com/wolflang/wolf/internal/config/loader.go:216.18,218.5 1 0
github.com/wolflang/wolf/internal/config/loader.go:219.4,219.19 1 0
github.com/wolflang/wolf/internal/config/loader.go:220.15,221.21 1 0
github.com/wolflang/wolf/internal/config/loader.go:222.15,223.21 1 0
github.com/wolflang/wolf/internal/config/loader.go:224.19,225.25 1 0
github.com/wolflang/wolf/internal/config/loader.go:226.20,228.18 2 0
github.com/wolflang/wolf/internal/config/loader.go:228.18,230.5 1 0
github.com/wolflang/wolf/internal/config/loader.go:231.4,231.23 1 0
github.com/wolflang/wolf/internal/config/loader.go:232.24,234.18 2 0
github.com/wolflang/wolf/internal/config/loader.go:234.18,236.5 1 0
github.com/wolflang/wolf/internal/config/loader.go:237.4,237.26 1 0
github.com/wolflang/wolf/internal/config/loader.go:238.23,240.18 2 0
github.com/wolflang/wolf/internal/config/loader.go:240.18,242.5 1 0
github.com/wolflang/wolf/internal/config/loader.go:243.4,243.26 1 0
github.com/wolflang/wolf/internal/config/loader.go:244.22,246.18 2 0
github.com/wolflang/wolf/internal/config/loader.go:246.18,248.5 1 0
github.com/wolflang/wolf/internal/config/loader.go:249.4,249.25 1 0
github.com/wolflang/wolf/internal/config/loader.go:250.20,251.25 1 0
github.com/wolflang/wolf/internal/config/loader.go:252.20,254.18 2 0
github.com/wolflang/wolf/internal/config/loader.go:254.18,256.5 1 0
github.com/wolflang/wolf/internal/config/loader.go:257.4,257.23 1 0
github.com/wolflang/wolf/internal/config/loader.go:258.11,259.32 1 0
github.com/wolflang/wolf/internal/config/loader.go:262.15,263.14 1 0
github.com/wolflang/wolf/internal/config/loader.go:264.15,265.24 1 0
github.com/wolflang/wolf/internal/config/loader.go:266.15,268.18 2 0
github.com/wolflang/wolf/internal/config/loader.go:268.18,270.5 1 0
github.com/wolflang/wolf/internal/config/loader.go:271.4,271.22 1 0
github.com/wolflang/wolf/internal/config/loader.go:272.19,273.28 1 0
github.com/wolflang/wolf/internal/config/loader.go:274.13,276.18 2 0
github.com/wolflang/wolf/internal/config/loader.go:276.18,278.5 1 0
github.com/wolflang/wolf/internal/config/loader.go:279.4,279.20 1 0
github.com/wolflang/wolf/internal/config/loader.go:280.11,281.32 1 0
github.com/wolflang/wolf/internal/config/loader.go:284.13,285.14 1 0
github.com/wolflang/wolf/internal/config/loader.go:286.17,287.24 1 0
github.com/wolflang/wolf/internal/config/loader.go:288.35,290.18 2 0
github.com/wolflang/wolf/internal/config/loader.go:290.18,292.5 1 0
github.com/wolflang/wolf/internal/config/loader.go:293.4,293.25 1 0
github.com/wolflang/wolf/internal/config/loader.go:294.20,295.27 1 0
github.com/wolflang/wolf/internal/config/loader.go:296.11,297.32 1 0
github.com/wolflang/wolf/internal/config/loader.go:300.13,301.14 1 0
github.com/wolflang/wolf/internal/config/loader.go:302.16,303.23 1 0
github.com/wolflang/wolf/internal/config/loader.go:304.17,305.24 1 0
github.com/wolflang/wolf/internal/config/loader.go:306.15,307.22 1 0
github.com/wolflang/wolf/internal/config/loader.go:308.11,309.32 1 0
github.com/wolflang/wolf/internal/config/loader.go:312.15,313.14 1 0
github.com/wolflang/wolf/internal/config/loader.go:314.18,315.26 1 0
github.com/wolflang/wolf/internal/config/loader.go:316.31,318.18 2 0
github.com/wolflang/wolf/internal/config/loader.go:318.18,320.5 1 0
github.com/wolflang/wolf/internal/config/loader.go:321.4,321.26 1 0
github.com/wolflang/wolf/internal/config/loader.go:322.18,324.18 2 0
github.com/wolflang/wolf/internal/config/loader.go:324.18,326.5 1 0
github.com/wolflang/wolf/internal/config/loader.go:327.4,327.24 1 0
github.com/wolflang/wolf/internal/config/loader.go:328.22,330.18 2 0
github.com/wolflang/wolf/internal/config/loader.go:330.18,332.5 1 0
github.com/wolflang/wolf/internal/config/loader.go:333.4,333.28 1 0
github.com/wolflang/wolf/internal/config/loader.go:334.11,335.32 1 0
github.com/wolflang/wolf/internal/config/loader.go:338.10,339.73 1 0
github.com/wolflang/wolf/internal/config/loader.go:341.10,341.10 0 0
github.com/wolflang/wolf/internal/config/loader.go:346.2,346.12 1 0
github.com/wolflang/wolf/internal/config/loader.go:352.34,353.43 1 0
github.com/wolflang/wolf/internal/config/loader.go:353.43,354.37 1 0
github.com/wolflang/wolf/internal/config/loader.go:354.37,356.4 1 0
github.com/wolflang/wolf/internal/config/loader.go:358.2,358.40 1 0
github.com/wolflang/wolf/internal/config/loader.go:358.40,359.37 1 0
github.com/wolflang/wolf/internal/config/loader.go:359.37,360.45 1 0
github.com/wolflang/wolf/internal/config/loader.go:360.45,362.5 1 0
github.com/wolflang/wolf/internal/config/loader.go:365.2,365.42 1 0
github.com/wolflang/wolf/internal/config/loader.go:365.42,366.37 1 0
github.com/wolflang/wolf/internal/config/loader.go:366.37,367.42 1 0
github.com/wolflang/wolf/internal/config/loader.go:367.42,369.5 1 0
github.com/wolflang/wolf/internal/config/loader.go:374.2,424.53 39 0
github.com/wolflang/wolf/internal/config/loader.go:429.38,431.29 2 0
github.com/wolflang/wolf/internal/config/loader.go:431.29,433.3 1 0
github.com/wolflang/wolf/internal/config/loader.go:435.2,435.52 1 0
github.com/wolflang/wolf/internal/config/loader.go:435.52,437.3 1 0
github.com/wolflang/wolf/internal/config/loader.go:439.2,439.61 1 0
github.com/wolflang/wolf/internal/config/loader.go:439.61,441.3 1 0
github.com/wolflang/wolf/internal/config/loader.go:443.2,444.30 2 0
github.com/wolflang/wolf/internal/config/loader.go:444.30,446.3 1 0
github.com/wolflang/wolf/internal/config/loader.go:448.2,448.25 1 0
github.com/wolflang/wolf/internal/config/loader.go:448.25,450.3 1 0
github.com/wolflang/wolf/internal/config/loader.go:451.2,451.28 1 0
github.com/wolflang/wolf/internal/config/loader.go:451.28,453.3 1 0
github.com/wolflang/wolf/internal/config/loader.go:454.2,454.42 1 0
github.com/wolflang/wolf/internal/config/loader.go:454.42,457.3 1 0
github.com/wolflang/wolf/internal/config/loader.go:458.2,458.28 1 0
github.com/wolflang/wolf/internal/config/loader.go:458.28,460.3 1 0
github.com/wolflang/wolf/internal/config/loader.go:462.2,463.63 2 0
github.com/wolflang/wolf/internal/config/loader.go:463.63,465.3 1 0
github.com/wolflang/wolf/internal/config/loader.go:467.2,468.33 2 0
github.com/wolflang/wolf/internal/config/loader.go:468.33,470.3 1 0
github.com/wolflang/wolf/internal/config/loader.go:472.2,472.12 1 0
github.com/wolflang/wolf/internal/config/loader.go:476.40,477.47 1 0
github.com/wolflang/wolf/internal/config/loader.go:478.32,479.19 1 0
github.com/wolflang/wolf/internal/config/loader.go:480.33,481.20 1 0
github.com/wolflang/wolf/internal/config/loader.go:483.2,483.56 1 0
github.com/wolflang/wolf/internal/ir/ir_nodes.go:62.31,62.32 0 0
github.com/wolflang/wolf/internal/ir/ir_nodes.go:71.30,71.31 0 0
github.com/wolflang/wolf/internal/ir/ir_nodes.go:78.28,78.29 0 0
github.com/wolflang/wolf/internal/ir/ir_nodes.go:85.30,85.31 0 0
github.com/wolflang/wolf/internal/ir/ir_nodes.go:95.26,95.27 0 0
github.com/wolflang/wolf/internal/ir/ir_nodes.go:111.27,111.28 0 0
github.com/wolflang/wolf/internal/ir/ir_nodes.go:121.29,121.30 0 0
github.com/wolflang/wolf/internal/ir/ir_nodes.go:130.30,130.31 0 0
github.com/wolflang/wolf/internal/ir/ir_nodes.go:143.29,143.30 0 0
github.com/wolflang/wolf/internal/ir/ir_nodes.go:150.26,150.27 0 0
github.com/wolflang/wolf/internal/ir/ir_nodes.go:157.29,157.30 0 0
github.com/wolflang/wolf/internal/ir/ir_nodes.go:164.27,164.28 0 0
github.com/wolflang/wolf/internal/ir/ir_nodes.go:178.25,178.26 0 0
github.com/wolflang/wolf/internal/ir/ir_nodes.go:185.26,185.27 0 0
github.com/wolflang/wolf/internal/ir/ir_nodes.go:192.28,192.29 0 0
github.com/wolflang/wolf/internal/ir/ir_nodes.go:199.29,199.30 0 0
github.com/wolflang/wolf/internal/ir/ir_nodes.go:206.27,206.28 0 0
github.com/wolflang/wolf/internal/ir/ir_nodes.go:211.26,211.27 0 0
github.com/wolflang/wolf/internal/ir/ir_nodes.go:220.30,220.31 0 0
github.com/wolflang/wolf/internal/ir/ir_nodes.go:228.29,228.30 0 0
github.com/wolflang/wolf/internal/ir/ir_nodes.go:236.28,236.29 0 0
github.com/wolflang/wolf/internal/ir/ir_nodes.go:244.31,244.32 0 0
github.com/wolflang/wolf/internal/ir/ir_nodes.go:253.34,253.35 0 0
github.com/wolflang/wolf/internal/ir/ir_nodes.go:262.30,262.31 0 0
github.com/wolflang/wolf/internal/ir/ir_nodes.go:270.29,270.30 0 0
github.com/wolflang/wolf/internal/ir/ir_nodes.go:278.28,278.29 0 0
github.com/wolflang/wolf/internal/ir/ir_nodes.go:288.26,288.27 0 0
github.com/wolflang/wolf/internal/ir/ir_nodes.go:296.29,296.30 0 0
github.com/wolflang/wolf/internal/ir/ir_nodes.go:305.27,305.28 0 0
github.com/wolflang/wolf/internal/ir/ir_nodes.go:313.30,313.31 0 0
github.com/wolflang/wolf/internal/ir/ir_nodes.go:320.28,320.29 0 0
github.com/wolflang/wolf/internal/ir/ir_nodes.go:328.28,328.29 0 0
github.com/wolflang/wolf/internal/ir/ir_nodes.go:335.28,335.29 0 0
github.com/wolflang/wolf/internal/ir/ir_nodes.go:343.31,343.32 0 0
github.com/wolflang/wolf/internal/ir/ir_nodes.go:351.32,351.33 0 0
github.com/wolflang/wolf/internal/ir/ir_nodes.go:358.28,358.29 0 0
github.com/wolflang/wolf/internal/ir/ir_nodes.go:369.29,369.30 0 0
github.com/wolflang/wolf/internal/ir/ir_nodes.go:377.29,377.30 0 0
github.com/wolflang/wolf/internal/ir/ir_nodes.go:385.31,385.32 0 0
