mode: set
github.com/wolflang/wolf/cmd/wolf/main.go:19.13,36.55 4 0
github.com/wolflang/wolf/cmd/wolf/main.go:36.55,38.18 2 0
github.com/wolflang/wolf/cmd/wolf/main.go:38.18,40.5 1 0
github.com/wolflang/wolf/cmd/wolf/main.go:42.4,44.18 3 0
github.com/wolflang/wolf/cmd/wolf/main.go:44.18,47.5 2 0
github.com/wolflang/wolf/cmd/wolf/main.go:48.4,52.18 4 0
github.com/wolflang/wolf/cmd/wolf/main.go:52.18,53.37 1 0
github.com/wolflang/wolf/cmd/wolf/main.go:53.37,55.6 1 0
github.com/wolflang/wolf/cmd/wolf/main.go:56.5,56.15 1 0
github.com/wolflang/wolf/cmd/wolf/main.go:59.4,60.14 2 0
github.com/wolflang/wolf/cmd/wolf/main.go:64.2,68.55 1 0
github.com/wolflang/wolf/cmd/wolf/main.go:68.55,70.18 2 0
github.com/wolflang/wolf/cmd/wolf/main.go:70.18,72.5 1 0
github.com/wolflang/wolf/cmd/wolf/main.go:74.4,76.18 3 0
github.com/wolflang/wolf/cmd/wolf/main.go:76.18,79.5 2 0
github.com/wolflang/wolf/cmd/wolf/main.go:80.4,83.41 3 0
github.com/wolflang/wolf/cmd/wolf/main.go:87.2,91.55 1 0
github.com/wolflang/wolf/cmd/wolf/main.go:91.55,95.4 2 0
github.com/wolflang/wolf/cmd/wolf/main.go:98.2,102.55 1 0
github.com/wolflang/wolf/cmd/wolf/main.go:102.55,106.4 2 0
github.com/wolflang/wolf/cmd/wolf/main.go:110.2,118.55 2 0
github.com/wolflang/wolf/cmd/wolf/main.go:118.55,122.38 4 0
github.com/wolflang/wolf/cmd/wolf/main.go:122.38,124.5 1 0
github.com/wolflang/wolf/cmd/wolf/main.go:125.4,126.14 2 0
github.com/wolflang/wolf/cmd/wolf/main.go:130.2,134.55 1 0
github.com/wolflang/wolf/cmd/wolf/main.go:134.55,138.21 4 0
github.com/wolflang/wolf/cmd/wolf/main.go:138.21,140.5 1 0
github.com/wolflang/wolf/cmd/wolf/main.go:141.4,141.50 1 0
github.com/wolflang/wolf/cmd/wolf/main.go:141.50,143.5 1 0
github.com/wolflang/wolf/cmd/wolf/main.go:144.4,145.14 2 0
github.com/wolflang/wolf/cmd/wolf/main.go:149.2,153.55 1 0
github.com/wolflang/wolf/cmd/wolf/main.go:153.55,156.44 3 0
github.com/wolflang/wolf/cmd/wolf/main.go:156.44,158.5 1 0
github.com/wolflang/wolf/cmd/wolf/main.go:159.4,160.14 2 0
github.com/wolflang/wolf/cmd/wolf/main.go:164.2,167.55 1 0
github.com/wolflang/wolf/cmd/wolf/main.go:167.55,171.18 4 0
github.com/wolflang/wolf/cmd/wolf/main.go:171.18,173.5 1 0
github.com/wolflang/wolf/cmd/wolf/main.go:174.4,174.29 1 0
github.com/wolflang/wolf/cmd/wolf/main.go:174.29,176.5 1 0
github.com/wolflang/wolf/cmd/wolf/main.go:177.4,177.14 1 0
github.com/wolflang/wolf/cmd/wolf/main.go:181.2,184.55 1 0
github.com/wolflang/wolf/cmd/wolf/main.go:184.55,188.18 4 0
github.com/wolflang/wolf/cmd/wolf/main.go:188.18,190.5 1 0
github.com/wolflang/wolf/cmd/wolf/main.go:191.4,191.24 1 0
github.com/wolflang/wolf/cmd/wolf/main.go:191.24,193.5 1 0
github.com/wolflang/wolf/cmd/wolf/main.go:193.10,194.34 1 0
github.com/wolflang/wolf/cmd/wolf/main.go:194.34,196.6 1 0
github.com/wolflang/wolf/cmd/wolf/main.go:198.4,198.14 1 0
github.com/wolflang/wolf/cmd/wolf/main.go:202.2,205.55 1 0
github.com/wolflang/wolf/cmd/wolf/main.go:205.55,209.36 4 0
github.com/wolflang/wolf/cmd/wolf/main.go:209.36,211.5 1 0
github.com/wolflang/wolf/cmd/wolf/main.go:212.4,213.14 2 0
github.com/wolflang/wolf/cmd/wolf/main.go:217.2,220.48 1 0
github.com/wolflang/wolf/cmd/wolf/main.go:220.48,225.4 4 0
github.com/wolflang/wolf/cmd/wolf/main.go:228.2,242.55 6 0
github.com/wolflang/wolf/cmd/wolf/main.go:242.55,247.47 2 0
github.com/wolflang/wolf/cmd/wolf/main.go:247.47,249.19 2 0
github.com/wolflang/wolf/cmd/wolf/main.go:249.19,251.6 1 0
github.com/wolflang/wolf/cmd/wolf/main.go:252.5,252.27 1 0
github.com/wolflang/wolf/cmd/wolf/main.go:256.4,256.49 1 0
github.com/wolflang/wolf/cmd/wolf/main.go:256.49,258.5 1 0
github.com/wolflang/wolf/cmd/wolf/main.go:260.4,261.84 2 0
github.com/wolflang/wolf/cmd/wolf/main.go:261.84,263.5 1 0
github.com/wolflang/wolf/cmd/wolf/main.go:264.4,267.23 2 0
github.com/wolflang/wolf/cmd/wolf/main.go:268.15,269.64 1 0
github.com/wolflang/wolf/cmd/wolf/main.go:270.15,272.73 2 0
github.com/wolflang/wolf/cmd/wolf/main.go:273.12,274.60 1 0
github.com/wolflang/wolf/cmd/wolf/main.go:276.4,276.14 1 0
github.com/wolflang/wolf/cmd/wolf/main.go:279.2,286.55 3 0
github.com/wolflang/wolf/cmd/wolf/main.go:286.55,291.18 5 0
github.com/wolflang/wolf/cmd/wolf/main.go:291.18,293.5 1 0
github.com/wolflang/wolf/cmd/wolf/main.go:294.4,295.14 2 0
github.com/wolflang/wolf/cmd/wolf/main.go:300.2,309.57 4 0
github.com/wolflang/wolf/cmd/wolf/main.go:309.57,312.17 3 0
github.com/wolflang/wolf/cmd/wolf/main.go:312.17,315.4 1 0
github.com/wolflang/wolf/cmd/wolf/main.go:316.3,316.46 1 0
github.com/wolflang/wolf/cmd/wolf/main.go:319.2,323.55 2 0
github.com/wolflang/wolf/cmd/wolf/main.go:323.55,325.18 2 0
github.com/wolflang/wolf/cmd/wolf/main.go:325.18,327.5 1 0
github.com/wolflang/wolf/cmd/wolf/main.go:328.4,329.23 2 0
github.com/wolflang/wolf/cmd/wolf/main.go:332.2,338.55 3 0
github.com/wolflang/wolf/cmd/wolf/main.go:338.55,340.18 2 0
github.com/wolflang/wolf/cmd/wolf/main.go:340.18,342.5 1 0
github.com/wolflang/wolf/cmd/wolf/main.go:343.4,344.27 2 0
github.com/wolflang/wolf/cmd/wolf/main.go:347.2,352.55 2 0
github.com/wolflang/wolf/cmd/wolf/main.go:352.55,354.18 2 0
github.com/wolflang/wolf/cmd/wolf/main.go:354.18,356.5 1 0
github.com/wolflang/wolf/cmd/wolf/main.go:357.4,358.20 2 0
github.com/wolflang/wolf/cmd/wolf/main.go:362.2,365.55 1 0
github.com/wolflang/wolf/cmd/wolf/main.go:365.55,367.18 2 0
github.com/wolflang/wolf/cmd/wolf/main.go:367.18,369.5 1 0
github.com/wolflang/wolf/cmd/wolf/main.go:370.4,370.21 1 0
github.com/wolflang/wolf/cmd/wolf/main.go:374.2,378.55 1 0
github.com/wolflang/wolf/cmd/wolf/main.go:378.55,380.18 2 0
github.com/wolflang/wolf/cmd/wolf/main.go:380.18,382.5 1 0
github.com/wolflang/wolf/cmd/wolf/main.go:383.4,384.18 2 0
github.com/wolflang/wolf/cmd/wolf/main.go:384.18,386.5 1 0
github.com/wolflang/wolf/cmd/wolf/main.go:387.4,388.14 2 0
github.com/wolflang/wolf/cmd/wolf/main.go:392.2,396.42 3 0
github.com/wolflang/wolf/cmd/wolf/main.go:396.42,398.3 1 0
github.com/wolflang/wolf/cmd/wolf/main.go:404.19,406.16 2 0
github.com/wolflang/wolf/cmd/wolf/main.go:406.16,408.3 1 0
github.com/wolflang/wolf/cmd/wolf/main.go:410.2,410.45 1 0
github.com/wolflang/wolf/cmd/wolf/main.go:415.42,427.16 11 0
github.com/wolflang/wolf/cmd/wolf/main.go:427.16,429.3 1 0
github.com/wolflang/wolf/cmd/wolf/main.go:430.2,433.15 3 0
github.com/wolflang/wolf/cmd/wolf/main.go:434.18,435.20 1 0
github.com/wolflang/wolf/cmd/wolf/main.go:436.21,437.23 1 0
github.com/wolflang/wolf/cmd/wolf/main.go:438.18,439.20 1 0
github.com/wolflang/wolf/cmd/wolf/main.go:440.10,441.104 1 0
github.com/wolflang/wolf/internal/config/config.go:106.29,166.2 1 0
github.com/wolflang/wolf/internal/config/loader.go:17.52,22.22 3 0
github.com/wolflang/wolf/internal/config/loader.go:22.22,23.51 1 0
github.com/wolflang/wolf/internal/config/loader.go:23.51,25.4 1 0
github.com/wolflang/wolf/internal/config/loader.go:29.2,32.38 2 0
github.com/wolflang/wolf/internal/config/loader.go:32.38,34.3 1 0
github.com/wolflang/wolf/internal/config/loader.go:37.2,37.29 1 0
github.com/wolflang/wolf/internal/config/loader.go:37.29,39.3 1 0
github.com/wolflang/wolf/internal/config/loader.go:39.8,39.50 1 0
github.com/wolflang/wolf/internal/config/loader.go:39.50,47.3 2 0
github.com/wolflang/wolf/internal/config/loader.go:49.2,49.17 1 0
github.com/wolflang/wolf/internal/config/loader.go:54.40,56.6 2 0
github.com/wolflang/wolf/internal/config/loader.go:56.6,58.47 2 0
github.com/wolflang/wolf/internal/config/loader.go:58.47,60.4 1 0
github.com/wolflang/wolf/internal/config/loader.go:61.3,62.20 2 0
github.com/wolflang/wolf/internal/config/loader.go:62.20,63.9 1 0
github.com/wolflang/wolf/internal/config/loader.go:65.3,65.15 1 0
github.com/wolflang/wolf/internal/config/loader.go:67.2,67.11 1 0
github.com/wolflang/wolf/internal/config/loader.go:79.51,81.16 2 0
github.com/wolflang/wolf/internal/config/loader.go:81.16,83.3 1 0
github.com/wolflang/wolf/internal/config/loader.go:84.2,90.21 5 0
github.com/wolflang/wolf/internal/config/loader.go:90.21,98.17 5 0
github.com/wolflang/wolf/internal/config/loader.go:98.17,99.12 1 0
github.com/wolflang/wolf/internal/config/loader.go:103.3,103.67 1 0
github.com/wolflang/wolf/internal/config/loader.go:103.67,105.12 2 0
github.com/wolflang/wolf/internal/config/loader.go:109.3,110.13 2 0
github.com/wolflang/wolf/internal/config/loader.go:110.13,112.4 1 0
github.com/wolflang/wolf/internal/config/loader.go:114.3,117.67 3 0
github.com/wolflang/wolf/internal/config/loader.go:117.67,119.4 1 0
github.com/wolflang/wolf/internal/config/loader.go:122.2,122.22 1 0
github.com/wolflang/wolf/internal/config/loader.go:126.36,128.23 2 0
github.com/wolflang/wolf/internal/config/loader.go:128.23,129.16 1 0
github.com/wolflang/wolf/internal/config/loader.go:129.16,131.4 1 0
github.com/wolflang/wolf/internal/config/loader.go:132.3,132.28 1 0
github.com/wolflang/wolf/internal/config/loader.go:132.28,134.4 1 0
github.com/wolflang/wolf/internal/config/loader.go:136.2,136.10 1 0
github.com/wolflang/wolf/internal/config/loader.go:140.74,141.43 1 0
github.com/wolflang/wolf/internal/config/loader.go:141.43,143.3 1 0
github.com/wolflang/wolf/internal/config/loader.go:145.2,145.17 1 0
github.com/wolflang/wolf/internal/config/loader.go:146.13,147.14 1 0
github.com/wolflang/wolf/internal/config/loader.go:148.15,149.22 1 0
github.com/wolflang/wolf/internal/config/loader.go:150.14,151.21 1 0
github.com/wolflang/wolf/internal/config/loader.go:152.16,154.18 2 0
github.com/wolflang/wolf/internal/config/loader.go:154.18,156.5 1 0
github.com/wolflang/wolf/internal/config/loader.go:157.4,157.21 1 0
github.com/wolflang/wolf/internal/config/loader.go:158.18,159.25 1 0
github.com/wolflang/wolf/internal/config/loader.go:160.14,161.21 1 0
github.com/wolflang/wolf/internal/config/loader.go:162.11,163.32 1 0
github.com/wolflang/wolf/internal/config/loader.go:166.16,167.14 1 0
github.com/wolflang/wolf/internal/config/loader.go:168.15,169.25 1 0
github.com/wolflang/wolf/internal/config/loader.go:170.15,172.18 2 0
github.com/wolflang/wolf/internal/config/loader.go:172.18,174.5 1 0
github.com/wolflang/wolf/internal/config/loader.go:175.4,175.23 1 0
github.com/wolflang/wolf/internal/config/loader.go:176.23,178.18 2 0
github.com/wolflang/wolf/internal/config/loader.go:178.18,180.5 1 0
github.com/wolflang/wolf/internal/config/loader.go:181.4,181.33 1 0
github.com/wolflang/wolf/internal/config/loader.go:182.24,184.18 2 0
github.com/wolflang/wolf/internal/config/loader.go:184.18,186.5 1 0
github.com/wolflang/wolf/internal/config/loader.go:187.4,187.34 1 0
github.com/wolflang/wolf/internal/config/loader.go:188.27,190.18 2 0
github.com/wolflang/wolf/internal/config/loader.go:190.18,192.5 1 0
github.com/wolflang/wolf/internal/config/loader.go:193.4,193.33 1 0
github.com/wolflang/wolf/internal/config/loader.go:194.25,196.18 2 0
github.com/wolflang/wolf/internal/config/loader.go:196.18,198.5 1 0
github.com/wolflang/wolf/internal/config/loader.go:199.4,199.32 1 0
github.com/wolflang/wolf/internal/config/loader.go:200.22,202.18 2 0
github.com/wolflang/wolf/internal/config/loader.go:202.18,204.5 1 0
github.com/wolflang/wolf/internal/config/loader.go:205.4,205.29 1 0
github.com/wolflang/wolf/internal/config/loader.go:206.18,208.18 2 0
github.com/wolflang/wolf/internal/config/loader.go:208.18,210.5 1 0
github.com/wolflang/wolf/internal/config/loader.go:211.4,211.26 1 0
github.com/wolflang/wolf/internal/config/loader.go:212.11,213.32 1 0
github.com/wolflang/wolf/internal/config/loader.go:216.24,217.14 1 0
github.com/wolflang/wolf/internal/config/loader.go:218.17,219.23 1 0
github.com/wolflang/wolf/internal/config/loader.go:220.15,221.21 1 0
github.com/wolflang/wolf/internal/config/loader.go:222.15,224.18 2 0
github.com/wolflang/wolf/internal/config/loader.go:224.18,226.5 1 0
github.com/wolflang/wolf/internal/config/loader.go:227.4,227.19 1 0
github.com/wolflang/wolf/internal/config/loader.go:228.15,229.21 1 0
github.com/wolflang/wolf/internal/config/loader.go:230.15,231.21 1 0
github.com/wolflang/wolf/internal/config/loader.go:232.19,233.25 1 0
github.com/wolflang/wolf/internal/config/loader.go:234.20,236.18 2 0
github.com/wolflang/wolf/internal/config/loader.go:236.18,238.5 1 0
github.com/wolflang/wolf/internal/config/loader.go:239.4,239.23 1 0
github.com/wolflang/wolf/internal/config/loader.go:240.24,242.18 2 0
github.com/wolflang/wolf/internal/config/loader.go:242.18,244.5 1 0
github.com/wolflang/wolf/internal/config/loader.go:245.4,245.26 1 0
github.com/wolflang/wolf/internal/config/loader.go:246.23,248.18 2 0
github.com/wolflang/wolf/internal/config/loader.go:248.18,250.5 1 0
github.com/wolflang/wolf/internal/config/loader.go:251.4,251.26 1 0
github.com/wolflang/wolf/internal/config/loader.go:252.22,254.18 2 0
github.com/wolflang/wolf/internal/config/loader.go:254.18,256.5 1 0
github.com/wolflang/wolf/internal/config/loader.go:257.4,257.25 1 0
github.com/wolflang/wolf/internal/config/loader.go:258.20,259.25 1 0
github.com/wolflang/wolf/internal/config/loader.go:260.20,262.18 2 0
github.com/wolflang/wolf/internal/config/loader.go:262.18,264.5 1 0
github.com/wolflang/wolf/internal/config/loader.go:265.4,265.23 1 0
github.com/wolflang/wolf/internal/config/loader.go:266.11,267.32 1 0
github.com/wolflang/wolf/internal/config/loader.go:270.15,271.14 1 0
github.com/wolflang/wolf/internal/config/loader.go:272.15,273.24 1 0
github.com/wolflang/wolf/internal/config/loader.go:274.15,276.18 2 0
github.com/wolflang/wolf/internal/config/loader.go:276.18,278.5 1 0
github.com/wolflang/wolf/internal/config/loader.go:279.4,279.22 1 0
github.com/wolflang/wolf/internal/config/loader.go:280.19,281.28 1 0
github.com/wolflang/wolf/internal/config/loader.go:282.13,284.18 2 0
github.com/wolflang/wolf/internal/config/loader.go:284.18,286.5 1 0
github.com/wolflang/wolf/internal/config/loader.go:287.4,287.20 1 0
github.com/wolflang/wolf/internal/config/loader.go:288.11,289.32 1 0
github.com/wolflang/wolf/internal/config/loader.go:292.13,293.14 1 0
github.com/wolflang/wolf/internal/config/loader.go:294.17,295.24 1 0
github.com/wolflang/wolf/internal/config/loader.go:296.35,298.18 2 0
github.com/wolflang/wolf/internal/config/loader.go:298.18,300.5 1 0
github.com/wolflang/wolf/internal/config/loader.go:301.4,301.25 1 0
github.com/wolflang/wolf/internal/config/loader.go:302.20,303.27 1 0
github.com/wolflang/wolf/internal/config/loader.go:304.11,305.32 1 0
github.com/wolflang/wolf/internal/config/loader.go:308.13,309.14 1 0
github.com/wolflang/wolf/internal/config/loader.go:310.16,311.23 1 0
github.com/wolflang/wolf/internal/config/loader.go:312.17,313.24 1 0
github.com/wolflang/wolf/internal/config/loader.go:314.15,315.22 1 0
github.com/wolflang/wolf/internal/config/loader.go:316.11,317.32 1 0
github.com/wolflang/wolf/internal/config/loader.go:320.15,321.14 1 0
github.com/wolflang/wolf/internal/config/loader.go:322.18,323.26 1 0
github.com/wolflang/wolf/internal/config/loader.go:324.31,326.18 2 0
github.com/wolflang/wolf/internal/config/loader.go:326.18,328.5 1 0
github.com/wolflang/wolf/internal/config/loader.go:329.4,329.26 1 0
github.com/wolflang/wolf/internal/config/loader.go:330.18,332.18 2 0
github.com/wolflang/wolf/internal/config/loader.go:332.18,334.5 1 0
github.com/wolflang/wolf/internal/config/loader.go:335.4,335.24 1 0
github.com/wolflang/wolf/internal/config/loader.go:336.22,338.18 2 0
github.com/wolflang/wolf/internal/config/loader.go:338.18,340.5 1 0
github.com/wolflang/wolf/internal/config/loader.go:341.4,341.28 1 0
github.com/wolflang/wolf/internal/config/loader.go:342.11,343.32 1 0
github.com/wolflang/wolf/internal/config/loader.go:346.16,347.14 1 0
github.com/wolflang/wolf/internal/config/loader.go:348.15,350.24 2 0
github.com/wolflang/wolf/internal/config/loader.go:350.24,352.5 1 0
github.com/wolflang/wolf/internal/config/loader.go:353.4,353.25 1 0
github.com/wolflang/wolf/internal/config/loader.go:354.15,355.25 1 0
github.com/wolflang/wolf/internal/config/loader.go:356.11,357.32 1 0
github.com/wolflang/wolf/internal/config/loader.go:360.10,361.73 1 0
github.com/wolflang/wolf/internal/config/loader.go:363.10,363.10 0 0
github.com/wolflang/wolf/internal/config/loader.go:367.2,367.12 1 0
github.com/wolflang/wolf/internal/config/loader.go:373.34,374.43 1 0
github.com/wolflang/wolf/internal/config/loader.go:374.43,375.37 1 0
github.com/wolflang/wolf/internal/config/loader.go:375.37,377.4 1 0
github.com/wolflang/wolf/internal/config/loader.go:379.2,379.40 1 0
github.com/wolflang/wolf/internal/config/loader.go:379.40,380.37 1 0
github.com/wolflang/wolf/internal/config/loader.go:380.37,381.45 1 0
github.com/wolflang/wolf/internal/config/loader.go:381.45,383.5 1 0
github.com/wolflang/wolf/internal/config/loader.go:386.2,386.42 1 0
github.com/wolflang/wolf/internal/config/loader.go:386.42,387.37 1 0
github.com/wolflang/wolf/internal/config/loader.go:387.37,388.42 1 0
github.com/wolflang/wolf/internal/config/loader.go:388.42,390.5 1 0
github.com/wolflang/wolf/internal/config/loader.go:395.2,445.53 39 0
github.com/wolflang/wolf/internal/config/loader.go:450.38,452.29 2 0
github.com/wolflang/wolf/internal/config/loader.go:452.29,454.3 1 0
github.com/wolflang/wolf/internal/config/loader.go:456.2,456.52 1 0
github.com/wolflang/wolf/internal/config/loader.go:456.52,458.3 1 0
github.com/wolflang/wolf/internal/config/loader.go:460.2,460.61 1 0
github.com/wolflang/wolf/internal/config/loader.go:460.61,462.3 1 0
github.com/wolflang/wolf/internal/config/loader.go:464.2,465.30 2 0
github.com/wolflang/wolf/internal/config/loader.go:465.30,467.3 1 0
github.com/wolflang/wolf/internal/config/loader.go:469.2,469.25 1 0
github.com/wolflang/wolf/internal/config/loader.go:469.25,471.3 1 0
github.com/wolflang/wolf/internal/config/loader.go:472.2,472.28 1 0
github.com/wolflang/wolf/internal/config/loader.go:472.28,474.3 1 0
github.com/wolflang/wolf/internal/config/loader.go:475.2,475.42 1 0
github.com/wolflang/wolf/internal/config/loader.go:475.42,478.3 1 0
github.com/wolflang/wolf/internal/config/loader.go:479.2,479.28 1 0
github.com/wolflang/wolf/internal/config/loader.go:479.28,481.3 1 0
github.com/wolflang/wolf/internal/config/loader.go:483.2,484.63 2 0
github.com/wolflang/wolf/internal/config/loader.go:484.63,486.3 1 0
github.com/wolflang/wolf/internal/config/loader.go:488.2,489.33 2 0
github.com/wolflang/wolf/internal/config/loader.go:489.33,491.3 1 0
github.com/wolflang/wolf/internal/config/loader.go:493.2,493.12 1 0
github.com/wolflang/wolf/internal/config/loader.go:497.40,498.47 1 0
github.com/wolflang/wolf/internal/config/loader.go:499.32,500.19 1 0
github.com/wolflang/wolf/internal/config/loader.go:501.33,502.20 1 0
github.com/wolflang/wolf/internal/config/loader.go:504.2,504.56 1 0
github.com/wolflang/wolf/internal/ir/clone.go:7.30,9.20 2 1
github.com/wolflang/wolf/internal/ir/clone.go:9.20,11.3 1 1
github.com/wolflang/wolf/internal/ir/clone.go:12.2,13.28 2 1
github.com/wolflang/wolf/internal/ir/clone.go:16.48,17.18 1 1
github.com/wolflang/wolf/internal/ir/clone.go:17.18,19.3 1 1
github.com/wolflang/wolf/internal/ir/clone.go:21.2,21.18 1 1
github.com/wolflang/wolf/internal/ir/clone.go:22.19,23.16 1 1
github.com/wolflang/wolf/internal/ir/clone.go:23.16,25.4 1 1
github.com/wolflang/wolf/internal/ir/clone.go:27.3,30.13 4 1
github.com/wolflang/wolf/internal/ir/clone.go:32.22,34.37 2 1
github.com/wolflang/wolf/internal/ir/clone.go:34.37,37.39 2 1
github.com/wolflang/wolf/internal/ir/clone.go:37.39,38.13 1 1
github.com/wolflang/wolf/internal/ir/clone.go:40.4,40.42 1 1
github.com/wolflang/wolf/internal/ir/clone.go:42.3,42.16 1 1
github.com/wolflang/wolf/internal/ir/clone.go:44.21,45.16 1 1
github.com/wolflang/wolf/internal/ir/clone.go:45.16,47.4 1 1
github.com/wolflang/wolf/internal/ir/clone.go:48.3,49.32 2 1
github.com/wolflang/wolf/internal/ir/clone.go:49.32,51.4 1 1
github.com/wolflang/wolf/internal/ir/clone.go:52.3,52.16 1 1
github.com/wolflang/wolf/internal/ir/clone.go:54.19,55.16 1 1
github.com/wolflang/wolf/internal/ir/clone.go:55.16,57.4 1 1
github.com/wolflang/wolf/internal/ir/clone.go:58.3,59.35 2 1
github.com/wolflang/wolf/internal/ir/clone.go:59.35,61.4 1 1
github.com/wolflang/wolf/internal/ir/clone.go:62.3,62.16 1 1
github.com/wolflang/wolf/internal/ir/clone.go:64.25,65.16 1 1
github.com/wolflang/wolf/internal/ir/clone.go:65.16,67.4 1 1
github.com/wolflang/wolf/internal/ir/clone.go:70.3,74.32 2 1
github.com/wolflang/wolf/internal/ir/clone.go:76.10,78.11 1 1
github.com/wolflang/wolf/internal/ir/clone.go:84.57,86.2 1 1
github.com/wolflang/wolf/internal/ir/clone.go:88.70,89.18 1 1
github.com/wolflang/wolf/internal/ir/clone.go:89.18,91.3 1 1
github.com/wolflang/wolf/internal/ir/clone.go:93.2,93.18 1 1
github.com/wolflang/wolf/internal/ir/clone.go:94.38,95.17 1 1
github.com/wolflang/wolf/internal/ir/clone.go:95.17,97.4 1 1
github.com/wolflang/wolf/internal/ir/clone.go:99.22,100.37 1 1
github.com/wolflang/wolf/internal/ir/clone.go:100.37,102.23 2 1
github.com/wolflang/wolf/internal/ir/clone.go:102.23,104.13 1 1
github.com/wolflang/wolf/internal/ir/clone.go:106.4,109.21 2 1
github.com/wolflang/wolf/internal/ir/clone.go:110.64,111.39 1 1
github.com/wolflang/wolf/internal/ir/clone.go:111.39,112.52 1 1
github.com/wolflang/wolf/internal/ir/clone.go:112.52,114.7 1 1
github.com/wolflang/wolf/internal/ir/clone.go:116.23,117.86 1 1
github.com/wolflang/wolf/internal/ir/clone.go:117.86,118.39 1 1
github.com/wolflang/wolf/internal/ir/clone.go:118.39,120.52 2 1
github.com/wolflang/wolf/internal/ir/clone.go:120.52,122.8 1 1
github.com/wolflang/wolf/internal/ir/clone.go:128.4,128.39 1 1
github.com/wolflang/wolf/internal/ir/clone.go:131.21,132.32 1 1
github.com/wolflang/wolf/internal/ir/clone.go:132.32,134.4 1 1
github.com/wolflang/wolf/internal/ir/ir_nodes.go:79.30,79.39 1 1
github.com/wolflang/wolf/internal/ir/ir_nodes.go:88.29,88.38 1 1
github.com/wolflang/wolf/internal/ir/ir_nodes.go:95.27,95.36 1 1
github.com/wolflang/wolf/internal/ir/ir_nodes.go:102.29,102.38 1 1
github.com/wolflang/wolf/internal/ir/ir_nodes.go:112.25,112.34 1 1
github.com/wolflang/wolf/internal/ir/ir_nodes.go:128.26,128.35 1 1
github.com/wolflang/wolf/internal/ir/ir_nodes.go:138.28,138.37 1 1
github.com/wolflang/wolf/internal/ir/ir_nodes.go:147.29,147.38 1 1
github.com/wolflang/wolf/internal/ir/ir_nodes.go:160.28,160.37 1 1
github.com/wolflang/wolf/internal/ir/ir_nodes.go:169.31,169.40 1 1
github.com/wolflang/wolf/internal/ir/ir_nodes.go:177.28,177.37 1 1
github.com/wolflang/wolf/internal/ir/ir_nodes.go:182.30,182.39 1 1
github.com/wolflang/wolf/internal/ir/ir_nodes.go:189.28,189.37 1 1
github.com/wolflang/wolf/internal/ir/ir_nodes.go:196.26,196.35 1 1
github.com/wolflang/wolf/internal/ir/ir_nodes.go:206.32,206.41 1 1
github.com/wolflang/wolf/internal/ir/ir_nodes.go:214.28,214.37 1 1
github.com/wolflang/wolf/internal/ir/ir_nodes.go:228.24,228.33 1 1
github.com/wolflang/wolf/internal/ir/ir_nodes.go:235.25,235.34 1 1
github.com/wolflang/wolf/internal/ir/ir_nodes.go:242.27,242.36 1 1
github.com/wolflang/wolf/internal/ir/ir_nodes.go:249.28,249.37 1 1
github.com/wolflang/wolf/internal/ir/ir_nodes.go:256.26,256.35 1 1
github.com/wolflang/wolf/internal/ir/ir_nodes.go:261.25,261.34 1 1
github.com/wolflang/wolf/internal/ir/ir_nodes.go:270.29,270.38 1 1
github.com/wolflang/wolf/internal/ir/ir_nodes.go:278.28,278.37 1 1
github.com/wolflang/wolf/internal/ir/ir_nodes.go:287.27,287.36 1 1
github.com/wolflang/wolf/internal/ir/ir_nodes.go:295.30,295.39 1 1
github.com/wolflang/wolf/internal/ir/ir_nodes.go:305.33,305.42 1 1
github.com/wolflang/wolf/internal/ir/ir_nodes.go:314.29,314.38 1 1
github.com/wolflang/wolf/internal/ir/ir_nodes.go:322.28,322.37 1 1
github.com/wolflang/wolf/internal/ir/ir_nodes.go:330.27,330.36 1 1
github.com/wolflang/wolf/internal/ir/ir_nodes.go:340.25,340.34 1 1
github.com/wolflang/wolf/internal/ir/ir_nodes.go:348.28,348.37 1 1
github.com/wolflang/wolf/internal/ir/ir_nodes.go:357.26,357.35 1 1
github.com/wolflang/wolf/internal/ir/ir_nodes.go:365.29,365.38 1 1
github.com/wolflang/wolf/internal/ir/ir_nodes.go:372.27,372.36 1 1
github.com/wolflang/wolf/internal/ir/ir_nodes.go:380.27,380.36 1 1
github.com/wolflang/wolf/internal/ir/ir_nodes.go:387.27,387.36 1 1
github.com/wolflang/wolf/internal/ir/ir_nodes.go:395.30,395.39 1 1
github.com/wolflang/wolf/internal/ir/ir_nodes.go:403.31,403.40 1 1
github.com/wolflang/wolf/internal/ir/ir_nodes.go:410.27,410.36 1 1
github.com/wolflang/wolf/internal/ir/ir_nodes.go:421.28,421.37 1 1
github.com/wolflang/wolf/internal/ir/ir_nodes.go:429.28,429.37 1 1
github.com/wolflang/wolf/internal/ir/ir_nodes.go:437.30,437.39 1 1
github.com/wolflang/wolf/internal/config/config.go:106.29,166.2 1 0
github.com/wolflang/wolf/internal/config/loader.go:17.52,22.22 3 0
github.com/wolflang/wolf/internal/config/loader.go:22.22,23.51 1 0
github.com/wolflang/wolf/internal/config/loader.go:23.51,25.4 1 0
github.com/wolflang/wolf/internal/config/loader.go:29.2,32.38 2 0
github.com/wolflang/wolf/internal/config/loader.go:32.38,34.3 1 0
github.com/wolflang/wolf/internal/config/loader.go:37.2,37.29 1 0
github.com/wolflang/wolf/internal/config/loader.go:37.29,39.3 1 0
github.com/wolflang/wolf/internal/config/loader.go:39.8,39.50 1 0
github.com/wolflang/wolf/internal/config/loader.go:39.50,47.3 2 0
github.com/wolflang/wolf/internal/config/loader.go:49.2,49.17 1 0
github.com/wolflang/wolf/internal/config/loader.go:54.40,56.6 2 0
github.com/wolflang/wolf/internal/config/loader.go:56.6,58.47 2 0
github.com/wolflang/wolf/internal/config/loader.go:58.47,60.4 1 0
github.com/wolflang/wolf/internal/config/loader.go:61.3,62.20 2 0
github.com/wolflang/wolf/internal/config/loader.go:62.20,63.9 1 0
github.com/wolflang/wolf/internal/config/loader.go:65.3,65.15 1 0
github.com/wolflang/wolf/internal/config/loader.go:67.2,67.11 1 0
github.com/wolflang/wolf/internal/config/loader.go:79.51,81.16 2 0
github.com/wolflang/wolf/internal/config/loader.go:81.16,83.3 1 0
github.com/wolflang/wolf/internal/config/loader.go:84.2,90.21 5 0
github.com/wolflang/wolf/internal/config/loader.go:90.21,98.17 5 0
github.com/wolflang/wolf/internal/config/loader.go:98.17,99.12 1 0
github.com/wolflang/wolf/internal/config/loader.go:103.3,103.67 1 0
github.com/wolflang/wolf/internal/config/loader.go:103.67,105.12 2 0
github.com/wolflang/wolf/internal/config/loader.go:109.3,110.13 2 0
github.com/wolflang/wolf/internal/config/loader.go:110.13,112.4 1 0
github.com/wolflang/wolf/internal/config/loader.go:114.3,117.67 3 0
github.com/wolflang/wolf/internal/config/loader.go:117.67,119.4 1 0
github.com/wolflang/wolf/internal/config/loader.go:122.2,122.22 1 0
github.com/wolflang/wolf/internal/config/loader.go:126.36,128.23 2 0
github.com/wolflang/wolf/internal/config/loader.go:128.23,129.16 1 0
github.com/wolflang/wolf/internal/config/loader.go:129.16,131.4 1 0
github.com/wolflang/wolf/internal/config/loader.go:132.3,132.28 1 0
github.com/wolflang/wolf/internal/config/loader.go:132.28,134.4 1 0
github.com/wolflang/wolf/internal/config/loader.go:136.2,136.10 1 0
github.com/wolflang/wolf/internal/config/loader.go:140.74,141.43 1 0
github.com/wolflang/wolf/internal/config/loader.go:141.43,143.3 1 0
github.com/wolflang/wolf/internal/config/loader.go:145.2,145.17 1 0
github.com/wolflang/wolf/internal/config/loader.go:146.13,147.14 1 0
github.com/wolflang/wolf/internal/config/loader.go:148.15,149.22 1 0
github.com/wolflang/wolf/internal/config/loader.go:150.14,151.21 1 0
github.com/wolflang/wolf/internal/config/loader.go:152.16,154.18 2 0
github.com/wolflang/wolf/internal/config/loader.go:154.18,156.5 1 0
github.com/wolflang/wolf/internal/config/loader.go:157.4,157.21 1 0
github.com/wolflang/wolf/internal/config/loader.go:158.18,159.25 1 0
github.com/wolflang/wolf/internal/config/loader.go:160.14,161.21 1 0
github.com/wolflang/wolf/internal/config/loader.go:162.11,163.32 1 0
github.com/wolflang/wolf/internal/config/loader.go:166.16,167.14 1 0
github.com/wolflang/wolf/internal/config/loader.go:168.15,169.25 1 0
github.com/wolflang/wolf/internal/config/loader.go:170.15,172.18 2 0
github.com/wolflang/wolf/internal/config/loader.go:172.18,174.5 1 0
github.com/wolflang/wolf/internal/config/loader.go:175.4,175.23 1 0
github.com/wolflang/wolf/internal/config/loader.go:176.23,178.18 2 0
github.com/wolflang/wolf/internal/config/loader.go:178.18,180.5 1 0
github.com/wolflang/wolf/internal/config/loader.go:181.4,181.33 1 0
github.com/wolflang/wolf/internal/config/loader.go:182.24,184.18 2 0
github.com/wolflang/wolf/internal/config/loader.go:184.18,186.5 1 0
github.com/wolflang/wolf/internal/config/loader.go:187.4,187.34 1 0
github.com/wolflang/wolf/internal/config/loader.go:188.27,190.18 2 0
github.com/wolflang/wolf/internal/config/loader.go:190.18,192.5 1 0
github.com/wolflang/wolf/internal/config/loader.go:193.4,193.33 1 0
github.com/wolflang/wolf/internal/config/loader.go:194.25,196.18 2 0
github.com/wolflang/wolf/internal/config/loader.go:196.18,198.5 1 0
github.com/wolflang/wolf/internal/config/loader.go:199.4,199.32 1 0
github.com/wolflang/wolf/internal/config/loader.go:200.22,202.18 2 0
github.com/wolflang/wolf/internal/config/loader.go:202.18,204.5 1 0
github.com/wolflang/wolf/internal/config/loader.go:205.4,205.29 1 0
github.com/wolflang/wolf/internal/config/loader.go:206.18,208.18 2 0
github.com/wolflang/wolf/internal/config/loader.go:208.18,210.5 1 0
github.com/wolflang/wolf/internal/config/loader.go:211.4,211.26 1 0
github.com/wolflang/wolf/internal/config/loader.go:212.11,213.32 1 0
github.com/wolflang/wolf/internal/config/loader.go:216.24,217.14 1 0
github.com/wolflang/wolf/internal/config/loader.go:218.17,219.23 1 0
github.com/wolflang/wolf/internal/config/loader.go:220.15,221.21 1 0
github.com/wolflang/wolf/internal/config/loader.go:222.15,224.18 2 0
github.com/wolflang/wolf/internal/config/loader.go:224.18,226.5 1 0
github.com/wolflang/wolf/internal/config/loader.go:227.4,227.19 1 0
github.com/wolflang/wolf/internal/config/loader.go:228.15,229.21 1 0
github.com/wolflang/wolf/internal/config/loader.go:230.15,231.21 1 0
github.com/wolflang/wolf/internal/config/loader.go:232.19,233.25 1 0
github.com/wolflang/wolf/internal/config/loader.go:234.20,236.18 2 0
github.com/wolflang/wolf/internal/config/loader.go:236.18,238.5 1 0
github.com/wolflang/wolf/internal/config/loader.go:239.4,239.23 1 0
github.com/wolflang/wolf/internal/config/loader.go:240.24,242.18 2 0
github.com/wolflang/wolf/internal/config/loader.go:242.18,244.5 1 0
github.com/wolflang/wolf/internal/config/loader.go:245.4,245.26 1 0
github.com/wolflang/wolf/internal/config/loader.go:246.23,248.18 2 0
github.com/wolflang/wolf/internal/config/loader.go:248.18,250.5 1 0
github.com/wolflang/wolf/internal/config/loader.go:251.4,251.26 1 0
github.com/wolflang/wolf/internal/config/loader.go:252.22,254.18 2 0
github.com/wolflang/wolf/internal/config/loader.go:254.18,256.5 1 0
github.com/wolflang/wolf/internal/config/loader.go:257.4,257.25 1 0
github.com/wolflang/wolf/internal/config/loader.go:258.20,259.25 1 0
github.com/wolflang/wolf/internal/config/loader.go:260.20,262.18 2 0
github.com/wolflang/wolf/internal/config/loader.go:262.18,264.5 1 0
github.com/wolflang/wolf/internal/config/loader.go:265.4,265.23 1 0
github.com/wolflang/wolf/internal/config/loader.go:266.11,267.32 1 0
github.com/wolflang/wolf/internal/config/loader.go:270.15,271.14 1 0
github.com/wolflang/wolf/internal/config/loader.go:272.15,273.24 1 0
github.com/wolflang/wolf/internal/config/loader.go:274.15,276.18 2 0
github.com/wolflang/wolf/internal/config/loader.go:276.18,278.5 1 0
github.com/wolflang/wolf/internal/config/loader.go:279.4,279.22 1 0
github.com/wolflang/wolf/internal/config/loader.go:280.19,281.28 1 0
github.com/wolflang/wolf/internal/config/loader.go:282.13,284.18 2 0
github.com/wolflang/wolf/internal/config/loader.go:284.18,286.5 1 0
github.com/wolflang/wolf/internal/config/loader.go:287.4,287.20 1 0
github.com/wolflang/wolf/internal/config/loader.go:288.11,289.32 1 0
github.com/wolflang/wolf/internal/config/loader.go:292.13,293.14 1 0
github.com/wolflang/wolf/internal/config/loader.go:294.17,295.24 1 0
github.com/wolflang/wolf/internal/config/loader.go:296.35,298.18 2 0
github.com/wolflang/wolf/internal/config/loader.go:298.18,300.5 1 0
github.com/wolflang/wolf/internal/config/loader.go:301.4,301.25 1 0
github.com/wolflang/wolf/internal/config/loader.go:302.20,303.27 1 0
github.com/wolflang/wolf/internal/config/loader.go:304.11,305.32 1 0
github.com/wolflang/wolf/internal/config/loader.go:308.13,309.14 1 0
github.com/wolflang/wolf/internal/config/loader.go:310.16,311.23 1 0
github.com/wolflang/wolf/internal/config/loader.go:312.17,313.24 1 0
github.com/wolflang/wolf/internal/config/loader.go:314.15,315.22 1 0
github.com/wolflang/wolf/internal/config/loader.go:316.11,317.32 1 0
github.com/wolflang/wolf/internal/config/loader.go:320.15,321.14 1 0
github.com/wolflang/wolf/internal/config/loader.go:322.18,323.26 1 0
github.com/wolflang/wolf/internal/config/loader.go:324.31,326.18 2 0
github.com/wolflang/wolf/internal/config/loader.go:326.18,328.5 1 0
github.com/wolflang/wolf/internal/config/loader.go:329.4,329.26 1 0
github.com/wolflang/wolf/internal/config/loader.go:330.18,332.18 2 0
github.com/wolflang/wolf/internal/config/loader.go:332.18,334.5 1 0
github.com/wolflang/wolf/internal/config/loader.go:335.4,335.24 1 0
github.com/wolflang/wolf/internal/config/loader.go:336.22,338.18 2 0
github.com/wolflang/wolf/internal/config/loader.go:338.18,340.5 1 0
github.com/wolflang/wolf/internal/config/loader.go:341.4,341.28 1 0
github.com/wolflang/wolf/internal/config/loader.go:342.11,343.32 1 0
github.com/wolflang/wolf/internal/config/loader.go:346.16,347.14 1 0
github.com/wolflang/wolf/internal/config/loader.go:348.15,350.24 2 0
github.com/wolflang/wolf/internal/config/loader.go:350.24,352.5 1 0
github.com/wolflang/wolf/internal/config/loader.go:353.4,353.25 1 0
github.com/wolflang/wolf/internal/config/loader.go:354.15,355.25 1 0
github.com/wolflang/wolf/internal/config/loader.go:356.11,357.32 1 0
github.com/wolflang/wolf/internal/config/loader.go:360.10,361.73 1 0
github.com/wolflang/wolf/internal/config/loader.go:363.10,363.10 0 0
github.com/wolflang/wolf/internal/config/loader.go:367.2,367.12 1 0
github.com/wolflang/wolf/internal/config/loader.go:373.34,374.43 1 0
github.com/wolflang/wolf/internal/config/loader.go:374.43,375.37 1 0
github.com/wolflang/wolf/internal/config/loader.go:375.37,377.4 1 0
github.com/wolflang/wolf/internal/config/loader.go:379.2,379.40 1 0
github.com/wolflang/wolf/internal/config/loader.go:379.40,380.37 1 0
github.com/wolflang/wolf/internal/config/loader.go:380.37,381.45 1 0
github.com/wolflang/wolf/internal/config/loader.go:381.45,383.5 1 0
github.com/wolflang/wolf/internal/config/loader.go:386.2,386.42 1 0
github.com/wolflang/wolf/internal/config/loader.go:386.42,387.37 1 0
github.com/wolflang/wolf/internal/config/loader.go:387.37,388.42 1 0
github.com/wolflang/wolf/internal/config/loader.go:388.42,390.5 1 0
github.com/wolflang/wolf/internal/config/loader.go:395.2,445.53 39 0
github.com/wolflang/wolf/internal/config/loader.go:450.38,452.29 2 0
github.com/wolflang/wolf/internal/config/loader.go:452.29,454.3 1 0
github.com/wolflang/wolf/internal/config/loader.go:456.2,456.52 1 0
github.com/wolflang/wolf/internal/config/loader.go:456.52,458.3 1 0
github.com/wolflang/wolf/internal/config/loader.go:460.2,460.61 1 0
github.com/wolflang/wolf/internal/config/loader.go:460.61,462.3 1 0
github.com/wolflang/wolf/internal/config/loader.go:464.2,465.30 2 0
github.com/wolflang/wolf/internal/config/loader.go:465.30,467.3 1 0
github.com/wolflang/wolf/internal/config/loader.go:469.2,469.25 1 0
github.com/wolflang/wolf/internal/config/loader.go:469.25,471.3 1 0
github.com/wolflang/wolf/internal/config/loader.go:472.2,472.28 1 0
github.com/wolflang/wolf/internal/config/loader.go:472.28,474.3 1 0
github.com/wolflang/wolf/internal/config/loader.go:475.2,475.42 1 0
github.com/wolflang/wolf/internal/config/loader.go:475.42,478.3 1 0
github.com/wolflang/wolf/internal/config/loader.go:479.2,479.28 1 0
github.com/wolflang/wolf/internal/config/loader.go:479.28,481.3 1 0
github.com/wolflang/wolf/internal/config/loader.go:483.2,484.63 2 0
github.com/wolflang/wolf/internal/config/loader.go:484.63,486.3 1 0
github.com/wolflang/wolf/internal/config/loader.go:488.2,489.33 2 0
github.com/wolflang/wolf/internal/config/loader.go:489.33,491.3 1 0
github.com/wolflang/wolf/internal/config/loader.go:493.2,493.12 1 0
github.com/wolflang/wolf/internal/config/loader.go:497.40,498.47 1 0
github.com/wolflang/wolf/internal/config/loader.go:499.32,500.19 1 0
github.com/wolflang/wolf/internal/config/loader.go:501.33,502.20 1 0
github.com/wolflang/wolf/internal/config/loader.go:504.2,504.56 1 0
github.com/wolflang/wolf/internal/emitter/ir_emitter.go:23.45,30.2 1 1
github.com/wolflang/wolf/internal/emitter/ir_emitter.go:33.63,41.42 3 1
github.com/wolflang/wolf/internal/emitter/ir_emitter.go:41.42,42.27 1 1
github.com/wolflang/wolf/internal/emitter/ir_emitter.go:43.25,46.30 2 1
github.com/wolflang/wolf/internal/emitter/ir_emitter.go:46.30,52.5 2 0
github.com/wolflang/wolf/internal/emitter/ir_emitter.go:53.4,53.51 1 1
github.com/wolflang/wolf/internal/emitter/ir_emitter.go:54.26,56.48 2 1
github.com/wolflang/wolf/internal/emitter/ir_emitter.go:57.30,59.56 2 0
github.com/wolflang/wolf/internal/emitter/ir_emitter.go:60.11,62.21 2 1
github.com/wolflang/wolf/internal/emitter/ir_emitter.go:62.21,64.5 1 1
github.com/wolflang/wolf/internal/emitter/ir_emitter.go:69.2,69.29 1 1
github.com/wolflang/wolf/internal/emitter/ir_emitter.go:69.29,71.3 1 1
github.com/wolflang/wolf/internal/emitter/ir_emitter.go:73.2,75.15 2 1
github.com/wolflang/wolf/internal/emitter/ir_emitter.go:82.63,85.38 3 1
github.com/wolflang/wolf/internal/emitter/ir_emitter.go:85.38,86.30 1 1
github.com/wolflang/wolf/internal/emitter/ir_emitter.go:86.30,88.4 1 0
github.com/wolflang/wolf/internal/emitter/ir_emitter.go:88.9,90.4 1 1
github.com/wolflang/wolf/internal/emitter/ir_emitter.go:92.2,97.45 4 1
github.com/wolflang/wolf/internal/emitter/ir_emitter.go:97.45,98.19 1 1
github.com/wolflang/wolf/internal/emitter/ir_emitter.go:98.19,100.4 1 0
github.com/wolflang/wolf/internal/emitter/ir_emitter.go:101.3,101.19 1 1
github.com/wolflang/wolf/internal/emitter/ir_emitter.go:102.39,103.18 1 1
github.com/wolflang/wolf/internal/emitter/ir_emitter.go:103.18,104.71 1 1
github.com/wolflang/wolf/internal/emitter/ir_emitter.go:104.71,106.32 2 1
github.com/wolflang/wolf/internal/emitter/ir_emitter.go:106.32,107.91 1 0
github.com/wolflang/wolf/internal/emitter/ir_emitter.go:107.91,109.52 2 0
github.com/wolflang/wolf/internal/emitter/ir_emitter.go:109.52,113.36 3 0
github.com/wolflang/wolf/internal/emitter/ir_emitter.go:113.36,120.39 5 0
github.com/wolflang/wolf/internal/emitter/ir_emitter.go:120.39,122.11 1 0
github.com/wolflang/wolf/internal/emitter/ir_emitter.go:125.10,125.43 1 0
github.com/wolflang/wolf/internal/emitter/ir_emitter.go:125.43,127.11 1 0
github.com/wolflang/wolf/internal/emitter/ir_emitter.go:129.10,130.44 2 0
github.com/wolflang/wolf/internal/emitter/ir_emitter.go:130.44,131.37 1 0
github.com/wolflang/wolf/internal/emitter/ir_emitter.go:131.37,133.12 1 0
github.com/wolflang/wolf/internal/emitter/ir_emitter.go:135.10,139.53 3 0
github.com/wolflang/wolf/internal/emitter/ir_emitter.go:145.5,145.33 1 1
github.com/wolflang/wolf/internal/emitter/ir_emitter.go:147.23,148.38 1 1
github.com/wolflang/wolf/internal/emitter/ir_emitter.go:148.38,150.29 2 1
github.com/wolflang/wolf/internal/emitter/ir_emitter.go:150.29,152.6 1 1
github.com/wolflang/wolf/internal/emitter/ir_emitter.go:154.22,155.33 1 1
github.com/wolflang/wolf/internal/emitter/ir_emitter.go:155.33,157.5 1 1
github.com/wolflang/wolf/internal/emitter/ir_emitter.go:158.20,159.36 1 0
github.com/wolflang/wolf/internal/emitter/ir_emitter.go:159.36,161.5 1 0
github.com/wolflang/wolf/internal/emitter/ir_emitter.go:165.2,165.46 1 1
github.com/wolflang/wolf/internal/emitter/ir_emitter.go:169.66,170.42 1 1
github.com/wolflang/wolf/internal/emitter/ir_emitter.go:170.42,171.56 1 1
github.com/wolflang/wolf/internal/emitter/ir_emitter.go:171.56,172.56 1 1
github.com/wolflang/wolf/internal/emitter/ir_emitter.go:172.56,173.58 1 0
github.com/wolflang/wolf/internal/emitter/ir_emitter.go:173.58,174.54 1 0
github.com/wolflang/wolf/internal/emitter/ir_emitter.go:174.54,175.68 1 0
github.com/wolflang/wolf/internal/emitter/ir_emitter.go:175.68,177.43 2 0
github.com/wolflang/wolf/internal/emitter/ir_emitter.go:177.43,179.9 1 0
github.com/wolflang/wolf/internal/emitter/ir_emitter.go:180.8,180.35 1 0
github.com/wolflang/wolf/internal/emitter/ir_emitter.go:191.61,192.26 1 1
github.com/wolflang/wolf/internal/emitter/ir_emitter.go:193.30,194.27 1 1
github.com/wolflang/wolf/internal/emitter/ir_emitter.go:195.23,196.26 1 0
github.com/wolflang/wolf/internal/emitter/ir_emitter.go:197.26,198.29 1 1
github.com/wolflang/wolf/internal/emitter/ir_emitter.go:199.26,200.29 1 0
github.com/wolflang/wolf/internal/emitter/ir_emitter.go:201.22,202.25 1 1
github.com/wolflang/wolf/internal/emitter/ir_emitter.go:203.23,204.26 1 1
github.com/wolflang/wolf/internal/emitter/ir_emitter.go:205.27,206.30 1 1
github.com/wolflang/wolf/internal/emitter/ir_emitter.go:207.25,208.28 1 0
github.com/wolflang/wolf/internal/emitter/ir_emitter.go:209.25,210.28 1 1
github.com/wolflang/wolf/internal/emitter/ir_emitter.go:211.28,212.27 1 0
github.com/wolflang/wolf/internal/emitter/ir_emitter.go:213.28,214.27 1 0
github.com/wolflang/wolf/internal/emitter/ir_emitter.go:215.25,216.24 1 0
github.com/wolflang/wolf/internal/emitter/ir_emitter.go:217.34,218.28 1 0
github.com/wolflang/wolf/internal/emitter/ir_emitter.go:219.30,220.24 1 0
github.com/wolflang/wolf/internal/emitter/ir_emitter.go:221.33,222.30 1 0
github.com/wolflang/wolf/internal/emitter/ir_emitter.go:223.25,224.24 1 0
github.com/wolflang/wolf/internal/emitter/ir_emitter.go:225.10,226.13 1 0
github.com/wolflang/wolf/internal/emitter/ir_emitter.go:230.68,232.48 1 1
github.com/wolflang/wolf/internal/emitter/ir_emitter.go:232.48,233.92 1 1
github.com/wolflang/wolf/internal/emitter/ir_emitter.go:233.92,239.17 3 1
github.com/wolflang/wolf/internal/emitter/ir_emitter.go:239.17,240.44 1 1
github.com/wolflang/wolf/internal/emitter/ir_emitter.go:240.44,241.33 1 1
github.com/wolflang/wolf/internal/emitter/ir_emitter.go:241.33,244.7 2 1
github.com/wolflang/wolf/internal/emitter/ir_emitter.go:248.4,252.5 1 1
github.com/wolflang/wolf/internal/emitter/ir_emitter.go:257.2,257.47 1 1
github.com/wolflang/wolf/internal/emitter/ir_emitter.go:257.47,258.56 1 0
github.com/wolflang/wolf/internal/emitter/ir_emitter.go:258.56,259.22 1 0
github.com/wolflang/wolf/internal/emitter/ir_emitter.go:260.17,261.33 1 0
github.com/wolflang/wolf/internal/emitter/ir_emitter.go:262.17,263.33 1 0
github.com/wolflang/wolf/internal/emitter/ir_emitter.go:264.19,265.35 1 0
github.com/wolflang/wolf/internal/emitter/ir_emitter.go:270.2,270.47 1 1
github.com/wolflang/wolf/internal/emitter/ir_emitter.go:274.66,283.25 7 0
github.com/wolflang/wolf/internal/emitter/ir_emitter.go:283.25,284.58 1 0
github.com/wolflang/wolf/internal/emitter/ir_emitter.go:284.58,286.4 1 0
github.com/wolflang/wolf/internal/emitter/ir_emitter.go:287.3,287.58 1 0
github.com/wolflang/wolf/internal/emitter/ir_emitter.go:287.58,289.4 1 0
github.com/wolflang/wolf/internal/emitter/ir_emitter.go:291.2,291.25 1 0
github.com/wolflang/wolf/internal/emitter/ir_emitter.go:291.25,292.57 1 0
github.com/wolflang/wolf/internal/emitter/ir_emitter.go:292.57,294.4 1 0
github.com/wolflang/wolf/internal/emitter/ir_emitter.go:297.2,301.3 1 0
github.com/wolflang/wolf/internal/emitter/ir_emitter.go:305.66,313.25 6 0
github.com/wolflang/wolf/internal/emitter/ir_emitter.go:313.25,315.3 1 0
github.com/wolflang/wolf/internal/emitter/ir_emitter.go:315.8,317.3 1 0
github.com/wolflang/wolf/internal/emitter/ir_emitter.go:319.2,319.25 1 0
github.com/wolflang/wolf/internal/emitter/ir_emitter.go:319.25,321.3 1 0
github.com/wolflang/wolf/internal/emitter/ir_emitter.go:323.2,323.52 1 0
github.com/wolflang/wolf/internal/emitter/ir_emitter.go:327.68,334.25 5 0
github.com/wolflang/wolf/internal/emitter/ir_emitter.go:334.25,336.3 1 0
github.com/wolflang/wolf/internal/emitter/ir_emitter.go:337.2,337.25 1 0
github.com/wolflang/wolf/internal/emitter/ir_emitter.go:337.25,339.3 1 0
github.com/wolflang/wolf/internal/emitter/ir_emitter.go:341.2,344.3 1 0
github.com/wolflang/wolf/internal/emitter/ir_emitter.go:347.60,352.20 4 0
github.com/wolflang/wolf/internal/emitter/ir_emitter.go:352.20,354.3 1 0
github.com/wolflang/wolf/internal/emitter/ir_emitter.go:356.2,360.3 1 0
github.com/wolflang/wolf/internal/emitter/ir_emitter.go:363.66,368.15 3 1
github.com/wolflang/wolf/internal/emitter/ir_emitter.go:368.15,369.42 1 1
github.com/wolflang/wolf/internal/emitter/ir_emitter.go:369.42,370.31 1 1
github.com/wolflang/wolf/internal/emitter/ir_emitter.go:370.31,373.5 2 1
github.com/wolflang/wolf/internal/emitter/ir_emitter.go:377.2,381.3 1 1
github.com/wolflang/wolf/internal/emitter/ir_emitter.go:384.66,386.29 2 0
github.com/wolflang/wolf/internal/emitter/ir_emitter.go:386.29,388.3 1 0
github.com/wolflang/wolf/internal/emitter/ir_emitter.go:389.2,389.39 1 0
github.com/wolflang/wolf/internal/emitter/ir_emitter.go:392.58,398.32 2 1
github.com/wolflang/wolf/internal/emitter/ir_emitter.go:398.32,403.3 1 0
github.com/wolflang/wolf/internal/emitter/ir_emitter.go:405.2,405.23 1 1
github.com/wolflang/wolf/internal/emitter/ir_emitter.go:405.23,407.3 1 1
github.com/wolflang/wolf/internal/emitter/ir_emitter.go:409.2,409.15 1 1
github.com/wolflang/wolf/internal/emitter/ir_emitter.go:412.60,419.2 1 1
github.com/wolflang/wolf/internal/emitter/ir_emitter.go:421.68,423.20 2 1
github.com/wolflang/wolf/internal/emitter/ir_emitter.go:423.20,425.3 1 0
github.com/wolflang/wolf/internal/emitter/ir_emitter.go:426.2,433.3 2 1
github.com/wolflang/wolf/internal/emitter/ir_emitter.go:436.64,444.2 1 0
github.com/wolflang/wolf/internal/emitter/ir_emitter.go:446.64,451.29 2 1
github.com/wolflang/wolf/internal/emitter/ir_emitter.go:451.29,452.58 1 1
github.com/wolflang/wolf/internal/emitter/ir_emitter.go:452.58,454.4 1 1
github.com/wolflang/wolf/internal/emitter/ir_emitter.go:454.9,460.4 2 1
github.com/wolflang/wolf/internal/emitter/ir_emitter.go:463.2,463.15 1 1
github.com/wolflang/wolf/internal/emitter/ir_emitter.go:466.66,468.22 2 0
github.com/wolflang/wolf/internal/emitter/ir_emitter.go:468.22,470.3 1 0
github.com/wolflang/wolf/internal/emitter/ir_emitter.go:472.2,476.3 1 0
github.com/wolflang/wolf/internal/emitter/ir_emitter.go:479.66,482.41 2 0
github.com/wolflang/wolf/internal/emitter/ir_emitter.go:482.41,483.56 1 0
github.com/wolflang/wolf/internal/emitter/ir_emitter.go:483.56,484.56 1 0
github.com/wolflang/wolf/internal/emitter/ir_emitter.go:484.56,489.5 1 0
github.com/wolflang/wolf/internal/emitter/ir_emitter.go:492.2,493.36 2 0
github.com/wolflang/wolf/internal/emitter/ir_emitter.go:496.74,500.28 2 0
github.com/wolflang/wolf/internal/emitter/ir_emitter.go:500.28,502.3 1 0
github.com/wolflang/wolf/internal/emitter/ir_emitter.go:503.2,508.3 2 0
github.com/wolflang/wolf/internal/emitter/ir_emitter.go:511.60,513.2 1 0
github.com/wolflang/wolf/internal/emitter/ir_emitter.go:515.73,524.2 3 0
github.com/wolflang/wolf/internal/emitter/ir_emitter.go:526.60,531.2 1 0
github.com/wolflang/wolf/internal/emitter/ir_emitter.go:533.65,538.2 1 0
github.com/wolflang/wolf/internal/emitter/ir_emitter.go:542.67,551.57 3 1
github.com/wolflang/wolf/internal/emitter/ir_emitter.go:551.57,553.52 2 0
github.com/wolflang/wolf/internal/emitter/ir_emitter.go:553.52,555.4 1 0
github.com/wolflang/wolf/internal/emitter/ir_emitter.go:558.2,558.29 1 1
github.com/wolflang/wolf/internal/emitter/ir_emitter.go:558.29,561.19 3 1
github.com/wolflang/wolf/internal/emitter/ir_emitter.go:561.19,563.4 1 1
github.com/wolflang/wolf/internal/emitter/ir_emitter.go:564.3,564.71 1 1
github.com/wolflang/wolf/internal/emitter/ir_emitter.go:567.2,567.25 1 1
github.com/wolflang/wolf/internal/emitter/ir_emitter.go:567.25,568.41 1 0
github.com/wolflang/wolf/internal/emitter/ir_emitter.go:568.41,570.4 1 0
github.com/wolflang/wolf/internal/emitter/ir_emitter.go:573.2,573.19 1 1
github.com/wolflang/wolf/internal/emitter/ir_emitter.go:573.19,575.3 1 1
github.com/wolflang/wolf/internal/emitter/ir_emitter.go:577.2,577.24 1 1
github.com/wolflang/wolf/internal/emitter/ir_emitter.go:577.24,581.3 1 0
github.com/wolflang/wolf/internal/emitter/ir_emitter.go:583.2,583.11 1 1
github.com/wolflang/wolf/internal/emitter/ir_emitter.go:586.62,594.36 2 1
github.com/wolflang/wolf/internal/emitter/ir_emitter.go:594.36,596.19 2 1
github.com/wolflang/wolf/internal/emitter/ir_emitter.go:596.19,598.4 1 0
github.com/wolflang/wolf/internal/emitter/ir_emitter.go:599.3,600.26 2 1
github.com/wolflang/wolf/internal/emitter/ir_emitter.go:600.26,602.4 1 0
github.com/wolflang/wolf/internal/emitter/ir_emitter.go:603.3,608.5 1 1
github.com/wolflang/wolf/internal/emitter/ir_emitter.go:611.2,611.35 1 1
github.com/wolflang/wolf/internal/emitter/ir_emitter.go:611.35,615.35 4 1
github.com/wolflang/wolf/internal/emitter/ir_emitter.go:615.35,619.4 3 1
github.com/wolflang/wolf/internal/emitter/ir_emitter.go:619.9,621.4 1 0
github.com/wolflang/wolf/internal/emitter/ir_emitter.go:624.2,624.12 1 1
github.com/wolflang/wolf/internal/emitter/ir_emitter.go:628.74,630.30 2 0
github.com/wolflang/wolf/internal/emitter/ir_emitter.go:630.30,632.30 2 0
github.com/wolflang/wolf/internal/emitter/ir_emitter.go:632.30,637.4 1 0
github.com/wolflang/wolf/internal/emitter/ir_emitter.go:638.3,638.26 1 0
github.com/wolflang/wolf/internal/emitter/ir_emitter.go:638.26,639.42 1 0
github.com/wolflang/wolf/internal/emitter/ir_emitter.go:639.42,641.5 1 0
github.com/wolflang/wolf/internal/emitter/ir_emitter.go:643.3,643.45 1 0
github.com/wolflang/wolf/internal/emitter/ir_emitter.go:645.2,645.14 1 0
github.com/wolflang/wolf/internal/emitter/ir_emitter.go:650.62,651.17 1 1
github.com/wolflang/wolf/internal/emitter/ir_emitter.go:651.17,653.3 1 0
github.com/wolflang/wolf/internal/emitter/ir_emitter.go:655.2,655.27 1 1
github.com/wolflang/wolf/internal/emitter/ir_emitter.go:656.27,657.51 1 1
github.com/wolflang/wolf/internal/emitter/ir_emitter.go:659.26,660.34 1 0
github.com/wolflang/wolf/internal/emitter/ir_emitter.go:662.26,663.37 1 1
github.com/wolflang/wolf/internal/emitter/ir_emitter.go:665.28,666.39 1 1
github.com/wolflang/wolf/internal/emitter/ir_emitter.go:668.29,669.40 1 1
github.com/wolflang/wolf/internal/emitter/ir_emitter.go:671.27,672.38 1 1
github.com/wolflang/wolf/internal/emitter/ir_emitter.go:674.26,675.22 1 0
github.com/wolflang/wolf/internal/emitter/ir_emitter.go:677.34,678.38 1 1
github.com/wolflang/wolf/internal/emitter/ir_emitter.go:680.26,685.4 1 1
github.com/wolflang/wolf/internal/emitter/ir_emitter.go:687.25,688.67 1 0
github.com/wolflang/wolf/internal/emitter/ir_emitter.go:690.27,691.69 1 1
github.com/wolflang/wolf/internal/emitter/ir_emitter.go:693.24,695.29 2 0
github.com/wolflang/wolf/internal/emitter/ir_emitter.go:695.29,697.4 1 0
github.com/wolflang/wolf/internal/emitter/ir_emitter.go:699.3,699.35 1 0
github.com/wolflang/wolf/internal/emitter/ir_emitter.go:699.35,701.4 1 0
github.com/wolflang/wolf/internal/emitter/ir_emitter.go:702.3,702.88 1 0
github.com/wolflang/wolf/internal/emitter/ir_emitter.go:704.30,708.4 1 1
github.com/wolflang/wolf/internal/emitter/ir_emitter.go:710.26,712.29 2 0
github.com/wolflang/wolf/internal/emitter/ir_emitter.go:712.29,714.4 1 0
github.com/wolflang/wolf/internal/emitter/ir_emitter.go:715.3,715.54 1 0
github.com/wolflang/wolf/internal/emitter/ir_emitter.go:715.54,716.46 1 0
github.com/wolflang/wolf/internal/emitter/ir_emitter.go:716.46,718.5 1 0
github.com/wolflang/wolf/internal/emitter/ir_emitter.go:720.3,724.4 1 0
github.com/wolflang/wolf/internal/emitter/ir_emitter.go:726.26,728.29 2 0
github.com/wolflang/wolf/internal/emitter/ir_emitter.go:728.29,730.4 1 0
github.com/wolflang/wolf/internal/emitter/ir_emitter.go:731.3,731.43 1 0
github.com/wolflang/wolf/internal/emitter/ir_emitter.go:731.43,733.4 1 0
github.com/wolflang/wolf/internal/emitter/ir_emitter.go:734.3,738.4 1 0
github.com/wolflang/wolf/internal/emitter/ir_emitter.go:740.26,741.42 1 0
github.com/wolflang/wolf/internal/emitter/ir_emitter.go:743.25,747.4 1 0
github.com/wolflang/wolf/internal/emitter/ir_emitter.go:749.28,751.36 2 1
github.com/wolflang/wolf/internal/emitter/ir_emitter.go:751.36,753.4 1 1
github.com/wolflang/wolf/internal/emitter/ir_emitter.go:754.3,754.64 1 1
github.com/wolflang/wolf/internal/emitter/ir_emitter.go:756.26,758.26 2 0
github.com/wolflang/wolf/internal/emitter/ir_emitter.go:758.26,761.4 2 0
github.com/wolflang/wolf/internal/emitter/ir_emitter.go:762.3,765.4 1 0
github.com/wolflang/wolf/internal/emitter/ir_emitter.go:767.23,769.29 2 1
github.com/wolflang/wolf/internal/emitter/ir_emitter.go:769.29,771.4 1 1
github.com/wolflang/wolf/internal/emitter/ir_emitter.go:774.3,774.57 1 1
github.com/wolflang/wolf/internal/emitter/ir_emitter.go:774.57,780.4 1 1
github.com/wolflang/wolf/internal/emitter/ir_emitter.go:780.9,780.69 1 0
github.com/wolflang/wolf/internal/emitter/ir_emitter.go:780.69,788.4 1 0
github.com/wolflang/wolf/internal/emitter/ir_emitter.go:788.9,788.69 1 0
github.com/wolflang/wolf/internal/emitter/ir_emitter.go:788.69,795.4 1 0
github.com/wolflang/wolf/internal/emitter/ir_emitter.go:800.3,807.4 3 0
github.com/wolflang/wolf/internal/emitter/ir_emitter.go:809.27,811.31 2 0
github.com/wolflang/wolf/internal/emitter/ir_emitter.go:811.31,813.20 2 0
github.com/wolflang/wolf/internal/emitter/ir_emitter.go:813.20,815.5 1 0
github.com/wolflang/wolf/internal/emitter/ir_emitter.go:816.4,816.89 1 0
github.com/wolflang/wolf/internal/emitter/ir_emitter.go:818.3,818.21 1 0
github.com/wolflang/wolf/internal/emitter/ir_emitter.go:818.21,820.4 1 0
github.com/wolflang/wolf/internal/emitter/ir_emitter.go:821.3,821.26 1 0
github.com/wolflang/wolf/internal/emitter/ir_emitter.go:821.26,823.4 1 0
github.com/wolflang/wolf/internal/emitter/ir_emitter.go:824.3,824.12 1 0
github.com/wolflang/wolf/internal/emitter/ir_emitter.go:826.25,830.4 1 0
github.com/wolflang/wolf/internal/emitter/ir_emitter.go:832.25,834.52 1 0
github.com/wolflang/wolf/internal/emitter/ir_emitter.go:836.27,837.61 1 0
github.com/wolflang/wolf/internal/emitter/ir_emitter.go:839.24,840.84 1 0
github.com/wolflang/wolf/internal/emitter/ir_emitter.go:842.27,843.55 1 0
github.com/wolflang/wolf/internal/emitter/ir_emitter.go:845.25,847.55 2 1
github.com/wolflang/wolf/internal/emitter/ir_emitter.go:849.25,854.4 2 1
github.com/wolflang/wolf/internal/emitter/ir_emitter.go:856.28,860.4 1 0
github.com/wolflang/wolf/internal/emitter/ir_emitter.go:862.24,863.30 1 0
github.com/wolflang/wolf/internal/emitter/ir_emitter.go:865.10,866.22 1 0
github.com/wolflang/wolf/internal/emitter/ir_emitter.go:870.82,876.31 4 1
github.com/wolflang/wolf/internal/emitter/ir_emitter.go:876.31,877.27 1 1
github.com/wolflang/wolf/internal/emitter/ir_emitter.go:878.30,879.21 1 1
github.com/wolflang/wolf/internal/emitter/ir_emitter.go:880.11,882.41 2 1
github.com/wolflang/wolf/internal/emitter/ir_emitter.go:886.2,886.51 1 1
github.com/wolflang/wolf/internal/emitter/ir_emitter.go:891.67,893.26 2 1
github.com/wolflang/wolf/internal/emitter/ir_emitter.go:893.26,895.20 2 1
github.com/wolflang/wolf/internal/emitter/ir_emitter.go:895.20,897.4 1 1
github.com/wolflang/wolf/internal/emitter/ir_emitter.go:899.2,899.15 1 1
github.com/wolflang/wolf/internal/emitter/ir_emitter.go:902.76,904.2 1 1
github.com/wolflang/wolf/internal/emitter/ir_emitter.go:906.59,907.55 1 1
github.com/wolflang/wolf/internal/emitter/ir_emitter.go:907.55,908.40 1 1
github.com/wolflang/wolf/internal/emitter/ir_emitter.go:908.40,910.4 1 1
github.com/wolflang/wolf/internal/emitter/ir_emitter.go:912.2,912.30 1 0
github.com/wolflang/wolf/internal/emitter/ir_emitter.go:915.38,916.37 1 0
github.com/wolflang/wolf/internal/emitter/ir_emitter.go:916.37,918.3 1 0
github.com/wolflang/wolf/internal/emitter/ir_emitter.go:919.2,919.13 1 0
github.com/wolflang/wolf/internal/emitter/ir_emitter.go:922.58,923.18 1 1
github.com/wolflang/wolf/internal/emitter/ir_emitter.go:924.13,925.15 1 0
github.com/wolflang/wolf/internal/emitter/ir_emitter.go:926.26,927.19 1 0
github.com/wolflang/wolf/internal/emitter/ir_emitter.go:928.16,929.18 1 1
github.com/wolflang/wolf/internal/emitter/ir_emitter.go:930.14,931.16 1 0
github.com/wolflang/wolf/internal/emitter/ir_emitter.go:932.15,933.17 1 0
github.com/wolflang/wolf/internal/emitter/ir_emitter.go:934.17,935.12 1 1
github.com/wolflang/wolf/internal/emitter/ir_emitter.go:936.10,937.18 1 0
github.com/wolflang/wolf/internal/emitter/ir_emitter.go:941.39,943.26 2 0
github.com/wolflang/wolf/internal/emitter/ir_emitter.go:943.26,944.12 1 0
github.com/wolflang/wolf/internal/emitter/ir_emitter.go:944.12,946.4 1 0
github.com/wolflang/wolf/internal/emitter/ir_emitter.go:947.3,947.14 1 0
github.com/wolflang/wolf/internal/emitter/ir_emitter.go:949.2,949.15 1 0
github.com/wolflang/wolf/internal/emitter/llvm_emitter.go:39.36,52.2 3 1
github.com/wolflang/wolf/internal/emitter/llvm_emitter.go:54.40,113.2 45 1
github.com/wolflang/wolf/internal/emitter/llvm_emitter.go:116.42,119.2 2 1
github.com/wolflang/wolf/internal/emitter/llvm_emitter.go:122.55,125.2 2 1
github.com/wolflang/wolf/internal/emitter/llvm_emitter.go:128.59,129.44 1 1
github.com/wolflang/wolf/internal/emitter/llvm_emitter.go:129.44,131.3 1 0
github.com/wolflang/wolf/internal/emitter/llvm_emitter.go:132.2,135.14 4 1
github.com/wolflang/wolf/internal/emitter/llvm_emitter.go:139.40,141.30 2 1
github.com/wolflang/wolf/internal/emitter/llvm_emitter.go:141.30,143.13 2 1
github.com/wolflang/wolf/internal/emitter/llvm_emitter.go:144.13,145.25 1 0
github.com/wolflang/wolf/internal/emitter/llvm_emitter.go:146.12,147.25 1 0
github.com/wolflang/wolf/internal/emitter/llvm_emitter.go:148.13,149.25 1 0
github.com/wolflang/wolf/internal/emitter/llvm_emitter.go:150.13,151.25 1 0
github.com/wolflang/wolf/internal/emitter/llvm_emitter.go:152.13,153.25 1 0
github.com/wolflang/wolf/internal/emitter/llvm_emitter.go:154.15,155.25 1 0
github.com/wolflang/wolf/internal/emitter/llvm_emitter.go:156.11,157.27 1 1
github.com/wolflang/wolf/internal/emitter/llvm_emitter.go:157.27,159.5 1 0
github.com/wolflang/wolf/internal/emitter/llvm_emitter.go:159.10,161.5 1 1
github.com/wolflang/wolf/internal/emitter/llvm_emitter.go:164.2,164.19 1 1
github.com/wolflang/wolf/internal/emitter/llvm_emitter.go:168.56,182.39 7 1
github.com/wolflang/wolf/internal/emitter/llvm_emitter.go:182.39,184.3 1 1
github.com/wolflang/wolf/internal/emitter/llvm_emitter.go:185.2,185.38 1 1
github.com/wolflang/wolf/internal/emitter/llvm_emitter.go:185.38,186.24 1 0
github.com/wolflang/wolf/internal/emitter/llvm_emitter.go:186.24,188.4 1 0
github.com/wolflang/wolf/internal/emitter/llvm_emitter.go:189.3,189.29 1 0
github.com/wolflang/wolf/internal/emitter/llvm_emitter.go:189.29,193.4 3 0
github.com/wolflang/wolf/internal/emitter/llvm_emitter.go:194.3,194.38 1 0
github.com/wolflang/wolf/internal/emitter/llvm_emitter.go:194.38,198.4 3 0
github.com/wolflang/wolf/internal/emitter/llvm_emitter.go:202.2,202.38 1 1
github.com/wolflang/wolf/internal/emitter/llvm_emitter.go:202.38,203.50 1 0
github.com/wolflang/wolf/internal/emitter/llvm_emitter.go:203.50,206.19 3 0
github.com/wolflang/wolf/internal/emitter/llvm_emitter.go:206.19,207.46 1 0
github.com/wolflang/wolf/internal/emitter/llvm_emitter.go:207.46,209.11 2 0
github.com/wolflang/wolf/internal/emitter/llvm_emitter.go:211.5,211.32 1 0
github.com/wolflang/wolf/internal/emitter/llvm_emitter.go:213.4,213.25 1 0
github.com/wolflang/wolf/internal/emitter/llvm_emitter.go:213.25,218.5 4 0
github.com/wolflang/wolf/internal/emitter/llvm_emitter.go:223.2,223.39 1 1
github.com/wolflang/wolf/internal/emitter/llvm_emitter.go:223.39,226.3 2 1
github.com/wolflang/wolf/internal/emitter/llvm_emitter.go:229.2,229.38 1 1
github.com/wolflang/wolf/internal/emitter/llvm_emitter.go:229.38,230.29 1 0
github.com/wolflang/wolf/internal/emitter/llvm_emitter.go:230.29,233.4 2 0
github.com/wolflang/wolf/internal/emitter/llvm_emitter.go:233.9,239.4 2 0
github.com/wolflang/wolf/internal/emitter/llvm_emitter.go:240.3,240.38 1 0
github.com/wolflang/wolf/internal/emitter/llvm_emitter.go:240.38,243.4 2 0
github.com/wolflang/wolf/internal/emitter/llvm_emitter.go:247.2,247.23 1 1
github.com/wolflang/wolf/internal/emitter/llvm_emitter.go:247.23,250.3 2 0
github.com/wolflang/wolf/internal/emitter/llvm_emitter.go:253.2,253.32 1 1
github.com/wolflang/wolf/internal/emitter/llvm_emitter.go:253.32,267.40 9 1
github.com/wolflang/wolf/internal/emitter/llvm_emitter.go:267.40,269.4 1 1
github.com/wolflang/wolf/internal/emitter/llvm_emitter.go:271.3,271.42 1 1
github.com/wolflang/wolf/internal/emitter/llvm_emitter.go:271.42,273.4 1 1
github.com/wolflang/wolf/internal/emitter/llvm_emitter.go:275.3,278.17 4 1
github.com/wolflang/wolf/internal/emitter/llvm_emitter.go:279.8,279.62 1 1
github.com/wolflang/wolf/internal/emitter/llvm_emitter.go:279.62,290.3 8 0
github.com/wolflang/wolf/internal/emitter/llvm_emitter.go:293.2,302.18 8 1
github.com/wolflang/wolf/internal/emitter/llvm_emitter.go:302.18,304.3 1 1
github.com/wolflang/wolf/internal/emitter/llvm_emitter.go:305.2,309.29 3 1
github.com/wolflang/wolf/internal/emitter/llvm_emitter.go:309.29,311.44 2 1
github.com/wolflang/wolf/internal/emitter/llvm_emitter.go:311.44,315.4 3 1
github.com/wolflang/wolf/internal/emitter/llvm_emitter.go:316.3,316.16 1 1
github.com/wolflang/wolf/internal/emitter/llvm_emitter.go:320.2,793.29 440 1
github.com/wolflang/wolf/internal/emitter/llvm_emitter.go:793.29,796.3 2 0
github.com/wolflang/wolf/internal/emitter/llvm_emitter.go:799.2,801.23 2 1
github.com/wolflang/wolf/internal/emitter/llvm_emitter.go:806.57,807.29 1 1
github.com/wolflang/wolf/internal/emitter/llvm_emitter.go:807.29,808.27 1 1
github.com/wolflang/wolf/internal/emitter/llvm_emitter.go:809.24,811.39 2 0
github.com/wolflang/wolf/internal/emitter/llvm_emitter.go:811.39,812.23 1 0
github.com/wolflang/wolf/internal/emitter/llvm_emitter.go:812.23,814.6 1 0
github.com/wolflang/wolf/internal/emitter/llvm_emitter.go:815.5,815.21 1 0
github.com/wolflang/wolf/internal/emitter/llvm_emitter.go:815.21,817.6 1 0
github.com/wolflang/wolf/internal/emitter/llvm_emitter.go:819.4,819.31 1 0
github.com/wolflang/wolf/internal/emitter/llvm_emitter.go:820.23,821.46 1 1
github.com/wolflang/wolf/internal/emitter/llvm_emitter.go:821.46,822.38 1 1
github.com/wolflang/wolf/internal/emitter/llvm_emitter.go:822.38,824.22 2 1
github.com/wolflang/wolf/internal/emitter/llvm_emitter.go:824.22,826.7 1 0
github.com/wolflang/wolf/internal/emitter/llvm_emitter.go:827.6,827.38 1 1
github.com/wolflang/wolf/internal/emitter/llvm_emitter.go:830.19,832.35 2 1
github.com/wolflang/wolf/internal/emitter/llvm_emitter.go:832.35,834.5 1 0
github.com/wolflang/wolf/internal/emitter/llvm_emitter.go:835.4,835.25 1 1
github.com/wolflang/wolf/internal/emitter/llvm_emitter.go:835.25,837.5 1 1
github.com/wolflang/wolf/internal/emitter/llvm_emitter.go:838.20,839.21 1 1
github.com/wolflang/wolf/internal/emitter/llvm_emitter.go:839.21,841.5 1 1
github.com/wolflang/wolf/internal/emitter/llvm_emitter.go:842.4,842.30 1 1
github.com/wolflang/wolf/internal/emitter/llvm_emitter.go:843.22,845.19 2 0
github.com/wolflang/wolf/internal/emitter/llvm_emitter.go:845.19,847.5 1 0
github.com/wolflang/wolf/internal/emitter/llvm_emitter.go:848.4,848.30 1 0
github.com/wolflang/wolf/internal/emitter/llvm_emitter.go:849.23,850.30 1 0
github.com/wolflang/wolf/internal/emitter/llvm_emitter.go:850.30,852.5 1 0
github.com/wolflang/wolf/internal/emitter/llvm_emitter.go:853.4,853.24 1 0
github.com/wolflang/wolf/internal/emitter/llvm_emitter.go:853.24,855.5 1 0
github.com/wolflang/wolf/internal/emitter/llvm_emitter.go:856.25,859.35 3 0
github.com/wolflang/wolf/internal/emitter/llvm_emitter.go:860.22,861.31 1 0
github.com/wolflang/wolf/internal/emitter/llvm_emitter.go:868.51,869.26 1 1
github.com/wolflang/wolf/internal/emitter/llvm_emitter.go:869.26,870.25 1 1
github.com/wolflang/wolf/internal/emitter/llvm_emitter.go:871.23,872.26 1 0
github.com/wolflang/wolf/internal/emitter/llvm_emitter.go:872.26,874.5 1 0
github.com/wolflang/wolf/internal/emitter/llvm_emitter.go:875.19,876.78 1 0
github.com/wolflang/wolf/internal/emitter/llvm_emitter.go:876.78,878.5 1 0
github.com/wolflang/wolf/internal/emitter/llvm_emitter.go:879.22,880.40 1 0
github.com/wolflang/wolf/internal/emitter/llvm_emitter.go:880.40,882.5 1 0
github.com/wolflang/wolf/internal/emitter/llvm_emitter.go:883.20,884.39 1 0
github.com/wolflang/wolf/internal/emitter/llvm_emitter.go:884.39,886.5 1 0
github.com/wolflang/wolf/internal/emitter/llvm_emitter.go:887.22,888.39 1 0
github.com/wolflang/wolf/internal/emitter/llvm_emitter.go:888.39,890.5 1 0
github.com/wolflang/wolf/internal/emitter/llvm_emitter.go:891.23,892.31 1 0
github.com/wolflang/wolf/internal/emitter/llvm_emitter.go:892.31,893.39 1 0
github.com/wolflang/wolf/internal/emitter/llvm_emitter.go:893.39,895.6 1 0
github.com/wolflang/wolf/internal/emitter/llvm_emitter.go:897.4,897.42 1 0
github.com/wolflang/wolf/internal/emitter/llvm_emitter.go:897.42,899.5 1 0
github.com/wolflang/wolf/internal/emitter/llvm_emitter.go:902.2,902.14 1 1
github.com/wolflang/wolf/internal/emitter/llvm_emitter.go:905.53,908.30 2 1
github.com/wolflang/wolf/internal/emitter/llvm_emitter.go:908.30,911.3 2 1
github.com/wolflang/wolf/internal/emitter/llvm_emitter.go:913.2,914.29 2 1
github.com/wolflang/wolf/internal/emitter/llvm_emitter.go:914.29,916.3 1 0
github.com/wolflang/wolf/internal/emitter/llvm_emitter.go:916.8,916.44 1 1
github.com/wolflang/wolf/internal/emitter/llvm_emitter.go:916.44,920.3 1 0
github.com/wolflang/wolf/internal/emitter/llvm_emitter.go:922.2,934.38 11 1
github.com/wolflang/wolf/internal/emitter/llvm_emitter.go:934.38,936.3 1 0
github.com/wolflang/wolf/internal/emitter/llvm_emitter.go:939.2,939.30 1 1
github.com/wolflang/wolf/internal/emitter/llvm_emitter.go:939.30,942.3 2 1
github.com/wolflang/wolf/internal/emitter/llvm_emitter.go:945.2,948.39 2 1
github.com/wolflang/wolf/internal/emitter/llvm_emitter.go:948.39,950.3 1 1
github.com/wolflang/wolf/internal/emitter/llvm_emitter.go:953.2,953.30 1 1
github.com/wolflang/wolf/internal/emitter/llvm_emitter.go:953.30,956.3 2 1
github.com/wolflang/wolf/internal/emitter/llvm_emitter.go:958.2,958.31 1 1
github.com/wolflang/wolf/internal/emitter/llvm_emitter.go:958.31,960.3 1 1
github.com/wolflang/wolf/internal/emitter/llvm_emitter.go:963.2,963.55 1 1
github.com/wolflang/wolf/internal/emitter/llvm_emitter.go:963.55,965.3 1 1
github.com/wolflang/wolf/internal/emitter/llvm_emitter.go:967.2,970.16 4 1
github.com/wolflang/wolf/internal/emitter/llvm_emitter.go:973.74,975.30 2 0
github.com/wolflang/wolf/internal/emitter/llvm_emitter.go:975.30,978.3 2 0
github.com/wolflang/wolf/internal/emitter/llvm_emitter.go:980.2,981.43 2 0
github.com/wolflang/wolf/internal/emitter/llvm_emitter.go:981.43,983.3 1 0
github.com/wolflang/wolf/internal/emitter/llvm_emitter.go:985.2,998.30 10 0
github.com/wolflang/wolf/internal/emitter/llvm_emitter.go:998.30,1001.3 2 0
github.com/wolflang/wolf/internal/emitter/llvm_emitter.go:1004.2,1010.39 3 0
github.com/wolflang/wolf/internal/emitter/llvm_emitter.go:1010.39,1012.3 1 0
github.com/wolflang/wolf/internal/emitter/llvm_emitter.go:1015.2,1015.30 1 0
github.com/wolflang/wolf/internal/emitter/llvm_emitter.go:1015.30,1018.3 2 0
github.com/wolflang/wolf/internal/emitter/llvm_emitter.go:1020.2,1027.31 7 0
github.com/wolflang/wolf/internal/emitter/llvm_emitter.go:1027.31,1029.3 1 0
github.com/wolflang/wolf/internal/emitter/llvm_emitter.go:1031.2,1038.16 7 0
github.com/wolflang/wolf/internal/emitter/llvm_emitter.go:1044.64,1070.2 17 0
github.com/wolflang/wolf/internal/emitter/llvm_emitter.go:1072.62,1074.21 1 1
github.com/wolflang/wolf/internal/emitter/llvm_emitter.go:1074.21,1076.3 1 0
github.com/wolflang/wolf/internal/emitter/llvm_emitter.go:1077.2,1078.11 2 1
github.com/wolflang/wolf/internal/emitter/llvm_emitter.go:1083.46,1084.26 1 1
github.com/wolflang/wolf/internal/emitter/llvm_emitter.go:1085.23,1086.19 1 0
github.com/wolflang/wolf/internal/emitter/llvm_emitter.go:1087.22,1088.18 1 1
github.com/wolflang/wolf/internal/emitter/llvm_emitter.go:1089.20,1090.20 1 1
github.com/wolflang/wolf/internal/emitter/llvm_emitter.go:1091.22,1092.18 1 0
github.com/wolflang/wolf/internal/emitter/llvm_emitter.go:1093.18,1094.14 1 1
github.com/wolflang/wolf/internal/emitter/llvm_emitter.go:1095.19,1096.15 1 1
github.com/wolflang/wolf/internal/emitter/llvm_emitter.go:1097.21,1098.17 1 0
github.com/wolflang/wolf/internal/emitter/llvm_emitter.go:1099.22,1100.18 1 0
github.com/wolflang/wolf/internal/emitter/llvm_emitter.go:1101.21,1102.17 1 0
github.com/wolflang/wolf/internal/emitter/llvm_emitter.go:1103.23,1104.19 1 0
github.com/wolflang/wolf/internal/emitter/llvm_emitter.go:1105.21,1106.33 1 0
github.com/wolflang/wolf/internal/emitter/llvm_emitter.go:1106.33,1108.4 1 0
github.com/wolflang/wolf/internal/emitter/llvm_emitter.go:1109.24,1110.20 1 0
github.com/wolflang/wolf/internal/emitter/llvm_emitter.go:1111.25,1112.21 1 0
github.com/wolflang/wolf/internal/emitter/llvm_emitter.go:1113.21,1114.17 1 0
github.com/wolflang/wolf/internal/emitter/llvm_emitter.go:1115.23,1116.19 1 0
github.com/wolflang/wolf/internal/emitter/llvm_emitter.go:1117.21,1118.17 1 0
github.com/wolflang/wolf/internal/emitter/llvm_emitter.go:1119.19,1120.52 1 0
github.com/wolflang/wolf/internal/emitter/llvm_emitter.go:1121.10,1122.76 1 0
github.com/wolflang/wolf/internal/emitter/llvm_emitter.go:1126.58,1128.20 2 0
github.com/wolflang/wolf/internal/emitter/llvm_emitter.go:1129.18,1130.19 1 0
github.com/wolflang/wolf/internal/emitter/llvm_emitter.go:1131.21,1132.19 1 0
github.com/wolflang/wolf/internal/emitter/llvm_emitter.go:1133.21,1134.19 1 0
github.com/wolflang/wolf/internal/emitter/llvm_emitter.go:1137.2,1138.30 2 0
github.com/wolflang/wolf/internal/emitter/llvm_emitter.go:1138.30,1140.3 1 0
github.com/wolflang/wolf/internal/emitter/llvm_emitter.go:1141.2,1141.52 1 0
github.com/wolflang/wolf/internal/emitter/llvm_emitter.go:1144.50,1155.2 2 0
github.com/wolflang/wolf/internal/emitter/llvm_emitter.go:1157.54,1159.2 1 0
github.com/wolflang/wolf/internal/emitter/llvm_emitter.go:1161.50,1164.30 3 0
github.com/wolflang/wolf/internal/emitter/llvm_emitter.go:1164.30,1166.3 1 0
github.com/wolflang/wolf/internal/emitter/llvm_emitter.go:1167.2,1167.76 1 0
github.com/wolflang/wolf/internal/emitter/llvm_emitter.go:1170.56,1179.33 5 0
github.com/wolflang/wolf/internal/emitter/llvm_emitter.go:1179.33,1181.3 1 0
github.com/wolflang/wolf/internal/emitter/llvm_emitter.go:1184.2,1195.35 9 0
github.com/wolflang/wolf/internal/emitter/llvm_emitter.go:1195.35,1197.3 1 0
github.com/wolflang/wolf/internal/emitter/llvm_emitter.go:1198.2,1202.42 4 0
github.com/wolflang/wolf/internal/emitter/llvm_emitter.go:1205.45,1217.32 9 0
github.com/wolflang/wolf/internal/emitter/llvm_emitter.go:1217.32,1220.3 2 0
github.com/wolflang/wolf/internal/emitter/llvm_emitter.go:1220.8,1222.33 1 0
github.com/wolflang/wolf/internal/emitter/llvm_emitter.go:1222.33,1224.4 1 0
github.com/wolflang/wolf/internal/emitter/llvm_emitter.go:1224.9,1224.39 1 0
github.com/wolflang/wolf/internal/emitter/llvm_emitter.go:1224.39,1226.4 1 0
github.com/wolflang/wolf/internal/emitter/llvm_emitter.go:1226.9,1226.39 1 0
github.com/wolflang/wolf/internal/emitter/llvm_emitter.go:1226.39,1228.4 1 0
github.com/wolflang/wolf/internal/emitter/llvm_emitter.go:1228.9,1228.38 1 0
github.com/wolflang/wolf/internal/emitter/llvm_emitter.go:1228.38,1230.4 1 0
github.com/wolflang/wolf/internal/emitter/llvm_emitter.go:1230.9,1230.42 1 0
github.com/wolflang/wolf/internal/emitter/llvm_emitter.go:1230.42,1232.4 1 0
github.com/wolflang/wolf/internal/emitter/llvm_emitter.go:1232.9,1234.4 1 0
github.com/wolflang/wolf/internal/emitter/llvm_emitter.go:1236.2,1238.41 3 0
github.com/wolflang/wolf/internal/emitter/llvm_emitter.go:1241.50,1245.2 3 0
github.com/wolflang/wolf/internal/emitter/llvm_emitter.go:1247.54,1254.2 4 0
github.com/wolflang/wolf/internal/emitter/llvm_emitter.go:1256.54,1258.37 2 0
github.com/wolflang/wolf/internal/emitter/llvm_emitter.go:1258.37,1260.21 1 0
github.com/wolflang/wolf/internal/emitter/llvm_emitter.go:1260.21,1262.4 1 0
github.com/wolflang/wolf/internal/emitter/llvm_emitter.go:1263.3,1263.19 1 0
github.com/wolflang/wolf/internal/emitter/llvm_emitter.go:1263.19,1265.4 1 0
github.com/wolflang/wolf/internal/emitter/llvm_emitter.go:1268.2,1268.20 1 0
github.com/wolflang/wolf/internal/emitter/llvm_emitter.go:1268.20,1270.45 1 0
github.com/wolflang/wolf/internal/emitter/llvm_emitter.go:1270.45,1271.50 1 0
github.com/wolflang/wolf/internal/emitter/llvm_emitter.go:1271.50,1272.45 1 0
github.com/wolflang/wolf/internal/emitter/llvm_emitter.go:1272.45,1274.6 1 0
github.com/wolflang/wolf/internal/emitter/llvm_emitter.go:1277.3,1278.77 2 0
github.com/wolflang/wolf/internal/emitter/llvm_emitter.go:1282.52,1283.35 1 1
github.com/wolflang/wolf/internal/emitter/llvm_emitter.go:1284.17,1287.19 2 1
github.com/wolflang/wolf/internal/emitter/llvm_emitter.go:1287.19,1289.4 1 0
github.com/wolflang/wolf/internal/emitter/llvm_emitter.go:1292.3,1293.10 2 1
github.com/wolflang/wolf/internal/emitter/llvm_emitter.go:1293.10,1295.4 1 0
github.com/wolflang/wolf/internal/emitter/llvm_emitter.go:1298.3,1298.47 1 1
github.com/wolflang/wolf/internal/emitter/llvm_emitter.go:1298.47,1299.50 1 0
github.com/wolflang/wolf/internal/emitter/llvm_emitter.go:1299.50,1300.45 1 0
github.com/wolflang/wolf/internal/emitter/llvm_emitter.go:1300.45,1302.6 1 0
github.com/wolflang/wolf/internal/emitter/llvm_emitter.go:1306.3,1307.86 2 1
github.com/wolflang/wolf/internal/emitter/llvm_emitter.go:1308.23,1315.106 7 0
github.com/wolflang/wolf/internal/emitter/llvm_emitter.go:1316.21,1320.23 4 0
github.com/wolflang/wolf/internal/emitter/llvm_emitter.go:1320.23,1323.4 2 0
github.com/wolflang/wolf/internal/emitter/llvm_emitter.go:1324.3,1325.106 2 0
github.com/wolflang/wolf/internal/emitter/llvm_emitter.go:1326.10,1327.81 1 0
github.com/wolflang/wolf/internal/emitter/llvm_emitter.go:1332.58,1333.27 1 1
github.com/wolflang/wolf/internal/emitter/llvm_emitter.go:1334.18,1335.15 1 1
github.com/wolflang/wolf/internal/emitter/llvm_emitter.go:1336.20,1337.18 1 1
github.com/wolflang/wolf/internal/emitter/llvm_emitter.go:1338.19,1339.14 1 1
github.com/wolflang/wolf/internal/emitter/llvm_emitter.go:1340.21,1341.15 1 1
github.com/wolflang/wolf/internal/emitter/llvm_emitter.go:1342.18,1343.15 1 0
github.com/wolflang/wolf/internal/emitter/llvm_emitter.go:1344.22,1346.16 1 1
github.com/wolflang/wolf/internal/emitter/llvm_emitter.go:1347.53,1348.15 1 1
github.com/wolflang/wolf/internal/emitter/llvm_emitter.go:1349.11,1350.97 1 1
github.com/wolflang/wolf/internal/emitter/llvm_emitter.go:1350.97,1352.5 1 0
github.com/wolflang/wolf/internal/emitter/llvm_emitter.go:1354.4,1354.85 1 1
github.com/wolflang/wolf/internal/emitter/llvm_emitter.go:1354.85,1356.5 1 0
github.com/wolflang/wolf/internal/emitter/llvm_emitter.go:1357.4,1357.16 1 1
github.com/wolflang/wolf/internal/emitter/llvm_emitter.go:1359.21,1360.19 1 0
github.com/wolflang/wolf/internal/emitter/llvm_emitter.go:1360.19,1362.4 1 0
github.com/wolflang/wolf/internal/emitter/llvm_emitter.go:1363.3,1363.37 1 0
github.com/wolflang/wolf/internal/emitter/llvm_emitter.go:1364.22,1365.15 1 0
github.com/wolflang/wolf/internal/emitter/llvm_emitter.go:1366.24,1367.15 1 0
github.com/wolflang/wolf/internal/emitter/llvm_emitter.go:1368.20,1369.45 1 0
github.com/wolflang/wolf/internal/emitter/llvm_emitter.go:1369.45,1370.22 1 0
github.com/wolflang/wolf/internal/emitter/llvm_emitter.go:1386.49,1387.17 1 0
github.com/wolflang/wolf/internal/emitter/llvm_emitter.go:1390.224,1391.17 1 0
github.com/wolflang/wolf/internal/emitter/llvm_emitter.go:1392.73,1393.17 1 0
github.com/wolflang/wolf/internal/emitter/llvm_emitter.go:1406.37,1407.16 1 0
github.com/wolflang/wolf/internal/emitter/llvm_emitter.go:1408.97,1409.17 1 0
github.com/wolflang/wolf/internal/emitter/llvm_emitter.go:1410.131,1411.18 1 0
github.com/wolflang/wolf/internal/emitter/llvm_emitter.go:1412.145,1413.20 1 0
github.com/wolflang/wolf/internal/emitter/llvm_emitter.go:1415.4,1415.85 1 0
github.com/wolflang/wolf/internal/emitter/llvm_emitter.go:1415.85,1417.5 1 0
github.com/wolflang/wolf/internal/emitter/llvm_emitter.go:1419.3,1419.15 1 0
github.com/wolflang/wolf/internal/emitter/llvm_emitter.go:1420.26,1421.49 1 0
github.com/wolflang/wolf/internal/emitter/llvm_emitter.go:1421.49,1423.4 1 0
github.com/wolflang/wolf/internal/emitter/llvm_emitter.go:1425.3,1429.45 3 0
github.com/wolflang/wolf/internal/emitter/llvm_emitter.go:1429.45,1430.63 1 0
github.com/wolflang/wolf/internal/emitter/llvm_emitter.go:1430.63,1432.54 2 0
github.com/wolflang/wolf/internal/emitter/llvm_emitter.go:1432.54,1434.36 2 0
github.com/wolflang/wolf/internal/emitter/llvm_emitter.go:1434.36,1436.7 1 0
github.com/wolflang/wolf/internal/emitter/llvm_emitter.go:1437.6,1437.18 1 0
github.com/wolflang/wolf/internal/emitter/llvm_emitter.go:1443.3,1443.37 1 0
github.com/wolflang/wolf/internal/emitter/llvm_emitter.go:1443.37,1444.46 1 0
github.com/wolflang/wolf/internal/emitter/llvm_emitter.go:1444.46,1445.40 1 0
github.com/wolflang/wolf/internal/emitter/llvm_emitter.go:1445.40,1447.11 2 0
github.com/wolflang/wolf/internal/emitter/llvm_emitter.go:1451.3,1451.23 1 0
github.com/wolflang/wolf/internal/emitter/llvm_emitter.go:1451.23,1453.4 1 0
github.com/wolflang/wolf/internal/emitter/llvm_emitter.go:1455.3,1456.49 2 0
github.com/wolflang/wolf/internal/emitter/llvm_emitter.go:1456.49,1458.4 1 0
github.com/wolflang/wolf/internal/emitter/llvm_emitter.go:1459.3,1459.15 1 0
github.com/wolflang/wolf/internal/emitter/llvm_emitter.go:1460.22,1463.16 2 0
github.com/wolflang/wolf/internal/emitter/llvm_emitter.go:1470.41,1471.19 1 0
github.com/wolflang/wolf/internal/emitter/llvm_emitter.go:1472.137,1473.16 1 0
github.com/wolflang/wolf/internal/emitter/llvm_emitter.go:1474.29,1475.16 1 0
github.com/wolflang/wolf/internal/emitter/llvm_emitter.go:1476.199,1477.16 1 0
github.com/wolflang/wolf/internal/emitter/llvm_emitter.go:1478.93,1479.15 1 0
github.com/wolflang/wolf/internal/emitter/llvm_emitter.go:1480.65,1481.17 1 0
github.com/wolflang/wolf/internal/emitter/llvm_emitter.go:1482.67,1483.16 1 0
github.com/wolflang/wolf/internal/emitter/llvm_emitter.go:1485.3,1485.15 1 0
github.com/wolflang/wolf/internal/emitter/llvm_emitter.go:1486.17,1487.39 1 1
github.com/wolflang/wolf/internal/emitter/llvm_emitter.go:1487.39,1489.4 1 1
github.com/wolflang/wolf/internal/emitter/llvm_emitter.go:1490.3,1490.15 1 0
github.com/wolflang/wolf/internal/emitter/llvm_emitter.go:1491.10,1492.15 1 0
github.com/wolflang/wolf/internal/emitter/llvm_emitter.go:1496.52,1497.31 1 1
github.com/wolflang/wolf/internal/emitter/llvm_emitter.go:1498.20,1499.23 1 1
github.com/wolflang/wolf/internal/emitter/llvm_emitter.go:1500.26,1501.25 1 0
github.com/wolflang/wolf/internal/emitter/llvm_emitter.go:1502.10,1503.25 1 1
github.com/wolflang/wolf/internal/emitter/llvm_emitter.go:1507.52,1508.24 1 0
github.com/wolflang/wolf/internal/emitter/llvm_emitter.go:1508.24,1510.3 1 0
github.com/wolflang/wolf/internal/emitter/llvm_emitter.go:1510.8,1515.32 3 0
github.com/wolflang/wolf/internal/emitter/llvm_emitter.go:1515.32,1516.22 1 0
github.com/wolflang/wolf/internal/emitter/llvm_emitter.go:1516.22,1521.5 4 0
github.com/wolflang/wolf/internal/emitter/llvm_emitter.go:1521.10,1521.30 1 0
github.com/wolflang/wolf/internal/emitter/llvm_emitter.go:1521.30,1526.5 4 0
github.com/wolflang/wolf/internal/emitter/llvm_emitter.go:1526.10,1526.33 1 0
github.com/wolflang/wolf/internal/emitter/llvm_emitter.go:1526.33,1531.5 4 0
github.com/wolflang/wolf/internal/emitter/llvm_emitter.go:1532.9,1532.58 1 0
github.com/wolflang/wolf/internal/emitter/llvm_emitter.go:1532.58,1537.4 4 0
github.com/wolflang/wolf/internal/emitter/llvm_emitter.go:1537.9,1537.61 1 0
[...]
github.com/wolflang/wolf/internal/typechecker/checker.go:519.30,520.16 1 1
github.com/wolflang/wolf/internal/typechecker/checker.go:521.26,522.17 1 0
github.com/wolflang/wolf/internal/typechecker/checker.go:523.23,524.17 1 0
github.com/wolflang/wolf/internal/typechecker/checker.go:526.2,526.12 1 0
github.com/wolflang/wolf/internal/typechecker/checker.go:530.46,531.26 1 0
github.com/wolflang/wolf/internal/typechecker/checker.go:532.27,533.16 1 0
github.com/wolflang/wolf/internal/typechecker/checker.go:534.26,535.16 1 0
github.com/wolflang/wolf/internal/typechecker/checker.go:537.2,537.12 1 0
github.com/wolflang/wolf/scratch/list_assets.go:9.13,10.81 1 0
github.com/wolflang/wolf/scratch/list_assets.go:10.81,11.17 1 0
github.com/wolflang/wolf/scratch/list_assets.go:11.17,13.4 1 0
github.com/wolflang/wolf/scratch/list_assets.go:14.3,14.17 1 0
github.com/wolflang/wolf/scratch/list_assets.go:14.17,16.4 1 0
github.com/wolflang/wolf/scratch/list_assets.go:17.3,17.13 1 0
github.com/wolflang/wolf/stdlib/database.go:42.33,43.18 1 1
github.com/wolflang/wolf/stdlib/database.go:44.15,46.43 1 1
github.com/wolflang/wolf/stdlib/database.go:47.18,49.20 2 1
github.com/wolflang/wolf/stdlib/database.go:49.20,51.4 1 1
github.com/wolflang/wolf/stdlib/database.go:52.3,53.52 1 1
github.com/wolflang/wolf/stdlib/database.go:54.17,55.16 1 1
github.com/wolflang/wolf/stdlib/database.go:56.10,57.84 1 0
github.com/wolflang/wolf/stdlib/database.go:62.51,68.16 3 1
github.com/wolflang/wolf/stdlib/database.go:68.16,70.3 1 1
github.com/wolflang/wolf/stdlib/database.go:72.2,73.51 2 1
github.com/wolflang/wolf/stdlib/database.go:73.51,75.3 1 1
github.com/wolflang/wolf/stdlib/database.go:77.2,77.31 1 1
github.com/wolflang/wolf/stdlib/database.go:77.31,79.3 1 1
github.com/wolflang/wolf/stdlib/database.go:80.2,80.28 1 1
github.com/wolflang/wolf/stdlib/database.go:80.28,81.30 1 1
github.com/wolflang/wolf/stdlib/database.go:82.16,83.28 1 1
github.com/wolflang/wolf/stdlib/database.go:84.19,85.28 1 0
github.com/wolflang/wolf/stdlib/database.go:89.2,89.27 1 1
github.com/wolflang/wolf/stdlib/database.go:93.30,97.2 1 1
github.com/wolflang/wolf/stdlib/database.go:100.46,105.2 1 0
github.com/wolflang/wolf/stdlib/database.go:108.52,110.16 2 0
github.com/wolflang/wolf/stdlib/database.go:110.16,112.3 1 0
github.com/wolflang/wolf/stdlib/database.go:113.2,113.34 1 0
github.com/wolflang/wolf/stdlib/database.go:113.34,115.3 1 0
github.com/wolflang/wolf/stdlib/database.go:116.2,117.12 2 0
github.com/wolflang/wolf/stdlib/database.go:121.34,122.17 1 1
github.com/wolflang/wolf/stdlib/database.go:122.17,124.3 1 0
github.com/wolflang/wolf/stdlib/database.go:125.2,125.12 1 1
github.com/wolflang/wolf/stdlib/database.go:129.33,131.2 1 0
github.com/wolflang/wolf/stdlib/database.go:136.41,142.2 5 1
github.com/wolflang/wolf/stdlib/database.go:145.58,147.2 1 1
github.com/wolflang/wolf/stdlib/database.go:150.36,151.17 1 1
github.com/wolflang/wolf/stdlib/database.go:151.17,153.3 1 1
github.com/wolflang/wolf/stdlib/database.go:155.2,158.43 3 0
github.com/wolflang/wolf/stdlib/database.go:158.43,160.17 2 0
github.com/wolflang/wolf/stdlib/database.go:160.17,163.4 2 0
github.com/wolflang/wolf/stdlib/database.go:164.3,164.18 1 0
github.com/wolflang/wolf/stdlib/database.go:165.8,167.17 2 0
github.com/wolflang/wolf/stdlib/database.go:167.17,170.4 2 0
github.com/wolflang/wolf/stdlib/database.go:171.3,171.40 1 0
github.com/wolflang/wolf/stdlib/database.go:174.2,174.12 1 0
github.com/wolflang/wolf/stdlib/database.go:178.66,179.21 1 0
github.com/wolflang/wolf/stdlib/database.go:179.21,181.3 1 0
github.com/wolflang/wolf/stdlib/database.go:182.2,185.16 3 0
github.com/wolflang/wolf/stdlib/database.go:185.16,187.3 1 0
github.com/wolflang/wolf/stdlib/database.go:189.2,190.22 2 0
github.com/wolflang/wolf/stdlib/database.go:190.22,193.25 3 0
github.com/wolflang/wolf/stdlib/database.go:193.25,195.4 1 0
github.com/wolflang/wolf/stdlib/database.go:197.3,197.53 1 0
github.com/wolflang/wolf/stdlib/database.go:197.53,199.4 1 0
github.com/wolflang/wolf/stdlib/database.go:201.3,202.31 2 0
github.com/wolflang/wolf/stdlib/database.go:202.31,204.33 2 0
github.com/wolflang/wolf/stdlib/database.go:204.33,206.5 1 0
github.com/wolflang/wolf/stdlib/database.go:206.10,208.5 1 0
github.com/wolflang/wolf/stdlib/database.go:210.3,210.33 1 0
github.com/wolflang/wolf/stdlib/database.go:213.2,214.32 2 0
github.com/wolflang/wolf/stdlib/database.go:218.61,220.16 2 0
github.com/wolflang/wolf/stdlib/database.go:220.16,222.3 1 0
github.com/wolflang/wolf/stdlib/database.go:223.2,223.23 1 0
github.com/wolflang/wolf/stdlib/database.go:223.23,225.3 1 0
github.com/wolflang/wolf/stdlib/database.go:226.2,226.24 1 0
github.com/wolflang/wolf/stdlib/database.go:230.37,232.2 1 1
github.com/wolflang/wolf/stdlib/database.go:235.38,237.2 1 0
github.com/wolflang/wolf/stdlib/database.go:242.111,244.29 2 0
github.com/wolflang/wolf/stdlib/database.go:244.29,246.3 1 0
github.com/wolflang/wolf/stdlib/database.go:247.2,247.36 1 0
github.com/wolflang/wolf/stdlib/database.go:247.36,249.3 1 0
github.com/wolflang/wolf/stdlib/database.go:250.2,250.22 1 0
github.com/wolflang/wolf/stdlib/database.go:254.109,256.29 2 0
github.com/wolflang/wolf/stdlib/database.go:256.29,258.3 1 0
github.com/wolflang/wolf/stdlib/database.go:259.2,259.36 1 0
github.com/wolflang/wolf/stdlib/database.go:259.36,261.3 1 0
github.com/wolflang/wolf/stdlib/database.go:262.2,262.19 1 0
github.com/wolflang/wolf/stdlib/database.go:268.62,277.31 5 1
github.com/wolflang/wolf/stdlib/database.go:277.31,279.3 1 1
github.com/wolflang/wolf/stdlib/database.go:281.2,281.35 1 1
github.com/wolflang/wolf/stdlib/database.go:281.35,282.40 1 1
github.com/wolflang/wolf/stdlib/database.go:282.40,283.51 1 1
github.com/wolflang/wolf/stdlib/database.go:283.51,285.5 1 0
github.com/wolflang/wolf/stdlib/database.go:289.2,289.27 1 1
github.com/wolflang/wolf/stdlib/database.go:289.27,291.37 2 1
github.com/wolflang/wolf/stdlib/database.go:291.37,293.4 1 0
github.com/wolflang/wolf/stdlib/database.go:294.3,294.37 1 1
github.com/wolflang/wolf/stdlib/database.go:294.37,297.4 2 1
github.com/wolflang/wolf/stdlib/database.go:300.2,300.20 1 1
github.com/wolflang/wolf/stdlib/env.go:14.39,16.2 1 1
github.com/wolflang/wolf/stdlib/env.go:19.58,21.15 2 1
github.com/wolflang/wolf/stdlib/env.go:21.15,23.3 1 1
github.com/wolflang/wolf/stdlib/env.go:24.2,24.12 1 0
github.com/wolflang/wolf/stdlib/env.go:28.45,30.2 1 1
github.com/wolflang/wolf/stdlib/env.go:33.40,35.2 1 1
github.com/wolflang/wolf/stdlib/env.go:38.40,40.35 2 1
github.com/wolflang/wolf/stdlib/env.go:40.35,42.22 2 1
github.com/wolflang/wolf/stdlib/env.go:42.22,44.4 1 1
github.com/wolflang/wolf/stdlib/env.go:46.2,46.15 1 1
github.com/wolflang/wolf/stdlib/env.go:50.37,53.2 2 1
github.com/wolflang/wolf/stdlib/env.go:56.44,58.16 2 1
github.com/wolflang/wolf/stdlib/env.go:58.16,60.3 1 1
github.com/wolflang/wolf/stdlib/env.go:61.2,65.21 4 1
github.com/wolflang/wolf/stdlib/env.go:65.21,70.49 3 1
github.com/wolflang/wolf/stdlib/env.go:70.49,71.12 1 1
github.com/wolflang/wolf/stdlib/env.go:74.3,75.22 2 1
github.com/wolflang/wolf/stdlib/env.go:75.22,76.12 1 0
github.com/wolflang/wolf/stdlib/env.go:79.3,83.22 3 1
github.com/wolflang/wolf/stdlib/env.go:83.22,85.55 1 1
github.com/wolflang/wolf/stdlib/env.go:85.55,87.5 1 1
github.com/wolflang/wolf/stdlib/env.go:90.3,90.24 1 1
github.com/wolflang/wolf/stdlib/env.go:93.2,93.22 1 1
github.com/wolflang/wolf/stdlib/env.go:97.43,99.9 2 0
github.com/wolflang/wolf/stdlib/env.go:99.9,100.79 1 0
github.com/wolflang/wolf/stdlib/env.go:102.2,102.12 1 0
github.com/wolflang/wolf/stdlib/json.go:11.46,13.16 2 1
github.com/wolflang/wolf/stdlib/json.go:13.16,15.3 1 0
github.com/wolflang/wolf/stdlib/json.go:16.2,16.21 1 1
github.com/wolflang/wolf/stdlib/json.go:20.46,22.59 2 1
github.com/wolflang/wolf/stdlib/json.go:22.59,24.3 1 1
github.com/wolflang/wolf/stdlib/json.go:25.2,25.15 1 1
github.com/wolflang/wolf/stdlib/json.go:29.60,31.59 2 1
github.com/wolflang/wolf/stdlib/json.go:31.59,33.3 1 0
github.com/wolflang/wolf/stdlib/json.go:34.2,34.15 1 1
github.com/wolflang/wolf/stdlib/json.go:38.53,40.59 2 1
github.com/wolflang/wolf/stdlib/json.go:40.59,42.3 1 0
github.com/wolflang/wolf/stdlib/json.go:43.2,43.15 1 1
github.com/wolflang/wolf/stdlib/json.go:47.52,49.16 2 1
github.com/wolflang/wolf/stdlib/json.go:49.16,51.3 1 0
github.com/wolflang/wolf/stdlib/json.go:52.2,52.21 1 1
github.com/wolflang/wolf/stdlib/json.go:56.38,58.2 1 1
github.com/wolflang/wolf/stdlib/math.go:18.40,20.2 1 1
github.com/wolflang/wolf/stdlib/math.go:23.41,25.2 1 1
github.com/wolflang/wolf/stdlib/math.go:28.42,30.2 1 1
github.com/wolflang/wolf/stdlib/math.go:33.42,35.2 1 1
github.com/wolflang/wolf/stdlib/math.go:38.56,41.2 2 1
github.com/wolflang/wolf/stdlib/math.go:44.41,46.2 1 1
github.com/wolflang/wolf/stdlib/math.go:49.43,51.2 1 1
github.com/wolflang/wolf/stdlib/math.go:54.40,56.2 1 1
github.com/wolflang/wolf/stdlib/math.go:59.42,61.2 1 1
github.com/wolflang/wolf/stdlib/math.go:64.43,66.2 1 1
github.com/wolflang/wolf/stdlib/math.go:69.43,71.2 1 1
github.com/wolflang/wolf/stdlib/math.go:74.54,75.15 1 1
github.com/wolflang/wolf/stdlib/math.go:75.15,77.3 1 1
github.com/wolflang/wolf/stdlib/math.go:78.2,78.15 1 1
github.com/wolflang/wolf/stdlib/math.go:78.15,80.3 1 1
github.com/wolflang/wolf/stdlib/math.go:81.2,81.12 1 1
github.com/wolflang/wolf/stdlib/math.go:85.34,87.2 1 1
github.com/wolflang/wolf/stdlib/math.go:90.40,92.2 1 1
github.com/wolflang/wolf/stdlib/math.go:95.47,97.2 1 1
github.com/wolflang/wolf/stdlib/math.go:100.40,102.2 1 1
github.com/wolflang/wolf/stdlib/math.go:105.40,107.2 1 1
github.com/wolflang/wolf/stdlib/math.go:110.40,112.2 1 0
github.com/wolflang/wolf/stdlib/redis.go:45.43,46.22 1 1
github.com/wolflang/wolf/stdlib/redis.go:46.22,48.3 1 1
github.com/wolflang/wolf/stdlib/redis.go:49.2,49.23 1 1
github.com/wolflang/wolf/stdlib/redis.go:49.23,51.3 1 1
github.com/wolflang/wolf/stdlib/redis.go:52.2,57.3 1 1
github.com/wolflang/wolf/stdlib/redis.go:61.41,63.2 1 1
github.com/wolflang/wolf/stdlib/redis.go:68.13,72.2 2 1
github.com/wolflang/wolf/stdlib/redis.go:75.33,78.2 1 0
github.com/wolflang/wolf/stdlib/redis.go:81.40,82.19 1 1
github.com/wolflang/wolf/stdlib/redis.go:82.19,84.3 1 1
github.com/wolflang/wolf/stdlib/redis.go:85.2,86.12 2 1
github.com/wolflang/wolf/stdlib/redis.go:90.77,91.19 1 1
github.com/wolflang/wolf/stdlib/redis.go:91.19,93.3 1 0
github.com/wolflang/wolf/stdlib/redis.go:94.2,94.36 1 1
github.com/wolflang/wolf/stdlib/redis.go:98.52,99.19 1 1
github.com/wolflang/wolf/stdlib/redis.go:99.19,101.3 1 0
github.com/wolflang/wolf/stdlib/redis.go:102.2,102.28 1 1
github.com/wolflang/wolf/stdlib/redis.go:106.55,107.19 1 1
github.com/wolflang/wolf/stdlib/redis.go:107.19,109.3 1 0
github.com/wolflang/wolf/stdlib/redis.go:110.2,110.31 1 1
github.com/wolflang/wolf/stdlib/redis.go:114.75,115.19 1 1
github.com/wolflang/wolf/stdlib/redis.go:115.19,117.3 1 0
github.com/wolflang/wolf/stdlib/redis.go:118.2,118.39 1 1
github.com/wolflang/wolf/stdlib/redis.go:122.57,123.19 1 1
github.com/wolflang/wolf/stdlib/redis.go:123.19,125.3 1 0
github.com/wolflang/wolf/stdlib/redis.go:126.2,126.32 1 1
github.com/wolflang/wolf/stdlib/redis.go:130.64,131.19 1 1
github.com/wolflang/wolf/stdlib/redis.go:131.19,133.3 1 0
github.com/wolflang/wolf/stdlib/redis.go:134.2,134.28 1 1
github.com/wolflang/wolf/stdlib/redis.go:138.31,139.19 1 1
github.com/wolflang/wolf/stdlib/redis.go:139.19,141.3 1 1
github.com/wolflang/wolf/stdlib/redis.go:142.2,142.12 1 0
github.com/wolflang/wolf/stdlib/redis.go:155.36,160.2 1 1
github.com/wolflang/wolf/stdlib/redis.go:162.55,165.30 3 1
github.com/wolflang/wolf/stdlib/redis.go:165.30,167.3 1 1
github.com/wolflang/wolf/stdlib/redis.go:168.2,168.49 1 1
github.com/wolflang/wolf/stdlib/redis.go:171.81,176.2 4 1
github.com/wolflang/wolf/stdlib/redis.go:178.58,182.25 4 1
github.com/wolflang/wolf/stdlib/redis.go:182.25,183.29 1 1
github.com/wolflang/wolf/stdlib/redis.go:183.29,186.4 2 1
github.com/wolflang/wolf/stdlib/redis.go:188.2,188.19 1 1
github.com/wolflang/wolf/stdlib/redis.go:191.61,195.25 4 1
github.com/wolflang/wolf/stdlib/redis.go:195.25,196.29 1 1
github.com/wolflang/wolf/stdlib/redis.go:196.29,198.4 1 1
github.com/wolflang/wolf/stdlib/redis.go:200.2,200.19 1 1
github.com/wolflang/wolf/stdlib/redis.go:203.71,205.2 1 0
github.com/wolflang/wolf/stdlib/redis.go:207.79,209.2 1 0
github.com/wolflang/wolf/stdlib/redis.go:211.79,213.2 1 0
github.com/wolflang/wolf/stdlib/redis.go:215.70,217.2 1 0
github.com/wolflang/wolf/stdlib/redis.go:219.81,222.31 3 1
github.com/wolflang/wolf/stdlib/redis.go:222.31,224.3 1 1
github.com/wolflang/wolf/stdlib/redis.go:225.2,226.15 2 1
github.com/wolflang/wolf/stdlib/redis.go:229.63,232.30 3 1
github.com/wolflang/wolf/stdlib/redis.go:232.30,233.28 1 1
github.com/wolflang/wolf/stdlib/redis.go:233.28,235.4 1 1
github.com/wolflang/wolf/stdlib/redis.go:237.2,237.42 1 0
github.com/wolflang/wolf/stdlib/redis.go:240.70,243.30 3 1
github.com/wolflang/wolf/stdlib/redis.go:243.30,245.3 1 1
github.com/wolflang/wolf/stdlib/redis.go:246.2,246.33 1 0
github.com/wolflang/wolf/stdlib/redis.go:249.37,249.51 1 1
github.com/wolflang/wolf/stdlib/redis.go:250.37,250.51 1 0
github.com/wolflang/wolf/stdlib/strings.go:13.52,15.2 1 1
github.com/wolflang/wolf/stdlib/strings.go:18.54,20.2 1 1
github.com/wolflang/wolf/stdlib/strings.go:23.52,25.2 1 1
github.com/wolflang/wolf/stdlib/strings.go:28.50,30.2 1 1
github.com/wolflang/wolf/stdlib/strings.go:33.60,35.2 1 1
github.com/wolflang/wolf/stdlib/strings.go:38.42,40.2 1 1
github.com/wolflang/wolf/stdlib/strings.go:43.54,45.2 1 1
github.com/wolflang/wolf/stdlib/strings.go:48.43,50.2 1 1
github.com/wolflang/wolf/stdlib/strings.go:53.43,55.2 1 1
github.com/wolflang/wolf/stdlib/strings.go:58.55,60.2 1 1
github.com/wolflang/wolf/stdlib/strings.go:63.60,65.2 1 1
github.com/wolflang/wolf/stdlib/strings.go:68.41,70.2 1 1
github.com/wolflang/wolf/stdlib/strings.go:73.55,75.2 1 1
github.com/wolflang/wolf/stdlib/strings.go:78.45,80.54 2 1
github.com/wolflang/wolf/stdlib/strings.go:80.54,82.3 1 1
github.com/wolflang/wolf/stdlib/strings.go:83.2,83.22 1 1
github.com/wolflang/wolf/stdlib/strings.go:87.48,89.2 1 1
github.com/wolflang/wolf/stdlib/strings.go:92.63,94.15 2 1
github.com/wolflang/wolf/stdlib/strings.go:94.15,96.3 1 0
github.com/wolflang/wolf/stdlib/strings.go:97.2,97.22 1 1
github.com/wolflang/wolf/stdlib/strings.go:97.22,99.3 1 1
github.com/wolflang/wolf/stdlib/strings.go:100.2,100.18 1 1
github.com/wolflang/wolf/stdlib/strings.go:100.18,102.3 1 1
github.com/wolflang/wolf/stdlib/strings.go:103.2,103.33 1 1
github.com/wolflang/wolf/stdlib/strings.go:107.69,108.22 1 1
github.com/wolflang/wolf/stdlib/strings.go:108.22,110.3 1 1
github.com/wolflang/wolf/stdlib/strings.go:111.2,111.10 1 1
github.com/wolflang/wolf/stdlib/strings.go:115.70,116.22 1 1
github.com/wolflang/wolf/stdlib/strings.go:116.22,118.3 1 1
github.com/wolflang/wolf/stdlib/strings.go:119.2,119.10 1 1
github.com/wolflang/wolf/stdlib/strings.go:123.43,125.2 1 1
github.com/wolflang/wolf/stdlib/strings.go:128.45,129.13 1 1
github.com/wolflang/wolf/stdlib/strings.go:129.13,131.3 1 1
github.com/wolflang/wolf/stdlib/strings.go:132.2,132.22 1 1
github.com/wolflang/wolf/stdlib/strings.go:132.22,133.26 1 1
github.com/wolflang/wolf/stdlib/strings.go:133.26,135.4 1 1
github.com/wolflang/wolf/stdlib/strings.go:137.2,137.13 1 1
github.com/wolflang/wolf/stdlib/strings.go:141.43,142.13 1 1
github.com/wolflang/wolf/stdlib/strings.go:142.13,144.3 1 0
github.com/wolflang/wolf/stdlib/strings.go:145.2,145.22 1 1
github.com/wolflang/wolf/stdlib/strings.go:145.22,146.27 1 1
github.com/wolflang/wolf/stdlib/strings.go:146.27,148.4 1 1
github.com/wolflang/wolf/stdlib/strings.go:150.2,150.13 1 1
github.com/wolflang/wolf/stdlib/strings.go:154.43,156.2 1 0
github.com/wolflang/wolf/internal/mlbridge/bridge.go:46.20,50.2 1 1
github.com/wolflang/wolf/internal/mlbridge/bridge.go:53.31,57.19 3 1
github.com/wolflang/wolf/internal/mlbridge/bridge.go:57.19,59.3 1 0
github.com/wolflang/wolf/internal/mlbridge/bridge.go:62.2,63.16 2 1
github.com/wolflang/wolf/internal/mlbridge/bridge.go:63.16,65.3 1 0
github.com/wolflang/wolf/internal/mlbridge/bridge.go:66.2,68.12 3 1
github.com/wolflang/wolf/internal/mlbridge/bridge.go:72.35,79.2 5 1
github.com/wolflang/wolf/internal/mlbridge/bridge.go:82.39,84.2 1 1
github.com/wolflang/wolf/internal/mlbridge/bridge.go:87.38,89.2 1 1
github.com/wolflang/wolf/internal/mlbridge/bridge.go:95.48,96.34 1 1
github.com/wolflang/wolf/internal/mlbridge/bridge.go:96.34,98.3 1 0
github.com/wolflang/wolf/internal/mlbridge/bridge.go:99.2,99.43 1 1
github.com/wolflang/wolf/internal/mlbridge/bridge.go:104.111,105.20 1 1
github.com/wolflang/wolf/internal/mlbridge/bridge.go:105.20,106.34 1 0
github.com/wolflang/wolf/internal/mlbridge/bridge.go:106.34,108.4 1 0
github.com/wolflang/wolf/internal/mlbridge/bridge.go:111.2,120.16 3 1
github.com/wolflang/wolf/internal/mlbridge/bridge.go:120.16,122.3 1 0
github.com/wolflang/wolf/internal/mlbridge/bridge.go:125.2,129.22 3 1
github.com/wolflang/wolf/internal/mlbridge/bridge.go:129.22,132.31 3 0
github.com/wolflang/wolf/internal/mlbridge/bridge.go:132.31,133.39 1 0
github.com/wolflang/wolf/internal/mlbridge/bridge.go:133.39,135.10 2 0
github.com/wolflang/wolf/internal/mlbridge/bridge.go:140.2,141.16 2 1
github.com/wolflang/wolf/internal/mlbridge/bridge.go:141.16,144.3 2 1
github.com/wolflang/wolf/internal/mlbridge/bridge.go:147.2,148.20 2 1
github.com/wolflang/wolf/internal/mlbridge/bridge.go:148.20,152.51 2 1
github.com/wolflang/wolf/internal/mlbridge/bridge.go:152.51,154.74 2 1
github.com/wolflang/wolf/internal/mlbridge/bridge.go:154.74,156.5 1 0
github.com/wolflang/wolf/internal/mlbridge/bridge.go:158.4,158.22 1 1
github.com/wolflang/wolf/internal/mlbridge/bridge.go:158.22,160.5 1 0
github.com/wolflang/wolf/internal/mlbridge/bridge.go:161.9,164.4 1 1
github.com/wolflang/wolf/internal/mlbridge/bridge.go:167.2,167.20 1 1
github.com/wolflang/wolf/internal/mlbridge/bridge.go:171.114,173.12 2 1
github.com/wolflang/wolf/internal/mlbridge/bridge.go:173.12,176.3 2 1
github.com/wolflang/wolf/internal/mlbridge/bridge.go:177.2,177.11 1 1
github.com/wolflang/wolf/internal/mlbridge/bridge.go:181.63,185.41 3 1
github.com/wolflang/wolf/internal/mlbridge/bridge.go:185.41,187.3 1 1
github.com/wolflang/wolf/internal/mlbridge/bridge.go:189.2,194.19 3 1
github.com/wolflang/wolf/internal/mlbridge/bridge.go:198.61,203.2 4 1
github.com/wolflang/wolf/internal/mlbridge/bridge.go:206.43,208.2 1 0
github.com/wolflang/wolf/internal/mlbridge/bridge.go:216.113,222.21 3 1
github.com/wolflang/wolf/internal/mlbridge/bridge.go:222.21,224.25 1 1
github.com/wolflang/wolf/internal/mlbridge/bridge.go:224.25,226.40 2 1
github.com/wolflang/wolf/internal/mlbridge/bridge.go:226.40,228.5 1 1
github.com/wolflang/wolf/internal/mlbridge/bridge.go:230.3,231.17 2 1
github.com/wolflang/wolf/internal/mlbridge/bridge.go:231.17,233.4 1 0
github.com/wolflang/wolf/internal/mlbridge/bridge.go:235.3,237.25 3 1
github.com/wolflang/wolf/internal/mlbridge/bridge.go:237.25,241.4 2 1
github.com/wolflang/wolf/internal/mlbridge/bridge.go:245.2,250.22 4 1
github.com/wolflang/wolf/internal/mlbridge/bridge.go:250.22,252.29 2 1
github.com/wolflang/wolf/internal/mlbridge/bridge.go:252.29,254.39 2 1
github.com/wolflang/wolf/internal/mlbridge/bridge.go:254.39,256.5 1 1
github.com/wolflang/wolf/internal/mlbridge/bridge.go:257.4,259.26 1 1
github.com/wolflang/wolf/internal/mlbridge/bridge.go:261.3,261.85 1 1
github.com/wolflang/wolf/internal/mlbridge/bridge.go:264.2,264.25 1 1
github.com/wolflang/wolf/internal/mlbridge/bridge.go:268.35,270.34 2 1
github.com/wolflang/wolf/internal/mlbridge/bridge.go:270.34,272.17 2 1
github.com/wolflang/wolf/internal/mlbridge/bridge.go:272.17,276.63 3 1
github.com/wolflang/wolf/internal/mlbridge/bridge.go:276.63,278.5 1 1
github.com/wolflang/wolf/internal/mlbridge/bridge.go:281.2,281.84 1 0
