mode: set
github.com/wolflang/wolf/cmd/wolf/main.go:15.13,32.55 4 0
github.com/wolflang/wolf/cmd/wolf/main.go:32.55,34.18 2 0
github.com/wolflang/wolf/cmd/wolf/main.go:34.18,36.5 1 0
github.com/wolflang/wolf/cmd/wolf/main.go:38.4,40.18 3 0
github.com/wolflang/wolf/cmd/wolf/main.go:40.18,43.5 2 0
github.com/wolflang/wolf/cmd/wolf/main.go:44.4,48.18 4 0
github.com/wolflang/wolf/cmd/wolf/main.go:48.18,49.37 1 0
github.com/wolflang/wolf/cmd/wolf/main.go:49.37,51.6 1 0
github.com/wolflang/wolf/cmd/wolf/main.go:52.5,52.15 1 0
github.com/wolflang/wolf/cmd/wolf/main.go:55.4,56.14 2 0
github.com/wolflang/wolf/cmd/wolf/main.go:60.2,64.55 1 0
github.com/wolflang/wolf/cmd/wolf/main.go:64.55,66.18 2 0
github.com/wolflang/wolf/cmd/wolf/main.go:66.18,68.5 1 0
github.com/wolflang/wolf/cmd/wolf/main.go:70.4,72.18 3 0
github.com/wolflang/wolf/cmd/wolf/main.go:72.18,75.5 2 0
github.com/wolflang/wolf/cmd/wolf/main.go:76.4,79.41 3 0
github.com/wolflang/wolf/cmd/wolf/main.go:83.2,87.55 1 0
github.com/wolflang/wolf/cmd/wolf/main.go:87.55,91.4 2 0
github.com/wolflang/wolf/cmd/wolf/main.go:94.2,98.55 1 0
github.com/wolflang/wolf/cmd/wolf/main.go:98.55,102.4 2 0
github.com/wolflang/wolf/cmd/wolf/main.go:106.2,114.55 2 0
github.com/wolflang/wolf/cmd/wolf/main.go:114.55,118.38 4 0
github.com/wolflang/wolf/cmd/wolf/main.go:118.38,120.5 1 0
github.com/wolflang/wolf/cmd/wolf/main.go:121.4,122.14 2 0
github.com/wolflang/wolf/cmd/wolf/main.go:126.2,130.55 1 0
github.com/wolflang/wolf/cmd/wolf/main.go:130.55,134.21 4 0
github.com/wolflang/wolf/cmd/wolf/main.go:134.21,136.5 1 0
github.com/wolflang/wolf/cmd/wolf/main.go:137.4,137.50 1 0
github.com/wolflang/wolf/cmd/wolf/main.go:137.50,139.5 1 0
github.com/wolflang/wolf/cmd/wolf/main.go:140.4,141.14 2 0
github.com/wolflang/wolf/cmd/wolf/main.go:145.2,149.55 1 0
github.com/wolflang/wolf/cmd/wolf/main.go:149.55,152.44 3 0
github.com/wolflang/wolf/cmd/wolf/main.go:152.44,154.5 1 0
github.com/wolflang/wolf/cmd/wolf/main.go:155.4,156.14 2 0
github.com/wolflang/wolf/cmd/wolf/main.go:160.2,163.55 1 0
github.com/wolflang/wolf/cmd/wolf/main.go:163.55,167.18 4 0
github.com/wolflang/wolf/cmd/wolf/main.go:167.18,169.5 1 0
github.com/wolflang/wolf/cmd/wolf/main.go:170.4,170.29 1 0
github.com/wolflang/wolf/cmd/wolf/main.go:170.29,172.5 1 0
github.com/wolflang/wolf/cmd/wolf/main.go:173.4,173.14 1 0
github.com/wolflang/wolf/cmd/wolf/main.go:177.2,180.55 1 0
github.com/wolflang/wolf/cmd/wolf/main.go:180.55,184.18 4 0
github.com/wolflang/wolf/cmd/wolf/main.go:184.18,186.5 1 0
github.com/wolflang/wolf/cmd/wolf/main.go:187.4,187.24 1 0
github.com/wolflang/wolf/cmd/wolf/main.go:187.24,189.5 1 0
github.com/wolflang/wolf/cmd/wolf/main.go:189.10,190.34 1 0
github.com/wolflang/wolf/cmd/wolf/main.go:190.34,192.6 1 0
github.com/wolflang/wolf/cmd/wolf/main.go:194.4,194.14 1 0
github.com/wolflang/wolf/cmd/wolf/main.go:198.2,201.55 1 0
github.com/wolflang/wolf/cmd/wolf/main.go:201.55,205.36 4 0
github.com/wolflang/wolf/cmd/wolf/main.go:205.36,207.5 1 0
github.com/wolflang/wolf/cmd/wolf/main.go:208.4,209.14 2 0
github.com/wolflang/wolf/cmd/wolf/main.go:213.2,216.48 1 0
github.com/wolflang/wolf/cmd/wolf/main.go:216.48,221.4 4 0
github.com/wolflang/wolf/cmd/wolf/main.go:224.2,236.55 4 0
github.com/wolflang/wolf/cmd/wolf/main.go:236.55,239.49 3 0
github.com/wolflang/wolf/cmd/wolf/main.go:239.49,241.5 1 0
github.com/wolflang/wolf/cmd/wolf/main.go:242.4,244.14 3 0
github.com/wolflang/wolf/cmd/wolf/main.go:248.2,252.55 1 0
github.com/wolflang/wolf/cmd/wolf/main.go:252.55,257.18 5 0
github.com/wolflang/wolf/cmd/wolf/main.go:257.18,259.5 1 0
github.com/wolflang/wolf/cmd/wolf/main.go:260.4,261.14 2 0
github.com/wolflang/wolf/cmd/wolf/main.go:265.2,267.42 2 0
github.com/wolflang/wolf/cmd/wolf/main.go:267.42,269.3 1 0
github.com/wolflang/wolf/internal/config/config.go:95.29,150.2 1 0
github.com/wolflang/wolf/internal/config/loader.go:17.52,22.22 3 0
github.com/wolflang/wolf/internal/config/loader.go:22.22,23.51 1 0
github.com/wolflang/wolf/internal/config/loader.go:23.51,25.4 1 0
github.com/wolflang/wolf/internal/config/loader.go:29.2,32.38 2 0
github.com/wolflang/wolf/internal/config/loader.go:32.38,34.3 1 0
github.com/wolflang/wolf/internal/config/loader.go:37.2,37.29 1 0
github.com/wolflang/wolf/internal/config/loader.go:37.29,39.3 1 0
github.com/wolflang/wolf/internal/config/loader.go:41.2,41.17 1 0
github.com/wolflang/wolf/internal/config/loader.go:46.40,48.6 2 0
github.com/wolflang/wolf/internal/config/loader.go:48.6,50.47 2 0
github.com/wolflang/wolf/internal/config/loader.go:50.47,52.4 1 0
github.com/wolflang/wolf/internal/config/loader.go:53.3,54.20 2 0
github.com/wolflang/wolf/internal/config/loader.go:54.20,55.9 1 0
github.com/wolflang/wolf/internal/config/loader.go:57.3,57.15 1 0
github.com/wolflang/wolf/internal/config/loader.go:59.2,59.11 1 0
github.com/wolflang/wolf/internal/config/loader.go:71.51,73.16 2 0
github.com/wolflang/wolf/internal/config/loader.go:73.16,75.3 1 0
github.com/wolflang/wolf/internal/config/loader.go:76.2,82.21 5 0
github.com/wolflang/wolf/internal/config/loader.go:82.21,90.17 5 0
github.com/wolflang/wolf/internal/config/loader.go:90.17,91.12 1 0
github.com/wolflang/wolf/internal/config/loader.go:95.3,95.67 1 0
github.com/wolflang/wolf/internal/config/loader.go:95.67,97.12 2 0
github.com/wolflang/wolf/internal/config/loader.go:101.3,102.13 2 0
github.com/wolflang/wolf/internal/config/loader.go:102.13,104.4 1 0
github.com/wolflang/wolf/internal/config/loader.go:106.3,109.67 3 0
github.com/wolflang/wolf/internal/config/loader.go:109.67,111.4 1 0
github.com/wolflang/wolf/internal/config/loader.go:114.2,114.22 1 0
github.com/wolflang/wolf/internal/config/loader.go:118.36,120.23 2 0
github.com/wolflang/wolf/internal/config/loader.go:120.23,121.16 1 0
github.com/wolflang/wolf/internal/config/loader.go:121.16,123.4 1 0
github.com/wolflang/wolf/internal/config/loader.go:124.3,124.28 1 0
github.com/wolflang/wolf/internal/config/loader.go:124.28,126.4 1 0
github.com/wolflang/wolf/internal/config/loader.go:128.2,128.10 1 0
github.com/wolflang/wolf/internal/config/loader.go:132.74,133.43 1 0
github.com/wolflang/wolf/internal/config/loader.go:133.43,135.3 1 0
github.com/wolflang/wolf/internal/config/loader.go:137.2,137.17 1 0
github.com/wolflang/wolf/internal/config/loader.go:138.13,139.14 1 0
github.com/wolflang/wolf/internal/config/loader.go:140.15,141.22 1 0
github.com/wolflang/wolf/internal/config/loader.go:142.14,143.21 1 0
github.com/wolflang/wolf/internal/config/loader.go:144.16,146.18 2 0
github.com/wolflang/wolf/internal/config/loader.go:146.18,148.5 1 0
github.com/wolflang/wolf/internal/config/loader.go:149.4,149.21 1 0
github.com/wolflang/wolf/internal/config/loader.go:150.18,151.25 1 0
github.com/wolflang/wolf/internal/config/loader.go:152.14,153.21 1 0
github.com/wolflang/wolf/internal/config/loader.go:154.11,155.32 1 0
github.com/wolflang/wolf/internal/config/loader.go:158.16,159.14 1 0
github.com/wolflang/wolf/internal/config/loader.go:160.15,161.25 1 0
github.com/wolflang/wolf/internal/config/loader.go:162.15,164.18 2 0
github.com/wolflang/wolf/internal/config/loader.go:164.18,166.5 1 0
github.com/wolflang/wolf/internal/config/loader.go:167.4,167.23 1 0
github.com/wolflang/wolf/internal/config/loader.go:168.23,170.18 2 0
github.com/wolflang/wolf/internal/config/loader.go:170.18,172.5 1 0
github.com/wolflang/wolf/internal/config/loader.go:173.4,173.33 1 0
github.com/wolflang/wolf/internal/config/loader.go:174.24,176.18 2 0
github.com/wolflang/wolf/internal/config/loader.go:176.18,178.5 1 0
github.com/wolflang/wolf/internal/config/loader.go:179.4,179.34 1 0
github.com/wolflang/wolf/internal/config/loader.go:180.27,182.18 2 0
github.com/wolflang/wolf/internal/config/loader.go:182.18,184.5 1 0
github.com/wolflang/wolf/internal/config/loader.go:185.4,185.33 1 0
github.com/wolflang/wolf/internal/config/loader.go:186.25,188.18 2 0
github.com/wolflang/wolf/internal/config/loader.go:188.18,190.5 1 0
github.com/wolflang/wolf/internal/config/loader.go:191.4,191.32 1 0
github.com/wolflang/wolf/internal/config/loader.go:192.18,194.18 2 0
github.com/wolflang/wolf/internal/config/loader.go:194.18,196.5 1 0
github.com/wolflang/wolf/internal/config/loader.go:197.4,197.26 1 0
github.com/wolflang/wolf/internal/config/loader.go:198.11,199.32 1 0
github.com/wolflang/wolf/internal/config/loader.go:202.24,203.14 1 0
github.com/wolflang/wolf/internal/config/loader.go:204.17,205.23 1 0
github.com/wolflang/wolf/internal/config/loader.go:206.15,207.21 1 0
github.com/wolflang/wolf/internal/config/loader.go:208.15,210.18 2 0
github.com/wolflang/wolf/internal/config/loader.go:210.18,212.5 1 0
github.com/wolflang/wolf/internal/config/loader.go:213.4,213.19 1 0
github.com/wolflang/wolf/internal/config/loader.go:214.15,215.21 1 0
github.com/wolflang/wolf/internal/config/loader.go:216.15,217.21 1 0
github.com/wolflang/wolf/internal/config/loader.go:218.19,219.25 1 0
github.com/wolflang/wolf/internal/config/loader.go:220.20,222.18 2 0
github.com/wolflang/wolf/internal/config/loader.go:222.18,224.5 1 0
github.com/wolflang/wolf/internal/config/loader.go:225.4,225.23 1 0
github.com/wolflang/wolf/internal/config/loader.go:226.24,228.18 2 0
github.com/wolflang/wolf/internal/config/loader.go:228.18,230.5 1 0
github.com/wolflang/wolf/internal/config/loader.go:231.4,231.26 1 0
github.com/wolflang/wolf/internal/config/loader.go:232.23,234.18 2 0
github.com/wolflang/wolf/internal/config/loader.go:234.18,236.5 1 0
github.com/wolflang/wolf/internal/config/loader.go:237.4,237.26 1 0
github.com/wolflang/wolf/internal/config/loader.go:238.22,240.18 2 0
github.com/wolflang/wolf/internal/config/loader.go:240.18,242.5 1 0
github.com/wolflang/wolf/internal/config/loader.go:243.4,243.25 1 0
github.com/wolflang/wolf/internal/config/loader.go:244.20,245.25 1 0
github.com/wolflang/wolf/internal/config/loader.go:246.20,248.18 2 0
github.com/wolflang/wolf/internal/config/loader.go:248.18,250.5 1 0
github.com/wolflang/wolf/internal/config/loader.go:251.4,251.23 1 0
github.com/wolflang/wolf/internal/config/loader.go:252.11,253.32 1 0
github.com/wolflang/wolf/internal/config/loader.go:256.15,257.14 1 0
github.com/wolflang/wolf/internal/config/loader.go:258.15,259.24 1 0
github.com/wolflang/wolf/internal/config/loader.go:260.15,262.18 2 0
github.com/wolflang/wolf/internal/config/loader.go:262.18,264.5 1 0
github.com/wolflang/wolf/internal/config/loader.go:265.4,265.22 1 0
github.com/wolflang/wolf/internal/config/loader.go:266.19,267.28 1 0
github.com/wolflang/wolf/internal/config/loader.go:268.13,270.18 2 0
github.com/wolflang/wolf/internal/config/loader.go:270.18,272.5 1 0
github.com/wolflang/wolf/internal/config/loader.go:273.4,273.20 1 0
github.com/wolflang/wolf/internal/config/loader.go:274.11,275.32 1 0
github.com/wolflang/wolf/internal/config/loader.go:278.13,279.14 1 0
github.com/wolflang/wolf/internal/config/loader.go:280.17,281.24 1 0
github.com/wolflang/wolf/internal/config/loader.go:282.35,284.18 2 0
github.com/wolflang/wolf/internal/config/loader.go:284.18,286.5 1 0
github.com/wolflang/wolf/internal/config/loader.go:287.4,287.25 1 0
github.com/wolflang/wolf/internal/config/loader.go:288.20,289.27 1 0
github.com/wolflang/wolf/internal/config/loader.go:290.11,291.32 1 0
github.com/wolflang/wolf/internal/config/loader.go:294.13,295.14 1 0
github.com/wolflang/wolf/internal/config/loader.go:296.16,297.23 1 0
github.com/wolflang/wolf/internal/config/loader.go:298.17,299.24 1 0
github.com/wolflang/wolf/internal/config/loader.go:300.15,301.22 1 0
github.com/wolflang/wolf/internal/config/loader.go:302.11,303.32 1 0
github.com/wolflang/wolf/internal/config/loader.go:306.15,307.14 1 0
github.com/wolflang/wolf/internal/config/loader.go:308.18,309.26 1 0
github.com/wolflang/wolf/internal/config/loader.go:310.31,312.18 2 0
github.com/wolflang/wolf/internal/config/loader.go:312.18,314.5 1 0
github.com/wolflang/wolf/internal/config/loader.go:315.4,315.26 1 0
github.com/wolflang/wolf/internal/config/loader.go:316.18,318.18 2 0
github.com/wolflang/wolf/internal/config/loader.go:318.18,320.5 1 0
github.com/wolflang/wolf/internal/config/loader.go:321.4,321.24 1 0
github.com/wolflang/wolf/internal/config/loader.go:322.22,324.18 2 0
github.com/wolflang/wolf/internal/config/loader.go:324.18,326.5 1 0
github.com/wolflang/wolf/internal/config/loader.go:327.4,327.28 1 0
github.com/wolflang/wolf/internal/config/loader.go:328.11,329.32 1 0
github.com/wolflang/wolf/internal/config/loader.go:332.10,333.73 1 0
github.com/wolflang/wolf/internal/config/loader.go:335.10,335.10 0 0
github.com/wolflang/wolf/internal/config/loader.go:340.2,340.12 1 0
github.com/wolflang/wolf/internal/config/loader.go:346.34,347.43 1 0
github.com/wolflang/wolf/internal/config/loader.go:347.43,348.37 1 0
github.com/wolflang/wolf/internal/config/loader.go:348.37,350.4 1 0
github.com/wolflang/wolf/internal/config/loader.go:352.2,352.40 1 0
github.com/wolflang/wolf/internal/config/loader.go:352.40,353.37 1 0
github.com/wolflang/wolf/internal/config/loader.go:353.37,354.45 1 0
github.com/wolflang/wolf/internal/config/loader.go:354.45,356.5 1 0
github.com/wolflang/wolf/internal/config/loader.go:359.2,359.42 1 0
github.com/wolflang/wolf/internal/config/loader.go:359.42,360.37 1 0
github.com/wolflang/wolf/internal/config/loader.go:360.37,361.42 1 0
github.com/wolflang/wolf/internal/config/loader.go:361.42,363.5 1 0
github.com/wolflang/wolf/internal/config/loader.go:368.2,417.53 38 0
github.com/wolflang/wolf/internal/config/loader.go:422.38,424.29 2 0
github.com/wolflang/wolf/internal/config/loader.go:424.29,426.3 1 0
github.com/wolflang/wolf/internal/config/loader.go:428.2,428.52 1 0
github.com/wolflang/wolf/internal/config/loader.go:428.52,430.3 1 0
github.com/wolflang/wolf/internal/config/loader.go:432.2,433.30 2 0
github.com/wolflang/wolf/internal/config/loader.go:433.30,435.3 1 0
github.com/wolflang/wolf/internal/config/loader.go:437.2,437.25 1 0
github.com/wolflang/wolf/internal/config/loader.go:437.25,439.3 1 0
github.com/wolflang/wolf/internal/config/loader.go:440.2,440.28 1 0
github.com/wolflang/wolf/internal/config/loader.go:440.28,442.3 1 0
github.com/wolflang/wolf/internal/config/loader.go:443.2,443.42 1 0
github.com/wolflang/wolf/internal/config/loader.go:443.42,446.3 1 0
github.com/wolflang/wolf/internal/config/loader.go:447.2,447.28 1 0
github.com/wolflang/wolf/internal/config/loader.go:447.28,449.3 1 0
github.com/wolflang/wolf/internal/config/loader.go:451.2,452.63 2 0
github.com/wolflang/wolf/internal/config/loader.go:452.63,454.3 1 0
github.com/wolflang/wolf/internal/config/loader.go:456.2,457.33 2 0
github.com/wolflang/wolf/internal/config/loader.go:457.33,459.3 1 0
github.com/wolflang/wolf/internal/config/loader.go:461.2,461.12 1 0
github.com/wolflang/wolf/internal/config/loader.go:465.40,466.47 1 0
github.com/wolflang/wolf/internal/config/loader.go:467.32,468.19 1 0
github.com/wolflang/wolf/internal/config/loader.go:469.33,470.20 1 0
github.com/wolflang/wolf/internal/config/loader.go:472.2,472.56 1 0
github.com/wolflang/wolf/internal/ir/ir_nodes.go:62.31,62.32 0 0
github.com/wolflang/wolf/internal/ir/ir_nodes.go:71.30,71.31 0 0
github.com/wolflang/wolf/internal/ir/ir_nodes.go:78.28,78.29 0 0
github.com/wolflang/wolf/internal/ir/ir_nodes.go:85.30,85.31 0 0
github.com/wolflang/wolf/internal/ir/ir_nodes.go:95.26,95.27 0 0
github.com/wolflang/wolf/internal/ir/ir_nodes.go:111.27,111.28 0 0
github.com/wolflang/wolf/internal/ir/ir_nodes.go:121.29,121.30 0 0
github.com/wolflang/wolf/internal/ir/ir_nodes.go:130.30,130.31 0 0
github.com/wolflang/wolf/internal/ir/ir_nodes.go:143.29,143.30 0 0
github.com/wolflang/wolf/internal/ir/ir_nodes.go:150.26,150.27 0 0
github.com/wolflang/wolf/internal/ir/ir_nodes.go:157.29,157.30 0 0
github.com/wolflang/wolf/internal/ir/ir_nodes.go:164.27,164.28 0 0
github.com/wolflang/wolf/internal/ir/ir_nodes.go:178.25,178.26 0 0
github.com/wolflang/wolf/internal/ir/ir_nodes.go:185.26,185.27 0 0
github.com/wolflang/wolf/internal/ir/ir_nodes.go:192.28,192.29 0 0
github.com/wolflang/wolf/internal/ir/ir_nodes.go:199.29,199.30 0 0
github.com/wolflang/wolf/internal/ir/ir_nodes.go:206.27,206.28 0 0
github.com/wolflang/wolf/internal/ir/ir_nodes.go:211.26,211.27 0 0
github.com/wolflang/wolf/internal/ir/ir_nodes.go:220.30,220.31 0 0
github.com/wolflang/wolf/internal/ir/ir_nodes.go:228.29,228.30 0 0
github.com/wolflang/wolf/internal/ir/ir_nodes.go:236.28,236.29 0 0
github.com/wolflang/wolf/internal/ir/ir_nodes.go:244.31,244.32 0 0
github.com/wolflang/wolf/internal/ir/ir_nodes.go:253.34,253.35 0 0
github.com/wolflang/wolf/internal/ir/ir_nodes.go:262.30,262.31 0 0
github.com/wolflang/wolf/internal/ir/ir_nodes.go:270.29,270.30 0 0
github.com/wolflang/wolf/internal/ir/ir_nodes.go:278.28,278.29 0 0
github.com/wolflang/wolf/internal/ir/ir_nodes.go:288.26,288.27 0 0
github.com/wolflang/wolf/internal/ir/ir_nodes.go:296.29,296.30 0 0
github.com/wolflang/wolf/internal/ir/ir_nodes.go:305.27,305.28 0 0
github.com/wolflang/wolf/internal/ir/ir_nodes.go:313.30,313.31 0 0
github.com/wolflang/wolf/internal/ir/ir_nodes.go:320.28,320.29 0 0
github.com/wolflang/wolf/internal/ir/ir_nodes.go:328.28,328.29 0 0
github.com/wolflang/wolf/internal/ir/ir_nodes.go:335.28,335.29 0 0
github.com/wolflang/wolf/internal/ir/ir_nodes.go:343.31,343.32 0 0
github.com/wolflang/wolf/internal/ir/ir_nodes.go:351.32,351.33 0 0
github.com/wolflang/wolf/internal/ir/ir_nodes.go:358.28,358.29 0 0
github.com/wolflang/wolf/internal/ir/ir_nodes.go:369.29,369.30 0 0
github.com/wolflang/wolf/internal/ir/ir_nodes.go:376.29,376.30 0 0
github.com/wolflang/wolf/internal/ir/ir_nodes.go:384.31,384.32 0 0
github.com/wolflang/wolf/internal/emitter/ir_emitter.go:20.45,27.2 1 1
github.com/wolflang/wolf/internal/emitter/ir_emitter.go:30.63,38.42 3 1
github.com/wolflang/wolf/internal/emitter/ir_emitter.go:38.42,39.27 1 1
github.com/wolflang/wolf/internal/emitter/ir_emitter.go:40.25,43.30 2 1
github.com/wolflang/wolf/internal/emitter/ir_emitter.go:43.30,49.5 2 0
github.com/wolflang/wolf/internal/emitter/ir_emitter.go:50.4,50.51 1 1
github.com/wolflang/wolf/internal/emitter/ir_emitter.go:51.26,53.48 2 1
github.com/wolflang/wolf/internal/emitter/ir_emitter.go:54.11,56.21 2 1
github.com/wolflang/wolf/internal/emitter/ir_emitter.go:56.21,58.5 1 1
github.com/wolflang/wolf/internal/emitter/ir_emitter.go:63.2,63.29 1 1
github.com/wolflang/wolf/internal/emitter/ir_emitter.go:63.29,65.3 1 1
github.com/wolflang/wolf/internal/emitter/ir_emitter.go:67.2,67.15 1 1
github.com/wolflang/wolf/internal/emitter/ir_emitter.go:71.66,72.42 1 1
github.com/wolflang/wolf/internal/emitter/ir_emitter.go:72.42,73.56 1 1
github.com/wolflang/wolf/internal/emitter/ir_emitter.go:73.56,74.56 1 1
github.com/wolflang/wolf/internal/emitter/ir_emitter.go:74.56,75.58 1 0
github.com/wolflang/wolf/internal/emitter/ir_emitter.go:75.58,76.54 1 0
github.com/wolflang/wolf/internal/emitter/ir_emitter.go:76.54,77.68 1 0
github.com/wolflang/wolf/internal/emitter/ir_emitter.go:77.68,79.43 2 0
github.com/wolflang/wolf/internal/emitter/ir_emitter.go:79.43,81.9 1 0
github.com/wolflang/wolf/internal/emitter/ir_emitter.go:82.8,82.35 1 0
github.com/wolflang/wolf/internal/emitter/ir_emitter.go:93.61,94.26 1 1
github.com/wolflang/wolf/internal/emitter/ir_emitter.go:95.30,96.27 1 1
github.com/wolflang/wolf/internal/emitter/ir_emitter.go:97.23,98.26 1 0
github.com/wolflang/wolf/internal/emitter/ir_emitter.go:99.26,100.29 1 1
github.com/wolflang/wolf/internal/emitter/ir_emitter.go:101.26,102.29 1 0
github.com/wolflang/wolf/internal/emitter/ir_emitter.go:103.22,104.25 1 1
github.com/wolflang/wolf/internal/emitter/ir_emitter.go:105.23,106.26 1 1
github.com/wolflang/wolf/internal/emitter/ir_emitter.go:107.27,108.30 1 1
github.com/wolflang/wolf/internal/emitter/ir_emitter.go:109.25,110.28 1 0
github.com/wolflang/wolf/internal/emitter/ir_emitter.go:111.25,112.28 1 1
github.com/wolflang/wolf/internal/emitter/ir_emitter.go:113.28,114.27 1 0
github.com/wolflang/wolf/internal/emitter/ir_emitter.go:115.28,116.27 1 0
github.com/wolflang/wolf/internal/emitter/ir_emitter.go:117.33,118.30 1 0
github.com/wolflang/wolf/internal/emitter/ir_emitter.go:119.25,120.24 1 0
github.com/wolflang/wolf/internal/emitter/ir_emitter.go:121.10,122.13 1 0
github.com/wolflang/wolf/internal/emitter/ir_emitter.go:126.68,128.48 1 1
github.com/wolflang/wolf/internal/emitter/ir_emitter.go:128.48,129.92 1 1
github.com/wolflang/wolf/internal/emitter/ir_emitter.go:129.92,135.17 3 1
github.com/wolflang/wolf/internal/emitter/ir_emitter.go:135.17,136.44 1 1
github.com/wolflang/wolf/internal/emitter/ir_emitter.go:136.44,137.33 1 1
github.com/wolflang/wolf/internal/emitter/ir_emitter.go:137.33,140.7 2 1
github.com/wolflang/wolf/internal/emitter/ir_emitter.go:144.4,148.5 1 1
github.com/wolflang/wolf/internal/emitter/ir_emitter.go:153.2,153.47 1 1
github.com/wolflang/wolf/internal/emitter/ir_emitter.go:153.47,154.56 1 0
github.com/wolflang/wolf/internal/emitter/ir_emitter.go:154.56,155.22 1 0
github.com/wolflang/wolf/internal/emitter/ir_emitter.go:156.17,157.33 1 0
github.com/wolflang/wolf/internal/emitter/ir_emitter.go:158.17,159.33 1 0
github.com/wolflang/wolf/internal/emitter/ir_emitter.go:160.19,161.35 1 0
github.com/wolflang/wolf/internal/emitter/ir_emitter.go:166.2,166.47 1 1
github.com/wolflang/wolf/internal/emitter/ir_emitter.go:170.66,179.25 7 0
github.com/wolflang/wolf/internal/emitter/ir_emitter.go:179.25,180.58 1 0
github.com/wolflang/wolf/internal/emitter/ir_emitter.go:180.58,182.4 1 0
github.com/wolflang/wolf/internal/emitter/ir_emitter.go:183.3,183.58 1 0
github.com/wolflang/wolf/internal/emitter/ir_emitter.go:183.58,185.4 1 0
github.com/wolflang/wolf/internal/emitter/ir_emitter.go:187.2,187.25 1 0
github.com/wolflang/wolf/internal/emitter/ir_emitter.go:187.25,188.57 1 0
github.com/wolflang/wolf/internal/emitter/ir_emitter.go:188.57,190.4 1 0
github.com/wolflang/wolf/internal/emitter/ir_emitter.go:193.2,197.3 1 0
github.com/wolflang/wolf/internal/emitter/ir_emitter.go:201.66,207.25 5 0
github.com/wolflang/wolf/internal/emitter/ir_emitter.go:207.25,209.3 1 0
github.com/wolflang/wolf/internal/emitter/ir_emitter.go:209.8,211.3 1 0
github.com/wolflang/wolf/internal/emitter/ir_emitter.go:213.2,213.34 1 0
github.com/wolflang/wolf/internal/emitter/ir_emitter.go:217.68,224.25 5 0
github.com/wolflang/wolf/internal/emitter/ir_emitter.go:224.25,226.3 1 0
github.com/wolflang/wolf/internal/emitter/ir_emitter.go:227.2,227.25 1 0
github.com/wolflang/wolf/internal/emitter/ir_emitter.go:227.25,229.3 1 0
github.com/wolflang/wolf/internal/emitter/ir_emitter.go:231.2,234.3 1 0
github.com/wolflang/wolf/internal/emitter/ir_emitter.go:237.60,242.20 4 0
github.com/wolflang/wolf/internal/emitter/ir_emitter.go:242.20,244.3 1 0
github.com/wolflang/wolf/internal/emitter/ir_emitter.go:246.2,250.3 1 0
github.com/wolflang/wolf/internal/emitter/ir_emitter.go:253.66,258.15 3 1
github.com/wolflang/wolf/internal/emitter/ir_emitter.go:258.15,259.42 1 1
github.com/wolflang/wolf/internal/emitter/ir_emitter.go:259.42,260.31 1 1
github.com/wolflang/wolf/internal/emitter/ir_emitter.go:260.31,263.5 2 1
github.com/wolflang/wolf/internal/emitter/ir_emitter.go:267.2,271.3 1 1
github.com/wolflang/wolf/internal/emitter/ir_emitter.go:274.66,276.29 2 0
github.com/wolflang/wolf/internal/emitter/ir_emitter.go:276.29,278.3 1 0
github.com/wolflang/wolf/internal/emitter/ir_emitter.go:279.2,279.39 1 0
github.com/wolflang/wolf/internal/emitter/ir_emitter.go:282.58,288.32 2 1
github.com/wolflang/wolf/internal/emitter/ir_emitter.go:288.32,293.3 1 0
github.com/wolflang/wolf/internal/emitter/ir_emitter.go:295.2,295.23 1 1
github.com/wolflang/wolf/internal/emitter/ir_emitter.go:295.23,297.3 1 1
github.com/wolflang/wolf/internal/emitter/ir_emitter.go:299.2,299.15 1 1
github.com/wolflang/wolf/internal/emitter/ir_emitter.go:302.60,309.2 1 1
github.com/wolflang/wolf/internal/emitter/ir_emitter.go:311.68,313.20 2 1
github.com/wolflang/wolf/internal/emitter/ir_emitter.go:313.20,315.3 1 0
github.com/wolflang/wolf/internal/emitter/ir_emitter.go:316.2,323.3 2 1
github.com/wolflang/wolf/internal/emitter/ir_emitter.go:326.64,334.2 1 0
github.com/wolflang/wolf/internal/emitter/ir_emitter.go:336.64,341.29 2 1
github.com/wolflang/wolf/internal/emitter/ir_emitter.go:341.29,342.58 1 1
github.com/wolflang/wolf/internal/emitter/ir_emitter.go:342.58,344.4 1 1
github.com/wolflang/wolf/internal/emitter/ir_emitter.go:344.9,350.4 2 1
github.com/wolflang/wolf/internal/emitter/ir_emitter.go:353.2,353.15 1 1
github.com/wolflang/wolf/internal/emitter/ir_emitter.go:356.66,362.22 3 0
github.com/wolflang/wolf/internal/emitter/ir_emitter.go:362.22,364.3 1 0
github.com/wolflang/wolf/internal/emitter/ir_emitter.go:367.2,372.36 3 0
github.com/wolflang/wolf/internal/emitter/ir_emitter.go:375.66,378.41 2 0
github.com/wolflang/wolf/internal/emitter/ir_emitter.go:378.41,382.3 1 0
github.com/wolflang/wolf/internal/emitter/ir_emitter.go:383.2,383.38 1 0
github.com/wolflang/wolf/internal/emitter/ir_emitter.go:386.74,390.28 2 0
github.com/wolflang/wolf/internal/emitter/ir_emitter.go:390.28,392.3 1 0
github.com/wolflang/wolf/internal/emitter/ir_emitter.go:393.2,398.3 2 0
github.com/wolflang/wolf/internal/emitter/ir_emitter.go:401.60,403.2 1 0
github.com/wolflang/wolf/internal/emitter/ir_emitter.go:407.67,415.57 3 1
github.com/wolflang/wolf/internal/emitter/ir_emitter.go:415.57,417.52 2 0
github.com/wolflang/wolf/internal/emitter/ir_emitter.go:417.52,419.4 1 0
github.com/wolflang/wolf/internal/emitter/ir_emitter.go:422.2,422.29 1 1
github.com/wolflang/wolf/internal/emitter/ir_emitter.go:422.29,425.19 3 1
github.com/wolflang/wolf/internal/emitter/ir_emitter.go:425.19,427.4 1 1
github.com/wolflang/wolf/internal/emitter/ir_emitter.go:428.3,428.71 1 1
github.com/wolflang/wolf/internal/emitter/ir_emitter.go:431.2,431.25 1 1
github.com/wolflang/wolf/internal/emitter/ir_emitter.go:431.25,432.41 1 0
github.com/wolflang/wolf/internal/emitter/ir_emitter.go:432.41,434.4 1 0
github.com/wolflang/wolf/internal/emitter/ir_emitter.go:437.2,437.19 1 1
github.com/wolflang/wolf/internal/emitter/ir_emitter.go:437.19,439.3 1 1
github.com/wolflang/wolf/internal/emitter/ir_emitter.go:441.2,441.24 1 1
github.com/wolflang/wolf/internal/emitter/ir_emitter.go:441.24,445.3 1 0
github.com/wolflang/wolf/internal/emitter/ir_emitter.go:447.2,447.11 1 1
github.com/wolflang/wolf/internal/emitter/ir_emitter.go:450.62,456.36 2 1
github.com/wolflang/wolf/internal/emitter/ir_emitter.go:456.36,458.19 2 1
github.com/wolflang/wolf/internal/emitter/ir_emitter.go:458.19,460.4 1 0
github.com/wolflang/wolf/internal/emitter/ir_emitter.go:461.3,462.26 2 1
github.com/wolflang/wolf/internal/emitter/ir_emitter.go:462.26,464.4 1 0
github.com/wolflang/wolf/internal/emitter/ir_emitter.go:465.3,470.5 1 1
github.com/wolflang/wolf/internal/emitter/ir_emitter.go:473.2,473.35 1 1
github.com/wolflang/wolf/internal/emitter/ir_emitter.go:473.35,477.35 4 1
github.com/wolflang/wolf/internal/emitter/ir_emitter.go:477.35,481.4 3 1
github.com/wolflang/wolf/internal/emitter/ir_emitter.go:481.9,483.4 1 0
github.com/wolflang/wolf/internal/emitter/ir_emitter.go:486.2,486.12 1 1
github.com/wolflang/wolf/internal/emitter/ir_emitter.go:491.62,492.17 1 1
github.com/wolflang/wolf/internal/emitter/ir_emitter.go:492.17,494.3 1 0
github.com/wolflang/wolf/internal/emitter/ir_emitter.go:496.2,496.27 1 1
github.com/wolflang/wolf/internal/emitter/ir_emitter.go:497.27,498.51 1 1
github.com/wolflang/wolf/internal/emitter/ir_emitter.go:500.26,501.34 1 0
github.com/wolflang/wolf/internal/emitter/ir_emitter.go:503.26,504.37 1 1
github.com/wolflang/wolf/internal/emitter/ir_emitter.go:506.28,507.39 1 1
github.com/wolflang/wolf/internal/emitter/ir_emitter.go:509.29,510.40 1 1
github.com/wolflang/wolf/internal/emitter/ir_emitter.go:512.27,513.38 1 1
github.com/wolflang/wolf/internal/emitter/ir_emitter.go:515.26,516.22 1 0
github.com/wolflang/wolf/internal/emitter/ir_emitter.go:518.34,519.38 1 1
github.com/wolflang/wolf/internal/emitter/ir_emitter.go:521.26,526.4 1 1
github.com/wolflang/wolf/internal/emitter/ir_emitter.go:528.25,529.67 1 0
github.com/wolflang/wolf/internal/emitter/ir_emitter.go:531.27,532.69 1 1
github.com/wolflang/wolf/internal/emitter/ir_emitter.go:534.24,536.29 2 0
github.com/wolflang/wolf/internal/emitter/ir_emitter.go:536.29,538.4 1 0
github.com/wolflang/wolf/internal/emitter/ir_emitter.go:540.3,540.35 1 0
github.com/wolflang/wolf/internal/emitter/ir_emitter.go:540.35,542.4 1 0
github.com/wolflang/wolf/internal/emitter/ir_emitter.go:543.3,543.65 1 0
github.com/wolflang/wolf/internal/emitter/ir_emitter.go:545.30,549.4 1 1
github.com/wolflang/wolf/internal/emitter/ir_emitter.go:551.26,553.29 2 0
github.com/wolflang/wolf/internal/emitter/ir_emitter.go:553.29,555.4 1 0
github.com/wolflang/wolf/internal/emitter/ir_emitter.go:556.3,556.54 1 0
github.com/wolflang/wolf/internal/emitter/ir_emitter.go:556.54,557.46 1 0
github.com/wolflang/wolf/internal/emitter/ir_emitter.go:557.46,559.5 1 0
github.com/wolflang/wolf/internal/emitter/ir_emitter.go:561.3,565.4 1 0
github.com/wolflang/wolf/internal/emitter/ir_emitter.go:567.26,569.29 2 0
github.com/wolflang/wolf/internal/emitter/ir_emitter.go:569.29,571.4 1 0
github.com/wolflang/wolf/internal/emitter/ir_emitter.go:572.3,572.43 1 0
github.com/wolflang/wolf/internal/emitter/ir_emitter.go:572.43,574.4 1 0
github.com/wolflang/wolf/internal/emitter/ir_emitter.go:575.3,579.4 1 0
github.com/wolflang/wolf/internal/emitter/ir_emitter.go:581.25,585.4 1 0
github.com/wolflang/wolf/internal/emitter/ir_emitter.go:587.28,589.36 2 1
github.com/wolflang/wolf/internal/emitter/ir_emitter.go:589.36,591.4 1 1
github.com/wolflang/wolf/internal/emitter/ir_emitter.go:592.3,592.64 1 1
github.com/wolflang/wolf/internal/emitter/ir_emitter.go:594.26,596.26 2 0
github.com/wolflang/wolf/internal/emitter/ir_emitter.go:596.26,599.4 2 0
github.com/wolflang/wolf/internal/emitter/ir_emitter.go:600.3,603.4 1 0
github.com/wolflang/wolf/internal/emitter/ir_emitter.go:605.23,607.29 2 1
github.com/wolflang/wolf/internal/emitter/ir_emitter.go:607.29,609.4 1 1
github.com/wolflang/wolf/internal/emitter/ir_emitter.go:610.3,613.4 1 1
github.com/wolflang/wolf/internal/emitter/ir_emitter.go:615.27,617.31 2 0
github.com/wolflang/wolf/internal/emitter/ir_emitter.go:617.31,619.20 2 0
github.com/wolflang/wolf/internal/emitter/ir_emitter.go:619.20,621.5 1 0
github.com/wolflang/wolf/internal/emitter/ir_emitter.go:622.4,622.89 1 0
github.com/wolflang/wolf/internal/emitter/ir_emitter.go:624.3,624.21 1 0
github.com/wolflang/wolf/internal/emitter/ir_emitter.go:624.21,626.4 1 0
github.com/wolflang/wolf/internal/emitter/ir_emitter.go:627.3,627.26 1 0
github.com/wolflang/wolf/internal/emitter/ir_emitter.go:627.26,629.4 1 0
github.com/wolflang/wolf/internal/emitter/ir_emitter.go:630.3,630.12 1 0
github.com/wolflang/wolf/internal/emitter/ir_emitter.go:632.25,636.4 1 0
github.com/wolflang/wolf/internal/emitter/ir_emitter.go:638.25,640.52 1 0
github.com/wolflang/wolf/internal/emitter/ir_emitter.go:642.27,643.61 1 0
github.com/wolflang/wolf/internal/emitter/ir_emitter.go:645.24,646.84 1 0
github.com/wolflang/wolf/internal/emitter/ir_emitter.go:648.27,649.55 1 0
github.com/wolflang/wolf/internal/emitter/ir_emitter.go:651.25,653.55 2 1
github.com/wolflang/wolf/internal/emitter/ir_emitter.go:655.25,660.4 2 1
github.com/wolflang/wolf/internal/emitter/ir_emitter.go:662.28,666.4 1 0
github.com/wolflang/wolf/internal/emitter/ir_emitter.go:668.24,669.30 1 0
github.com/wolflang/wolf/internal/emitter/ir_emitter.go:671.10,672.22 1 0
github.com/wolflang/wolf/internal/emitter/ir_emitter.go:676.82,682.31 4 1
github.com/wolflang/wolf/internal/emitter/ir_emitter.go:682.31,683.27 1 1
github.com/wolflang/wolf/internal/emitter/ir_emitter.go:684.30,685.21 1 1
github.com/wolflang/wolf/internal/emitter/ir_emitter.go:686.11,688.41 2 1
github.com/wolflang/wolf/internal/emitter/ir_emitter.go:692.2,692.51 1 1
github.com/wolflang/wolf/internal/emitter/ir_emitter.go:697.67,699.26 2 1
github.com/wolflang/wolf/internal/emitter/ir_emitter.go:699.26,701.20 2 1
github.com/wolflang/wolf/internal/emitter/ir_emitter.go:701.20,703.4 1 1
github.com/wolflang/wolf/internal/emitter/ir_emitter.go:705.2,705.15 1 1
github.com/wolflang/wolf/internal/emitter/ir_emitter.go:708.76,710.2 1 1
github.com/wolflang/wolf/internal/emitter/ir_emitter.go:712.59,713.55 1 1
github.com/wolflang/wolf/internal/emitter/ir_emitter.go:713.55,714.40 1 1
github.com/wolflang/wolf/internal/emitter/ir_emitter.go:714.40,716.4 1 1
github.com/wolflang/wolf/internal/emitter/ir_emitter.go:718.2,718.30 1 0
github.com/wolflang/wolf/internal/emitter/ir_emitter.go:721.38,722.37 1 0
github.com/wolflang/wolf/internal/emitter/ir_emitter.go:722.37,724.3 1 0
github.com/wolflang/wolf/internal/emitter/ir_emitter.go:725.2,725.13 1 0
github.com/wolflang/wolf/internal/emitter/ir_emitter.go:728.58,729.18 1 1
github.com/wolflang/wolf/internal/emitter/ir_emitter.go:730.13,731.15 1 0
github.com/wolflang/wolf/internal/emitter/ir_emitter.go:732.26,733.19 1 0
github.com/wolflang/wolf/internal/emitter/ir_emitter.go:734.16,735.18 1 1
github.com/wolflang/wolf/internal/emitter/ir_emitter.go:736.14,737.16 1 0
github.com/wolflang/wolf/internal/emitter/ir_emitter.go:738.15,739.17 1 0
github.com/wolflang/wolf/internal/emitter/ir_emitter.go:740.17,741.12 1 1
github.com/wolflang/wolf/internal/emitter/ir_emitter.go:742.10,743.18 1 0
github.com/wolflang/wolf/internal/emitter/ir_emitter.go:747.39,749.26 2 0
github.com/wolflang/wolf/internal/emitter/ir_emitter.go:749.26,750.12 1 0
github.com/wolflang/wolf/internal/emitter/ir_emitter.go:750.12,752.4 1 0
github.com/wolflang/wolf/internal/emitter/ir_emitter.go:753.3,753.14 1 0
github.com/wolflang/wolf/internal/emitter/ir_emitter.go:755.2,755.15 1 0
github.com/wolflang/wolf/internal/emitter/llvm_emitter.go:31.36,39.2 1 1
github.com/wolflang/wolf/internal/emitter/llvm_emitter.go:42.42,45.2 2 1
github.com/wolflang/wolf/internal/emitter/llvm_emitter.go:48.55,51.2 2 1
github.com/wolflang/wolf/internal/emitter/llvm_emitter.go:54.59,55.44 1 1
github.com/wolflang/wolf/internal/emitter/llvm_emitter.go:55.44,57.3 1 0
github.com/wolflang/wolf/internal/emitter/llvm_emitter.go:58.2,61.14 4 1
github.com/wolflang/wolf/internal/emitter/llvm_emitter.go:65.40,67.30 2 1
github.com/wolflang/wolf/internal/emitter/llvm_emitter.go:67.30,69.13 2 1
github.com/wolflang/wolf/internal/emitter/llvm_emitter.go:70.13,71.25 1 0
github.com/wolflang/wolf/internal/emitter/llvm_emitter.go:72.12,73.25 1 0
github.com/wolflang/wolf/internal/emitter/llvm_emitter.go:74.13,75.25 1 0
github.com/wolflang/wolf/internal/emitter/llvm_emitter.go:76.13,77.25 1 0
github.com/wolflang/wolf/internal/emitter/llvm_emitter.go:78.13,79.25 1 0
github.com/wolflang/wolf/internal/emitter/llvm_emitter.go:80.15,81.25 1 0
github.com/wolflang/wolf/internal/emitter/llvm_emitter.go:82.11,83.27 1 1
github.com/wolflang/wolf/internal/emitter/llvm_emitter.go:83.27,85.5 1 0
github.com/wolflang/wolf/internal/emitter/llvm_emitter.go:85.10,87.5 1 1
github.com/wolflang/wolf/internal/emitter/llvm_emitter.go:90.2,90.19 1 1
github.com/wolflang/wolf/internal/emitter/llvm_emitter.go:94.56,108.39 7 1
github.com/wolflang/wolf/internal/emitter/llvm_emitter.go:108.39,110.3 1 1
github.com/wolflang/wolf/internal/emitter/llvm_emitter.go:111.2,111.38 1 1
github.com/wolflang/wolf/internal/emitter/llvm_emitter.go:111.38,112.29 1 0
github.com/wolflang/wolf/internal/emitter/llvm_emitter.go:112.29,116.4 3 0
github.com/wolflang/wolf/internal/emitter/llvm_emitter.go:117.3,117.38 1 0
github.com/wolflang/wolf/internal/emitter/llvm_emitter.go:117.38,121.4 3 0
github.com/wolflang/wolf/internal/emitter/llvm_emitter.go:125.2,125.39 1 1
github.com/wolflang/wolf/internal/emitter/llvm_emitter.go:125.39,128.3 2 1
github.com/wolflang/wolf/internal/emitter/llvm_emitter.go:131.2,131.38 1 1
github.com/wolflang/wolf/internal/emitter/llvm_emitter.go:131.38,132.29 1 0
github.com/wolflang/wolf/internal/emitter/llvm_emitter.go:132.29,135.4 2 0
github.com/wolflang/wolf/internal/emitter/llvm_emitter.go:136.3,136.38 1 0
github.com/wolflang/wolf/internal/emitter/llvm_emitter.go:136.38,139.4 2 0
github.com/wolflang/wolf/internal/emitter/llvm_emitter.go:143.2,143.32 1 1
github.com/wolflang/wolf/internal/emitter/llvm_emitter.go:143.32,155.40 7 1
github.com/wolflang/wolf/internal/emitter/llvm_emitter.go:155.40,157.4 1 1
github.com/wolflang/wolf/internal/emitter/llvm_emitter.go:159.3,159.42 1 1
github.com/wolflang/wolf/internal/emitter/llvm_emitter.go:159.42,161.4 1 1
github.com/wolflang/wolf/internal/emitter/llvm_emitter.go:163.3,166.17 4 1
github.com/wolflang/wolf/internal/emitter/llvm_emitter.go:170.2,179.18 8 1
github.com/wolflang/wolf/internal/emitter/llvm_emitter.go:179.18,181.3 1 1
github.com/wolflang/wolf/internal/emitter/llvm_emitter.go:182.2,186.29 3 1
github.com/wolflang/wolf/internal/emitter/llvm_emitter.go:186.29,188.44 2 1
github.com/wolflang/wolf/internal/emitter/llvm_emitter.go:188.44,192.4 3 1
github.com/wolflang/wolf/internal/emitter/llvm_emitter.go:193.3,193.16 1 1
github.com/wolflang/wolf/internal/emitter/llvm_emitter.go:197.2,497.23 274 1
github.com/wolflang/wolf/internal/emitter/llvm_emitter.go:502.57,503.29 1 1
github.com/wolflang/wolf/internal/emitter/llvm_emitter.go:503.29,504.27 1 1
github.com/wolflang/wolf/internal/emitter/llvm_emitter.go:505.24,507.39 2 0
github.com/wolflang/wolf/internal/emitter/llvm_emitter.go:507.39,508.23 1 0
github.com/wolflang/wolf/internal/emitter/llvm_emitter.go:508.23,510.6 1 0
github.com/wolflang/wolf/internal/emitter/llvm_emitter.go:511.5,511.21 1 0
github.com/wolflang/wolf/internal/emitter/llvm_emitter.go:511.21,513.6 1 0
github.com/wolflang/wolf/internal/emitter/llvm_emitter.go:515.4,515.31 1 0
github.com/wolflang/wolf/internal/emitter/llvm_emitter.go:516.23,517.46 1 1
github.com/wolflang/wolf/internal/emitter/llvm_emitter.go:517.46,518.38 1 1
github.com/wolflang/wolf/internal/emitter/llvm_emitter.go:518.38,520.22 2 1
github.com/wolflang/wolf/internal/emitter/llvm_emitter.go:520.22,522.7 1 0
github.com/wolflang/wolf/internal/emitter/llvm_emitter.go:523.6,523.38 1 1
github.com/wolflang/wolf/internal/emitter/llvm_emitter.go:526.19,528.35 2 1
github.com/wolflang/wolf/internal/emitter/llvm_emitter.go:528.35,530.5 1 0
github.com/wolflang/wolf/internal/emitter/llvm_emitter.go:531.4,531.25 1 1
github.com/wolflang/wolf/internal/emitter/llvm_emitter.go:531.25,533.5 1 1
github.com/wolflang/wolf/internal/emitter/llvm_emitter.go:534.20,535.21 1 1
github.com/wolflang/wolf/internal/emitter/llvm_emitter.go:535.21,537.5 1 1
github.com/wolflang/wolf/internal/emitter/llvm_emitter.go:538.4,538.30 1 1
github.com/wolflang/wolf/internal/emitter/llvm_emitter.go:539.22,541.19 2 0
github.com/wolflang/wolf/internal/emitter/llvm_emitter.go:541.19,543.5 1 0
github.com/wolflang/wolf/internal/emitter/llvm_emitter.go:544.4,544.30 1 0
github.com/wolflang/wolf/internal/emitter/llvm_emitter.go:545.23,546.30 1 0
github.com/wolflang/wolf/internal/emitter/llvm_emitter.go:546.30,548.5 1 0
github.com/wolflang/wolf/internal/emitter/llvm_emitter.go:549.4,549.24 1 0
github.com/wolflang/wolf/internal/emitter/llvm_emitter.go:549.24,551.5 1 0
github.com/wolflang/wolf/internal/emitter/llvm_emitter.go:552.22,553.31 1 0
github.com/wolflang/wolf/internal/emitter/llvm_emitter.go:560.51,561.26 1 1
github.com/wolflang/wolf/internal/emitter/llvm_emitter.go:561.26,562.25 1 1
github.com/wolflang/wolf/internal/emitter/llvm_emitter.go:563.23,564.26 1 0
github.com/wolflang/wolf/internal/emitter/llvm_emitter.go:564.26,566.5 1 0
github.com/wolflang/wolf/internal/emitter/llvm_emitter.go:567.19,568.78 1 0
github.com/wolflang/wolf/internal/emitter/llvm_emitter.go:568.78,570.5 1 0
github.com/wolflang/wolf/internal/emitter/llvm_emitter.go:571.22,572.40 1 0
github.com/wolflang/wolf/internal/emitter/llvm_emitter.go:572.40,574.5 1 0
github.com/wolflang/wolf/internal/emitter/llvm_emitter.go:575.20,576.39 1 0
github.com/wolflang/wolf/internal/emitter/llvm_emitter.go:576.39,578.5 1 0
github.com/wolflang/wolf/internal/emitter/llvm_emitter.go:579.22,580.39 1 0
github.com/wolflang/wolf/internal/emitter/llvm_emitter.go:580.39,582.5 1 0
github.com/wolflang/wolf/internal/emitter/llvm_emitter.go:583.23,584.31 1 0
github.com/wolflang/wolf/internal/emitter/llvm_emitter.go:584.31,585.39 1 0
github.com/wolflang/wolf/internal/emitter/llvm_emitter.go:585.39,587.6 1 0
github.com/wolflang/wolf/internal/emitter/llvm_emitter.go:589.4,589.42 1 0
github.com/wolflang/wolf/internal/emitter/llvm_emitter.go:589.42,591.5 1 0
github.com/wolflang/wolf/internal/emitter/llvm_emitter.go:594.2,594.14 1 1
github.com/wolflang/wolf/internal/emitter/llvm_emitter.go:597.53,600.30 2 1
github.com/wolflang/wolf/internal/emitter/llvm_emitter.go:600.30,603.3 2 1
github.com/wolflang/wolf/internal/emitter/llvm_emitter.go:605.2,606.29 2 1
github.com/wolflang/wolf/internal/emitter/llvm_emitter.go:606.29,608.3 1 0
github.com/wolflang/wolf/internal/emitter/llvm_emitter.go:608.8,608.44 1 1
github.com/wolflang/wolf/internal/emitter/llvm_emitter.go:608.44,612.3 1 0
github.com/wolflang/wolf/internal/emitter/llvm_emitter.go:614.2,625.30 8 1
github.com/wolflang/wolf/internal/emitter/llvm_emitter.go:625.30,628.3 2 1
github.com/wolflang/wolf/internal/emitter/llvm_emitter.go:631.2,634.39 2 1
github.com/wolflang/wolf/internal/emitter/llvm_emitter.go:634.39,636.3 1 1
github.com/wolflang/wolf/internal/emitter/llvm_emitter.go:639.2,639.30 1 1
github.com/wolflang/wolf/internal/emitter/llvm_emitter.go:639.30,642.3 2 1
github.com/wolflang/wolf/internal/emitter/llvm_emitter.go:644.2,644.31 1 1
github.com/wolflang/wolf/internal/emitter/llvm_emitter.go:644.31,646.3 1 1
github.com/wolflang/wolf/internal/emitter/llvm_emitter.go:649.2,649.55 1 1
github.com/wolflang/wolf/internal/emitter/llvm_emitter.go:649.55,651.3 1 1
github.com/wolflang/wolf/internal/emitter/llvm_emitter.go:653.2,655.16 3 1
github.com/wolflang/wolf/internal/emitter/llvm_emitter.go:658.74,660.30 2 0
github.com/wolflang/wolf/internal/emitter/llvm_emitter.go:660.30,663.3 2 0
github.com/wolflang/wolf/internal/emitter/llvm_emitter.go:665.2,675.30 7 0
github.com/wolflang/wolf/internal/emitter/llvm_emitter.go:675.30,678.3 2 0
github.com/wolflang/wolf/internal/emitter/llvm_emitter.go:681.2,687.39 3 0
github.com/wolflang/wolf/internal/emitter/llvm_emitter.go:687.39,689.3 1 0
github.com/wolflang/wolf/internal/emitter/llvm_emitter.go:692.2,692.30 1 0
github.com/wolflang/wolf/internal/emitter/llvm_emitter.go:692.30,695.3 2 0
github.com/wolflang/wolf/internal/emitter/llvm_emitter.go:697.2,704.31 7 0
github.com/wolflang/wolf/internal/emitter/llvm_emitter.go:704.31,706.3 1 0
github.com/wolflang/wolf/internal/emitter/llvm_emitter.go:708.2,714.16 6 0
github.com/wolflang/wolf/internal/emitter/llvm_emitter.go:717.62,718.21 1 1
github.com/wolflang/wolf/internal/emitter/llvm_emitter.go:718.21,720.3 1 0
github.com/wolflang/wolf/internal/emitter/llvm_emitter.go:721.2,722.11 2 1
github.com/wolflang/wolf/internal/emitter/llvm_emitter.go:727.46,728.26 1 1
github.com/wolflang/wolf/internal/emitter/llvm_emitter.go:729.23,730.19 1 0
github.com/wolflang/wolf/internal/emitter/llvm_emitter.go:731.22,732.18 1 1
github.com/wolflang/wolf/internal/emitter/llvm_emitter.go:733.20,734.20 1 1
github.com/wolflang/wolf/internal/emitter/llvm_emitter.go:735.22,736.18 1 0
github.com/wolflang/wolf/internal/emitter/llvm_emitter.go:737.18,738.14 1 1
github.com/wolflang/wolf/internal/emitter/llvm_emitter.go:739.19,740.15 1 1
github.com/wolflang/wolf/internal/emitter/llvm_emitter.go:741.21,742.17 1 0
github.com/wolflang/wolf/internal/emitter/llvm_emitter.go:743.22,744.18 1 0
github.com/wolflang/wolf/internal/emitter/llvm_emitter.go:745.21,746.33 1 0
github.com/wolflang/wolf/internal/emitter/llvm_emitter.go:746.33,748.4 1 0
github.com/wolflang/wolf/internal/emitter/llvm_emitter.go:749.19,750.52 1 0
github.com/wolflang/wolf/internal/emitter/llvm_emitter.go:751.10,752.76 1 0
github.com/wolflang/wolf/internal/emitter/llvm_emitter.go:756.54,758.37 2 0
github.com/wolflang/wolf/internal/emitter/llvm_emitter.go:758.37,760.21 1 0
github.com/wolflang/wolf/internal/emitter/llvm_emitter.go:760.21,762.4 1 0
github.com/wolflang/wolf/internal/emitter/llvm_emitter.go:763.3,763.19 1 0
github.com/wolflang/wolf/internal/emitter/llvm_emitter.go:763.19,765.4 1 0
github.com/wolflang/wolf/internal/emitter/llvm_emitter.go:768.2,768.20 1 0
github.com/wolflang/wolf/internal/emitter/llvm_emitter.go:768.20,771.3 2 0
github.com/wolflang/wolf/internal/emitter/llvm_emitter.go:774.52,775.35 1 1
github.com/wolflang/wolf/internal/emitter/llvm_emitter.go:776.17,779.19 2 1
github.com/wolflang/wolf/internal/emitter/llvm_emitter.go:779.19,781.4 1 0
github.com/wolflang/wolf/internal/emitter/llvm_emitter.go:784.3,785.10 2 1
github.com/wolflang/wolf/internal/emitter/llvm_emitter.go:785.10,787.4 1 0
github.com/wolflang/wolf/internal/emitter/llvm_emitter.go:789.3,790.86 2 1
github.com/wolflang/wolf/internal/emitter/llvm_emitter.go:791.23,798.106 7 0
github.com/wolflang/wolf/internal/emitter/llvm_emitter.go:799.21,803.23 4 0
github.com/wolflang/wolf/internal/emitter/llvm_emitter.go:803.23,806.4 2 0
github.com/wolflang/wolf/internal/emitter/llvm_emitter.go:807.3,808.106 2 0
github.com/wolflang/wolf/internal/emitter/llvm_emitter.go:809.10,810.81 1 0
github.com/wolflang/wolf/internal/emitter/llvm_emitter.go:815.58,816.27 1 1
github.com/wolflang/wolf/internal/emitter/llvm_emitter.go:817.18,818.15 1 1
github.com/wolflang/wolf/internal/emitter/llvm_emitter.go:819.20,820.18 1 1
github.com/wolflang/wolf/internal/emitter/llvm_emitter.go:821.19,822.14 1 1
github.com/wolflang/wolf/internal/emitter/llvm_emitter.go:823.21,824.15 1 1
github.com/wolflang/wolf/internal/emitter/llvm_emitter.go:825.18,826.15 1 0
github.com/wolflang/wolf/internal/emitter/llvm_emitter.go:827.22,829.16 1 1
github.com/wolflang/wolf/internal/emitter/llvm_emitter.go:830.53,831.15 1 1
github.com/wolflang/wolf/internal/emitter/llvm_emitter.go:832.11,833.97 1 1
github.com/wolflang/wolf/internal/emitter/llvm_emitter.go:833.97,835.5 1 0
github.com/wolflang/wolf/internal/emitter/llvm_emitter.go:837.4,837.85 1 1
github.com/wolflang/wolf/internal/emitter/llvm_emitter.go:837.85,839.5 1 0
github.com/wolflang/wolf/internal/emitter/llvm_emitter.go:840.4,840.16 1 1
github.com/wolflang/wolf/internal/emitter/llvm_emitter.go:842.21,843.19 1 0
github.com/wolflang/wolf/internal/emitter/llvm_emitter.go:843.19,845.4 1 0
github.com/wolflang/wolf/internal/emitter/llvm_emitter.go:846.3,846.37 1 0
github.com/wolflang/wolf/internal/emitter/llvm_emitter.go:847.22,848.15 1 0
github.com/wolflang/wolf/internal/emitter/llvm_emitter.go:849.24,850.15 1 0
github.com/wolflang/wolf/internal/emitter/llvm_emitter.go:851.20,852.45 1 0
github.com/wolflang/wolf/internal/emitter/llvm_emitter.go:852.45,853.22 1 0
github.com/wolflang/wolf/internal/emitter/llvm_emitter.go:858.84,859.17 1 0
github.com/wolflang/wolf/internal/emitter/llvm_emitter.go:860.38,861.17 1 0
github.com/wolflang/wolf/internal/emitter/llvm_emitter.go:862.113,863.16 1 0
github.com/wolflang/wolf/internal/emitter/llvm_emitter.go:865.4,865.85 1 0
github.com/wolflang/wolf/internal/emitter/llvm_emitter.go:865.85,867.5 1 0
github.com/wolflang/wolf/internal/emitter/llvm_emitter.go:869.3,869.15 1 0
github.com/wolflang/wolf/internal/emitter/llvm_emitter.go:870.26,873.37 3 0
github.com/wolflang/wolf/internal/emitter/llvm_emitter.go:873.37,874.46 1 0
github.com/wolflang/wolf/internal/emitter/llvm_emitter.go:874.46,875.40 1 0
github.com/wolflang/wolf/internal/emitter/llvm_emitter.go:875.40,877.11 2 0
github.com/wolflang/wolf/internal/emitter/llvm_emitter.go:881.3,881.23 1 0
github.com/wolflang/wolf/internal/emitter/llvm_emitter.go:881.23,883.4 1 0
github.com/wolflang/wolf/internal/emitter/llvm_emitter.go:885.3,886.49 2 0
github.com/wolflang/wolf/internal/emitter/llvm_emitter.go:886.49,888.4 1 0
github.com/wolflang/wolf/internal/emitter/llvm_emitter.go:889.3,889.15 1 0
github.com/wolflang/wolf/internal/emitter/llvm_emitter.go:890.22,893.16 2 0
github.com/wolflang/wolf/internal/emitter/llvm_emitter.go:900.41,901.19 1 0
github.com/wolflang/wolf/internal/emitter/llvm_emitter.go:902.114,903.16 1 0
github.com/wolflang/wolf/internal/emitter/llvm_emitter.go:904.29,905.16 1 0
github.com/wolflang/wolf/internal/emitter/llvm_emitter.go:906.114,907.16 1 0
github.com/wolflang/wolf/internal/emitter/llvm_emitter.go:908.48,909.15 1 0
github.com/wolflang/wolf/internal/emitter/llvm_emitter.go:910.67,911.16 1 0
github.com/wolflang/wolf/internal/emitter/llvm_emitter.go:913.3,913.15 1 0
github.com/wolflang/wolf/internal/emitter/llvm_emitter.go:914.17,915.39 1 1
github.com/wolflang/wolf/internal/emitter/llvm_emitter.go:915.39,917.4 1 1
github.com/wolflang/wolf/internal/emitter/llvm_emitter.go:918.3,918.15 1 0
github.com/wolflang/wolf/internal/emitter/llvm_emitter.go:919.10,920.15 1 0
github.com/wolflang/wolf/internal/emitter/llvm_emitter.go:924.52,925.31 1 1
github.com/wolflang/wolf/internal/emitter/llvm_emitter.go:926.20,927.23 1 1
github.com/wolflang/wolf/internal/emitter/llvm_emitter.go:928.26,929.25 1 0
github.com/wolflang/wolf/internal/emitter/llvm_emitter.go:930.10,931.25 1 1
github.com/wolflang/wolf/internal/emitter/llvm_emitter.go:935.52,936.24 1 0
github.com/wolflang/wolf/internal/emitter/llvm_emitter.go:936.24,938.3 1 0
github.com/wolflang/wolf/internal/emitter/llvm_emitter.go:938.8,943.32 3 0
github.com/wolflang/wolf/internal/emitter/llvm_emitter.go:943.32,944.22 1 0
github.com/wolflang/wolf/internal/emitter/llvm_emitter.go:944.22,949.5 4 0
github.com/wolflang/wolf/internal/emitter/llvm_emitter.go:949.10,949.30 1 0
github.com/wolflang/wolf/internal/emitter/llvm_emitter.go:949.30,954.5 4 0
github.com/wolflang/wolf/internal/emitter/llvm_emitter.go:954.10,954.33 1 0
github.com/wolflang/wolf/internal/emitter/llvm_emitter.go:954.33,959.5 4 0
github.com/wolflang/wolf/internal/emitter/llvm_emitter.go:962.3,962.57 1 0
github.com/wolflang/wolf/internal/emitter/llvm_emitter.go:972.72,975.44 2 1
github.com/wolflang/wolf/internal/emitter/llvm_emitter.go:975.44,977.3 1 0
github.com/wolflang/wolf/internal/emitter/llvm_emitter.go:978.2,978.20 1 1
github.com/wolflang/wolf/internal/emitter/llvm_emitter.go:979.12,980.13 1 1
github.com/wolflang/wolf/internal/emitter/llvm_emitter.go:981.13,984.16 3 0
github.com/wolflang/wolf/internal/emitter/llvm_emitter.go:985.16,988.16 3 0
github.com/wolflang/wolf/internal/emitter/llvm_emitter.go:989.10,992.16 3 0
github.com/wolflang/wolf/internal/emitter/llvm_emitter.go:997.44,1008.16 9 1
github.com/wolflang/wolf/internal/emitter/llvm_emitter.go:1008.16,1010.3 1 0
github.com/wolflang/wolf/internal/emitter/llvm_emitter.go:1010.8,1010.20 1 1
github.com/wolflang/wolf/internal/emitter/llvm_emitter.go:1010.20,1012.3 1 1
github.com/wolflang/wolf/internal/emitter/llvm_emitter.go:1014.2,1018.30 3 1
github.com/wolflang/wolf/internal/emitter/llvm_emitter.go:1018.30,1020.3 1 1
github.com/wolflang/wolf/internal/emitter/llvm_emitter.go:1021.2,1024.33 2 1
github.com/wolflang/wolf/internal/emitter/llvm_emitter.go:1024.33,1033.27 6 0
github.com/wolflang/wolf/internal/emitter/llvm_emitter.go:1033.27,1035.4 1 0
github.com/wolflang/wolf/internal/emitter/llvm_emitter.go:1035.9,1035.21 1 0
github.com/wolflang/wolf/internal/emitter/llvm_emitter.go:1035.21,1037.4 1 0
github.com/wolflang/wolf/internal/emitter/llvm_emitter.go:1037.9,1039.4 1 0
github.com/wolflang/wolf/internal/emitter/llvm_emitter.go:1041.3,1045.34 3 0
github.com/wolflang/wolf/internal/emitter/llvm_emitter.go:1045.34,1047.4 1 0
github.com/wolflang/wolf/internal/emitter/llvm_emitter.go:1048.3,1048.58 1 0
github.com/wolflang/wolf/internal/emitter/llvm_emitter.go:1052.2,1052.13 1 1
github.com/wolflang/wolf/internal/emitter/llvm_emitter.go:1052.13,1054.35 2 1
github.com/wolflang/wolf/internal/emitter/llvm_emitter.go:1054.35,1056.4 1 1
github.com/wolflang/wolf/internal/emitter/llvm_emitter.go:1057.3,1057.58 1 1
github.com/wolflang/wolf/internal/emitter/llvm_emitter.go:1061.2,1061.41 1 1
github.com/wolflang/wolf/internal/emitter/llvm_emitter.go:1065.46,1072.19 5 1
github.com/wolflang/wolf/internal/emitter/llvm_emitter.go:1072.19,1074.3 1 1
github.com/wolflang/wolf/internal/emitter/llvm_emitter.go:1075.2,1079.19 3 1
github.com/wolflang/wolf/internal/emitter/llvm_emitter.go:1079.19,1085.3 4 1
github.com/wolflang/wolf/internal/emitter/llvm_emitter.go:1085.8,1087.3 1 0
github.com/wolflang/wolf/internal/emitter/llvm_emitter.go:1090.2,1091.30 2 1
github.com/wolflang/wolf/internal/emitter/llvm_emitter.go:1091.30,1093.3 1 1
github.com/wolflang/wolf/internal/emitter/llvm_emitter.go:1094.2,1098.21 3 1
github.com/wolflang/wolf/internal/emitter/llvm_emitter.go:1098.21,1100.3 1 1
github.com/wolflang/wolf/internal/emitter/llvm_emitter.go:1101.2,1104.41 2 1
github.com/wolflang/wolf/internal/emitter/llvm_emitter.go:1107.50,1136.37 18 0
github.com/wolflang/wolf/internal/emitter/llvm_emitter.go:1136.37,1140.3 3 0
github.com/wolflang/wolf/internal/emitter/llvm_emitter.go:1143.2,1143.33 1 0
github.com/wolflang/wolf/internal/emitter/llvm_emitter.go:1143.33,1145.3 1 0
github.com/wolflang/wolf/internal/emitter/llvm_emitter.go:1147.2,1147.30 1 0
github.com/wolflang/wolf/internal/emitter/llvm_emitter.go:1147.30,1149.3 1 0
github.com/wolflang/wolf/internal/emitter/llvm_emitter.go:1152.2,1157.41 5 0
github.com/wolflang/wolf/internal/emitter/llvm_emitter.go:1160.52,1162.20 2 0
github.com/wolflang/wolf/internal/emitter/llvm_emitter.go:1162.20,1164.3 1 0
github.com/wolflang/wolf/internal/emitter/llvm_emitter.go:1165.2,1169.22 4 0
github.com/wolflang/wolf/internal/emitter/llvm_emitter.go:1169.22,1172.3 2 0
github.com/wolflang/wolf/internal/emitter/llvm_emitter.go:1172.8,1172.31 1 0
github.com/wolflang/wolf/internal/emitter/llvm_emitter.go:1172.31,1175.3 2 0
github.com/wolflang/wolf/internal/emitter/llvm_emitter.go:1175.8,1179.3 3 0
github.com/wolflang/wolf/internal/emitter/llvm_emitter.go:1181.2,1181.28 1 0
github.com/wolflang/wolf/internal/emitter/llvm_emitter.go:1181.28,1192.25 6 0
github.com/wolflang/wolf/internal/emitter/llvm_emitter.go:1192.25,1194.4 1 0
github.com/wolflang/wolf/internal/emitter/llvm_emitter.go:1194.9,1194.32 1 0
github.com/wolflang/wolf/internal/emitter/llvm_emitter.go:1194.32,1196.4 1 0
github.com/wolflang/wolf/internal/emitter/llvm_emitter.go:1196.9,1198.4 1 0
github.com/wolflang/wolf/internal/emitter/llvm_emitter.go:1200.3,1203.31 3 0
github.com/wolflang/wolf/internal/emitter/llvm_emitter.go:1203.31,1205.4 1 0
github.com/wolflang/wolf/internal/emitter/llvm_emitter.go:1206.3,1206.58 1 0
github.com/wolflang/wolf/internal/emitter/llvm_emitter.go:1209.2,1209.24 1 0
github.com/wolflang/wolf/internal/emitter/llvm_emitter.go:1209.24,1211.34 2 0
github.com/wolflang/wolf/internal/emitter/llvm_emitter.go:1211.34,1213.4 1 0
github.com/wolflang/wolf/internal/emitter/llvm_emitter.go:1214.3,1214.58 1 0
github.com/wolflang/wolf/internal/emitter/llvm_emitter.go:1217.2,1217.41 1 0
github.com/wolflang/wolf/internal/emitter/llvm_emitter.go:1223.74,1224.27 1 1
github.com/wolflang/wolf/internal/emitter/llvm_emitter.go:1225.18,1226.18 1 1
github.com/wolflang/wolf/internal/emitter/llvm_emitter.go:1227.20,1228.18 1 1
github.com/wolflang/wolf/internal/emitter/llvm_emitter.go:1229.19,1230.15 1 1
github.com/wolflang/wolf/internal/emitter/llvm_emitter.go:1230.15,1232.4 1 1
github.com/wolflang/wolf/internal/emitter/llvm_emitter.go:1233.3,1233.13 1 0
github.com/wolflang/wolf/internal/emitter/llvm_emitter.go:1234.18,1235.16 1 0
github.com/wolflang/wolf/internal/emitter/llvm_emitter.go:1236.21,1241.13 5 1
github.com/wolflang/wolf/internal/emitter/llvm_emitter.go:1242.17,1244.47 1 1
github.com/wolflang/wolf/internal/emitter/llvm_emitter.go:1244.47,1246.4 1 0
github.com/wolflang/wolf/internal/emitter/llvm_emitter.go:1248.3,1249.39 2 1
github.com/wolflang/wolf/internal/emitter/llvm_emitter.go:1249.39,1251.4 1 1
github.com/wolflang/wolf/internal/emitter/llvm_emitter.go:1252.3,1254.13 3 1
github.com/wolflang/wolf/internal/emitter/llvm_emitter.go:1255.23,1263.13 8 0
github.com/wolflang/wolf/internal/emitter/llvm_emitter.go:1264.22,1265.44 1 1
github.com/wolflang/wolf/internal/emitter/llvm_emitter.go:1266.21,1267.29 1 0
github.com/wolflang/wolf/internal/emitter/llvm_emitter.go:1268.20,1269.28 1 0
github.com/wolflang/wolf/internal/emitter/llvm_emitter.go:1270.26,1271.30 1 0
github.com/wolflang/wolf/internal/emitter/llvm_emitter.go:1272.22,1273.30 1 0
github.com/wolflang/wolf/internal/emitter/llvm_emitter.go:1274.22,1275.30 1 0
github.com/wolflang/wolf/internal/emitter/llvm_emitter.go:1276.24,1277.32 1 0
github.com/wolflang/wolf/internal/emitter/llvm_emitter.go:1278.23,1279.27 1 1
github.com/wolflang/wolf/internal/emitter/llvm_emitter.go:1280.21,1281.29 1 0
github.com/wolflang/wolf/internal/emitter/llvm_emitter.go:1282.20,1283.28 1 0
github.com/wolflang/wolf/internal/emitter/llvm_emitter.go:1284.18,1285.26 1 0
github.com/wolflang/wolf/internal/emitter/llvm_emitter.go:1286.10,1288.16 2 0
github.com/wolflang/wolf/internal/emitter/llvm_emitter.go:1292.62,1298.22 5 0
github.com/wolflang/wolf/internal/emitter/llvm_emitter.go:1298.22,1300.3 1 0
github.com/wolflang/wolf/internal/emitter/llvm_emitter.go:1300.8,1302.23 1 0
github.com/wolflang/wolf/internal/emitter/llvm_emitter.go:1302.23,1305.4 2 0
github.com/wolflang/wolf/internal/emitter/llvm_emitter.go:1306.3,1306.99 1 0
github.com/wolflang/wolf/internal/emitter/llvm_emitter.go:1308.2,1308.12 1 0
github.com/wolflang/wolf/internal/emitter/llvm_emitter.go:1311.60,1314.35 3 0
github.com/wolflang/wolf/internal/emitter/llvm_emitter.go:1314.35,1316.19 2 0
github.com/wolflang/wolf/internal/emitter/llvm_emitter.go:1317.14,1321.91 4 0
github.com/wolflang/wolf/internal/emitter/llvm_emitter.go:1322.17,1326.91 4 0
github.com/wolflang/wolf/internal/emitter/llvm_emitter.go:1327.13,1331.91 4 0
github.com/wolflang/wolf/internal/emitter/llvm_emitter.go:1332.11,1334.95 2 0
github.com/wolflang/wolf/internal/emitter/llvm_emitter.go:1337.2,1337.15 1 0
github.com/wolflang/wolf/internal/emitter/llvm_emitter.go:1340.56,1343.25 3 0
github.com/wolflang/wolf/internal/emitter/llvm_emitter.go:1343.25,1346.18 3 0
github.com/wolflang/wolf/internal/emitter/llvm_emitter.go:1347.14,1349.111 2 0
github.com/wolflang/wolf/internal/emitter/llvm_emitter.go:1350.17,1352.118 2 0
github.com/wolflang/wolf/internal/emitter/llvm_emitter.go:1353.13,1355.112 2 0
github.com/wolflang/wolf/internal/emitter/llvm_emitter.go:1356.11,1358.107 2 0
github.com/wolflang/wolf/internal/emitter/llvm_emitter.go:1361.2,1361.15 1 0
github.com/wolflang/wolf/internal/emitter/llvm_emitter.go:1364.85,1368.63 3 1
github.com/wolflang/wolf/internal/emitter/llvm_emitter.go:1368.63,1374.3 5 0
github.com/wolflang/wolf/internal/emitter/llvm_emitter.go:1376.2,1377.36 2 1
github.com/wolflang/wolf/internal/emitter/llvm_emitter.go:1377.36,1379.3 1 0
github.com/wolflang/wolf/internal/emitter/llvm_emitter.go:1379.8,1379.58 1 1
github.com/wolflang/wolf/internal/emitter/llvm_emitter.go:1379.58,1381.3 1 0
github.com/wolflang/wolf/internal/emitter/llvm_emitter.go:1381.8,1381.52 1 1
github.com/wolflang/wolf/internal/emitter/llvm_emitter.go:1381.52,1383.87 1 0
github.com/wolflang/wolf/internal/emitter/llvm_emitter.go:1383.87,1385.4 1 0
github.com/wolflang/wolf/internal/emitter/llvm_emitter.go:1385.9,1387.4 1 0
github.com/wolflang/wolf/internal/emitter/llvm_emitter.go:1390.2,1396.25 4 1
github.com/wolflang/wolf/internal/emitter/llvm_emitter.go:1396.25,1397.63 1 0
github.com/wolflang/wolf/internal/emitter/llvm_emitter.go:1397.63,1401.4 3 0
github.com/wolflang/wolf/internal/emitter/llvm_emitter.go:1402.3,1402.64 1 0
github.com/wolflang/wolf/internal/emitter/llvm_emitter.go:1402.64,1406.4 3 0
github.com/wolflang/wolf/internal/emitter/llvm_emitter.go:1410.2,1410.25 1 1
github.com/wolflang/wolf/internal/emitter/llvm_emitter.go:1410.25,1411.24 1 1
github.com/wolflang/wolf/internal/emitter/llvm_emitter.go:1411.24,1415.4 3 0
github.com/wolflang/wolf/internal/emitter/llvm_emitter.go:1415.9,1415.30 1 1
github.com/wolflang/wolf/internal/emitter/llvm_emitter.go:1415.30,1416.57 1 0
github.com/wolflang/wolf/internal/emitter/llvm_emitter.go:1416.57,1420.5 3 0
github.com/wolflang/wolf/internal/emitter/llvm_emitter.go:1423.3,1423.25 1 1
github.com/wolflang/wolf/internal/emitter/llvm_emitter.go:1423.25,1427.4 3 0
github.com/wolflang/wolf/internal/emitter/llvm_emitter.go:1427.9,1427.31 1 1
github.com/wolflang/wolf/internal/emitter/llvm_emitter.go:1427.31,1428.58 1 0
github.com/wolflang/wolf/internal/emitter/llvm_emitter.go:1428.58,1432.5 3 0
github.com/wolflang/wolf/internal/emitter/llvm_emitter.go:1436.2,1436.28 1 1
github.com/wolflang/wolf/internal/emitter/llvm_emitter.go:1436.28,1437.16 1 0
github.com/wolflang/wolf/internal/emitter/llvm_emitter.go:1438.12,1439.77 1 0
github.com/wolflang/wolf/internal/emitter/llvm_emitter.go:1440.12,1441.77 1 0
github.com/wolflang/wolf/internal/emitter/llvm_emitter.go:1442.12,1443.77 1 0
github.com/wolflang/wolf/internal/emitter/llvm_emitter.go:1444.12,1445.77 1 0
github.com/wolflang/wolf/internal/emitter/llvm_emitter.go:1446.12,1447.77 1 0
github.com/wolflang/wolf/internal/emitter/llvm_emitter.go:1448.13,1449.81 1 0
github.com/wolflang/wolf/internal/emitter/llvm_emitter.go:1450.13,1451.81 1 0
github.com/wolflang/wolf/internal/emitter/llvm_emitter.go:1452.12,1453.81 1 0
github.com/wolflang/wolf/internal/emitter/llvm_emitter.go:1454.12,1455.81 1 0
github.com/wolflang/wolf/internal/emitter/llvm_emitter.go:1456.13,1457.81 1 0
github.com/wolflang/wolf/internal/emitter/llvm_emitter.go:1458.13,1459.81 1 0
github.com/wolflang/wolf/internal/emitter/llvm_emitter.go:1460.11,1462.16 2 0
github.com/wolflang/wolf/internal/emitter/llvm_emitter.go:1464.8,1464.32 1 1
github.com/wolflang/wolf/internal/emitter/llvm_emitter.go:1464.32,1465.16 1 0
github.com/wolflang/wolf/internal/emitter/llvm_emitter.go:1466.13,1469.71 3 0
github.com/wolflang/wolf/internal/emitter/llvm_emitter.go:1470.13,1473.71 3 0
github.com/wolflang/wolf/internal/emitter/llvm_emitter.go:1474.11,1476.86 1 0
github.com/wolflang/wolf/internal/emitter/llvm_emitter.go:1476.86,1481.18 5 0
github.com/wolflang/wolf/internal/emitter/llvm_emitter.go:1482.14,1483.82 1 0
github.com/wolflang/wolf/internal/emitter/llvm_emitter.go:1484.14,1485.82 1 0
github.com/wolflang/wolf/internal/emitter/llvm_emitter.go:1486.15,1487.82 1 0
github.com/wolflang/wolf/internal/emitter/llvm_emitter.go:1488.15,1489.82 1 0
github.com/wolflang/wolf/internal/emitter/llvm_emitter.go:1490.14,1491.77 1 0
github.com/wolflang/wolf/internal/emitter/llvm_emitter.go:1493.10,1496.5 2 0
github.com/wolflang/wolf/internal/emitter/llvm_emitter.go:1498.8,1498.31 1 1
github.com/wolflang/wolf/internal/emitter/llvm_emitter.go:1498.31,1499.16 1 0
github.com/wolflang/wolf/internal/emitter/llvm_emitter.go:1500.13,1501.72 1 0
github.com/wolflang/wolf/internal/emitter/llvm_emitter.go:1502.13,1503.71 1 0
github.com/wolflang/wolf/internal/emitter/llvm_emitter.go:1504.13,1505.76 1 0
github.com/wolflang/wolf/internal/emitter/llvm_emitter.go:1506.13,1507.76 1 0
github.com/wolflang/wolf/internal/emitter/llvm_emitter.go:1508.11,1510.14 2 0
github.com/wolflang/wolf/internal/emitter/llvm_emitter.go:1512.8,1514.16 1 1
github.com/wolflang/wolf/internal/emitter/llvm_emitter.go:1515.12,1516.73 1 1
github.com/wolflang/wolf/internal/emitter/llvm_emitter.go:1517.12,1518.73 1 0
github.com/wolflang/wolf/internal/emitter/llvm_emitter.go:1519.12,1520.73 1 0
github.com/wolflang/wolf/internal/emitter/llvm_emitter.go:1521.12,1522.74 1 0
github.com/wolflang/wolf/internal/emitter/llvm_emitter.go:1523.12,1524.74 1 0
github.com/wolflang/wolf/internal/emitter/llvm_emitter.go:1525.13,1526.77 1 0
github.com/wolflang/wolf/internal/emitter/llvm_emitter.go:1527.13,1528.77 1 0
github.com/wolflang/wolf/internal/emitter/llvm_emitter.go:1529.12,1530.78 1 1
github.com/wolflang/wolf/internal/emitter/llvm_emitter.go:1531.12,1532.78 1 1
github.com/wolflang/wolf/internal/emitter/llvm_emitter.go:1533.13,1534.78 1 0
github.com/wolflang/wolf/internal/emitter/llvm_emitter.go:1535.13,1536.78 1 0
github.com/wolflang/wolf/internal/emitter/llvm_emitter.go:1537.11,1539.14 2 0
github.com/wolflang/wolf/internal/emitter/llvm_emitter.go:1542.2,1542.12 1 1
github.com/wolflang/wolf/internal/emitter/llvm_emitter.go:1545.62,1550.15 4 0
github.com/wolflang/wolf/internal/emitter/llvm_emitter.go:1551.11,1553.66 2 0
github.com/wolflang/wolf/internal/emitter/llvm_emitter.go:1554.11,1555.25 1 0
github.com/wolflang/wolf/internal/emitter/llvm_emitter.go:1555.25,1557.4 1 0
github.com/wolflang/wolf/internal/emitter/llvm_emitter.go:1557.9,1559.4 1 0
github.com/wolflang/wolf/internal/emitter/llvm_emitter.go:1560.10,1562.13 2 0
github.com/wolflang/wolf/internal/emitter/llvm_emitter.go:1564.2,1564.12 1 0
github.com/wolflang/wolf/internal/emitter/llvm_emitter.go:1567.62,1569.46 1 1
github.com/wolflang/wolf/internal/emitter/llvm_emitter.go:1569.46,1570.21 1 1
github.com/wolflang/wolf/internal/emitter/llvm_emitter.go:1571.60,1572.32 1 1
github.com/wolflang/wolf/internal/emitter/llvm_emitter.go:1577.2,1578.46 2 0
github.com/wolflang/wolf/internal/emitter/llvm_emitter.go:1578.46,1582.21 2 0
github.com/wolflang/wolf/internal/emitter/llvm_emitter.go:1583.14,1584.27 1 0
github.com/wolflang/wolf/internal/emitter/llvm_emitter.go:1585.15,1586.28 1 0
github.com/wolflang/wolf/internal/emitter/llvm_emitter.go:1587.18,1588.31 1 0
github.com/wolflang/wolf/internal/emitter/llvm_emitter.go:1589.15,1590.32 1 0
github.com/wolflang/wolf/internal/emitter/llvm_emitter.go:1591.15,1592.33 1 0
github.com/wolflang/wolf/internal/emitter/llvm_emitter.go:1593.20,1594.38 1 0
github.com/wolflang/wolf/internal/emitter/llvm_emitter.go:1595.16,1596.36 1 0
github.com/wolflang/wolf/internal/emitter/llvm_emitter.go:1597.15,1598.35 1 0
github.com/wolflang/wolf/internal/emitter/llvm_emitter.go:1599.14,1600.34 1 0
github.com/wolflang/wolf/internal/emitter/llvm_emitter.go:1601.14,1602.31 1 0
github.com/wolflang/wolf/internal/emitter/llvm_emitter.go:1603.24,1604.37 1 0
github.com/wolflang/wolf/internal/emitter/llvm_emitter.go:1605.22,1606.35 1 0
github.com/wolflang/wolf/internal/emitter/llvm_emitter.go:1607.22,1608.35 1 0
github.com/wolflang/wolf/internal/emitter/llvm_emitter.go:1609.22,1610.35 1 0
github.com/wolflang/wolf/internal/emitter/llvm_emitter.go:1611.17,1612.30 1 0
github.com/wolflang/wolf/internal/emitter/llvm_emitter.go:1613.18,1614.31 1 0
github.com/wolflang/wolf/internal/emitter/llvm_emitter.go:1615.21,1616.34 1 0
github.com/wolflang/wolf/internal/emitter/llvm_emitter.go:1617.24,1618.37 1 0
github.com/wolflang/wolf/internal/emitter/llvm_emitter.go:1621.21,1622.34 1 0
github.com/wolflang/wolf/internal/emitter/llvm_emitter.go:1623.21,1624.34 1 0
github.com/wolflang/wolf/internal/emitter/llvm_emitter.go:1625.18,1626.31 1 0
github.com/wolflang/wolf/internal/emitter/llvm_emitter.go:1627.21,1628.34 1 0
github.com/wolflang/wolf/internal/emitter/llvm_emitter.go:1629.23,1630.36 1 0
github.com/wolflang/wolf/internal/emitter/llvm_emitter.go:1631.23,1632.36 1 0
github.com/wolflang/wolf/internal/emitter/llvm_emitter.go:1633.23,1634.36 1 0
github.com/wolflang/wolf/internal/emitter/llvm_emitter.go:1635.28,1636.41 1 0
github.com/wolflang/wolf/internal/emitter/llvm_emitter.go:1637.19,1638.32 1 0
github.com/wolflang/wolf/internal/emitter/llvm_emitter.go:1639.31,1640.44 1 0
github.com/wolflang/wolf/internal/emitter/llvm_emitter.go:1641.20,1642.33 1 0
github.com/wolflang/wolf/internal/emitter/llvm_emitter.go:1643.22,1644.35 1 0
github.com/wolflang/wolf/internal/emitter/llvm_emitter.go:1647.14,1648.32 1 0
github.com/wolflang/wolf/internal/emitter/llvm_emitter.go:1649.14,1650.32 1 0
github.com/wolflang/wolf/internal/emitter/llvm_emitter.go:1651.14,1652.32 1 0
github.com/wolflang/wolf/internal/emitter/llvm_emitter.go:1653.15,1654.33 1 0
github.com/wolflang/wolf/internal/emitter/llvm_emitter.go:1655.15,1656.33 1 0
github.com/wolflang/wolf/internal/emitter/llvm_emitter.go:1657.15,1658.33 1 0
github.com/wolflang/wolf/internal/emitter/llvm_emitter.go:1659.16,1660.34 1 0
github.com/wolflang/wolf/internal/emitter/llvm_emitter.go:1661.15,1662.33 1 0
github.com/wolflang/wolf/internal/emitter/llvm_emitter.go:1663.14,1664.32 1 0
github.com/wolflang/wolf/internal/emitter/llvm_emitter.go:1665.14,1666.32 1 0
github.com/wolflang/wolf/internal/emitter/llvm_emitter.go:1667.16,1668.34 1 0
github.com/wolflang/wolf/internal/emitter/llvm_emitter.go:1669.14,1670.32 1 0
github.com/wolflang/wolf/internal/emitter/llvm_emitter.go:1671.16,1672.34 1 0
github.com/wolflang/wolf/internal/emitter/llvm_emitter.go:1673.15,1674.33 1 0
github.com/wolflang/wolf/internal/emitter/llvm_emitter.go:1675.16,1676.34 1 0
github.com/wolflang/wolf/internal/emitter/llvm_emitter.go:1677.14,1678.32 1 0
github.com/wolflang/wolf/internal/emitter/llvm_emitter.go:1679.15,1680.33 1 0
github.com/wolflang/wolf/internal/emitter/llvm_emitter.go:1681.13,1682.31 1 0
github.com/wolflang/wolf/internal/emitter/llvm_emitter.go:1683.14,1684.32 1 0
github.com/wolflang/wolf/internal/emitter/llvm_emitter.go:1685.14,1686.32 1 0
github.com/wolflang/wolf/internal/emitter/llvm_emitter.go:1687.15,1688.35 1 0
github.com/wolflang/wolf/internal/emitter/llvm_emitter.go:1689.18,1690.31 1 0
github.com/wolflang/wolf/internal/emitter/llvm_emitter.go:1691.18,1692.31 1 0
github.com/wolflang/wolf/internal/emitter/llvm_emitter.go:1693.16,1694.29 1 0
github.com/wolflang/wolf/internal/emitter/llvm_emitter.go:1697.17,1698.37 1 0
github.com/wolflang/wolf/internal/emitter/llvm_emitter.go:1699.21,1700.34 1 0
github.com/wolflang/wolf/internal/emitter/llvm_emitter.go:1701.21,1702.34 1 0
github.com/wolflang/wolf/internal/emitter/llvm_emitter.go:1703.18,1704.31 1 0
github.com/wolflang/wolf/internal/emitter/llvm_emitter.go:1705.18,1706.31 1 0
github.com/wolflang/wolf/internal/emitter/llvm_emitter.go:1707.18,1708.31 1 0
github.com/wolflang/wolf/internal/emitter/llvm_emitter.go:1709.15,1710.28 1 0
github.com/wolflang/wolf/internal/emitter/llvm_emitter.go:1711.16,1712.29 1 0
github.com/wolflang/wolf/internal/emitter/llvm_emitter.go:1713.16,1714.29 1 0
github.com/wolflang/wolf/internal/emitter/llvm_emitter.go:1715.23,1716.36 1 0
github.com/wolflang/wolf/internal/emitter/llvm_emitter.go:1717.26,1718.39 1 0
github.com/wolflang/wolf/internal/emitter/llvm_emitter.go:1719.24,1720.37 1 0
github.com/wolflang/wolf/internal/emitter/llvm_emitter.go:1721.22,1722.35 1 0
github.com/wolflang/wolf/internal/emitter/llvm_emitter.go:1723.21,1724.34 1 0
github.com/wolflang/wolf/internal/emitter/llvm_emitter.go:1725.18,1726.31 1 0
github.com/wolflang/wolf/internal/emitter/llvm_emitter.go:1727.18,1728.31 1 0
github.com/wolflang/wolf/internal/emitter/llvm_emitter.go:1729.18,1730.31 1 0
github.com/wolflang/wolf/internal/emitter/llvm_emitter.go:1731.17,1732.30 1 0
github.com/wolflang/wolf/internal/emitter/llvm_emitter.go:1733.17,1734.30 1 0
github.com/wolflang/wolf/internal/emitter/llvm_emitter.go:1735.18,1736.31 1 0
github.com/wolflang/wolf/internal/emitter/llvm_emitter.go:1737.18,1738.31 1 0
github.com/wolflang/wolf/internal/emitter/llvm_emitter.go:1739.25,1740.38 1 0
github.com/wolflang/wolf/internal/emitter/llvm_emitter.go:1741.16,1742.29 1 0
github.com/wolflang/wolf/internal/emitter/llvm_emitter.go:1743.21,1744.34 1 0
github.com/wolflang/wolf/internal/emitter/llvm_emitter.go:1745.27,1746.40 1 0
github.com/wolflang/wolf/internal/emitter/llvm_emitter.go:1747.21,1748.34 1 0
github.com/wolflang/wolf/internal/emitter/llvm_emitter.go:1749.23,1750.36 1 0
github.com/wolflang/wolf/internal/emitter/llvm_emitter.go:1751.17,1752.30 1 0
github.com/wolflang/wolf/internal/emitter/llvm_emitter.go:1755.17,1756.30 1 0
github.com/wolflang/wolf/internal/emitter/llvm_emitter.go:1757.19,1758.32 1 0
github.com/wolflang/wolf/internal/emitter/llvm_emitter.go:1759.17,1760.30 1 0
github.com/wolflang/wolf/internal/emitter/llvm_emitter.go:1761.18,1762.31 1 0
github.com/wolflang/wolf/internal/emitter/llvm_emitter.go:1763.17,1764.30 1 0
github.com/wolflang/wolf/internal/emitter/llvm_emitter.go:1765.18,1766.31 1 0
github.com/wolflang/wolf/internal/emitter/llvm_emitter.go:1767.21,1768.34 1 0
github.com/wolflang/wolf/internal/emitter/llvm_emitter.go:1771.24,1772.37 1 0
github.com/wolflang/wolf/internal/emitter/llvm_emitter.go:1773.24,1774.37 1 0
github.com/wolflang/wolf/internal/emitter/llvm_emitter.go:1775.21,1776.34 1 0
github.com/wolflang/wolf/internal/emitter/llvm_emitter.go:1777.21,1778.34 1 0
github.com/wolflang/wolf/internal/emitter/llvm_emitter.go:1779.22,1780.35 1 0
github.com/wolflang/wolf/internal/emitter/llvm_emitter.go:1781.22,1782.35 1 0
github.com/wolflang/wolf/internal/emitter/llvm_emitter.go:1783.22,1784.35 1 0
github.com/wolflang/wolf/internal/emitter/llvm_emitter.go:1787.14,1788.27 1 0
github.com/wolflang/wolf/internal/emitter/llvm_emitter.go:1789.17,1790.30 1 0
github.com/wolflang/wolf/internal/emitter/llvm_emitter.go:1791.24,1792.37 1 0
github.com/wolflang/wolf/internal/emitter/llvm_emitter.go:1793.26,1794.39 1 0
github.com/wolflang/wolf/internal/emitter/llvm_emitter.go:1795.18,1796.31 1 0
github.com/wolflang/wolf/internal/emitter/llvm_emitter.go:1797.19,1798.32 1 0
github.com/wolflang/wolf/internal/emitter/llvm_emitter.go:1801.15,1802.28 1 0
github.com/wolflang/wolf/internal/emitter/llvm_emitter.go:1803.13,1804.26 1 0
github.com/wolflang/wolf/internal/emitter/llvm_emitter.go:1805.19,1806.32 1 0
github.com/wolflang/wolf/internal/emitter/llvm_emitter.go:1807.22,1808.35 1 0
github.com/wolflang/wolf/internal/emitter/llvm_emitter.go:1809.20,1810.33 1 0
github.com/wolflang/wolf/internal/emitter/llvm_emitter.go:1813.16,1814.29 1 0
github.com/wolflang/wolf/internal/emitter/llvm_emitter.go:1815.19,1816.32 1 0
github.com/wolflang/wolf/internal/emitter/llvm_emitter.go:1817.23,1818.36 1 0
github.com/wolflang/wolf/internal/emitter/llvm_emitter.go:1819.21,1820.34 1 0
github.com/wolflang/wolf/internal/emitter/llvm_emitter.go:1821.20,1822.33 1 0
github.com/wolflang/wolf/internal/emitter/llvm_emitter.go:1823.22,1824.35 1 0
github.com/wolflang/wolf/internal/emitter/llvm_emitter.go:1825.24,1826.37 1 0
github.com/wolflang/wolf/internal/emitter/llvm_emitter.go:1827.24,1828.37 1 0
github.com/wolflang/wolf/internal/emitter/llvm_emitter.go:1829.23,1830.36 1 0
github.com/wolflang/wolf/internal/emitter/llvm_emitter.go:1831.22,1832.35 1 0
github.com/wolflang/wolf/internal/emitter/llvm_emitter.go:1833.22,1834.35 1 0
github.com/wolflang/wolf/internal/emitter/llvm_emitter.go:1835.15,1836.28 1 0
github.com/wolflang/wolf/internal/emitter/llvm_emitter.go:1837.16,1838.29 1 0
github.com/wolflang/wolf/internal/emitter/llvm_emitter.go:1839.20,1840.33 1 0
github.com/wolflang/wolf/internal/emitter/llvm_emitter.go:1841.21,1842.34 1 0
github.com/wolflang/wolf/internal/emitter/llvm_emitter.go:1843.23,1844.36 1 0
github.com/wolflang/wolf/internal/emitter/llvm_emitter.go:1845.21,1846.34 1 0
github.com/wolflang/wolf/internal/emitter/llvm_emitter.go:1847.26,1848.39 1 0
github.com/wolflang/wolf/internal/emitter/llvm_emitter.go:1849.21,1850.34 1 0
github.com/wolflang/wolf/internal/emitter/llvm_emitter.go:1851.16,1852.29 1 0
github.com/wolflang/wolf/internal/emitter/llvm_emitter.go:1855.18,1856.31 1 0
github.com/wolflang/wolf/internal/emitter/llvm_emitter.go:1857.18,1858.31 1 0
github.com/wolflang/wolf/internal/emitter/llvm_emitter.go:1859.17,1860.30 1 0
github.com/wolflang/wolf/internal/emitter/llvm_emitter.go:1861.20,1862.33 1 0
github.com/wolflang/wolf/internal/emitter/llvm_emitter.go:1863.22,1864.35 1 0
github.com/wolflang/wolf/internal/emitter/llvm_emitter.go:1865.22,1866.35 1 0
github.com/wolflang/wolf/internal/emitter/llvm_emitter.go:1867.24,1868.37 1 0
github.com/wolflang/wolf/internal/emitter/llvm_emitter.go:1869.23,1870.36 1 0
github.com/wolflang/wolf/internal/emitter/llvm_emitter.go:1873.19,1874.32 1 0
github.com/wolflang/wolf/internal/emitter/llvm_emitter.go:1875.17,1876.30 1 0
github.com/wolflang/wolf/internal/emitter/llvm_emitter.go:1877.19,1878.32 1 0
github.com/wolflang/wolf/internal/emitter/llvm_emitter.go:1879.18,1880.31 1 0
github.com/wolflang/wolf/internal/emitter/llvm_emitter.go:1881.18,1882.31 1 0
github.com/wolflang/wolf/internal/emitter/llvm_emitter.go:1883.16,1884.29 1 0
github.com/wolflang/wolf/internal/emitter/llvm_emitter.go:1885.19,1886.32 1 0
github.com/wolflang/wolf/internal/emitter/llvm_emitter.go:1887.23,1888.36 1 0
github.com/wolflang/wolf/internal/emitter/llvm_emitter.go:1891.22,1892.35 1 0
github.com/wolflang/wolf/internal/emitter/llvm_emitter.go:1893.20,1894.33 1 0
github.com/wolflang/wolf/internal/emitter/llvm_emitter.go:1895.21,1896.34 1 0
github.com/wolflang/wolf/internal/emitter/llvm_emitter.go:1897.22,1898.35 1 0
github.com/wolflang/wolf/internal/emitter/llvm_emitter.go:1899.22,1900.35 1 0
github.com/wolflang/wolf/internal/emitter/llvm_emitter.go:1901.20,1902.33 1 0
github.com/wolflang/wolf/internal/emitter/llvm_emitter.go:1903.25,1904.38 1 0
github.com/wolflang/wolf/internal/emitter/llvm_emitter.go:1905.24,1906.37 1 0
github.com/wolflang/wolf/internal/emitter/llvm_emitter.go:1907.23,1908.36 1 0
github.com/wolflang/wolf/internal/emitter/llvm_emitter.go:1909.21,1910.34 1 0
github.com/wolflang/wolf/internal/emitter/llvm_emitter.go:1913.15,1914.28 1 0
github.com/wolflang/wolf/internal/emitter/llvm_emitter.go:1915.19,1916.32 1 0
github.com/wolflang/wolf/internal/emitter/llvm_emitter.go:1919.24,1920.37 1 0
github.com/wolflang/wolf/internal/emitter/llvm_emitter.go:1921.20,1922.33 1 0
github.com/wolflang/wolf/internal/emitter/llvm_emitter.go:1923.20,1924.33 1 0
github.com/wolflang/wolf/internal/emitter/llvm_emitter.go:1925.20,1926.33 1 0
github.com/wolflang/wolf/internal/emitter/llvm_emitter.go:1927.23,1928.36 1 0
github.com/wolflang/wolf/internal/emitter/llvm_emitter.go:1929.21,1930.34 1 0
github.com/wolflang/wolf/internal/emitter/llvm_emitter.go:1931.21,1932.34 1 0
github.com/wolflang/wolf/internal/emitter/llvm_emitter.go:1933.22,1934.35 1 0
github.com/wolflang/wolf/internal/emitter/llvm_emitter.go:1937.32,1938.40 1 0
github.com/wolflang/wolf/internal/emitter/llvm_emitter.go:1939.34,1940.42 1 0
github.com/wolflang/wolf/internal/emitter/llvm_emitter.go:1941.34,1942.42 1 0
github.com/wolflang/wolf/internal/emitter/llvm_emitter.go:1943.32,1944.40 1 0
github.com/wolflang/wolf/internal/emitter/llvm_emitter.go:1945.35,1946.43 1 0
github.com/wolflang/wolf/internal/emitter/llvm_emitter.go:1947.16,1948.29 1 0
github.com/wolflang/wolf/internal/emitter/llvm_emitter.go:1949.29,1950.42 1 0
github.com/wolflang/wolf/internal/emitter/llvm_emitter.go:1951.35,1952.43 1 0
github.com/wolflang/wolf/internal/emitter/llvm_emitter.go:1955.26,1956.39 1 0
github.com/wolflang/wolf/internal/emitter/llvm_emitter.go:1957.25,1958.38 1 0
github.com/wolflang/wolf/internal/emitter/llvm_emitter.go:1959.23,1960.36 1 0
github.com/wolflang/wolf/internal/emitter/llvm_emitter.go:1961.23,1962.36 1 0
github.com/wolflang/wolf/internal/emitter/llvm_emitter.go:1963.25,1964.38 1 0
github.com/wolflang/wolf/internal/emitter/llvm_emitter.go:1967.21,1968.34 1 0
github.com/wolflang/wolf/internal/emitter/llvm_emitter.go:1969.21,1970.34 1 0
github.com/wolflang/wolf/internal/emitter/llvm_emitter.go:1974.2,1975.22 2 0
github.com/wolflang/wolf/internal/emitter/llvm_emitter.go:1975.22,1977.3 1 0
github.com/wolflang/wolf/internal/emitter/llvm_emitter.go:1979.2,1980.32 2 0
github.com/wolflang/wolf/internal/emitter/llvm_emitter.go:1980.32,1982.44 2 0
github.com/wolflang/wolf/internal/emitter/llvm_emitter.go:1982.44,1984.4 1 0
github.com/wolflang/wolf/internal/emitter/llvm_emitter.go:1984.9,1984.26 1 0
github.com/wolflang/wolf/internal/emitter/llvm_emitter.go:1984.26,1985.22 1 0
github.com/wolflang/wolf/internal/emitter/llvm_emitter.go:1986.49,1987.25 1 0
github.com/wolflang/wolf/internal/emitter/llvm_emitter.go:1988.26,1989.15 1 0
github.com/wolflang/wolf/internal/emitter/llvm_emitter.go:1989.15,1991.6 1 0
github.com/wolflang/wolf/internal/emitter/llvm_emitter.go:1992.5,1992.15 1 0
github.com/wolflang/wolf/internal/emitter/llvm_emitter.go:1992.15,1994.6 1 0
github.com/wolflang/wolf/internal/emitter/llvm_emitter.go:1995.213,1996.15 1 0
github.com/wolflang/wolf/internal/emitter/llvm_emitter.go:1996.15,1998.6 1 0
[...]
github.com/wolflang/wolf/stdlib/redis.go:250.37,250.51 1 0
github.com/wolflang/wolf/stdlib/strings.go:13.52,15.2 1 1
github.com/wolflang/wolf/stdlib/strings.go:18.54,20.2 1 1
github.com/wolflang/wolf/stdlib/strings.go:23.52,25.2 1 1
github.com/wolflang/wolf/stdlib/strings.go:28.50,30.2 1 1
github.com/wolflang/wolf/stdlib/strings.go:33.60,35.2 1 1
github.com/wolflang/wolf/stdlib/strings.go:38.42,40.2 1 1
github.com/wolflang/wolf/stdlib/strings.go:43.54,45.2 1 1
github.com/wolflang/wolf/stdlib/strings.go:48.43,50.2 1 1
github.com/wolflang/wolf/stdlib/strings.go:53.43,55.2 1 1
github.com/wolflang/wolf/stdlib/strings.go:58.55,60.2 1 1
github.com/wolflang/wolf/stdlib/strings.go:63.60,65.2 1 1
github.com/wolflang/wolf/stdlib/strings.go:68.41,70.2 1 1
github.com/wolflang/wolf/stdlib/strings.go:73.55,75.2 1 1
github.com/wolflang/wolf/stdlib/strings.go:78.45,80.54 2 1
github.com/wolflang/wolf/stdlib/strings.go:80.54,82.3 1 1
github.com/wolflang/wolf/stdlib/strings.go:83.2,83.22 1 1
github.com/wolflang/wolf/stdlib/strings.go:87.48,89.2 1 1
github.com/wolflang/wolf/stdlib/strings.go:92.63,94.15 2 1
github.com/wolflang/wolf/stdlib/strings.go:94.15,96.3 1 0
github.com/wolflang/wolf/stdlib/strings.go:97.2,97.22 1 1
github.com/wolflang/wolf/stdlib/strings.go:97.22,99.3 1 1
github.com/wolflang/wolf/stdlib/strings.go:100.2,100.18 1 1
github.com/wolflang/wolf/stdlib/strings.go:100.18,102.3 1 1
github.com/wolflang/wolf/stdlib/strings.go:103.2,103.33 1 1
github.com/wolflang/wolf/stdlib/strings.go:107.69,108.22 1 1
github.com/wolflang/wolf/stdlib/strings.go:108.22,110.3 1 1
github.com/wolflang/wolf/stdlib/strings.go:111.2,111.10 1 1
github.com/wolflang/wolf/stdlib/strings.go:115.70,116.22 1 1
github.com/wolflang/wolf/stdlib/strings.go:116.22,118.3 1 1
github.com/wolflang/wolf/stdlib/strings.go:119.2,119.10 1 1
github.com/wolflang/wolf/stdlib/strings.go:123.43,125.2 1 1
github.com/wolflang/wolf/stdlib/strings.go:128.45,129.13 1 1
github.com/wolflang/wolf/stdlib/strings.go:129.13,131.3 1 1
github.com/wolflang/wolf/stdlib/strings.go:132.2,132.22 1 1
github.com/wolflang/wolf/stdlib/strings.go:132.22,133.26 1 1
github.com/wolflang/wolf/stdlib/strings.go:133.26,135.4 1 1
github.com/wolflang/wolf/stdlib/strings.go:137.2,137.13 1 1
github.com/wolflang/wolf/stdlib/strings.go:141.43,142.13 1 1
github.com/wolflang/wolf/stdlib/strings.go:142.13,144.3 1 0
github.com/wolflang/wolf/stdlib/strings.go:145.2,145.22 1 1
github.com/wolflang/wolf/stdlib/strings.go:145.22,146.27 1 1
github.com/wolflang/wolf/stdlib/strings.go:146.27,148.4 1 1
github.com/wolflang/wolf/stdlib/strings.go:150.2,150.13 1 1
github.com/wolflang/wolf/stdlib/strings.go:154.43,156.2 1 0
github.com/wolflang/wolf/internal/mlbridge/bridge.go:44.20,48.2 1 1
github.com/wolflang/wolf/internal/mlbridge/bridge.go:51.31,55.19 3 1
github.com/wolflang/wolf/internal/mlbridge/bridge.go:55.19,57.3 1 0
github.com/wolflang/wolf/internal/mlbridge/bridge.go:60.2,61.16 2 1
github.com/wolflang/wolf/internal/mlbridge/bridge.go:61.16,63.3 1 0
github.com/wolflang/wolf/internal/mlbridge/bridge.go:64.2,66.12 3 1
github.com/wolflang/wolf/internal/mlbridge/bridge.go:70.35,77.2 5 1
github.com/wolflang/wolf/internal/mlbridge/bridge.go:80.39,82.2 1 1
github.com/wolflang/wolf/internal/mlbridge/bridge.go:85.38,87.2 1 1
github.com/wolflang/wolf/internal/mlbridge/bridge.go:91.111,92.20 1 1
github.com/wolflang/wolf/internal/mlbridge/bridge.go:92.20,93.34 1 0
github.com/wolflang/wolf/internal/mlbridge/bridge.go:93.34,95.4 1 0
github.com/wolflang/wolf/internal/mlbridge/bridge.go:98.2,113.22 5 1
github.com/wolflang/wolf/internal/mlbridge/bridge.go:113.22,116.31 3 0
github.com/wolflang/wolf/internal/mlbridge/bridge.go:116.31,117.39 1 0
github.com/wolflang/wolf/internal/mlbridge/bridge.go:117.39,119.10 2 0
github.com/wolflang/wolf/internal/mlbridge/bridge.go:124.2,125.16 2 1
github.com/wolflang/wolf/internal/mlbridge/bridge.go:125.16,128.3 2 1
github.com/wolflang/wolf/internal/mlbridge/bridge.go:131.2,132.20 2 1
github.com/wolflang/wolf/internal/mlbridge/bridge.go:132.20,136.51 2 1
github.com/wolflang/wolf/internal/mlbridge/bridge.go:136.51,138.74 2 1
github.com/wolflang/wolf/internal/mlbridge/bridge.go:138.74,140.5 1 0
github.com/wolflang/wolf/internal/mlbridge/bridge.go:142.4,142.22 1 1
github.com/wolflang/wolf/internal/mlbridge/bridge.go:142.22,144.5 1 0
github.com/wolflang/wolf/internal/mlbridge/bridge.go:145.9,148.4 1 1
github.com/wolflang/wolf/internal/mlbridge/bridge.go:151.2,151.20 1 1
github.com/wolflang/wolf/internal/mlbridge/bridge.go:155.114,157.12 2 1
github.com/wolflang/wolf/internal/mlbridge/bridge.go:157.12,160.3 2 1
github.com/wolflang/wolf/internal/mlbridge/bridge.go:161.2,161.11 1 1
github.com/wolflang/wolf/internal/mlbridge/bridge.go:165.63,169.41 3 1
github.com/wolflang/wolf/internal/mlbridge/bridge.go:169.41,171.3 1 1
github.com/wolflang/wolf/internal/mlbridge/bridge.go:173.2,178.19 3 1
github.com/wolflang/wolf/internal/mlbridge/bridge.go:182.61,187.2 4 1
github.com/wolflang/wolf/internal/mlbridge/bridge.go:190.43,192.2 1 0
github.com/wolflang/wolf/internal/mlbridge/bridge.go:197.104,203.21 3 1
github.com/wolflang/wolf/internal/mlbridge/bridge.go:203.21,206.25 3 1
github.com/wolflang/wolf/internal/mlbridge/bridge.go:206.25,208.4 1 1
github.com/wolflang/wolf/internal/mlbridge/bridge.go:212.2,217.22 4 1
github.com/wolflang/wolf/internal/mlbridge/bridge.go:217.22,219.29 2 1
github.com/wolflang/wolf/internal/mlbridge/bridge.go:219.29,222.37 2 1
github.com/wolflang/wolf/internal/mlbridge/bridge.go:222.37,224.5 1 1
github.com/wolflang/wolf/internal/mlbridge/bridge.go:225.4,225.141 1 1
github.com/wolflang/wolf/internal/mlbridge/bridge.go:227.3,227.85 1 1
github.com/wolflang/wolf/internal/mlbridge/bridge.go:230.2,230.20 1 1
github.com/wolflang/wolf/internal/mlbridge/bridge.go:234.35,236.34 2 1
github.com/wolflang/wolf/internal/mlbridge/bridge.go:236.34,238.17 2 1
github.com/wolflang/wolf/internal/mlbridge/bridge.go:238.17,242.63 3 1
github.com/wolflang/wolf/internal/mlbridge/bridge.go:242.63,244.5 1 1
github.com/wolflang/wolf/internal/mlbridge/bridge.go:247.2,247.84 1 0
github.com/wolflang/wolf/internal/config/config.go:95.29,150.2 1 0
github.com/wolflang/wolf/internal/config/loader.go:17.52,22.22 3 0
github.com/wolflang/wolf/internal/config/loader.go:22.22,23.51 1 0
github.com/wolflang/wolf/internal/config/loader.go:23.51,25.4 1 0
github.com/wolflang/wolf/internal/config/loader.go:29.2,32.38 2 0
github.com/wolflang/wolf/internal/config/loader.go:32.38,34.3 1 0
github.com/wolflang/wolf/internal/config/loader.go:37.2,37.29 1 0
github.com/wolflang/wolf/internal/config/loader.go:37.29,39.3 1 0
github.com/wolflang/wolf/internal/config/loader.go:41.2,41.17 1 0
github.com/wolflang/wolf/internal/config/loader.go:46.40,48.6 2 0
github.com/wolflang/wolf/internal/config/loader.go:48.6,50.47 2 0
github.com/wolflang/wolf/internal/config/loader.go:50.47,52.4 1 0
github.com/wolflang/wolf/internal/config/loader.go:53.3,54.20 2 0
github.com/wolflang/wolf/internal/config/loader.go:54.20,55.9 1 0
github.com/wolflang/wolf/internal/config/loader.go:57.3,57.15 1 0
github.com/wolflang/wolf/internal/config/loader.go:59.2,59.11 1 0
github.com/wolflang/wolf/internal/config/loader.go:71.51,73.16 2 0
github.com/wolflang/wolf/internal/config/loader.go:73.16,75.3 1 0
github.com/wolflang/wolf/internal/config/loader.go:76.2,82.21 5 0
github.com/wolflang/wolf/internal/config/loader.go:82.21,90.17 5 0
github.com/wolflang/wolf/internal/config/loader.go:90.17,91.12 1 0
github.com/wolflang/wolf/internal/config/loader.go:95.3,95.67 1 0
github.com/wolflang/wolf/internal/config/loader.go:95.67,97.12 2 0
github.com/wolflang/wolf/internal/config/loader.go:101.3,102.13 2 0
github.com/wolflang/wolf/internal/config/loader.go:102.13,104.4 1 0
github.com/wolflang/wolf/internal/config/loader.go:106.3,109.67 3 0
github.com/wolflang/wolf/internal/config/loader.go:109.67,111.4 1 0
github.com/wolflang/wolf/internal/config/loader.go:114.2,114.22 1 0
github.com/wolflang/wolf/internal/config/loader.go:118.36,120.23 2 0
github.com/wolflang/wolf/internal/config/loader.go:120.23,121.16 1 0
github.com/wolflang/wolf/internal/config/loader.go:121.16,123.4 1 0
github.com/wolflang/wolf/internal/config/loader.go:124.3,124.28 1 0
github.com/wolflang/wolf/internal/config/loader.go:124.28,126.4 1 0
github.com/wolflang/wolf/internal/config/loader.go:128.2,128.10 1 0
github.com/wolflang/wolf/internal/config/loader.go:132.74,133.43 1 0
github.com/wolflang/wolf/internal/config/loader.go:133.43,135.3 1 0
github.com/wolflang/wolf/internal/config/loader.go:137.2,137.17 1 0
github.com/wolflang/wolf/internal/config/loader.go:138.13,139.14 1 0
github.com/wolflang/wolf/internal/config/loader.go:140.15,141.22 1 0
github.com/wolflang/wolf/internal/config/loader.go:142.14,143.21 1 0
github.com/wolflang/wolf/internal/config/loader.go:144.16,146.18 2 0
github.com/wolflang/wolf/internal/config/loader.go:146.18,148.5 1 0
github.com/wolflang/wolf/internal/config/loader.go:149.4,149.21 1 0
github.com/wolflang/wolf/internal/config/loader.go:150.18,151.25 1 0
github.com/wolflang/wolf/internal/config/loader.go:152.14,153.21 1 0
github.com/wolflang/wolf/internal/config/loader.go:154.11,155.32 1 0
github.com/wolflang/wolf/internal/config/loader.go:158.16,159.14 1 0
github.com/wolflang/wolf/internal/config/loader.go:160.15,161.25 1 0
github.com/wolflang/wolf/internal/config/loader.go:162.15,164.18 2 0
github.com/wolflang/wolf/internal/config/loader.go:164.18,166.5 1 0
github.com/wolflang/wolf/internal/config/loader.go:167.4,167.23 1 0
github.com/wolflang/wolf/internal/config/loader.go:168.23,170.18 2 0
github.com/wolflang/wolf/internal/config/loader.go:170.18,172.5 1 0
github.com/wolflang/wolf/internal/config/loader.go:173.4,173.33 1 0
github.com/wolflang/wolf/internal/config/loader.go:174.24,176.18 2 0
github.com/wolflang/wolf/internal/config/loader.go:176.18,178.5 1 0
github.com/wolflang/wolf/internal/config/loader.go:179.4,179.34 1 0
github.com/wolflang/wolf/internal/config/loader.go:180.27,182.18 2 0
github.com/wolflang/wolf/internal/config/loader.go:182.18,184.5 1 0
github.com/wolflang/wolf/internal/config/loader.go:185.4,185.33 1 0
github.com/wolflang/wolf/internal/config/loader.go:186.25,188.18 2 0
github.com/wolflang/wolf/internal/config/loader.go:188.18,190.5 1 0
github.com/wolflang/wolf/internal/config/loader.go:191.4,191.32 1 0
github.com/wolflang/wolf/internal/config/loader.go:192.18,194.18 2 0
github.com/wolflang/wolf/internal/config/loader.go:194.18,196.5 1 0
github.com/wolflang/wolf/internal/config/loader.go:197.4,197.26 1 0
github.com/wolflang/wolf/internal/config/loader.go:198.11,199.32 1 0
github.com/wolflang/wolf/internal/config/loader.go:202.24,203.14 1 0
github.com/wolflang/wolf/internal/config/loader.go:204.17,205.23 1 0
github.com/wolflang/wolf/internal/config/loader.go:206.15,207.21 1 0
github.com/wolflang/wolf/internal/config/loader.go:208.15,210.18 2 0
github.com/wolflang/wolf/internal/config/loader.go:210.18,212.5 1 0
github.com/wolflang/wolf/internal/config/loader.go:213.4,213.19 1 0
github.com/wolflang/wolf/internal/config/loader.go:214.15,215.21 1 0
github.com/wolflang/wolf/internal/config/loader.go:216.15,217.21 1 0
github.com/wolflang/wolf/internal/config/loader.go:218.19,219.25 1 0
github.com/wolflang/wolf/internal/config/loader.go:220.20,222.18 2 0
github.com/wolflang/wolf/internal/config/loader.go:222.18,224.5 1 0
github.com/wolflang/wolf/internal/config/loader.go:225.4,225.23 1 0
github.com/wolflang/wolf/internal/config/loader.go:226.24,228.18 2 0
github.com/wolflang/wolf/internal/config/loader.go:228.18,230.5 1 0
github.com/wolflang/wolf/internal/config/loader.go:231.4,231.26 1 0
github.com/wolflang/wolf/internal/config/loader.go:232.23,234.18 2 0
github.com/wolflang/wolf/internal/config/loader.go:234.18,236.5 1 0
github.com/wolflang/wolf/internal/config/loader.go:237.4,237.26 1 0
github.com/wolflang/wolf/internal/config/loader.go:238.22,240.18 2 0
github.com/wolflang/wolf/internal/config/loader.go:240.18,242.5 1 0
github.com/wolflang/wolf/internal/config/loader.go:243.4,243.25 1 0
github.com/wolflang/wolf/internal/config/loader.go:244.20,245.25 1 0
github.com/wolflang/wolf/internal/config/loader.go:246.20,248.18 2 0
github.com/wolflang/wolf/internal/config/loader.go:248.18,250.5 1 0
github.com/wolflang/wolf/internal/config/loader.go:251.4,251.23 1 0
github.com/wolflang/wolf/internal/config/loader.go:252.11,253.32 1 0
github.com/wolflang/wolf/internal/config/loader.go:256.15,257.14 1 0
github.com/wolflang/wolf/internal/config/loader.go:258.15,259.24 1 0
github.com/wolflang/wolf/internal/config/loader.go:260.15,262.18 2 0
github.com/wolflang/wolf/internal/config/loader.go:262.18,264.5 1 0
github.com/wolflang/wolf/internal/config/loader.go:265.4,265.22 1 0
github.com/wolflang/wolf/internal/config/loader.go:266.19,267.28 1 0
github.com/wolflang/wolf/internal/config/loader.go:268.13,270.18 2 0
github.com/wolflang/wolf/internal/config/loader.go:270.18,272.5 1 0
github.com/wolflang/wolf/internal/config/loader.go:273.4,273.20 1 0
github.com/wolflang/wolf/internal/config/loader.go:274.11,275.32 1 0
github.com/wolflang/wolf/internal/config/loader.go:278.13,279.14 1 0
github.com/wolflang/wolf/internal/config/loader.go:280.17,281.24 1 0
github.com/wolflang/wolf/internal/config/loader.go:282.35,284.18 2 0
github.com/wolflang/wolf/internal/config/loader.go:284.18,286.5 1 0
github.com/wolflang/wolf/internal/config/loader.go:287.4,287.25 1 0
github.com/wolflang/wolf/internal/config/loader.go:288.20,289.27 1 0
github.com/wolflang/wolf/internal/config/loader.go:290.11,291.32 1 0
github.com/wolflang/wolf/internal/config/loader.go:294.13,295.14 1 0
github.com/wolflang/wolf/internal/config/loader.go:296.16,297.23 1 0
github.com/wolflang/wolf/internal/config/loader.go:298.17,299.24 1 0
github.com/wolflang/wolf/internal/config/loader.go:300.15,301.22 1 0
github.com/wolflang/wolf/internal/config/loader.go:302.11,303.32 1 0
github.com/wolflang/wolf/internal/config/loader.go:306.15,307.14 1 0
github.com/wolflang/wolf/internal/config/loader.go:308.18,309.26 1 0
github.com/wolflang/wolf/internal/config/loader.go:310.31,312.18 2 0
github.com/wolflang/wolf/internal/config/loader.go:312.18,314.5 1 0
github.com/wolflang/wolf/internal/config/loader.go:315.4,315.26 1 0
github.com/wolflang/wolf/internal/config/loader.go:316.18,318.18 2 0
github.com/wolflang/wolf/internal/config/loader.go:318.18,320.5 1 0
github.com/wolflang/wolf/internal/config/loader.go:321.4,321.24 1 0
github.com/wolflang/wolf/internal/config/loader.go:322.22,324.18 2 0
github.com/wolflang/wolf/internal/config/loader.go:324.18,326.5 1 0
github.com/wolflang/wolf/internal/config/loader.go:327.4,327.28 1 0
github.com/wolflang/wolf/internal/config/loader.go:328.11,329.32 1 0
github.com/wolflang/wolf/internal/config/loader.go:332.10,333.73 1 0
github.com/wolflang/wolf/internal/config/loader.go:335.10,335.10 0 0
github.com/wolflang/wolf/internal/config/loader.go:340.2,340.12 1 0
github.com/wolflang/wolf/internal/config/loader.go:346.34,347.43 1 0
github.com/wolflang/wolf/internal/config/loader.go:347.43,348.37 1 0
github.com/wolflang/wolf/internal/config/loader.go:348.37,350.4 1 0
github.com/wolflang/wolf/internal/config/loader.go:352.2,352.40 1 0
github.com/wolflang/wolf/internal/config/loader.go:352.40,353.37 1 0
github.com/wolflang/wolf/internal/config/loader.go:353.37,354.45 1 0
github.com/wolflang/wolf/internal/config/loader.go:354.45,356.5 1 0
github.com/wolflang/wolf/internal/config/loader.go:359.2,359.42 1 0
github.com/wolflang/wolf/internal/config/loader.go:359.42,360.37 1 0
github.com/wolflang/wolf/internal/config/loader.go:360.37,361.42 1 0
github.com/wolflang/wolf/internal/config/loader.go:361.42,363.5 1 0
github.com/wolflang/wolf/internal/config/loader.go:368.2,417.53 38 0
github.com/wolflang/wolf/internal/config/loader.go:422.38,424.29 2 0
github.com/wolflang/wolf/internal/config/loader.go:424.29,426.3 1 0
github.com/wolflang/wolf/internal/config/loader.go:428.2,428.52 1 0
github.com/wolflang/wolf/internal/config/loader.go:428.52,430.3 1 0
github.com/wolflang/wolf/internal/config/loader.go:432.2,433.30 2 0
github.com/wolflang/wolf/internal/config/loader.go:433.30,435.3 1 0
github.com/wolflang/wolf/internal/config/loader.go:437.2,437.25 1 0
github.com/wolflang/wolf/internal/config/loader.go:437.25,439.3 1 0
github.com/wolflang/wolf/internal/config/loader.go:440.2,440.28 1 0
github.com/wolflang/wolf/internal/config/loader.go:440.28,442.3 1 0
github.com/wolflang/wolf/internal/config/loader.go:443.2,443.42 1 0
github.com/wolflang/wolf/internal/config/loader.go:443.42,446.3 1 0
github.com/wolflang/wolf/internal/config/loader.go:447.2,447.28 1 0
github.com/wolflang/wolf/internal/config/loader.go:447.28,449.3 1 0
github.com/wolflang/wolf/internal/config/loader.go:451.2,452.63 2 0
github.com/wolflang/wolf/internal/config/loader.go:452.63,454.3 1 0
github.com/wolflang/wolf/internal/config/loader.go:456.2,457.33 2 0
github.com/wolflang/wolf/internal/config/loader.go:457.33,459.3 1 0
github.com/wolflang/wolf/internal/config/loader.go:461.2,461.12 1 0
github.com/wolflang/wolf/internal/config/loader.go:465.40,466.47 1 0
github.com/wolflang/wolf/internal/config/loader.go:467.32,468.19 1 0
github.com/wolflang/wolf/internal/config/loader.go:469.33,470.20 1 0
github.com/wolflang/wolf/internal/config/loader.go:472.2,472.56 1 0
github.com/wolflang/wolf/internal/ir/ir_nodes.go:62.31,62.32 0 0
github.com/wolflang/wolf/internal/ir/ir_nodes.go:71.30,71.31 0 0
github.com/wolflang/wolf/internal/ir/ir_nodes.go:78.28,78.29 0 0
github.com/wolflang/wolf/internal/ir/ir_nodes.go:85.30,85.31 0 0
github.com/wolflang/wolf/internal/ir/ir_nodes.go:95.26,95.27 0 0
github.com/wolflang/wolf/internal/ir/ir_nodes.go:111.27,111.28 0 0
github.com/wolflang/wolf/internal/ir/ir_nodes.go:121.29,121.30 0 0
github.com/wolflang/wolf/internal/ir/ir_nodes.go:130.30,130.31 0 0
github.com/wolflang/wolf/internal/ir/ir_nodes.go:143.29,143.30 0 0
github.com/wolflang/wolf/internal/ir/ir_nodes.go:150.26,150.27 0 0
github.com/wolflang/wolf/internal/ir/ir_nodes.go:157.29,157.30 0 0
github.com/wolflang/wolf/internal/ir/ir_nodes.go:164.27,164.28 0 0
github.com/wolflang/wolf/internal/ir/ir_nodes.go:178.25,178.26 0 0
github.com/wolflang/wolf/internal/ir/ir_nodes.go:185.26,185.27 0 0
github.com/wolflang/wolf/internal/ir/ir_nodes.go:192.28,192.29 0 0
github.com/wolflang/wolf/internal/ir/ir_nodes.go:199.29,199.30 0 0
github.com/wolflang/wolf/internal/ir/ir_nodes.go:206.27,206.28 0 0
github.com/wolflang/wolf/internal/ir/ir_nodes.go:211.26,211.27 0 0
github.com/wolflang/wolf/internal/ir/ir_nodes.go:220.30,220.31 0 0
github.com/wolflang/wolf/internal/ir/ir_nodes.go:228.29,228.30 0 0
github.com/wolflang/wolf/internal/ir/ir_nodes.go:236.28,236.29 0 0
github.com/wolflang/wolf/internal/ir/ir_nodes.go:244.31,244.32 0 0
github.com/wolflang/wolf/internal/ir/ir_nodes.go:253.34,253.35 0 0
github.com/wolflang/wolf/internal/ir/ir_nodes.go:262.30,262.31 0 0
github.com/wolflang/wolf/internal/ir/ir_nodes.go:270.29,270.30 0 0
github.com/wolflang/wolf/internal/ir/ir_nodes.go:278.28,278.29 0 0
github.com/wolflang/wolf/internal/ir/ir_nodes.go:288.26,288.27 0 0
github.com/wolflang/wolf/internal/ir/ir_nodes.go:296.29,296.30 0 0
github.com/wolflang/wolf/internal/ir/ir_nodes.go:305.27,305.28 0 0
github.com/wolflang/wolf/internal/ir/ir_nodes.go:313.30,313.31 0 0
github.com/wolflang/wolf/internal/ir/ir_nodes.go:320.28,320.29 0 0
github.com/wolflang/wolf/internal/ir/ir_nodes.go:328.28,328.29 0 0
github.com/wolflang/wolf/internal/ir/ir_nodes.go:335.28,335.29 0 0
github.com/wolflang/wolf/internal/ir/ir_nodes.go:343.31,343.32 0 0
github.com/wolflang/wolf/internal/ir/ir_nodes.go:351.32,351.33 0 0
github.com/wolflang/wolf/internal/ir/ir_nodes.go:358.28,358.29 0 0
github.com/wolflang/wolf/internal/ir/ir_nodes.go:369.29,369.30 0 0
github.com/wolflang/wolf/internal/ir/ir_nodes.go:376.29,376.30 0 0
github.com/wolflang/wolf/internal/ir/ir_nodes.go:384.31,384.32 0 0
