mode: set
github.com/wolflang/wolf/cmd/wolf/main.go:14.13,31.55 4 0
github.com/wolflang/wolf/cmd/wolf/main.go:31.55,33.18 2 0
github.com/wolflang/wolf/cmd/wolf/main.go:33.18,35.5 1 0
github.com/wolflang/wolf/cmd/wolf/main.go:37.4,42.18 5 0
github.com/wolflang/wolf/cmd/wolf/main.go:42.18,43.37 1 0
github.com/wolflang/wolf/cmd/wolf/main.go:43.37,45.6 1 0
github.com/wolflang/wolf/cmd/wolf/main.go:46.5,46.38 1 0
github.com/wolflang/wolf/cmd/wolf/main.go:49.4,50.14 2 0
github.com/wolflang/wolf/cmd/wolf/main.go:54.2,58.55 1 0
github.com/wolflang/wolf/cmd/wolf/main.go:58.55,60.18 2 0
github.com/wolflang/wolf/cmd/wolf/main.go:60.18,62.5 1 0
github.com/wolflang/wolf/cmd/wolf/main.go:64.4,68.41 4 0
github.com/wolflang/wolf/cmd/wolf/main.go:72.2,76.55 1 0
github.com/wolflang/wolf/cmd/wolf/main.go:76.55,80.4 2 0
github.com/wolflang/wolf/cmd/wolf/main.go:83.2,87.55 1 0
github.com/wolflang/wolf/cmd/wolf/main.go:87.55,91.4 2 0
github.com/wolflang/wolf/cmd/wolf/main.go:95.2,103.55 2 0
github.com/wolflang/wolf/cmd/wolf/main.go:103.55,107.38 4 0
github.com/wolflang/wolf/cmd/wolf/main.go:107.38,109.5 1 0
github.com/wolflang/wolf/cmd/wolf/main.go:110.4,111.14 2 0
github.com/wolflang/wolf/cmd/wolf/main.go:115.2,119.55 1 0
github.com/wolflang/wolf/cmd/wolf/main.go:119.55,123.21 4 0
github.com/wolflang/wolf/cmd/wolf/main.go:123.21,125.5 1 0
github.com/wolflang/wolf/cmd/wolf/main.go:126.4,126.50 1 0
github.com/wolflang/wolf/cmd/wolf/main.go:126.50,128.5 1 0
github.com/wolflang/wolf/cmd/wolf/main.go:129.4,130.14 2 0
github.com/wolflang/wolf/cmd/wolf/main.go:134.2,138.55 1 0
github.com/wolflang/wolf/cmd/wolf/main.go:138.55,141.44 3 0
github.com/wolflang/wolf/cmd/wolf/main.go:141.44,143.5 1 0
github.com/wolflang/wolf/cmd/wolf/main.go:144.4,145.14 2 0
github.com/wolflang/wolf/cmd/wolf/main.go:149.2,152.55 1 0
github.com/wolflang/wolf/cmd/wolf/main.go:152.55,156.18 4 0
github.com/wolflang/wolf/cmd/wolf/main.go:156.18,158.5 1 0
github.com/wolflang/wolf/cmd/wolf/main.go:159.4,159.29 1 0
github.com/wolflang/wolf/cmd/wolf/main.go:159.29,161.5 1 0
github.com/wolflang/wolf/cmd/wolf/main.go:162.4,162.14 1 0
github.com/wolflang/wolf/cmd/wolf/main.go:166.2,169.55 1 0
github.com/wolflang/wolf/cmd/wolf/main.go:169.55,173.18 4 0
github.com/wolflang/wolf/cmd/wolf/main.go:173.18,175.5 1 0
github.com/wolflang/wolf/cmd/wolf/main.go:176.4,176.24 1 0
github.com/wolflang/wolf/cmd/wolf/main.go:176.24,178.5 1 0
github.com/wolflang/wolf/cmd/wolf/main.go:178.10,179.34 1 0
github.com/wolflang/wolf/cmd/wolf/main.go:179.34,181.6 1 0
github.com/wolflang/wolf/cmd/wolf/main.go:183.4,183.14 1 0
github.com/wolflang/wolf/cmd/wolf/main.go:187.2,190.55 1 0
github.com/wolflang/wolf/cmd/wolf/main.go:190.55,194.36 4 0
github.com/wolflang/wolf/cmd/wolf/main.go:194.36,196.5 1 0
github.com/wolflang/wolf/cmd/wolf/main.go:197.4,198.14 2 0
github.com/wolflang/wolf/cmd/wolf/main.go:202.2,205.48 1 0
github.com/wolflang/wolf/cmd/wolf/main.go:205.48,210.4 4 0
github.com/wolflang/wolf/cmd/wolf/main.go:213.2,222.42 5 0
github.com/wolflang/wolf/cmd/wolf/main.go:222.42,224.3 1 0
github.com/wolflang/wolf/internal/compiler/compiler.go:26.22,30.2 1 1
github.com/wolflang/wolf/internal/compiler/compiler.go:40.77,46.24 4 1
github.com/wolflang/wolf/internal/compiler/compiler.go:46.24,47.31 1 0
github.com/wolflang/wolf/internal/compiler/compiler.go:47.31,49.4 1 0
github.com/wolflang/wolf/internal/compiler/compiler.go:50.3,50.77 1 0
github.com/wolflang/wolf/internal/compiler/compiler.go:53.2,53.15 1 1
github.com/wolflang/wolf/internal/compiler/compiler.go:53.15,55.3 1 0
github.com/wolflang/wolf/internal/compiler/compiler.go:58.2,60.26 3 1
github.com/wolflang/wolf/internal/compiler/compiler.go:60.26,61.33 1 0
github.com/wolflang/wolf/internal/compiler/compiler.go:61.33,63.4 1 0
github.com/wolflang/wolf/internal/compiler/compiler.go:64.3,64.80 1 0
github.com/wolflang/wolf/internal/compiler/compiler.go:67.2,67.15 1 1
github.com/wolflang/wolf/internal/compiler/compiler.go:67.15,69.3 1 0
github.com/wolflang/wolf/internal/compiler/compiler.go:72.2,75.28 4 1
github.com/wolflang/wolf/internal/compiler/compiler.go:75.28,76.35 1 0
github.com/wolflang/wolf/internal/compiler/compiler.go:76.35,78.4 1 0
github.com/wolflang/wolf/internal/compiler/compiler.go:79.3,79.84 1 0
github.com/wolflang/wolf/internal/compiler/compiler.go:83.2,86.25 4 1
github.com/wolflang/wolf/internal/compiler/compiler.go:86.25,87.32 1 1
github.com/wolflang/wolf/internal/compiler/compiler.go:87.32,89.4 1 1
github.com/wolflang/wolf/internal/compiler/compiler.go:90.3,90.77 1 1
github.com/wolflang/wolf/internal/compiler/compiler.go:94.2,102.15 6 1
github.com/wolflang/wolf/internal/compiler/compiler.go:102.15,104.3 1 0
github.com/wolflang/wolf/internal/compiler/compiler.go:106.2,106.20 1 1
github.com/wolflang/wolf/internal/compiler/compiler.go:110.75,112.16 2 0
github.com/wolflang/wolf/internal/compiler/compiler.go:112.16,114.3 1 0
github.com/wolflang/wolf/internal/compiler/compiler.go:117.2,118.16 2 0
github.com/wolflang/wolf/internal/compiler/compiler.go:118.16,120.3 1 0
github.com/wolflang/wolf/internal/compiler/compiler.go:123.2,123.50 1 0
github.com/wolflang/wolf/internal/compiler/compiler.go:123.50,125.3 1 0
github.com/wolflang/wolf/internal/compiler/compiler.go:128.2,129.76 2 0
github.com/wolflang/wolf/internal/compiler/compiler.go:129.76,131.3 1 0
github.com/wolflang/wolf/internal/compiler/compiler.go:134.2,135.54 2 0
github.com/wolflang/wolf/internal/compiler/compiler.go:135.54,140.51 5 0
github.com/wolflang/wolf/internal/compiler/compiler.go:140.51,142.4 1 0
github.com/wolflang/wolf/internal/compiler/compiler.go:146.2,151.50 5 0
github.com/wolflang/wolf/internal/compiler/compiler.go:151.50,153.3 1 0
github.com/wolflang/wolf/internal/compiler/compiler.go:155.2,157.15 2 0
github.com/wolflang/wolf/internal/compiler/compiler.go:157.15,159.3 1 0
github.com/wolflang/wolf/internal/compiler/compiler.go:161.2,161.20 1 0
github.com/wolflang/wolf/internal/compiler/compiler.go:165.55,167.16 2 0
github.com/wolflang/wolf/internal/compiler/compiler.go:167.16,169.3 1 0
github.com/wolflang/wolf/internal/compiler/compiler.go:172.2,177.18 5 0
github.com/wolflang/wolf/internal/ir/ir_nodes.go:61.31,61.32 0 0
github.com/wolflang/wolf/internal/ir/ir_nodes.go:70.30,70.31 0 0
github.com/wolflang/wolf/internal/ir/ir_nodes.go:77.28,77.29 0 0
github.com/wolflang/wolf/internal/ir/ir_nodes.go:84.30,84.31 0 0
github.com/wolflang/wolf/internal/ir/ir_nodes.go:94.26,94.27 0 0
github.com/wolflang/wolf/internal/ir/ir_nodes.go:110.27,110.28 0 0
github.com/wolflang/wolf/internal/ir/ir_nodes.go:120.29,120.30 0 0
github.com/wolflang/wolf/internal/ir/ir_nodes.go:129.30,129.31 0 0
github.com/wolflang/wolf/internal/ir/ir_nodes.go:142.29,142.30 0 0
github.com/wolflang/wolf/internal/ir/ir_nodes.go:149.26,149.27 0 0
github.com/wolflang/wolf/internal/ir/ir_nodes.go:156.29,156.30 0 0
github.com/wolflang/wolf/internal/ir/ir_nodes.go:163.27,163.28 0 0
github.com/wolflang/wolf/internal/ir/ir_nodes.go:177.25,177.26 0 0
github.com/wolflang/wolf/internal/ir/ir_nodes.go:184.26,184.27 0 0
github.com/wolflang/wolf/internal/ir/ir_nodes.go:191.28,191.29 0 0
github.com/wolflang/wolf/internal/ir/ir_nodes.go:198.29,198.30 0 0
github.com/wolflang/wolf/internal/ir/ir_nodes.go:205.27,205.28 0 0
github.com/wolflang/wolf/internal/ir/ir_nodes.go:210.26,210.27 0 0
github.com/wolflang/wolf/internal/ir/ir_nodes.go:219.30,219.31 0 0
github.com/wolflang/wolf/internal/ir/ir_nodes.go:227.29,227.30 0 0
github.com/wolflang/wolf/internal/ir/ir_nodes.go:235.28,235.29 0 0
github.com/wolflang/wolf/internal/ir/ir_nodes.go:243.31,243.32 0 0
github.com/wolflang/wolf/internal/ir/ir_nodes.go:252.34,252.35 0 0
github.com/wolflang/wolf/internal/ir/ir_nodes.go:260.29,260.30 0 0
github.com/wolflang/wolf/internal/ir/ir_nodes.go:268.28,268.29 0 0
github.com/wolflang/wolf/internal/ir/ir_nodes.go:278.26,278.27 0 0
github.com/wolflang/wolf/internal/ir/ir_nodes.go:286.29,286.30 0 0
github.com/wolflang/wolf/internal/ir/ir_nodes.go:295.27,295.28 0 0
github.com/wolflang/wolf/internal/ir/ir_nodes.go:303.30,303.31 0 0
github.com/wolflang/wolf/internal/ir/ir_nodes.go:310.28,310.29 0 0
github.com/wolflang/wolf/internal/ir/ir_nodes.go:318.28,318.29 0 0
github.com/wolflang/wolf/internal/ir/ir_nodes.go:325.28,325.29 0 0
github.com/wolflang/wolf/internal/ir/ir_nodes.go:333.31,333.32 0 0
github.com/wolflang/wolf/internal/ir/ir_nodes.go:341.32,341.33 0 0
github.com/wolflang/wolf/internal/ir/ir_nodes.go:348.28,348.29 0 0
github.com/wolflang/wolf/internal/lexer/errors.go:15.36,16.22 1 1
github.com/wolflang/wolf/internal/lexer/errors.go:16.22,19.3 1 1
github.com/wolflang/wolf/internal/lexer/errors.go:20.2,21.45 1 1
github.com/wolflang/wolf/internal/lexer/errors.go:25.61,31.2 1 1
github.com/wolflang/wolf/internal/lexer/errors.go:34.82,40.2 1 1
github.com/wolflang/wolf/internal/lexer/lexer.go:25.38,32.2 1 1
github.com/wolflang/wolf/internal/lexer/lexer.go:35.52,36.19 1 1
github.com/wolflang/wolf/internal/lexer/lexer.go:36.19,41.3 4 1
github.com/wolflang/wolf/internal/lexer/lexer.go:43.2,49.27 2 1
github.com/wolflang/wolf/internal/lexer/lexer.go:53.39,55.2 1 0
github.com/wolflang/wolf/internal/lexer/lexer.go:59.29,62.12 2 1
github.com/wolflang/wolf/internal/lexer/lexer.go:64.11,65.27 1 1
github.com/wolflang/wolf/internal/lexer/lexer.go:66.11,67.27 1 1
github.com/wolflang/wolf/internal/lexer/lexer.go:68.11,69.27 1 1
github.com/wolflang/wolf/internal/lexer/lexer.go:70.11,71.27 1 1
github.com/wolflang/wolf/internal/lexer/lexer.go:72.11,73.29 1 1
github.com/wolflang/wolf/internal/lexer/lexer.go:74.11,75.29 1 1
github.com/wolflang/wolf/internal/lexer/lexer.go:76.11,77.26 1 1
github.com/wolflang/wolf/internal/lexer/lexer.go:78.11,79.30 1 1
github.com/wolflang/wolf/internal/lexer/lexer.go:80.11,81.29 1 1
github.com/wolflang/wolf/internal/lexer/lexer.go:82.11,83.27 1 1
github.com/wolflang/wolf/internal/lexer/lexer.go:86.11,87.19 1 1
github.com/wolflang/wolf/internal/lexer/lexer.go:87.19,89.4 1 1
github.com/wolflang/wolf/internal/lexer/lexer.go:89.9,89.26 1 1
github.com/wolflang/wolf/internal/lexer/lexer.go:89.26,91.4 1 1
github.com/wolflang/wolf/internal/lexer/lexer.go:91.9,93.4 1 1
github.com/wolflang/wolf/internal/lexer/lexer.go:94.11,95.19 1 1
github.com/wolflang/wolf/internal/lexer/lexer.go:95.19,97.4 1 1
github.com/wolflang/wolf/internal/lexer/lexer.go:97.9,97.26 1 1
github.com/wolflang/wolf/internal/lexer/lexer.go:97.26,99.4 1 1
github.com/wolflang/wolf/internal/lexer/lexer.go:99.9,99.26 1 1
github.com/wolflang/wolf/internal/lexer/lexer.go:99.26,101.4 1 1
github.com/wolflang/wolf/internal/lexer/lexer.go:101.9,103.4 1 1
github.com/wolflang/wolf/internal/lexer/lexer.go:104.11,105.19 1 1
github.com/wolflang/wolf/internal/lexer/lexer.go:105.19,107.4 1 1
github.com/wolflang/wolf/internal/lexer/lexer.go:107.9,109.4 1 1
github.com/wolflang/wolf/internal/lexer/lexer.go:110.11,111.19 1 1
github.com/wolflang/wolf/internal/lexer/lexer.go:111.19,113.4 1 1
github.com/wolflang/wolf/internal/lexer/lexer.go:113.9,115.4 1 1
github.com/wolflang/wolf/internal/lexer/lexer.go:116.11,117.19 1 1
github.com/wolflang/wolf/internal/lexer/lexer.go:117.19,119.4 1 1
github.com/wolflang/wolf/internal/lexer/lexer.go:119.9,119.26 1 1
github.com/wolflang/wolf/internal/lexer/lexer.go:119.26,121.4 1 1
github.com/wolflang/wolf/internal/lexer/lexer.go:121.9,123.4 1 1
github.com/wolflang/wolf/internal/lexer/lexer.go:124.11,125.19 1 1
github.com/wolflang/wolf/internal/lexer/lexer.go:125.19,127.4 1 1
github.com/wolflang/wolf/internal/lexer/lexer.go:127.9,129.4 1 1
github.com/wolflang/wolf/internal/lexer/lexer.go:130.11,131.19 1 1
github.com/wolflang/wolf/internal/lexer/lexer.go:131.19,133.4 1 1
github.com/wolflang/wolf/internal/lexer/lexer.go:133.9,135.4 1 1
github.com/wolflang/wolf/internal/lexer/lexer.go:136.11,137.19 1 1
github.com/wolflang/wolf/internal/lexer/lexer.go:137.19,139.4 1 1
github.com/wolflang/wolf/internal/lexer/lexer.go:139.9,141.4 1 1
github.com/wolflang/wolf/internal/lexer/lexer.go:142.11,143.19 1 1
github.com/wolflang/wolf/internal/lexer/lexer.go:143.19,145.4 1 1
github.com/wolflang/wolf/internal/lexer/lexer.go:145.9,147.4 1 1
github.com/wolflang/wolf/internal/lexer/lexer.go:148.11,149.19 1 1
github.com/wolflang/wolf/internal/lexer/lexer.go:149.19,151.4 1 1
github.com/wolflang/wolf/internal/lexer/lexer.go:151.9,153.4 1 1
github.com/wolflang/wolf/internal/lexer/lexer.go:154.11,155.19 1 1
github.com/wolflang/wolf/internal/lexer/lexer.go:155.19,157.4 1 1
github.com/wolflang/wolf/internal/lexer/lexer.go:157.9,159.4 1 1
github.com/wolflang/wolf/internal/lexer/lexer.go:160.11,161.19 1 1
github.com/wolflang/wolf/internal/lexer/lexer.go:161.19,163.4 1 1
github.com/wolflang/wolf/internal/lexer/lexer.go:163.9,165.4 1 1
github.com/wolflang/wolf/internal/lexer/lexer.go:168.11,169.18 1 1
github.com/wolflang/wolf/internal/lexer/lexer.go:172.11,173.17 1 1
github.com/wolflang/wolf/internal/lexer/lexer.go:176.11,177.22 1 1
github.com/wolflang/wolf/internal/lexer/lexer.go:180.11,181.20 1 1
github.com/wolflang/wolf/internal/lexer/lexer.go:184.23,184.23 0 1
github.com/wolflang/wolf/internal/lexer/lexer.go:188.12,188.12 0 1
github.com/wolflang/wolf/internal/lexer/lexer.go:191.10,192.18 1 1
github.com/wolflang/wolf/internal/lexer/lexer.go:192.18,194.4 1 1
github.com/wolflang/wolf/internal/lexer/lexer.go:194.9,194.25 1 1
github.com/wolflang/wolf/internal/lexer/lexer.go:194.25,196.4 1 1
github.com/wolflang/wolf/internal/lexer/lexer.go:196.9,198.4 1 1
github.com/wolflang/wolf/internal/lexer/lexer.go:205.31,206.39 1 1
github.com/wolflang/wolf/internal/lexer/lexer.go:206.39,208.3 1 1
github.com/wolflang/wolf/internal/lexer/lexer.go:215.30,222.19 5 1
github.com/wolflang/wolf/internal/lexer/lexer.go:222.19,224.16 2 1
github.com/wolflang/wolf/internal/lexer/lexer.go:224.16,225.9 1 1
github.com/wolflang/wolf/internal/lexer/lexer.go:227.3,227.17 1 1
github.com/wolflang/wolf/internal/lexer/lexer.go:227.17,229.20 2 1
github.com/wolflang/wolf/internal/lexer/lexer.go:229.20,231.5 1 1
github.com/wolflang/wolf/internal/lexer/lexer.go:232.4,232.12 1 1
github.com/wolflang/wolf/internal/lexer/lexer.go:234.3,234.32 1 1
github.com/wolflang/wolf/internal/lexer/lexer.go:234.32,236.19 2 1
github.com/wolflang/wolf/internal/lexer/lexer.go:236.19,238.10 2 1
github.com/wolflang/wolf/internal/lexer/lexer.go:241.3,241.32 1 1
github.com/wolflang/wolf/internal/lexer/lexer.go:241.32,243.19 2 1
github.com/wolflang/wolf/internal/lexer/lexer.go:243.19,245.10 2 1
github.com/wolflang/wolf/internal/lexer/lexer.go:248.3,248.14 1 1
github.com/wolflang/wolf/internal/lexer/lexer.go:252.2,256.22 4 1
github.com/wolflang/wolf/internal/lexer/lexer.go:256.22,258.3 1 1
github.com/wolflang/wolf/internal/lexer/lexer.go:258.8,260.3 1 1
github.com/wolflang/wolf/internal/lexer/lexer.go:264.36,267.19 2 1
github.com/wolflang/wolf/internal/lexer/lexer.go:267.19,269.16 2 1
github.com/wolflang/wolf/internal/lexer/lexer.go:269.16,270.9 1 1
github.com/wolflang/wolf/internal/lexer/lexer.go:272.3,272.17 1 1
github.com/wolflang/wolf/internal/lexer/lexer.go:272.17,275.4 2 0
github.com/wolflang/wolf/internal/lexer/lexer.go:276.3,276.17 1 1
github.com/wolflang/wolf/internal/lexer/lexer.go:276.17,278.19 2 1
github.com/wolflang/wolf/internal/lexer/lexer.go:278.19,281.5 2 0
github.com/wolflang/wolf/internal/lexer/lexer.go:282.4,283.19 2 1
github.com/wolflang/wolf/internal/lexer/lexer.go:284.13,285.23 1 1
github.com/wolflang/wolf/internal/lexer/lexer.go:286.13,287.23 1 1
github.com/wolflang/wolf/internal/lexer/lexer.go:288.13,289.23 1 0
github.com/wolflang/wolf/internal/lexer/lexer.go:290.14,291.23 1 1
github.com/wolflang/wolf/internal/lexer/lexer.go:292.13,293.22 1 1
github.com/wolflang/wolf/internal/lexer/lexer.go:294.13,295.22 1 0
github.com/wolflang/wolf/internal/lexer/lexer.go:296.13,297.22 1 0
github.com/wolflang/wolf/internal/lexer/lexer.go:298.12,300.26 2 0
github.com/wolflang/wolf/internal/lexer/lexer.go:302.4,302.12 1 1
github.com/wolflang/wolf/internal/lexer/lexer.go:304.3,304.28 1 1
github.com/wolflang/wolf/internal/lexer/lexer.go:307.2,307.17 1 1
github.com/wolflang/wolf/internal/lexer/lexer.go:307.17,310.3 2 1
github.com/wolflang/wolf/internal/lexer/lexer.go:312.2,318.4 2 1
github.com/wolflang/wolf/internal/lexer/lexer.go:324.42,333.19 3 1
github.com/wolflang/wolf/internal/lexer/lexer.go:333.19,336.16 2 1
github.com/wolflang/wolf/internal/lexer/lexer.go:336.16,338.20 1 1
github.com/wolflang/wolf/internal/lexer/lexer.go:338.20,341.5 2 0
github.com/wolflang/wolf/internal/lexer/lexer.go:342.4,348.10 3 1
github.com/wolflang/wolf/internal/lexer/lexer.go:351.3,351.17 1 1
github.com/wolflang/wolf/internal/lexer/lexer.go:351.17,353.19 2 0
github.com/wolflang/wolf/internal/lexer/lexer.go:353.19,356.5 2 0
github.com/wolflang/wolf/internal/lexer/lexer.go:357.4,358.19 2 0
github.com/wolflang/wolf/internal/lexer/lexer.go:359.13,360.23 1 0
github.com/wolflang/wolf/internal/lexer/lexer.go:361.13,362.23 1 0
github.com/wolflang/wolf/internal/lexer/lexer.go:363.13,364.23 1 0
github.com/wolflang/wolf/internal/lexer/lexer.go:365.14,366.23 1 0
github.com/wolflang/wolf/internal/lexer/lexer.go:367.13,368.22 1 0
github.com/wolflang/wolf/internal/lexer/lexer.go:369.13,370.22 1 0
github.com/wolflang/wolf/internal/lexer/lexer.go:371.13,372.22 1 0
github.com/wolflang/wolf/internal/lexer/lexer.go:373.12,375.26 2 0
github.com/wolflang/wolf/internal/lexer/lexer.go:377.4,377.12 1 0
github.com/wolflang/wolf/internal/lexer/lexer.go:381.3,381.39 1 1
github.com/wolflang/wolf/internal/lexer/lexer.go:381.39,382.20 1 1
github.com/wolflang/wolf/internal/lexer/lexer.go:382.20,385.5 2 1
github.com/wolflang/wolf/internal/lexer/lexer.go:386.4,396.12 6 1
github.com/wolflang/wolf/internal/lexer/lexer.go:400.3,400.39 1 1
github.com/wolflang/wolf/internal/lexer/lexer.go:400.39,401.20 1 1
github.com/wolflang/wolf/internal/lexer/lexer.go:401.20,404.5 2 1
github.com/wolflang/wolf/internal/lexer/lexer.go:405.4,415.12 6 1
github.com/wolflang/wolf/internal/lexer/lexer.go:418.3,418.17 1 1
github.com/wolflang/wolf/internal/lexer/lexer.go:418.17,421.4 2 0
github.com/wolflang/wolf/internal/lexer/lexer.go:422.3,422.28 1 1
github.com/wolflang/wolf/internal/lexer/lexer.go:425.2,425.74 1 0
github.com/wolflang/wolf/internal/lexer/lexer.go:430.37,436.68 4 1
github.com/wolflang/wolf/internal/lexer/lexer.go:436.68,438.3 1 1
github.com/wolflang/wolf/internal/lexer/lexer.go:440.2,441.23 2 1
github.com/wolflang/wolf/internal/lexer/lexer.go:441.23,444.3 2 0
github.com/wolflang/wolf/internal/lexer/lexer.go:446.2,453.61 2 1
github.com/wolflang/wolf/internal/lexer/lexer.go:453.61,466.69 8 1
github.com/wolflang/wolf/internal/lexer/lexer.go:466.69,468.4 1 1
github.com/wolflang/wolf/internal/lexer/lexer.go:469.3,470.24 2 1
github.com/wolflang/wolf/internal/lexer/lexer.go:470.24,476.4 1 1
github.com/wolflang/wolf/internal/lexer/lexer.go:480.2,480.37 1 1
github.com/wolflang/wolf/internal/lexer/lexer.go:480.37,487.3 2 1
github.com/wolflang/wolf/internal/lexer/lexer.go:487.8,489.3 1 0
github.com/wolflang/wolf/internal/lexer/lexer.go:493.40,495.32 2 1
github.com/wolflang/wolf/internal/lexer/lexer.go:495.32,501.16 5 1
github.com/wolflang/wolf/internal/lexer/lexer.go:501.16,503.18 2 1
github.com/wolflang/wolf/internal/lexer/lexer.go:503.18,511.5 3 1
github.com/wolflang/wolf/internal/lexer/lexer.go:513.3,513.16 1 1
github.com/wolflang/wolf/internal/lexer/lexer.go:513.16,515.4 1 0
github.com/wolflang/wolf/internal/lexer/lexer.go:517.3,517.16 1 1
github.com/wolflang/wolf/internal/lexer/lexer.go:520.2,520.15 1 0
github.com/wolflang/wolf/internal/lexer/lexer.go:520.15,522.3 1 0
github.com/wolflang/wolf/internal/lexer/lexer.go:526.48,532.2 1 1
github.com/wolflang/wolf/internal/lexer/lexer.go:535.35,537.37 1 1
github.com/wolflang/wolf/internal/lexer/lexer.go:537.37,541.3 3 0
github.com/wolflang/wolf/internal/lexer/lexer.go:543.2,543.60 1 1
github.com/wolflang/wolf/internal/lexer/lexer.go:543.60,546.3 2 1
github.com/wolflang/wolf/internal/lexer/lexer.go:548.2,548.68 1 1
github.com/wolflang/wolf/internal/lexer/lexer.go:548.68,550.3 1 1
github.com/wolflang/wolf/internal/lexer/lexer.go:552.2,557.4 2 1
github.com/wolflang/wolf/internal/lexer/lexer.go:561.33,562.39 1 1
github.com/wolflang/wolf/internal/lexer/lexer.go:562.39,565.3 2 0
github.com/wolflang/wolf/internal/lexer/lexer.go:567.2,568.47 2 1
github.com/wolflang/wolf/internal/lexer/lexer.go:568.47,570.3 1 1
github.com/wolflang/wolf/internal/lexer/lexer.go:572.2,573.18 2 1
github.com/wolflang/wolf/internal/lexer/lexer.go:573.18,579.3 1 1
github.com/wolflang/wolf/internal/lexer/lexer.go:579.8,591.3 2 1
github.com/wolflang/wolf/internal/lexer/lexer.go:595.30,596.40 1 1
github.com/wolflang/wolf/internal/lexer/lexer.go:596.40,598.3 1 1
github.com/wolflang/wolf/internal/lexer/lexer.go:601.2,601.62 1 1
github.com/wolflang/wolf/internal/lexer/lexer.go:601.62,603.41 2 1
github.com/wolflang/wolf/internal/lexer/lexer.go:603.41,605.4 1 1
github.com/wolflang/wolf/internal/lexer/lexer.go:606.3,607.9 2 1
github.com/wolflang/wolf/internal/lexer/lexer.go:610.2,610.23 1 1
github.com/wolflang/wolf/internal/lexer/lexer.go:614.34,615.68 1 1
github.com/wolflang/wolf/internal/lexer/lexer.go:615.68,617.3 1 1
github.com/wolflang/wolf/internal/lexer/lexer.go:619.2,626.4 3 1
github.com/wolflang/wolf/internal/lexer/lexer.go:632.32,633.17 1 1
github.com/wolflang/wolf/internal/lexer/lexer.go:633.17,635.3 1 0
github.com/wolflang/wolf/internal/lexer/lexer.go:636.2,638.15 3 1
github.com/wolflang/wolf/internal/lexer/lexer.go:638.15,641.3 2 1
github.com/wolflang/wolf/internal/lexer/lexer.go:641.8,643.3 1 1
github.com/wolflang/wolf/internal/lexer/lexer.go:644.2,644.10 1 1
github.com/wolflang/wolf/internal/lexer/lexer.go:648.29,649.17 1 1
github.com/wolflang/wolf/internal/lexer/lexer.go:649.17,651.3 1 0
github.com/wolflang/wolf/internal/lexer/lexer.go:652.2,653.10 2 1
github.com/wolflang/wolf/internal/lexer/lexer.go:657.33,658.17 1 1
github.com/wolflang/wolf/internal/lexer/lexer.go:658.17,660.3 1 0
github.com/wolflang/wolf/internal/lexer/lexer.go:661.2,662.37 2 1
github.com/wolflang/wolf/internal/lexer/lexer.go:662.37,664.3 1 0
github.com/wolflang/wolf/internal/lexer/lexer.go:665.2,666.10 2 1
github.com/wolflang/wolf/internal/lexer/lexer.go:670.43,671.17 1 1
github.com/wolflang/wolf/internal/lexer/lexer.go:671.17,673.3 1 1
github.com/wolflang/wolf/internal/lexer/lexer.go:674.2,675.19 2 1
github.com/wolflang/wolf/internal/lexer/lexer.go:675.19,677.3 1 1
github.com/wolflang/wolf/internal/lexer/lexer.go:678.2,679.13 2 1
github.com/wolflang/wolf/internal/lexer/lexer.go:683.32,685.2 1 1
github.com/wolflang/wolf/internal/lexer/lexer.go:690.47,697.2 2 1
github.com/wolflang/wolf/internal/lexer/lexer.go:700.62,709.2 3 1
github.com/wolflang/wolf/internal/lexer/lexer.go:713.28,715.2 1 1
github.com/wolflang/wolf/internal/lexer/lexer.go:717.28,719.2 1 1
github.com/wolflang/wolf/internal/lexer/lexer.go:721.35,723.2 1 1
github.com/wolflang/wolf/internal/lexer/token.go:14.35,15.18 1 0
github.com/wolflang/wolf/internal/lexer/token.go:15.18,17.3 1 0
github.com/wolflang/wolf/internal/lexer/token.go:18.2,18.44 1 0
github.com/wolflang/wolf/internal/lexer/token.go:29.32,31.2 1 0
github.com/wolflang/wolf/internal/lexer/token_types.go:210.36,211.39 1 0
github.com/wolflang/wolf/internal/lexer/token_types.go:211.39,213.3 1 0
github.com/wolflang/wolf/internal/lexer/token_types.go:214.2,214.18 1 0
github.com/wolflang/wolf/internal/lexer/token_types.go:253.42,254.36 1 1
github.com/wolflang/wolf/internal/lexer/token_types.go:254.36,256.3 1 1
github.com/wolflang/wolf/internal/lexer/token_types.go:257.2,257.20 1 1
github.com/wolflang/wolf/internal/emitter/go_emitter.go:19.32,21.2 1 1
github.com/wolflang/wolf/internal/emitter/go_emitter.go:24.54,32.30 4 1
github.com/wolflang/wolf/internal/emitter/go_emitter.go:32.30,33.32 1 1
github.com/wolflang/wolf/internal/emitter/go_emitter.go:33.32,35.4 1 1
github.com/wolflang/wolf/internal/emitter/go_emitter.go:35.9,38.40 3 1
github.com/wolflang/wolf/internal/emitter/go_emitter.go:38.40,40.5 1 1
github.com/wolflang/wolf/internal/emitter/go_emitter.go:41.4,42.18 2 1
github.com/wolflang/wolf/internal/emitter/go_emitter.go:44.3,44.16 1 1
github.com/wolflang/wolf/internal/emitter/go_emitter.go:48.2,48.38 1 1
github.com/wolflang/wolf/internal/emitter/go_emitter.go:48.38,50.3 1 1
github.com/wolflang/wolf/internal/emitter/go_emitter.go:53.2,53.39 1 1
github.com/wolflang/wolf/internal/emitter/go_emitter.go:53.39,56.3 2 1
github.com/wolflang/wolf/internal/emitter/go_emitter.go:59.2,59.32 1 1
github.com/wolflang/wolf/internal/emitter/go_emitter.go:59.32,62.42 3 1
github.com/wolflang/wolf/internal/emitter/go_emitter.go:62.42,64.4 1 1
github.com/wolflang/wolf/internal/emitter/go_emitter.go:65.3,66.17 2 1
github.com/wolflang/wolf/internal/emitter/go_emitter.go:69.2,69.23 1 1
github.com/wolflang/wolf/internal/emitter/go_emitter.go:74.46,78.35 3 1
github.com/wolflang/wolf/internal/emitter/go_emitter.go:78.35,81.3 2 1
github.com/wolflang/wolf/internal/emitter/go_emitter.go:82.2,87.28 4 1
github.com/wolflang/wolf/internal/emitter/go_emitter.go:87.28,90.3 2 0
github.com/wolflang/wolf/internal/emitter/go_emitter.go:93.2,93.37 1 1
github.com/wolflang/wolf/internal/emitter/go_emitter.go:93.37,96.3 2 1
github.com/wolflang/wolf/internal/emitter/go_emitter.go:99.72,105.31 5 0
github.com/wolflang/wolf/internal/emitter/go_emitter.go:105.31,107.3 1 0
github.com/wolflang/wolf/internal/emitter/go_emitter.go:108.2,110.16 3 0
github.com/wolflang/wolf/internal/emitter/go_emitter.go:113.67,118.31 5 1
github.com/wolflang/wolf/internal/emitter/go_emitter.go:118.31,120.3 1 1
github.com/wolflang/wolf/internal/emitter/go_emitter.go:121.2,122.16 2 1
github.com/wolflang/wolf/internal/emitter/go_emitter.go:127.51,132.31 5 1
github.com/wolflang/wolf/internal/emitter/go_emitter.go:132.31,134.3 1 1
github.com/wolflang/wolf/internal/emitter/go_emitter.go:135.2,136.16 2 1
github.com/wolflang/wolf/internal/emitter/go_emitter.go:141.44,142.26 1 1
github.com/wolflang/wolf/internal/emitter/go_emitter.go:143.23,144.19 1 1
github.com/wolflang/wolf/internal/emitter/go_emitter.go:145.22,146.18 1 1
github.com/wolflang/wolf/internal/emitter/go_emitter.go:147.20,148.41 1 1
github.com/wolflang/wolf/internal/emitter/go_emitter.go:149.22,150.18 1 1
github.com/wolflang/wolf/internal/emitter/go_emitter.go:151.18,152.14 1 1
github.com/wolflang/wolf/internal/emitter/go_emitter.go:153.19,154.15 1 1
github.com/wolflang/wolf/internal/emitter/go_emitter.go:155.21,156.17 1 1
github.com/wolflang/wolf/internal/emitter/go_emitter.go:157.22,158.18 1 1
github.com/wolflang/wolf/internal/emitter/go_emitter.go:159.21,160.33 1 1
github.com/wolflang/wolf/internal/emitter/go_emitter.go:160.33,162.4 1 1
github.com/wolflang/wolf/internal/emitter/go_emitter.go:163.18,166.32 3 1
github.com/wolflang/wolf/internal/emitter/go_emitter.go:166.32,168.4 1 1
github.com/wolflang/wolf/internal/emitter/go_emitter.go:169.3,170.19 2 1
github.com/wolflang/wolf/internal/emitter/go_emitter.go:171.19,172.26 1 0
github.com/wolflang/wolf/internal/emitter/go_emitter.go:176.52,177.20 1 1
github.com/wolflang/wolf/internal/emitter/go_emitter.go:177.20,178.19 1 1
github.com/wolflang/wolf/internal/emitter/go_emitter.go:178.19,180.4 1 1
github.com/wolflang/wolf/internal/emitter/go_emitter.go:180.9,182.4 1 0
github.com/wolflang/wolf/internal/emitter/go_emitter.go:183.8,184.19 1 0
github.com/wolflang/wolf/internal/emitter/go_emitter.go:184.19,186.4 1 0
github.com/wolflang/wolf/internal/emitter/go_emitter.go:186.9,188.4 1 0
github.com/wolflang/wolf/internal/emitter/go_emitter.go:192.50,195.18 3 1
github.com/wolflang/wolf/internal/emitter/go_emitter.go:195.18,197.3 1 1
github.com/wolflang/wolf/internal/emitter/go_emitter.go:197.8,199.3 1 1
github.com/wolflang/wolf/internal/emitter/go_emitter.go:202.50,203.24 1 1
github.com/wolflang/wolf/internal/emitter/go_emitter.go:203.24,205.3 1 0
github.com/wolflang/wolf/internal/emitter/go_emitter.go:205.8,207.30 2 1
github.com/wolflang/wolf/internal/emitter/go_emitter.go:207.30,209.4 1 1
github.com/wolflang/wolf/internal/emitter/go_emitter.go:210.3,210.51 1 1
github.com/wolflang/wolf/internal/emitter/go_emitter.go:214.42,217.30 3 1
github.com/wolflang/wolf/internal/emitter/go_emitter.go:217.30,219.3 1 1
github.com/wolflang/wolf/internal/emitter/go_emitter.go:220.2,222.33 2 1
github.com/wolflang/wolf/internal/emitter/go_emitter.go:222.33,225.34 3 0
github.com/wolflang/wolf/internal/emitter/go_emitter.go:225.34,227.4 1 0
github.com/wolflang/wolf/internal/emitter/go_emitter.go:228.3,228.13 1 0
github.com/wolflang/wolf/internal/emitter/go_emitter.go:231.2,231.25 1 1
github.com/wolflang/wolf/internal/emitter/go_emitter.go:231.25,234.35 3 1
github.com/wolflang/wolf/internal/emitter/go_emitter.go:234.35,236.4 1 1
github.com/wolflang/wolf/internal/emitter/go_emitter.go:237.3,237.13 1 1
github.com/wolflang/wolf/internal/emitter/go_emitter.go:240.2,240.16 1 1
github.com/wolflang/wolf/internal/emitter/go_emitter.go:243.44,244.38 1 1
github.com/wolflang/wolf/internal/emitter/go_emitter.go:244.38,247.3 1 0
github.com/wolflang/wolf/internal/emitter/go_emitter.go:247.8,252.3 3 1
github.com/wolflang/wolf/internal/emitter/go_emitter.go:253.2,254.30 2 1
github.com/wolflang/wolf/internal/emitter/go_emitter.go:254.30,256.3 1 1
github.com/wolflang/wolf/internal/emitter/go_emitter.go:257.2,258.16 2 1
github.com/wolflang/wolf/internal/emitter/go_emitter.go:261.48,264.30 3 1
github.com/wolflang/wolf/internal/emitter/go_emitter.go:264.30,266.3 1 1
github.com/wolflang/wolf/internal/emitter/go_emitter.go:267.2,268.16 2 1
github.com/wolflang/wolf/internal/emitter/go_emitter.go:271.50,273.28 2 1
github.com/wolflang/wolf/internal/emitter/go_emitter.go:273.28,276.31 3 1
github.com/wolflang/wolf/internal/emitter/go_emitter.go:276.31,278.4 1 1
github.com/wolflang/wolf/internal/emitter/go_emitter.go:279.3,279.13 1 1
github.com/wolflang/wolf/internal/emitter/go_emitter.go:281.2,281.24 1 1
github.com/wolflang/wolf/internal/emitter/go_emitter.go:281.24,284.34 3 0
github.com/wolflang/wolf/internal/emitter/go_emitter.go:284.34,286.4 1 0
github.com/wolflang/wolf/internal/emitter/go_emitter.go:287.3,287.13 1 0
github.com/wolflang/wolf/internal/emitter/go_emitter.go:289.2,289.16 1 1
github.com/wolflang/wolf/internal/emitter/go_emitter.go:294.54,295.17 1 1
github.com/wolflang/wolf/internal/emitter/go_emitter.go:295.17,297.3 1 0
github.com/wolflang/wolf/internal/emitter/go_emitter.go:299.2,299.26 1 1
github.com/wolflang/wolf/internal/emitter/go_emitter.go:300.17,301.16 1 1
github.com/wolflang/wolf/internal/emitter/go_emitter.go:303.18,304.17 1 1
github.com/wolflang/wolf/internal/emitter/go_emitter.go:306.20,307.17 1 0
github.com/wolflang/wolf/internal/emitter/go_emitter.go:309.21,310.36 1 1
github.com/wolflang/wolf/internal/emitter/go_emitter.go:312.19,313.14 1 0
github.com/wolflang/wolf/internal/emitter/go_emitter.go:313.14,315.4 1 0
github.com/wolflang/wolf/internal/emitter/go_emitter.go:316.3,316.17 1 0
github.com/wolflang/wolf/internal/emitter/go_emitter.go:318.18,319.15 1 0
github.com/wolflang/wolf/internal/emitter/go_emitter.go:321.22,322.88 1 1
github.com/wolflang/wolf/internal/emitter/go_emitter.go:324.21,325.61 1 0
github.com/wolflang/wolf/internal/emitter/go_emitter.go:327.23,328.61 1 1
github.com/wolflang/wolf/internal/emitter/go_emitter.go:330.20,332.28 2 1
github.com/wolflang/wolf/internal/emitter/go_emitter.go:332.28,334.4 1 1
github.com/wolflang/wolf/internal/emitter/go_emitter.go:335.3,335.82 1 1
github.com/wolflang/wolf/internal/emitter/go_emitter.go:337.23,338.64 1 0
github.com/wolflang/wolf/internal/emitter/go_emitter.go:340.26,342.28 2 0
github.com/wolflang/wolf/internal/emitter/go_emitter.go:342.28,344.4 1 0
github.com/wolflang/wolf/internal/emitter/go_emitter.go:345.3,345.95 1 0
github.com/wolflang/wolf/internal/emitter/go_emitter.go:347.21,348.80 1 0
github.com/wolflang/wolf/internal/emitter/go_emitter.go:350.20,352.33 2 1
github.com/wolflang/wolf/internal/emitter/go_emitter.go:352.33,354.4 1 1
github.com/wolflang/wolf/internal/emitter/go_emitter.go:355.3,355.72 1 1
github.com/wolflang/wolf/internal/emitter/go_emitter.go:357.18,359.25 2 1
github.com/wolflang/wolf/internal/emitter/go_emitter.go:359.25,362.4 1 1
github.com/wolflang/wolf/internal/emitter/go_emitter.go:363.3,363.91 1 1
github.com/wolflang/wolf/internal/emitter/go_emitter.go:365.21,367.30 2 0
github.com/wolflang/wolf/internal/emitter/go_emitter.go:367.30,369.4 1 0
github.com/wolflang/wolf/internal/emitter/go_emitter.go:370.3,370.71 1 0
github.com/wolflang/wolf/internal/emitter/go_emitter.go:372.19,376.70 3 0
github.com/wolflang/wolf/internal/emitter/go_emitter.go:378.22,380.28 2 1
github.com/wolflang/wolf/internal/emitter/go_emitter.go:380.28,382.4 1 1
github.com/wolflang/wolf/internal/emitter/go_emitter.go:383.3,384.69 2 1
github.com/wolflang/wolf/internal/emitter/go_emitter.go:386.20,388.21 2 1
github.com/wolflang/wolf/internal/emitter/go_emitter.go:388.21,390.4 1 0
github.com/wolflang/wolf/internal/emitter/go_emitter.go:391.3,391.48 1 1
github.com/wolflang/wolf/internal/emitter/go_emitter.go:393.20,394.83 1 0
github.com/wolflang/wolf/internal/emitter/go_emitter.go:396.20,397.55 1 0
github.com/wolflang/wolf/internal/emitter/go_emitter.go:399.24,400.81 1 0
github.com/wolflang/wolf/internal/emitter/go_emitter.go:402.20,403.65 1 1
github.com/wolflang/wolf/internal/emitter/go_emitter.go:405.10,406.34 1 0
github.com/wolflang/wolf/internal/emitter/go_emitter.go:411.57,412.17 1 1
github.com/wolflang/wolf/internal/emitter/go_emitter.go:412.17,414.3 1 0
github.com/wolflang/wolf/internal/emitter/go_emitter.go:415.2,415.26 1 1
github.com/wolflang/wolf/internal/emitter/go_emitter.go:416.22,417.88 1 1
github.com/wolflang/wolf/internal/emitter/go_emitter.go:418.20,419.31 1 1
github.com/wolflang/wolf/internal/emitter/go_emitter.go:420.23,421.21 1 0
github.com/wolflang/wolf/internal/emitter/go_emitter.go:421.21,423.4 1 0
github.com/wolflang/wolf/internal/emitter/go_emitter.go:424.3,424.50 1 0
github.com/wolflang/wolf/internal/emitter/go_emitter.go:425.10,426.12 1 0
github.com/wolflang/wolf/internal/emitter/go_emitter.go:432.61,434.27 2 1
github.com/wolflang/wolf/internal/emitter/go_emitter.go:434.27,435.19 1 1
github.com/wolflang/wolf/internal/emitter/go_emitter.go:435.19,437.4 1 1
github.com/wolflang/wolf/internal/emitter/go_emitter.go:437.9,439.4 1 0
github.com/wolflang/wolf/internal/emitter/go_emitter.go:441.2,441.34 1 1
github.com/wolflang/wolf/internal/emitter/go_emitter.go:444.58,445.21 1 1
github.com/wolflang/wolf/internal/emitter/go_emitter.go:445.21,447.3 1 1
github.com/wolflang/wolf/internal/emitter/go_emitter.go:448.2,448.21 1 1
github.com/wolflang/wolf/internal/emitter/go_emitter.go:448.21,450.3 1 1
github.com/wolflang/wolf/internal/emitter/go_emitter.go:451.2,451.47 1 0
github.com/wolflang/wolf/internal/emitter/go_emitter.go:454.65,456.32 2 1
github.com/wolflang/wolf/internal/emitter/go_emitter.go:456.32,458.3 1 1
github.com/wolflang/wolf/internal/emitter/go_emitter.go:459.2,460.25 2 1
github.com/wolflang/wolf/internal/emitter/ir_emitter.go:18.45,24.2 1 1
github.com/wolflang/wolf/internal/emitter/ir_emitter.go:27.63,32.42 2 1
github.com/wolflang/wolf/internal/emitter/ir_emitter.go:32.42,33.27 1 1
github.com/wolflang/wolf/internal/emitter/ir_emitter.go:34.25,35.24 1 1
github.com/wolflang/wolf/internal/emitter/ir_emitter.go:35.24,38.5 2 0
github.com/wolflang/wolf/internal/emitter/ir_emitter.go:38.10,41.5 2 1
github.com/wolflang/wolf/internal/emitter/ir_emitter.go:42.26,44.48 2 1
github.com/wolflang/wolf/internal/emitter/ir_emitter.go:45.11,47.21 2 1
github.com/wolflang/wolf/internal/emitter/ir_emitter.go:47.21,49.5 1 1
github.com/wolflang/wolf/internal/emitter/ir_emitter.go:54.2,54.29 1 1
github.com/wolflang/wolf/internal/emitter/ir_emitter.go:54.29,56.3 1 1
github.com/wolflang/wolf/internal/emitter/ir_emitter.go:58.2,58.15 1 1
github.com/wolflang/wolf/internal/emitter/ir_emitter.go:63.61,64.26 1 1
github.com/wolflang/wolf/internal/emitter/ir_emitter.go:65.30,66.27 1 1
github.com/wolflang/wolf/internal/emitter/ir_emitter.go:67.23,68.26 1 1
github.com/wolflang/wolf/internal/emitter/ir_emitter.go:69.26,70.29 1 1
github.com/wolflang/wolf/internal/emitter/ir_emitter.go:71.26,72.29 1 1
github.com/wolflang/wolf/internal/emitter/ir_emitter.go:73.22,74.25 1 1
github.com/wolflang/wolf/internal/emitter/ir_emitter.go:75.23,76.26 1 1
github.com/wolflang/wolf/internal/emitter/ir_emitter.go:77.27,78.30 1 1
github.com/wolflang/wolf/internal/emitter/ir_emitter.go:79.25,80.28 1 0
github.com/wolflang/wolf/internal/emitter/ir_emitter.go:81.25,82.28 1 1
github.com/wolflang/wolf/internal/emitter/ir_emitter.go:83.28,84.27 1 0
github.com/wolflang/wolf/internal/emitter/ir_emitter.go:85.28,86.27 1 1
github.com/wolflang/wolf/internal/emitter/ir_emitter.go:87.33,88.30 1 0
github.com/wolflang/wolf/internal/emitter/ir_emitter.go:89.25,90.24 1 0
github.com/wolflang/wolf/internal/emitter/ir_emitter.go:91.10,92.13 1 0
github.com/wolflang/wolf/internal/emitter/ir_emitter.go:96.68,98.48 1 1
github.com/wolflang/wolf/internal/emitter/ir_emitter.go:98.48,99.92 1 1
github.com/wolflang/wolf/internal/emitter/ir_emitter.go:99.92,105.17 3 1
github.com/wolflang/wolf/internal/emitter/ir_emitter.go:105.17,106.44 1 1
github.com/wolflang/wolf/internal/emitter/ir_emitter.go:106.44,107.33 1 1
github.com/wolflang/wolf/internal/emitter/ir_emitter.go:107.33,110.7 2 1
github.com/wolflang/wolf/internal/emitter/ir_emitter.go:114.4,118.5 1 1
github.com/wolflang/wolf/internal/emitter/ir_emitter.go:121.2,121.47 1 1
github.com/wolflang/wolf/internal/emitter/ir_emitter.go:124.60,129.20 4 1
github.com/wolflang/wolf/internal/emitter/ir_emitter.go:129.20,131.3 1 1
github.com/wolflang/wolf/internal/emitter/ir_emitter.go:133.2,137.3 1 1
github.com/wolflang/wolf/internal/emitter/ir_emitter.go:140.66,145.15 3 1
github.com/wolflang/wolf/internal/emitter/ir_emitter.go:145.15,146.42 1 1
github.com/wolflang/wolf/internal/emitter/ir_emitter.go:146.42,147.31 1 1
github.com/wolflang/wolf/internal/emitter/ir_emitter.go:147.31,150.5 2 1
github.com/wolflang/wolf/internal/emitter/ir_emitter.go:154.2,158.3 1 1
github.com/wolflang/wolf/internal/emitter/ir_emitter.go:161.66,163.29 2 1
github.com/wolflang/wolf/internal/emitter/ir_emitter.go:163.29,165.3 1 1
github.com/wolflang/wolf/internal/emitter/ir_emitter.go:166.2,166.39 1 1
github.com/wolflang/wolf/internal/emitter/ir_emitter.go:169.58,175.32 2 1
github.com/wolflang/wolf/internal/emitter/ir_emitter.go:175.32,180.3 1 0
github.com/wolflang/wolf/internal/emitter/ir_emitter.go:182.2,182.23 1 1
github.com/wolflang/wolf/internal/emitter/ir_emitter.go:182.23,184.3 1 1
github.com/wolflang/wolf/internal/emitter/ir_emitter.go:186.2,186.15 1 1
github.com/wolflang/wolf/internal/emitter/ir_emitter.go:189.60,196.2 1 1
github.com/wolflang/wolf/internal/emitter/ir_emitter.go:198.68,200.20 2 1
github.com/wolflang/wolf/internal/emitter/ir_emitter.go:200.20,202.3 1 0
github.com/wolflang/wolf/internal/emitter/ir_emitter.go:203.2,210.3 2 1
github.com/wolflang/wolf/internal/emitter/ir_emitter.go:213.64,221.2 1 0
github.com/wolflang/wolf/internal/emitter/ir_emitter.go:223.64,228.29 2 1
github.com/wolflang/wolf/internal/emitter/ir_emitter.go:228.29,229.58 1 1
github.com/wolflang/wolf/internal/emitter/ir_emitter.go:229.58,231.4 1 1
github.com/wolflang/wolf/internal/emitter/ir_emitter.go:231.9,237.4 2 1
github.com/wolflang/wolf/internal/emitter/ir_emitter.go:240.2,240.15 1 1
github.com/wolflang/wolf/internal/emitter/ir_emitter.go:243.66,249.22 3 0
github.com/wolflang/wolf/internal/emitter/ir_emitter.go:249.22,251.3 1 0
github.com/wolflang/wolf/internal/emitter/ir_emitter.go:254.2,259.36 3 0
github.com/wolflang/wolf/internal/emitter/ir_emitter.go:262.66,265.41 2 1
github.com/wolflang/wolf/internal/emitter/ir_emitter.go:265.41,269.3 1 1
github.com/wolflang/wolf/internal/emitter/ir_emitter.go:270.2,270.38 1 1
github.com/wolflang/wolf/internal/emitter/ir_emitter.go:273.74,277.28 2 0
github.com/wolflang/wolf/internal/emitter/ir_emitter.go:277.28,279.3 1 0
github.com/wolflang/wolf/internal/emitter/ir_emitter.go:280.2,285.3 2 0
github.com/wolflang/wolf/internal/emitter/ir_emitter.go:288.60,290.2 1 0
github.com/wolflang/wolf/internal/emitter/ir_emitter.go:294.67,299.29 2 1
github.com/wolflang/wolf/internal/emitter/ir_emitter.go:299.29,302.19 3 1
github.com/wolflang/wolf/internal/emitter/ir_emitter.go:302.19,304.4 1 1
github.com/wolflang/wolf/internal/emitter/ir_emitter.go:305.3,305.71 1 1
github.com/wolflang/wolf/internal/emitter/ir_emitter.go:308.2,308.25 1 1
github.com/wolflang/wolf/internal/emitter/ir_emitter.go:308.25,309.41 1 1
github.com/wolflang/wolf/internal/emitter/ir_emitter.go:309.41,311.4 1 1
github.com/wolflang/wolf/internal/emitter/ir_emitter.go:314.2,314.19 1 1
github.com/wolflang/wolf/internal/emitter/ir_emitter.go:314.19,316.3 1 1
github.com/wolflang/wolf/internal/emitter/ir_emitter.go:318.2,318.24 1 1
github.com/wolflang/wolf/internal/emitter/ir_emitter.go:318.24,322.3 1 0
github.com/wolflang/wolf/internal/emitter/ir_emitter.go:324.2,324.11 1 1
github.com/wolflang/wolf/internal/emitter/ir_emitter.go:327.62,332.36 2 1
github.com/wolflang/wolf/internal/emitter/ir_emitter.go:332.36,334.19 2 1
github.com/wolflang/wolf/internal/emitter/ir_emitter.go:334.19,336.4 1 0
github.com/wolflang/wolf/internal/emitter/ir_emitter.go:337.3,338.26 2 1
github.com/wolflang/wolf/internal/emitter/ir_emitter.go:338.26,340.4 1 0
github.com/wolflang/wolf/internal/emitter/ir_emitter.go:341.3,346.5 1 1
github.com/wolflang/wolf/internal/emitter/ir_emitter.go:349.2,349.35 1 1
github.com/wolflang/wolf/internal/emitter/ir_emitter.go:349.35,353.35 4 1
github.com/wolflang/wolf/internal/emitter/ir_emitter.go:353.35,357.4 3 1
github.com/wolflang/wolf/internal/emitter/ir_emitter.go:357.9,359.4 1 1
github.com/wolflang/wolf/internal/emitter/ir_emitter.go:362.2,362.12 1 1
github.com/wolflang/wolf/internal/emitter/ir_emitter.go:367.62,368.17 1 1
github.com/wolflang/wolf/internal/emitter/ir_emitter.go:368.17,370.3 1 0
github.com/wolflang/wolf/internal/emitter/ir_emitter.go:372.2,372.27 1 1
github.com/wolflang/wolf/internal/emitter/ir_emitter.go:373.27,374.51 1 1
github.com/wolflang/wolf/internal/emitter/ir_emitter.go:376.26,377.34 1 0
github.com/wolflang/wolf/internal/emitter/ir_emitter.go:379.26,380.37 1 1
github.com/wolflang/wolf/internal/emitter/ir_emitter.go:382.28,383.39 1 0
github.com/wolflang/wolf/internal/emitter/ir_emitter.go:385.29,386.40 1 1
github.com/wolflang/wolf/internal/emitter/ir_emitter.go:388.27,389.38 1 0
github.com/wolflang/wolf/internal/emitter/ir_emitter.go:391.26,392.22 1 0
github.com/wolflang/wolf/internal/emitter/ir_emitter.go:394.34,395.38 1 1
github.com/wolflang/wolf/internal/emitter/ir_emitter.go:397.26,402.4 1 1
github.com/wolflang/wolf/internal/emitter/ir_emitter.go:404.25,405.67 1 0
github.com/wolflang/wolf/internal/emitter/ir_emitter.go:407.27,408.69 1 1
github.com/wolflang/wolf/internal/emitter/ir_emitter.go:410.24,412.29 2 0
github.com/wolflang/wolf/internal/emitter/ir_emitter.go:412.29,414.4 1 0
github.com/wolflang/wolf/internal/emitter/ir_emitter.go:416.3,416.35 1 0
github.com/wolflang/wolf/internal/emitter/ir_emitter.go:416.35,418.4 1 0
github.com/wolflang/wolf/internal/emitter/ir_emitter.go:419.3,419.65 1 0
github.com/wolflang/wolf/internal/emitter/ir_emitter.go:421.30,425.4 1 1
github.com/wolflang/wolf/internal/emitter/ir_emitter.go:427.26,429.29 2 0
github.com/wolflang/wolf/internal/emitter/ir_emitter.go:429.29,431.4 1 0
github.com/wolflang/wolf/internal/emitter/ir_emitter.go:432.3,436.4 1 0
github.com/wolflang/wolf/internal/emitter/ir_emitter.go:438.26,440.29 2 0
github.com/wolflang/wolf/internal/emitter/ir_emitter.go:440.29,442.4 1 0
github.com/wolflang/wolf/internal/emitter/ir_emitter.go:443.3,447.50 2 0
github.com/wolflang/wolf/internal/emitter/ir_emitter.go:449.25,453.4 1 0
github.com/wolflang/wolf/internal/emitter/ir_emitter.go:455.28,457.36 2 1
github.com/wolflang/wolf/internal/emitter/ir_emitter.go:457.36,459.4 1 1
github.com/wolflang/wolf/internal/emitter/ir_emitter.go:460.3,460.64 1 1
github.com/wolflang/wolf/internal/emitter/ir_emitter.go:462.26,464.26 2 1
github.com/wolflang/wolf/internal/emitter/ir_emitter.go:464.26,467.4 2 1
github.com/wolflang/wolf/internal/emitter/ir_emitter.go:468.3,471.4 1 1
github.com/wolflang/wolf/internal/emitter/ir_emitter.go:473.23,475.29 2 1
github.com/wolflang/wolf/internal/emitter/ir_emitter.go:475.29,477.4 1 1
github.com/wolflang/wolf/internal/emitter/ir_emitter.go:478.3,481.4 1 1
github.com/wolflang/wolf/internal/emitter/ir_emitter.go:483.27,485.31 2 0
github.com/wolflang/wolf/internal/emitter/ir_emitter.go:485.31,487.20 2 0
github.com/wolflang/wolf/internal/emitter/ir_emitter.go:487.20,489.5 1 0
github.com/wolflang/wolf/internal/emitter/ir_emitter.go:490.4,490.89 1 0
github.com/wolflang/wolf/internal/emitter/ir_emitter.go:492.3,492.21 1 0
github.com/wolflang/wolf/internal/emitter/ir_emitter.go:492.21,494.4 1 0
github.com/wolflang/wolf/internal/emitter/ir_emitter.go:495.3,495.26 1 0
github.com/wolflang/wolf/internal/emitter/ir_emitter.go:495.26,497.4 1 0
github.com/wolflang/wolf/internal/emitter/ir_emitter.go:498.3,498.12 1 0
github.com/wolflang/wolf/internal/emitter/ir_emitter.go:500.25,504.4 1 0
github.com/wolflang/wolf/internal/emitter/ir_emitter.go:506.25,508.52 1 0
github.com/wolflang/wolf/internal/emitter/ir_emitter.go:510.27,511.61 1 1
github.com/wolflang/wolf/internal/emitter/ir_emitter.go:513.24,514.84 1 0
github.com/wolflang/wolf/internal/emitter/ir_emitter.go:516.27,517.55 1 0
github.com/wolflang/wolf/internal/emitter/ir_emitter.go:519.25,521.55 2 1
github.com/wolflang/wolf/internal/emitter/ir_emitter.go:523.25,528.4 2 1
github.com/wolflang/wolf/internal/emitter/ir_emitter.go:530.28,534.4 1 0
github.com/wolflang/wolf/internal/emitter/ir_emitter.go:536.24,537.30 1 0
github.com/wolflang/wolf/internal/emitter/ir_emitter.go:539.10,540.22 1 0
github.com/wolflang/wolf/internal/emitter/ir_emitter.go:544.82,550.31 4 1
github.com/wolflang/wolf/internal/emitter/ir_emitter.go:550.31,551.27 1 1
github.com/wolflang/wolf/internal/emitter/ir_emitter.go:552.30,553.21 1 1
github.com/wolflang/wolf/internal/emitter/ir_emitter.go:554.11,556.41 2 1
github.com/wolflang/wolf/internal/emitter/ir_emitter.go:560.2,560.51 1 1
github.com/wolflang/wolf/internal/emitter/ir_emitter.go:565.67,567.26 2 1
github.com/wolflang/wolf/internal/emitter/ir_emitter.go:567.26,569.20 2 1
github.com/wolflang/wolf/internal/emitter/ir_emitter.go:569.20,571.4 1 1
github.com/wolflang/wolf/internal/emitter/ir_emitter.go:573.2,573.15 1 1
github.com/wolflang/wolf/internal/emitter/ir_emitter.go:576.76,578.2 1 1
github.com/wolflang/wolf/internal/emitter/ir_emitter.go:580.59,581.55 1 1
github.com/wolflang/wolf/internal/emitter/ir_emitter.go:581.55,582.40 1 1
github.com/wolflang/wolf/internal/emitter/ir_emitter.go:582.40,584.4 1 1
github.com/wolflang/wolf/internal/emitter/ir_emitter.go:586.2,586.30 1 0
github.com/wolflang/wolf/internal/emitter/ir_emitter.go:589.38,590.37 1 0
github.com/wolflang/wolf/internal/emitter/ir_emitter.go:590.37,592.3 1 0
github.com/wolflang/wolf/internal/emitter/ir_emitter.go:593.2,593.13 1 0
github.com/wolflang/wolf/internal/emitter/ir_emitter.go:596.58,597.18 1 1
github.com/wolflang/wolf/internal/emitter/ir_emitter.go:598.13,599.15 1 1
github.com/wolflang/wolf/internal/emitter/ir_emitter.go:600.26,601.19 1 0
github.com/wolflang/wolf/internal/emitter/ir_emitter.go:602.16,603.18 1 1
github.com/wolflang/wolf/internal/emitter/ir_emitter.go:604.14,605.16 1 0
github.com/wolflang/wolf/internal/emitter/ir_emitter.go:606.15,607.17 1 0
github.com/wolflang/wolf/internal/emitter/ir_emitter.go:608.17,609.12 1 1
github.com/wolflang/wolf/internal/emitter/ir_emitter.go:610.10,611.18 1 0
github.com/wolflang/wolf/internal/emitter/ir_emitter.go:615.39,617.26 2 0
github.com/wolflang/wolf/internal/emitter/ir_emitter.go:617.26,618.12 1 0
github.com/wolflang/wolf/internal/emitter/ir_emitter.go:618.12,620.4 1 0
github.com/wolflang/wolf/internal/emitter/ir_emitter.go:621.3,621.14 1 0
github.com/wolflang/wolf/internal/emitter/ir_emitter.go:623.2,623.15 1 0
github.com/wolflang/wolf/internal/ir/ir_nodes.go:61.31,61.32 0 0
github.com/wolflang/wolf/internal/ir/ir_nodes.go:70.30,70.31 0 0
github.com/wolflang/wolf/internal/ir/ir_nodes.go:77.28,77.29 0 0
github.com/wolflang/wolf/internal/ir/ir_nodes.go:84.30,84.31 0 0
github.com/wolflang/wolf/internal/ir/ir_nodes.go:94.26,94.27 0 0
github.com/wolflang/wolf/internal/ir/ir_nodes.go:110.27,110.28 0 0
github.com/wolflang/wolf/internal/ir/ir_nodes.go:120.29,120.30 0 0
github.com/wolflang/wolf/internal/ir/ir_nodes.go:129.30,129.31 0 0
github.com/wolflang/wolf/internal/ir/ir_nodes.go:142.29,142.30 0 0
github.com/wolflang/wolf/internal/ir/ir_nodes.go:149.26,149.27 0 0
github.com/wolflang/wolf/internal/ir/ir_nodes.go:156.29,156.30 0 0
github.com/wolflang/wolf/internal/ir/ir_nodes.go:163.27,163.28 0 0
github.com/wolflang/wolf/internal/ir/ir_nodes.go:177.25,177.26 0 0
github.com/wolflang/wolf/internal/ir/ir_nodes.go:184.26,184.27 0 0
github.com/wolflang/wolf/internal/ir/ir_nodes.go:191.28,191.29 0 0
github.com/wolflang/wolf/internal/ir/ir_nodes.go:198.29,198.30 0 0
github.com/wolflang/wolf/internal/ir/ir_nodes.go:205.27,205.28 0 0
github.com/wolflang/wolf/internal/ir/ir_nodes.go:210.26,210.27 0 0
github.com/wolflang/wolf/internal/ir/ir_nodes.go:219.30,219.31 0 0
github.com/wolflang/wolf/internal/ir/ir_nodes.go:227.29,227.30 0 0
github.com/wolflang/wolf/internal/ir/ir_nodes.go:235.28,235.29 0 0
github.com/wolflang/wolf/internal/ir/ir_nodes.go:243.31,243.32 0 0
github.com/wolflang/wolf/internal/ir/ir_nodes.go:252.34,252.35 0 0
github.com/wolflang/wolf/internal/ir/ir_nodes.go:260.29,260.30 0 0
github.com/wolflang/wolf/internal/ir/ir_nodes.go:268.28,268.29 0 0
github.com/wolflang/wolf/internal/ir/ir_nodes.go:278.26,278.27 0 0
github.com/wolflang/wolf/internal/ir/ir_nodes.go:286.29,286.30 0 0
github.com/wolflang/wolf/internal/ir/ir_nodes.go:295.27,295.28 0 0
github.com/wolflang/wolf/internal/ir/ir_nodes.go:303.30,303.31 0 0
github.com/wolflang/wolf/internal/ir/ir_nodes.go:310.28,310.29 0 0
github.com/wolflang/wolf/internal/ir/ir_nodes.go:318.28,318.29 0 0
github.com/wolflang/wolf/internal/ir/ir_nodes.go:325.28,325.29 0 0
github.com/wolflang/wolf/internal/ir/ir_nodes.go:333.31,333.32 0 0
github.com/wolflang/wolf/internal/ir/ir_nodes.go:341.32,341.33 0 0
github.com/wolflang/wolf/internal/ir/ir_nodes.go:348.28,348.29 0 0
github.com/wolflang/wolf/internal/ir/ir_nodes.go:61.31,61.32 0 0
github.com/wolflang/wolf/internal/ir/ir_nodes.go:70.30,70.31 0 0
github.com/wolflang/wolf/internal/ir/ir_nodes.go:77.28,77.29 0 0
github.com/wolflang/wolf/internal/ir/ir_nodes.go:84.30,84.31 0 0
github.com/wolflang/wolf/internal/ir/ir_nodes.go:94.26,94.27 0 0
github.com/wolflang/wolf/internal/ir/ir_nodes.go:110.27,110.28 0 0
github.com/wolflang/wolf/internal/ir/ir_nodes.go:120.29,120.30 0 0
github.com/wolflang/wolf/internal/ir/ir_nodes.go:129.30,129.31 0 0
github.com/wolflang/wolf/internal/ir/ir_nodes.go:142.29,142.30 0 0
github.com/wolflang/wolf/internal/ir/ir_nodes.go:149.26,149.27 0 0
github.com/wolflang/wolf/internal/ir/ir_nodes.go:156.29,156.30 0 0
github.com/wolflang/wolf/internal/ir/ir_nodes.go:163.27,163.28 0 0
github.com/wolflang/wolf/internal/ir/ir_nodes.go:177.25,177.26 0 0
github.com/wolflang/wolf/internal/ir/ir_nodes.go:184.26,184.27 0 0
github.com/wolflang/wolf/internal/ir/ir_nodes.go:191.28,191.29 0 0
github.com/wolflang/wolf/internal/ir/ir_nodes.go:198.29,198.30 0 0
github.com/wolflang/wolf/internal/ir/ir_nodes.go:205.27,205.28 0 0
github.com/wolflang/wolf/internal/ir/ir_nodes.go:210.26,210.27 0 0
github.com/wolflang/wolf/internal/ir/ir_nodes.go:219.30,219.31 0 0
github.com/wolflang/wolf/internal/ir/ir_nodes.go:227.29,227.30 0 0
github.com/wolflang/wolf/internal/ir/ir_nodes.go:235.28,235.29 0 0
github.com/wolflang/wolf/internal/ir/ir_nodes.go:243.31,243.32 0 0
github.com/wolflang/wolf/internal/ir/ir_nodes.go:252.34,252.35 0 0
github.com/wolflang/wolf/internal/ir/ir_nodes.go:260.29,260.30 0 0
github.com/wolflang/wolf/internal/ir/ir_nodes.go:268.28,268.29 0 0
github.com/wolflang/wolf/internal/ir/ir_nodes.go:278.26,278.27 0 0
github.com/wolflang/wolf/internal/ir/ir_nodes.go:286.29,286.30 0 0
github.com/wolflang/wolf/internal/ir/ir_nodes.go:295.27,295.28 0 0
github.com/wolflang/wolf/internal/ir/ir_nodes.go:303.30,303.31 0 0
github.com/wolflang/wolf/internal/ir/ir_nodes.go:310.28,310.29 0 0
github.com/wolflang/wolf/internal/ir/ir_nodes.go:318.28,318.29 0 0
github.com/wolflang/wolf/internal/ir/ir_nodes.go:325.28,325.29 0 0
github.com/wolflang/wolf/internal/ir/ir_nodes.go:333.31,333.32 0 0
github.com/wolflang/wolf/internal/ir/ir_nodes.go:341.32,341.33 0 0
github.com/wolflang/wolf/internal/ir/ir_nodes.go:348.28,348.29 0 0
github.com/wolflang/wolf/internal/mlbridge/bridge.go:44.20,48.2 1 1
github.com/wolflang/wolf/internal/mlbridge/bridge.go:51.31,55.19 3 1
github.com/wolflang/wolf/internal/mlbridge/bridge.go:55.19,57.3 1 0
github.com/wolflang/wolf/internal/mlbridge/bridge.go:60.2,61.16 2 1
github.com/wolflang/wolf/internal/mlbridge/bridge.go:61.16,63.3 1 0
github.com/wolflang/wolf/internal/mlbridge/bridge.go:64.2,66.12 3 1
github.com/wolflang/wolf/internal/mlbridge/bridge.go:70.35,77.2 5 1
github.com/wolflang/wolf/internal/mlbridge/bridge.go:80.39,82.2 1 1
github.com/wolflang/wolf/internal/mlbridge/bridge.go:85.38,87.2 1 1
github.com/wolflang/wolf/internal/mlbridge/bridge.go:91.111,92.20 1 1
github.com/wolflang/wolf/internal/mlbridge/bridge.go:92.20,93.34 1 0
github.com/wolflang/wolf/internal/mlbridge/bridge.go:93.34,95.4 1 0
github.com/wolflang/wolf/internal/mlbridge/bridge.go:98.2,113.22 5 1
github.com/wolflang/wolf/internal/mlbridge/bridge.go:113.22,116.31 3 0
github.com/wolflang/wolf/internal/mlbridge/bridge.go:116.31,117.39 1 0
github.com/wolflang/wolf/internal/mlbridge/bridge.go:117.39,119.10 2 0
github.com/wolflang/wolf/internal/mlbridge/bridge.go:124.2,125.16 2 1
github.com/wolflang/wolf/internal/mlbridge/bridge.go:125.16,128.3 2 1
github.com/wolflang/wolf/internal/mlbridge/bridge.go:131.2,132.20 2 1
github.com/wolflang/wolf/internal/mlbridge/bridge.go:132.20,136.51 2 1
github.com/wolflang/wolf/internal/mlbridge/bridge.go:136.51,138.74 2 1
github.com/wolflang/wolf/internal/mlbridge/bridge.go:138.74,140.5 1 0
github.com/wolflang/wolf/internal/mlbridge/bridge.go:142.4,142.22 1 1
github.com/wolflang/wolf/internal/mlbridge/bridge.go:142.22,144.5 1 0
github.com/wolflang/wolf/internal/mlbridge/bridge.go:145.9,148.4 1 1
github.com/wolflang/wolf/internal/mlbridge/bridge.go:151.2,151.20 1 1
github.com/wolflang/wolf/internal/mlbridge/bridge.go:155.114,157.12 2 1
github.com/wolflang/wolf/internal/mlbridge/bridge.go:157.12,160.3 2 1
github.com/wolflang/wolf/internal/mlbridge/bridge.go:161.2,161.11 1 1
github.com/wolflang/wolf/internal/mlbridge/bridge.go:165.63,169.41 3 1
github.com/wolflang/wolf/internal/mlbridge/bridge.go:169.41,171.3 1 1
github.com/wolflang/wolf/internal/mlbridge/bridge.go:173.2,178.19 3 1
github.com/wolflang/wolf/internal/mlbridge/bridge.go:182.61,187.2 4 1
github.com/wolflang/wolf/internal/mlbridge/bridge.go:190.43,192.2 1 0
github.com/wolflang/wolf/internal/mlbridge/bridge.go:197.104,203.21 3 1
github.com/wolflang/wolf/internal/mlbridge/bridge.go:203.21,206.25 3 1
github.com/wolflang/wolf/internal/mlbridge/bridge.go:206.25,208.4 1 1
github.com/wolflang/wolf/internal/mlbridge/bridge.go:212.2,217.22 4 1
github.com/wolflang/wolf/internal/mlbridge/bridge.go:217.22,219.29 2 1
github.com/wolflang/wolf/internal/mlbridge/bridge.go:219.29,222.37 2 1
github.com/wolflang/wolf/internal/mlbridge/bridge.go:222.37,224.5 1 1
github.com/wolflang/wolf/internal/mlbridge/bridge.go:225.4,225.141 1 1
github.com/wolflang/wolf/internal/mlbridge/bridge.go:227.3,227.85 1 1
github.com/wolflang/wolf/internal/mlbridge/bridge.go:230.2,230.20 1 1
github.com/wolflang/wolf/internal/mlbridge/bridge.go:234.35,236.34 2 1
github.com/wolflang/wolf/internal/mlbridge/bridge.go:236.34,238.17 2 1
github.com/wolflang/wolf/internal/mlbridge/bridge.go:238.17,242.63 3 1
github.com/wolflang/wolf/internal/mlbridge/bridge.go:242.63,244.5 1 1
github.com/wolflang/wolf/internal/mlbridge/bridge.go:247.2,247.84 1 0
github.com/wolflang/wolf/internal/resolver/resolver.go:30.37,35.2 1 1
github.com/wolflang/wolf/internal/resolver/resolver.go:38.52,40.2 1 1
github.com/wolflang/wolf/internal/resolver/resolver.go:43.54,44.39 1 1
github.com/wolflang/wolf/internal/resolver/resolver.go:44.39,46.3 1 1
github.com/wolflang/wolf/internal/resolver/resolver.go:47.2,47.21 1 1
github.com/wolflang/wolf/internal/resolver/resolver.go:47.21,49.3 1 1
github.com/wolflang/wolf/internal/resolver/resolver.go:50.2,50.19 1 1
github.com/wolflang/wolf/internal/resolver/resolver.go:54.59,57.2 2 0
github.com/wolflang/wolf/internal/resolver/resolver.go:70.33,76.2 1 1
github.com/wolflang/wolf/internal/resolver/resolver.go:79.47,81.2 1 1
github.com/wolflang/wolf/internal/resolver/resolver.go:85.72,89.42 2 1
github.com/wolflang/wolf/internal/resolver/resolver.go:89.42,91.3 1 1
github.com/wolflang/wolf/internal/resolver/resolver.go:92.2,92.17 1 1
github.com/wolflang/wolf/internal/resolver/resolver.go:96.48,98.2 1 1
github.com/wolflang/wolf/internal/resolver/resolver.go:101.54,103.2 1 1
github.com/wolflang/wolf/internal/resolver/resolver.go:106.37,108.32 2 1
github.com/wolflang/wolf/internal/resolver/resolver.go:108.32,117.3 4 1
github.com/wolflang/wolf/internal/resolver/resolver.go:122.55,123.26 1 1
github.com/wolflang/wolf/internal/resolver/resolver.go:124.30,125.24 1 1
github.com/wolflang/wolf/internal/resolver/resolver.go:127.23,128.22 1 1
github.com/wolflang/wolf/internal/resolver/resolver.go:130.26,132.25 2 1
github.com/wolflang/wolf/internal/resolver/resolver.go:134.26,135.30 1 1
github.com/wolflang/wolf/internal/resolver/resolver.go:135.30,137.4 1 1
github.com/wolflang/wolf/internal/resolver/resolver.go:139.22,142.33 3 1
github.com/wolflang/wolf/internal/resolver/resolver.go:142.33,145.4 2 0
github.com/wolflang/wolf/internal/resolver/resolver.go:146.3,146.24 1 1
github.com/wolflang/wolf/internal/resolver/resolver.go:146.24,148.4 1 0
github.com/wolflang/wolf/internal/resolver/resolver.go:150.23,156.15 6 1
github.com/wolflang/wolf/internal/resolver/resolver.go:158.27,161.21 3 1
github.com/wolflang/wolf/internal/resolver/resolver.go:161.21,163.4 1 1
github.com/wolflang/wolf/internal/resolver/resolver.go:164.3,166.15 3 1
github.com/wolflang/wolf/internal/resolver/resolver.go:168.25,170.25 2 0
github.com/wolflang/wolf/internal/resolver/resolver.go:172.25,174.30 2 0
github.com/wolflang/wolf/internal/resolver/resolver.go:174.30,176.38 2 0
github.com/wolflang/wolf/internal/resolver/resolver.go:176.38,178.5 1 0
github.com/wolflang/wolf/internal/resolver/resolver.go:181.24,182.23 1 1
github.com/wolflang/wolf/internal/resolver/resolver.go:184.25,185.24 1 1
github.com/wolflang/wolf/internal/resolver/resolver.go:187.28,190.23 3 1
github.com/wolflang/wolf/internal/resolver/resolver.go:190.23,192.4 1 1
github.com/wolflang/wolf/internal/resolver/resolver.go:193.3,194.15 2 1
github.com/wolflang/wolf/internal/resolver/resolver.go:196.26,196.26 0 0
github.com/wolflang/wolf/internal/resolver/resolver.go:199.27,201.30 1 1
github.com/wolflang/wolf/internal/resolver/resolver.go:201.30,203.4 1 0
github.com/wolflang/wolf/internal/resolver/resolver.go:204.3,204.31 1 1
github.com/wolflang/wolf/internal/resolver/resolver.go:204.31,206.4 1 0
github.com/wolflang/wolf/internal/resolver/resolver.go:208.28,209.25 1 0
github.com/wolflang/wolf/internal/resolver/resolver.go:211.33,213.32 2 1
github.com/wolflang/wolf/internal/resolver/resolver.go:213.32,215.4 1 1
github.com/wolflang/wolf/internal/resolver/resolver.go:217.25,218.20 1 0
github.com/wolflang/wolf/internal/resolver/resolver.go:222.58,223.18 1 1
github.com/wolflang/wolf/internal/resolver/resolver.go:223.18,225.3 1 0
github.com/wolflang/wolf/internal/resolver/resolver.go:226.2,227.40 2 1
github.com/wolflang/wolf/internal/resolver/resolver.go:227.40,229.3 1 1
github.com/wolflang/wolf/internal/resolver/resolver.go:230.2,230.14 1 1
github.com/wolflang/wolf/internal/resolver/resolver.go:233.54,234.20 1 1
github.com/wolflang/wolf/internal/resolver/resolver.go:234.20,236.3 1 1
github.com/wolflang/wolf/internal/resolver/resolver.go:237.2,237.43 1 1
github.com/wolflang/wolf/internal/resolver/resolver.go:240.56,242.18 1 1
github.com/wolflang/wolf/internal/resolver/resolver.go:242.18,252.3 4 1
github.com/wolflang/wolf/internal/resolver/resolver.go:254.2,257.33 2 1
github.com/wolflang/wolf/internal/resolver/resolver.go:257.33,259.27 2 1
github.com/wolflang/wolf/internal/resolver/resolver.go:259.27,261.4 1 0
github.com/wolflang/wolf/internal/resolver/resolver.go:264.2,264.19 1 1
github.com/wolflang/wolf/internal/resolver/resolver.go:264.19,265.42 1 1
github.com/wolflang/wolf/internal/resolver/resolver.go:265.42,267.4 1 1
github.com/wolflang/wolf/internal/resolver/resolver.go:270.2,270.24 1 1
github.com/wolflang/wolf/internal/resolver/resolver.go:270.24,272.3 1 0
github.com/wolflang/wolf/internal/resolver/resolver.go:274.2,274.14 1 1
github.com/wolflang/wolf/internal/resolver/resolver.go:277.58,294.36 6 1
github.com/wolflang/wolf/internal/resolver/resolver.go:294.36,296.26 2 1
github.com/wolflang/wolf/internal/resolver/resolver.go:296.26,298.4 1 0
github.com/wolflang/wolf/internal/resolver/resolver.go:302.2,302.35 1 1
github.com/wolflang/wolf/internal/resolver/resolver.go:302.35,304.3 1 1
github.com/wolflang/wolf/internal/resolver/resolver.go:306.2,306.14 1 1
github.com/wolflang/wolf/internal/resolver/resolver.go:311.56,312.17 1 1
github.com/wolflang/wolf/internal/resolver/resolver.go:312.17,314.3 1 0
github.com/wolflang/wolf/internal/resolver/resolver.go:316.2,316.26 1 1
github.com/wolflang/wolf/internal/resolver/resolver.go:317.27,318.41 1 1
github.com/wolflang/wolf/internal/resolver/resolver.go:320.26,322.42 1 1
github.com/wolflang/wolf/internal/resolver/resolver.go:322.43,324.4 0 0
github.com/wolflang/wolf/internal/resolver/resolver.go:327.26,329.25 2 1
github.com/wolflang/wolf/internal/resolver/resolver.go:331.25,332.27 1 0
github.com/wolflang/wolf/internal/resolver/resolver.go:334.27,335.27 1 1
github.com/wolflang/wolf/internal/resolver/resolver.go:337.24,339.30 2 1
github.com/wolflang/wolf/internal/resolver/resolver.go:339.30,341.4 1 1
github.com/wolflang/wolf/internal/resolver/resolver.go:342.3,342.34 1 1
github.com/wolflang/wolf/internal/resolver/resolver.go:342.34,344.4 1 0
github.com/wolflang/wolf/internal/resolver/resolver.go:346.30,347.26 1 1
github.com/wolflang/wolf/internal/resolver/resolver.go:349.26,351.30 2 0
github.com/wolflang/wolf/internal/resolver/resolver.go:351.30,353.4 1 0
github.com/wolflang/wolf/internal/resolver/resolver.go:355.26,356.30 1 0
github.com/wolflang/wolf/internal/resolver/resolver.go:356.30,358.4 1 0
github.com/wolflang/wolf/internal/resolver/resolver.go:360.25,362.25 2 0
github.com/wolflang/wolf/internal/resolver/resolver.go:364.23,365.30 1 0
github.com/wolflang/wolf/internal/resolver/resolver.go:365.30,367.4 1 0
github.com/wolflang/wolf/internal/resolver/resolver.go:369.27,371.34 2 1
github.com/wolflang/wolf/internal/resolver/resolver.go:371.34,373.4 1 1
github.com/wolflang/wolf/internal/resolver/resolver.go:374.3,374.20 1 1
github.com/wolflang/wolf/internal/resolver/resolver.go:374.20,375.43 1 1
github.com/wolflang/wolf/internal/resolver/resolver.go:375.43,377.5 1 1
github.com/wolflang/wolf/internal/resolver/resolver.go:379.3,379.25 1 1
github.com/wolflang/wolf/internal/resolver/resolver.go:379.25,381.4 1 0
github.com/wolflang/wolf/internal/resolver/resolver.go:382.3,382.15 1 1
github.com/wolflang/wolf/internal/resolver/resolver.go:384.25,385.25 1 0
github.com/wolflang/wolf/internal/resolver/resolver.go:387.25,388.24 1 0
github.com/wolflang/wolf/internal/resolver/resolver.go:390.27,390.27 0 0
github.com/wolflang/wolf/internal/resolver/resolver.go:393.24,395.25 2 0
github.com/wolflang/wolf/internal/resolver/resolver.go:397.27,398.27 1 0
github.com/wolflang/wolf/internal/resolver/resolver.go:400.25,401.27 1 0
github.com/wolflang/wolf/internal/resolver/resolver.go:403.25,404.23 1 1
github.com/wolflang/wolf/internal/resolver/resolver.go:406.28,407.35 1 0
github.com/wolflang/wolf/internal/resolver/resolver.go:407.35,409.4 1 0
github.com/wolflang/wolf/internal/resolver/resolver.go:411.26,412.25 1 0
github.com/wolflang/wolf/internal/resolver/resolver.go:412.25,415.4 2 0
github.com/wolflang/wolf/internal/resolver/resolver.go:417.34,418.32 1 0
github.com/wolflang/wolf/internal/resolver/resolver.go:418.32,420.4 1 0
github.com/wolflang/wolf/internal/resolver/resolver.go:422.28,424.25 2 0
github.com/wolflang/wolf/internal/resolver/resolver.go:427.61,427.61 0 1
github.com/wolflang/wolf/internal/resolver/resolver.go:435.74,447.2 4 1
github.com/wolflang/wolf/internal/resolver/resolver.go:450.73,451.40 1 1
github.com/wolflang/wolf/internal/resolver/resolver.go:451.40,453.19 1 1
github.com/wolflang/wolf/internal/resolver/resolver.go:453.19,455.4 1 1
github.com/wolflang/wolf/internal/resolver/resolver.go:455.9,458.4 1 1
github.com/wolflang/wolf/internal/resolver/resolver.go:462.32,465.2 2 1
github.com/wolflang/wolf/internal/resolver/resolver.go:467.31,468.27 1 1
github.com/wolflang/wolf/internal/resolver/resolver.go:468.27,471.3 2 1
github.com/wolflang/wolf/internal/resolver/resolver.go:474.85,480.2 1 1
github.com/wolflang/wolf/internal/resolver/resolver.go:483.38,484.37 1 1
github.com/wolflang/wolf/internal/resolver/resolver.go:484.37,486.3 1 1
github.com/wolflang/wolf/internal/resolver/resolver.go:487.2,487.13 1 1
github.com/wolflang/wolf/internal/parser/ast_nodes.go:35.40,35.60 1 0
github.com/wolflang/wolf/internal/parser/ast_nodes.go:36.40,36.57 1 0
github.com/wolflang/wolf/internal/parser/ast_nodes.go:46.47,46.74 1 0
github.com/wolflang/wolf/internal/parser/ast_nodes.go:47.47,47.64 1 0
github.com/wolflang/wolf/internal/parser/ast_nodes.go:48.48,48.49 0 0
github.com/wolflang/wolf/internal/parser/ast_nodes.go:58.40,58.60 1 0
github.com/wolflang/wolf/internal/parser/ast_nodes.go:59.40,59.57 1 0
github.com/wolflang/wolf/internal/parser/ast_nodes.go:60.41,60.42 0 0
github.com/wolflang/wolf/internal/parser/ast_nodes.go:70.43,70.66 1 0
github.com/wolflang/wolf/internal/parser/ast_nodes.go:71.43,71.60 1 0
github.com/wolflang/wolf/internal/parser/ast_nodes.go:72.44,72.45 0 0
github.com/wolflang/wolf/internal/parser/ast_nodes.go:80.43,80.66 1 0
github.com/wolflang/wolf/internal/parser/ast_nodes.go:81.43,81.60 1 0
github.com/wolflang/wolf/internal/parser/ast_nodes.go:82.44,82.45 0 0
github.com/wolflang/wolf/internal/parser/ast_nodes.go:93.39,93.58 1 0
github.com/wolflang/wolf/internal/parser/ast_nodes.go:94.39,94.56 1 0
github.com/wolflang/wolf/internal/parser/ast_nodes.go:95.40,95.41 0 0
github.com/wolflang/wolf/internal/parser/ast_nodes.go:104.45,104.70 1 0
github.com/wolflang/wolf/internal/parser/ast_nodes.go:105.45,105.62 1 0
github.com/wolflang/wolf/internal/parser/ast_nodes.go:116.40,116.60 1 0
github.com/wolflang/wolf/internal/parser/ast_nodes.go:117.40,117.57 1 0
github.com/wolflang/wolf/internal/parser/ast_nodes.go:118.41,118.42 0 0
github.com/wolflang/wolf/internal/parser/ast_nodes.go:130.44,130.68 1 0
github.com/wolflang/wolf/internal/parser/ast_nodes.go:131.44,131.61 1 0
github.com/wolflang/wolf/internal/parser/ast_nodes.go:132.45,132.46 0 0
github.com/wolflang/wolf/internal/parser/ast_nodes.go:141.42,141.64 1 0
github.com/wolflang/wolf/internal/parser/ast_nodes.go:142.42,142.59 1 0
github.com/wolflang/wolf/internal/parser/ast_nodes.go:143.43,143.44 0 0
github.com/wolflang/wolf/internal/parser/ast_nodes.go:152.42,152.64 1 0
github.com/wolflang/wolf/internal/parser/ast_nodes.go:153.42,153.59 1 0
github.com/wolflang/wolf/internal/parser/ast_nodes.go:154.43,154.44 0 0
github.com/wolflang/wolf/internal/parser/ast_nodes.go:163.41,163.62 1 0
github.com/wolflang/wolf/internal/parser/ast_nodes.go:164.41,164.58 1 0
github.com/wolflang/wolf/internal/parser/ast_nodes.go:172.42,172.64 1 0
github.com/wolflang/wolf/internal/parser/ast_nodes.go:173.42,173.59 1 0
github.com/wolflang/wolf/internal/parser/ast_nodes.go:174.43,174.44 0 0
github.com/wolflang/wolf/internal/parser/ast_nodes.go:186.41,186.62 1 0
github.com/wolflang/wolf/internal/parser/ast_nodes.go:187.41,187.58 1 0
github.com/wolflang/wolf/internal/parser/ast_nodes.go:188.42,188.43 0 0
github.com/wolflang/wolf/internal/parser/ast_nodes.go:198.38,198.56 1 0
github.com/wolflang/wolf/internal/parser/ast_nodes.go:199.38,199.55 1 0
github.com/wolflang/wolf/internal/parser/ast_nodes.go:207.47,207.74 1 0
github.com/wolflang/wolf/internal/parser/ast_nodes.go:208.47,208.64 1 0
github.com/wolflang/wolf/internal/parser/ast_nodes.go:218.42,218.64 1 0
github.com/wolflang/wolf/internal/parser/ast_nodes.go:219.42,219.59 1 0
github.com/wolflang/wolf/internal/parser/ast_nodes.go:220.43,220.44 0 0
github.com/wolflang/wolf/internal/parser/ast_nodes.go:231.45,231.70 1 0
github.com/wolflang/wolf/internal/parser/ast_nodes.go:232.45,232.62 1 0
github.com/wolflang/wolf/internal/parser/ast_nodes.go:242.45,242.70 1 0
github.com/wolflang/wolf/internal/parser/ast_nodes.go:243.45,243.62 1 0
github.com/wolflang/wolf/internal/parser/ast_nodes.go:244.46,244.47 0 0
github.com/wolflang/wolf/internal/parser/ast_nodes.go:252.43,252.66 1 0
github.com/wolflang/wolf/internal/parser/ast_nodes.go:253.43,253.60 1 0
github.com/wolflang/wolf/internal/parser/ast_nodes.go:254.44,254.45 0 0
github.com/wolflang/wolf/internal/parser/ast_nodes.go:266.44,266.68 1 0
github.com/wolflang/wolf/internal/parser/ast_nodes.go:267.44,267.61 1 0
github.com/wolflang/wolf/internal/parser/ast_nodes.go:268.45,268.46 0 0
github.com/wolflang/wolf/internal/parser/ast_nodes.go:276.45,276.70 1 0
github.com/wolflang/wolf/internal/parser/ast_nodes.go:277.45,277.62 1 0
github.com/wolflang/wolf/internal/parser/ast_nodes.go:278.46,278.47 0 0
github.com/wolflang/wolf/internal/parser/ast_nodes.go:287.50,287.80 1 0
github.com/wolflang/wolf/internal/parser/ast_nodes.go:288.50,288.67 1 0
github.com/wolflang/wolf/internal/parser/ast_nodes.go:289.51,289.52 0 0
github.com/wolflang/wolf/internal/parser/ast_nodes.go:299.44,299.68 1 0
github.com/wolflang/wolf/internal/parser/ast_nodes.go:300.44,300.61 1 0
github.com/wolflang/wolf/internal/parser/ast_nodes.go:301.45,301.46 0 0
github.com/wolflang/wolf/internal/parser/ast_nodes.go:309.43,309.66 1 0
github.com/wolflang/wolf/internal/parser/ast_nodes.go:310.43,310.60 1 0
github.com/wolflang/wolf/internal/parser/ast_nodes.go:311.44,311.45 0 0
github.com/wolflang/wolf/internal/parser/ast_nodes.go:319.43,319.66 1 0
github.com/wolflang/wolf/internal/parser/ast_nodes.go:320.43,320.60 1 0
github.com/wolflang/wolf/internal/parser/ast_nodes.go:321.44,321.45 0 0
github.com/wolflang/wolf/internal/parser/ast_nodes.go:329.45,329.70 1 0
github.com/wolflang/wolf/internal/parser/ast_nodes.go:330.45,330.62 1 0
github.com/wolflang/wolf/internal/parser/ast_nodes.go:331.46,331.47 0 0
github.com/wolflang/wolf/internal/parser/ast_nodes.go:339.46,339.72 1 0
github.com/wolflang/wolf/internal/parser/ast_nodes.go:340.46,340.63 1 0
github.com/wolflang/wolf/internal/parser/ast_nodes.go:341.47,341.48 0 0
github.com/wolflang/wolf/internal/parser/ast_nodes.go:349.51,349.82 1 0
github.com/wolflang/wolf/internal/parser/ast_nodes.go:350.51,350.68 1 0
github.com/wolflang/wolf/internal/parser/ast_nodes.go:351.52,351.53 0 0
github.com/wolflang/wolf/internal/parser/ast_nodes.go:359.44,359.68 1 0
github.com/wolflang/wolf/internal/parser/ast_nodes.go:360.44,360.61 1 0
github.com/wolflang/wolf/internal/parser/ast_nodes.go:361.45,361.46 0 0
github.com/wolflang/wolf/internal/parser/ast_nodes.go:368.43,368.66 1 0
github.com/wolflang/wolf/internal/parser/ast_nodes.go:369.43,369.60 1 0
github.com/wolflang/wolf/internal/parser/ast_nodes.go:370.44,370.45 0 0
github.com/wolflang/wolf/internal/parser/ast_nodes.go:377.41,377.62 1 0
github.com/wolflang/wolf/internal/parser/ast_nodes.go:378.41,378.58 1 0
github.com/wolflang/wolf/internal/parser/ast_nodes.go:379.42,379.43 0 0
github.com/wolflang/wolf/internal/parser/ast_nodes.go:387.45,387.70 1 0
github.com/wolflang/wolf/internal/parser/ast_nodes.go:388.45,388.62 1 0
github.com/wolflang/wolf/internal/parser/ast_nodes.go:389.46,389.47 0 0
github.com/wolflang/wolf/internal/parser/ast_nodes.go:398.43,398.66 1 0
github.com/wolflang/wolf/internal/parser/ast_nodes.go:399.43,399.60 1 0
github.com/wolflang/wolf/internal/parser/ast_nodes.go:400.44,400.45 0 0
github.com/wolflang/wolf/internal/parser/ast_nodes.go:410.43,410.66 1 0
github.com/wolflang/wolf/internal/parser/ast_nodes.go:411.43,411.60 1 0
github.com/wolflang/wolf/internal/parser/ast_nodes.go:412.44,412.45 0 0
github.com/wolflang/wolf/internal/parser/ast_nodes.go:421.42,421.64 1 0
github.com/wolflang/wolf/internal/parser/ast_nodes.go:422.42,422.59 1 0
github.com/wolflang/wolf/internal/parser/ast_nodes.go:423.43,423.44 0 0
github.com/wolflang/wolf/internal/parser/ast_nodes.go:432.44,432.68 1 0
github.com/wolflang/wolf/internal/parser/ast_nodes.go:433.44,433.61 1 0
github.com/wolflang/wolf/internal/parser/ast_nodes.go:434.45,434.46 0 0
github.com/wolflang/wolf/internal/parser/ast_nodes.go:444.41,444.62 1 0
github.com/wolflang/wolf/internal/parser/ast_nodes.go:445.41,445.58 1 0
github.com/wolflang/wolf/internal/parser/ast_nodes.go:446.42,446.43 0 0
github.com/wolflang/wolf/internal/parser/ast_nodes.go:455.41,455.62 1 0
github.com/wolflang/wolf/internal/parser/ast_nodes.go:456.41,456.58 1 0
github.com/wolflang/wolf/internal/parser/ast_nodes.go:465.47,465.74 1 0
github.com/wolflang/wolf/internal/parser/ast_nodes.go:466.47,466.64 1 0
github.com/wolflang/wolf/internal/parser/ast_nodes.go:467.48,467.49 0 0
github.com/wolflang/wolf/internal/parser/ast_nodes.go:477.43,477.66 1 0
github.com/wolflang/wolf/internal/parser/ast_nodes.go:478.43,478.60 1 0
github.com/wolflang/wolf/internal/parser/ast_nodes.go:479.44,479.45 0 0
github.com/wolflang/wolf/internal/parser/ast_nodes.go:489.43,489.66 1 0
github.com/wolflang/wolf/internal/parser/ast_nodes.go:490.43,490.60 1 0
github.com/wolflang/wolf/internal/parser/ast_nodes.go:491.44,491.45 0 0
github.com/wolflang/wolf/internal/parser/ast_nodes.go:500.42,500.64 1 0
github.com/wolflang/wolf/internal/parser/ast_nodes.go:501.42,501.59 1 0
github.com/wolflang/wolf/internal/parser/ast_nodes.go:502.43,502.44 0 0
github.com/wolflang/wolf/internal/parser/ast_nodes.go:511.40,511.60 1 0
github.com/wolflang/wolf/internal/parser/ast_nodes.go:512.40,512.57 1 0
github.com/wolflang/wolf/internal/parser/ast_nodes.go:513.41,513.42 0 0
github.com/wolflang/wolf/internal/parser/ast_nodes.go:523.44,523.68 1 0
github.com/wolflang/wolf/internal/parser/ast_nodes.go:524.44,524.61 1 0
github.com/wolflang/wolf/internal/parser/ast_nodes.go:525.45,525.46 0 0
github.com/wolflang/wolf/internal/parser/ast_nodes.go:533.42,533.64 1 0
github.com/wolflang/wolf/internal/parser/ast_nodes.go:534.42,534.59 1 0
github.com/wolflang/wolf/internal/parser/ast_nodes.go:535.43,535.44 0 0
github.com/wolflang/wolf/internal/parser/ast_nodes.go:543.42,543.64 1 0
github.com/wolflang/wolf/internal/parser/ast_nodes.go:544.42,544.59 1 0
github.com/wolflang/wolf/internal/parser/ast_nodes.go:545.43,545.44 0 0
github.com/wolflang/wolf/internal/parser/ast_nodes.go:553.44,553.68 1 0
github.com/wolflang/wolf/internal/parser/ast_nodes.go:554.44,554.61 1 0
github.com/wolflang/wolf/internal/parser/ast_nodes.go:555.45,555.46 0 0
github.com/wolflang/wolf/internal/parser/ast_nodes.go:564.41,564.62 1 0
github.com/wolflang/wolf/internal/parser/ast_nodes.go:565.41,565.58 1 0
github.com/wolflang/wolf/internal/parser/ast_nodes.go:566.42,566.43 0 0
github.com/wolflang/wolf/internal/parser/ast_nodes.go:574.44,574.68 1 0
github.com/wolflang/wolf/internal/parser/ast_nodes.go:575.44,575.61 1 0
github.com/wolflang/wolf/internal/parser/ast_nodes.go:576.45,576.46 0 0
github.com/wolflang/wolf/internal/parser/ast_nodes.go:584.42,584.64 1 0
github.com/wolflang/wolf/internal/parser/ast_nodes.go:585.42,585.59 1 0
github.com/wolflang/wolf/internal/parser/ast_nodes.go:586.43,586.44 0 0
github.com/wolflang/wolf/internal/parser/ast_nodes.go:595.45,595.70 1 0
github.com/wolflang/wolf/internal/parser/ast_nodes.go:596.45,596.62 1 0
github.com/wolflang/wolf/internal/parser/ast_nodes.go:597.46,597.47 0 0
github.com/wolflang/wolf/internal/parser/ast_nodes.go:605.42,605.64 1 0
github.com/wolflang/wolf/internal/parser/ast_nodes.go:606.42,606.59 1 0
github.com/wolflang/wolf/internal/parser/ast_nodes.go:607.43,607.44 0 0
github.com/wolflang/wolf/internal/parser/parser.go:18.53,23.2 1 1
github.com/wolflang/wolf/internal/parser/parser.go:26.57,31.19 2 1
github.com/wolflang/wolf/internal/parser/parser.go:31.19,33.18 2 1
github.com/wolflang/wolf/internal/parser/parser.go:33.18,35.4 1 1
github.com/wolflang/wolf/internal/parser/parser.go:38.2,38.26 1 1
github.com/wolflang/wolf/internal/parser/parser.go:42.46,44.2 1 0
github.com/wolflang/wolf/internal/parser/parser.go:48.45,49.23 1 1
github.com/wolflang/wolf/internal/parser/parser.go:51.24,52.27 1 1
github.com/wolflang/wolf/internal/parser/parser.go:54.25,55.28 1 1
github.com/wolflang/wolf/internal/parser/parser.go:57.23,58.26 1 1
github.com/wolflang/wolf/internal/parser/parser.go:60.22,61.25 1 1
github.com/wolflang/wolf/internal/parser/parser.go:63.23,64.26 1 1
github.com/wolflang/wolf/internal/parser/parser.go:66.27,67.30 1 1
github.com/wolflang/wolf/internal/parser/parser.go:69.25,70.28 1 1
github.com/wolflang/wolf/internal/parser/parser.go:72.25,73.28 1 1
github.com/wolflang/wolf/internal/parser/parser.go:75.26,76.29 1 1
github.com/wolflang/wolf/internal/parser/parser.go:78.23,79.31 1 1
github.com/wolflang/wolf/internal/parser/parser.go:81.26,82.29 1 1
github.com/wolflang/wolf/internal/parser/parser.go:84.25,85.30 1 1
github.com/wolflang/wolf/internal/parser/parser.go:87.28,88.31 1 1
github.com/wolflang/wolf/internal/parser/parser.go:90.28,92.40 1 1
github.com/wolflang/wolf/internal/parser/parser.go:94.10,95.33 1 1
github.com/wolflang/wolf/internal/parser/parser.go:101.44,107.32 4 1
github.com/wolflang/wolf/internal/parser/parser.go:107.32,109.3 1 1
github.com/wolflang/wolf/internal/parser/parser.go:111.2,114.32 3 1
github.com/wolflang/wolf/internal/parser/parser.go:114.32,116.3 1 1
github.com/wolflang/wolf/internal/parser/parser.go:119.2,119.36 1 1
github.com/wolflang/wolf/internal/parser/parser.go:119.36,129.3 3 1
github.com/wolflang/wolf/internal/parser/parser.go:131.2,139.3 2 1
github.com/wolflang/wolf/internal/parser/parser.go:142.44,144.34 2 1
github.com/wolflang/wolf/internal/parser/parser.go:144.34,146.3 1 1
github.com/wolflang/wolf/internal/parser/parser.go:147.2,149.51 2 1
github.com/wolflang/wolf/internal/parser/parser.go:149.51,152.35 3 1
github.com/wolflang/wolf/internal/parser/parser.go:152.35,154.4 1 1
github.com/wolflang/wolf/internal/parser/parser.go:157.2,158.15 2 1
github.com/wolflang/wolf/internal/parser/parser.go:161.38,166.74 2 1
github.com/wolflang/wolf/internal/parser/parser.go:166.75,172.3 0 0
github.com/wolflang/wolf/internal/parser/parser.go:174.2,175.39 2 1
github.com/wolflang/wolf/internal/parser/parser.go:175.39,177.3 1 1
github.com/wolflang/wolf/internal/parser/parser.go:177.8,181.3 3 0
github.com/wolflang/wolf/internal/parser/parser.go:183.2,184.32 2 1
github.com/wolflang/wolf/internal/parser/parser.go:184.32,186.33 2 0
github.com/wolflang/wolf/internal/parser/parser.go:186.33,188.4 1 0
github.com/wolflang/wolf/internal/parser/parser.go:191.2,192.33 2 1
github.com/wolflang/wolf/internal/parser/parser.go:192.33,195.3 2 1
github.com/wolflang/wolf/internal/parser/parser.go:197.2,202.3 1 1
github.com/wolflang/wolf/internal/parser/parser.go:205.52,210.33 4 1
github.com/wolflang/wolf/internal/parser/parser.go:210.33,212.52 2 1
github.com/wolflang/wolf/internal/parser/parser.go:212.52,213.64 1 1
github.com/wolflang/wolf/internal/parser/parser.go:213.64,215.5 1 1
github.com/wolflang/wolf/internal/parser/parser.go:215.10,218.5 2 0
github.com/wolflang/wolf/internal/parser/parser.go:219.4,219.36 1 1
github.com/wolflang/wolf/internal/parser/parser.go:219.36,221.5 1 1
[...]
github.com/wolflang/wolf/internal/stdlib/redis.go:46.22,48.3 1 1
github.com/wolflang/wolf/internal/stdlib/redis.go:49.2,49.23 1 1
github.com/wolflang/wolf/internal/stdlib/redis.go:49.23,51.3 1 1
github.com/wolflang/wolf/internal/stdlib/redis.go:52.2,57.3 1 1
github.com/wolflang/wolf/internal/stdlib/redis.go:61.41,63.2 1 1
github.com/wolflang/wolf/internal/stdlib/redis.go:66.49,67.19 1 1
github.com/wolflang/wolf/internal/stdlib/redis.go:67.19,69.3 1 1
github.com/wolflang/wolf/internal/stdlib/redis.go:70.2,70.24 1 1
github.com/wolflang/wolf/internal/stdlib/redis.go:74.77,75.19 1 1
github.com/wolflang/wolf/internal/stdlib/redis.go:75.19,77.3 1 0
github.com/wolflang/wolf/internal/stdlib/redis.go:78.2,78.36 1 1
github.com/wolflang/wolf/internal/stdlib/redis.go:82.52,83.19 1 1
github.com/wolflang/wolf/internal/stdlib/redis.go:83.19,85.3 1 0
github.com/wolflang/wolf/internal/stdlib/redis.go:86.2,86.28 1 1
github.com/wolflang/wolf/internal/stdlib/redis.go:90.55,91.19 1 1
github.com/wolflang/wolf/internal/stdlib/redis.go:91.19,93.3 1 0
github.com/wolflang/wolf/internal/stdlib/redis.go:94.2,94.31 1 1
github.com/wolflang/wolf/internal/stdlib/redis.go:98.75,99.19 1 1
github.com/wolflang/wolf/internal/stdlib/redis.go:99.19,101.3 1 0
github.com/wolflang/wolf/internal/stdlib/redis.go:102.2,102.39 1 1
github.com/wolflang/wolf/internal/stdlib/redis.go:106.57,107.19 1 1
github.com/wolflang/wolf/internal/stdlib/redis.go:107.19,109.3 1 0
github.com/wolflang/wolf/internal/stdlib/redis.go:110.2,110.32 1 1
github.com/wolflang/wolf/internal/stdlib/redis.go:114.64,115.19 1 1
github.com/wolflang/wolf/internal/stdlib/redis.go:115.19,117.3 1 0
github.com/wolflang/wolf/internal/stdlib/redis.go:118.2,118.28 1 1
github.com/wolflang/wolf/internal/stdlib/redis.go:122.31,123.19 1 1
github.com/wolflang/wolf/internal/stdlib/redis.go:123.19,125.3 1 1
github.com/wolflang/wolf/internal/stdlib/redis.go:126.2,126.12 1 0
github.com/wolflang/wolf/internal/stdlib/redis.go:139.36,144.2 1 1
github.com/wolflang/wolf/internal/stdlib/redis.go:146.55,149.30 3 1
github.com/wolflang/wolf/internal/stdlib/redis.go:149.30,151.3 1 1
github.com/wolflang/wolf/internal/stdlib/redis.go:152.2,152.49 1 1
github.com/wolflang/wolf/internal/stdlib/redis.go:155.81,160.2 4 1
github.com/wolflang/wolf/internal/stdlib/redis.go:162.58,166.25 4 1
github.com/wolflang/wolf/internal/stdlib/redis.go:166.25,167.29 1 1
github.com/wolflang/wolf/internal/stdlib/redis.go:167.29,170.4 2 1
github.com/wolflang/wolf/internal/stdlib/redis.go:172.2,172.19 1 1
github.com/wolflang/wolf/internal/stdlib/redis.go:175.61,179.25 4 1
github.com/wolflang/wolf/internal/stdlib/redis.go:179.25,180.29 1 1
github.com/wolflang/wolf/internal/stdlib/redis.go:180.29,182.4 1 1
github.com/wolflang/wolf/internal/stdlib/redis.go:184.2,184.19 1 1
github.com/wolflang/wolf/internal/stdlib/redis.go:187.71,189.2 1 0
github.com/wolflang/wolf/internal/stdlib/redis.go:191.79,193.2 1 0
github.com/wolflang/wolf/internal/stdlib/redis.go:195.79,197.2 1 0
github.com/wolflang/wolf/internal/stdlib/redis.go:199.70,201.2 1 0
github.com/wolflang/wolf/internal/stdlib/redis.go:203.81,206.31 3 1
github.com/wolflang/wolf/internal/stdlib/redis.go:206.31,208.3 1 1
github.com/wolflang/wolf/internal/stdlib/redis.go:209.2,210.15 2 1
github.com/wolflang/wolf/internal/stdlib/redis.go:213.63,216.30 3 1
github.com/wolflang/wolf/internal/stdlib/redis.go:216.30,217.28 1 1
github.com/wolflang/wolf/internal/stdlib/redis.go:217.28,219.4 1 1
github.com/wolflang/wolf/internal/stdlib/redis.go:221.2,221.42 1 0
github.com/wolflang/wolf/internal/stdlib/redis.go:224.70,227.30 3 1
github.com/wolflang/wolf/internal/stdlib/redis.go:227.30,229.3 1 1
github.com/wolflang/wolf/internal/stdlib/redis.go:230.2,230.33 1 0
github.com/wolflang/wolf/internal/stdlib/redis.go:233.37,233.51 1 1
github.com/wolflang/wolf/internal/stdlib/redis.go:234.37,234.51 1 0
github.com/wolflang/wolf/internal/pythonenv/manager.go:32.38,33.21 1 1
github.com/wolflang/wolf/internal/pythonenv/manager.go:33.21,35.3 1 1
github.com/wolflang/wolf/internal/pythonenv/manager.go:36.2,36.15 1 1
github.com/wolflang/wolf/internal/pythonenv/manager.go:61.45,66.2 1 1
github.com/wolflang/wolf/internal/pythonenv/manager.go:71.49,74.16 3 1
github.com/wolflang/wolf/internal/pythonenv/manager.go:74.16,75.25 1 1
github.com/wolflang/wolf/internal/pythonenv/manager.go:75.25,83.4 2 1
github.com/wolflang/wolf/internal/pythonenv/manager.go:84.3,84.64 1 0
github.com/wolflang/wolf/internal/pythonenv/manager.go:87.2,88.51 2 1
github.com/wolflang/wolf/internal/pythonenv/manager.go:88.51,90.3 1 0
github.com/wolflang/wolf/internal/pythonenv/manager.go:92.2,92.24 1 1
github.com/wolflang/wolf/internal/pythonenv/manager.go:92.24,94.3 1 0
github.com/wolflang/wolf/internal/pythonenv/manager.go:95.2,95.29 1 1
github.com/wolflang/wolf/internal/pythonenv/manager.go:95.29,97.3 1 0
github.com/wolflang/wolf/internal/pythonenv/manager.go:99.2,101.18 3 1
github.com/wolflang/wolf/internal/pythonenv/manager.go:105.38,106.21 1 1
github.com/wolflang/wolf/internal/pythonenv/manager.go:106.21,108.3 1 0
github.com/wolflang/wolf/internal/pythonenv/manager.go:109.2,110.16 2 1
github.com/wolflang/wolf/internal/pythonenv/manager.go:110.16,112.3 1 0
github.com/wolflang/wolf/internal/pythonenv/manager.go:113.2,114.45 2 1
github.com/wolflang/wolf/internal/pythonenv/manager.go:118.49,125.39 2 1
github.com/wolflang/wolf/internal/pythonenv/manager.go:125.39,127.3 1 0
github.com/wolflang/wolf/internal/pythonenv/manager.go:128.2,128.22 1 1
github.com/wolflang/wolf/internal/pythonenv/manager.go:134.35,135.21 1 0
github.com/wolflang/wolf/internal/pythonenv/manager.go:135.21,136.43 1 0
github.com/wolflang/wolf/internal/pythonenv/manager.go:136.43,138.4 1 0
github.com/wolflang/wolf/internal/pythonenv/manager.go:142.2,142.21 1 0
github.com/wolflang/wolf/internal/pythonenv/manager.go:142.21,145.51 3 0
github.com/wolflang/wolf/internal/pythonenv/manager.go:145.51,148.52 2 0
github.com/wolflang/wolf/internal/pythonenv/manager.go:148.52,150.5 1 0
github.com/wolflang/wolf/internal/pythonenv/manager.go:151.4,151.11 1 0
github.com/wolflang/wolf/internal/pythonenv/manager.go:152.9,154.4 1 0
github.com/wolflang/wolf/internal/pythonenv/manager.go:158.2,158.32 1 0
github.com/wolflang/wolf/internal/pythonenv/manager.go:158.32,159.62 1 0
github.com/wolflang/wolf/internal/pythonenv/manager.go:159.62,161.4 1 0
github.com/wolflang/wolf/internal/pythonenv/manager.go:165.2,165.25 1 0
github.com/wolflang/wolf/internal/pythonenv/manager.go:169.37,173.2 3 1
github.com/wolflang/wolf/internal/pythonenv/manager.go:176.39,178.2 1 1
github.com/wolflang/wolf/internal/pythonenv/manager.go:181.36,183.2 1 1
github.com/wolflang/wolf/internal/pythonenv/manager.go:186.36,188.2 1 0
github.com/wolflang/wolf/internal/pythonenv/manager.go:191.51,192.21 1 1
github.com/wolflang/wolf/internal/pythonenv/manager.go:192.21,193.43 1 0
github.com/wolflang/wolf/internal/pythonenv/manager.go:193.43,195.4 1 0
github.com/wolflang/wolf/internal/pythonenv/manager.go:199.2,199.40 1 1
github.com/wolflang/wolf/internal/pythonenv/manager.go:199.40,200.23 1 1
github.com/wolflang/wolf/internal/pythonenv/manager.go:200.23,202.41 2 1
github.com/wolflang/wolf/internal/pythonenv/manager.go:202.41,204.5 1 0
github.com/wolflang/wolf/internal/pythonenv/manager.go:205.4,205.75 1 1
github.com/wolflang/wolf/internal/pythonenv/manager.go:210.2,212.39 3 1
github.com/wolflang/wolf/internal/pythonenv/manager.go:212.39,214.3 1 0
github.com/wolflang/wolf/internal/pythonenv/manager.go:216.2,216.20 1 1
github.com/wolflang/wolf/internal/pythonenv/manager.go:216.20,218.3 1 0
github.com/wolflang/wolf/internal/pythonenv/manager.go:219.2,219.12 1 1
github.com/wolflang/wolf/internal/pythonenv/manager.go:223.45,224.21 1 1
github.com/wolflang/wolf/internal/pythonenv/manager.go:224.21,225.43 1 0
github.com/wolflang/wolf/internal/pythonenv/manager.go:225.43,227.4 1 0
github.com/wolflang/wolf/internal/pythonenv/manager.go:230.2,232.40 3 1
github.com/wolflang/wolf/internal/pythonenv/manager.go:232.40,233.23 1 1
github.com/wolflang/wolf/internal/pythonenv/manager.go:233.23,235.4 1 1
github.com/wolflang/wolf/internal/pythonenv/manager.go:235.9,237.4 1 1
github.com/wolflang/wolf/internal/pythonenv/manager.go:240.2,240.12 1 1
github.com/wolflang/wolf/internal/pythonenv/manager.go:240.12,242.3 1 1
github.com/wolflang/wolf/internal/pythonenv/manager.go:244.2,245.39 2 1
github.com/wolflang/wolf/internal/pythonenv/manager.go:245.39,247.3 1 0
github.com/wolflang/wolf/internal/pythonenv/manager.go:250.2,250.20 1 1
github.com/wolflang/wolf/internal/pythonenv/manager.go:250.20,253.3 2 0
github.com/wolflang/wolf/internal/pythonenv/manager.go:255.2,255.12 1 1
github.com/wolflang/wolf/internal/pythonenv/manager.go:259.47,260.21 1 0
github.com/wolflang/wolf/internal/pythonenv/manager.go:260.21,262.3 1 0
github.com/wolflang/wolf/internal/pythonenv/manager.go:264.2,266.16 3 0
github.com/wolflang/wolf/internal/pythonenv/manager.go:266.16,268.3 1 0
github.com/wolflang/wolf/internal/pythonenv/manager.go:270.2,271.51 2 0
github.com/wolflang/wolf/internal/pythonenv/manager.go:271.51,273.3 1 0
github.com/wolflang/wolf/internal/pythonenv/manager.go:275.2,275.18 1 0
github.com/wolflang/wolf/internal/pythonenv/manager.go:279.45,280.21 1 0
github.com/wolflang/wolf/internal/pythonenv/manager.go:280.21,281.43 1 0
github.com/wolflang/wolf/internal/pythonenv/manager.go:281.43,283.4 1 0
github.com/wolflang/wolf/internal/pythonenv/manager.go:286.2,286.21 1 0
github.com/wolflang/wolf/internal/pythonenv/manager.go:286.21,288.3 1 0
github.com/wolflang/wolf/internal/pythonenv/manager.go:290.2,291.16 2 0
github.com/wolflang/wolf/internal/pythonenv/manager.go:291.16,293.3 1 0
github.com/wolflang/wolf/internal/pythonenv/manager.go:295.2,296.32 2 0
github.com/wolflang/wolf/internal/pythonenv/manager.go:296.32,298.3 1 0
github.com/wolflang/wolf/internal/pythonenv/manager.go:300.2,301.40 2 0
github.com/wolflang/wolf/internal/pythonenv/manager.go:301.40,302.60 1 0
github.com/wolflang/wolf/internal/pythonenv/manager.go:302.60,304.4 1 0
github.com/wolflang/wolf/internal/pythonenv/manager.go:307.2,307.20 1 0
github.com/wolflang/wolf/internal/pythonenv/manager.go:311.33,312.48 1 0
github.com/wolflang/wolf/internal/pythonenv/manager.go:312.48,314.3 1 0
github.com/wolflang/wolf/internal/pythonenv/manager.go:315.2,315.20 1 0
github.com/wolflang/wolf/internal/pythonenv/manager.go:319.34,321.2 1 1
github.com/wolflang/wolf/internal/pythonenv/manager.go:326.40,327.21 1 0
github.com/wolflang/wolf/internal/pythonenv/manager.go:327.21,329.3 1 0
github.com/wolflang/wolf/internal/pythonenv/manager.go:331.2,332.16 2 0
github.com/wolflang/wolf/internal/pythonenv/manager.go:332.16,334.3 1 0
github.com/wolflang/wolf/internal/pythonenv/manager.go:337.2,349.16 6 0
github.com/wolflang/wolf/internal/pythonenv/manager.go:349.16,351.3 1 0
github.com/wolflang/wolf/internal/pythonenv/manager.go:353.2,354.43 2 0
github.com/wolflang/wolf/internal/pythonenv/manager.go:359.61,362.27 3 1
github.com/wolflang/wolf/internal/pythonenv/manager.go:362.27,364.3 1 1
github.com/wolflang/wolf/internal/pythonenv/manager.go:366.2,367.50 2 1
github.com/wolflang/wolf/internal/pythonenv/manager.go:367.50,369.3 1 1
github.com/wolflang/wolf/internal/pythonenv/manager.go:371.2,371.12 1 0
github.com/wolflang/wolf/internal/typechecker/checker.go:51.35,52.34 1 1
github.com/wolflang/wolf/internal/typechecker/checker.go:52.34,54.3 1 1
github.com/wolflang/wolf/internal/typechecker/checker.go:55.2,55.18 1 0
github.com/wolflang/wolf/internal/typechecker/checker.go:59.41,60.14 1 1
github.com/wolflang/wolf/internal/typechecker/checker.go:61.13,62.17 1 1
github.com/wolflang/wolf/internal/typechecker/checker.go:63.26,64.19 1 1
github.com/wolflang/wolf/internal/typechecker/checker.go:65.16,66.20 1 1
github.com/wolflang/wolf/internal/typechecker/checker.go:67.14,68.18 1 1
github.com/wolflang/wolf/internal/typechecker/checker.go:69.15,70.19 1 0
github.com/wolflang/wolf/internal/typechecker/checker.go:71.13,72.17 1 0
github.com/wolflang/wolf/internal/typechecker/checker.go:73.10,74.21 1 0
github.com/wolflang/wolf/internal/typechecker/checker.go:102.56,113.2 1 1
github.com/wolflang/wolf/internal/typechecker/checker.go:116.46,118.2 1 1
github.com/wolflang/wolf/internal/typechecker/checker.go:122.69,123.42 1 1
github.com/wolflang/wolf/internal/typechecker/checker.go:123.42,125.3 1 1
github.com/wolflang/wolf/internal/typechecker/checker.go:126.2,126.17 1 1
github.com/wolflang/wolf/internal/typechecker/checker.go:130.47,132.2 1 0
github.com/wolflang/wolf/internal/typechecker/checker.go:136.52,137.26 1 1
github.com/wolflang/wolf/internal/typechecker/checker.go:138.23,139.20 1 1
github.com/wolflang/wolf/internal/typechecker/checker.go:141.24,142.21 1 1
github.com/wolflang/wolf/internal/typechecker/checker.go:144.25,145.22 1 1
github.com/wolflang/wolf/internal/typechecker/checker.go:147.26,148.30 1 1
github.com/wolflang/wolf/internal/typechecker/checker.go:148.30,150.4 1 1
github.com/wolflang/wolf/internal/typechecker/checker.go:152.22,155.33 3 1
github.com/wolflang/wolf/internal/typechecker/checker.go:155.33,158.4 2 0
github.com/wolflang/wolf/internal/typechecker/checker.go:159.3,159.24 1 1
github.com/wolflang/wolf/internal/typechecker/checker.go:159.24,161.4 1 1
github.com/wolflang/wolf/internal/typechecker/checker.go:163.23,167.23 4 1
github.com/wolflang/wolf/internal/typechecker/checker.go:169.27,171.23 2 1
github.com/wolflang/wolf/internal/typechecker/checker.go:173.25,175.23 2 0
github.com/wolflang/wolf/internal/typechecker/checker.go:177.25,179.30 2 0
github.com/wolflang/wolf/internal/typechecker/checker.go:179.30,181.38 2 0
github.com/wolflang/wolf/internal/typechecker/checker.go:181.38,183.5 1 0
github.com/wolflang/wolf/internal/typechecker/checker.go:186.28,188.28 2 1
github.com/wolflang/wolf/internal/typechecker/checker.go:190.27,191.20 1 0
github.com/wolflang/wolf/internal/typechecker/checker.go:193.28,194.23 1 0
github.com/wolflang/wolf/internal/typechecker/checker.go:196.33,197.23 1 1
github.com/wolflang/wolf/internal/typechecker/checker.go:199.30,200.22 1 1
github.com/wolflang/wolf/internal/typechecker/checker.go:202.26,204.23 2 1
github.com/wolflang/wolf/internal/typechecker/checker.go:206.25,207.18 1 0
github.com/wolflang/wolf/internal/typechecker/checker.go:209.26,209.26 0 0
github.com/wolflang/wolf/internal/typechecker/checker.go:214.55,215.18 1 1
github.com/wolflang/wolf/internal/typechecker/checker.go:215.18,217.3 1 0
github.com/wolflang/wolf/internal/typechecker/checker.go:218.2,218.40 1 1
github.com/wolflang/wolf/internal/typechecker/checker.go:218.40,220.3 1 1
github.com/wolflang/wolf/internal/typechecker/checker.go:223.51,224.20 1 1
github.com/wolflang/wolf/internal/typechecker/checker.go:224.20,226.3 1 1
github.com/wolflang/wolf/internal/typechecker/checker.go:229.2,229.56 1 1
github.com/wolflang/wolf/internal/typechecker/checker.go:229.56,233.64 3 1
github.com/wolflang/wolf/internal/typechecker/checker.go:233.64,236.4 1 1
github.com/wolflang/wolf/internal/typechecker/checker.go:240.53,242.33 1 1
github.com/wolflang/wolf/internal/typechecker/checker.go:242.33,243.27 1 1
github.com/wolflang/wolf/internal/typechecker/checker.go:243.27,245.4 1 0
github.com/wolflang/wolf/internal/typechecker/checker.go:248.2,248.19 1 1
github.com/wolflang/wolf/internal/typechecker/checker.go:248.19,250.3 1 1
github.com/wolflang/wolf/internal/typechecker/checker.go:251.2,251.24 1 1
github.com/wolflang/wolf/internal/typechecker/checker.go:251.24,253.3 1 0
github.com/wolflang/wolf/internal/typechecker/checker.go:256.57,257.38 1 1
github.com/wolflang/wolf/internal/typechecker/checker.go:257.38,258.26 1 1
github.com/wolflang/wolf/internal/typechecker/checker.go:258.26,260.4 1 0
github.com/wolflang/wolf/internal/typechecker/checker.go:262.2,262.37 1 1
github.com/wolflang/wolf/internal/typechecker/checker.go:262.37,264.3 1 1
github.com/wolflang/wolf/internal/typechecker/checker.go:268.56,271.18 1 0
github.com/wolflang/wolf/internal/typechecker/checker.go:271.18,273.37 2 0
github.com/wolflang/wolf/internal/typechecker/checker.go:273.37,274.44 1 0
github.com/wolflang/wolf/internal/typechecker/checker.go:274.44,276.5 1 0
github.com/wolflang/wolf/internal/typechecker/checker.go:280.2,280.25 1 0
github.com/wolflang/wolf/internal/typechecker/checker.go:280.25,282.3 1 0
github.com/wolflang/wolf/internal/typechecker/checker.go:287.53,288.17 1 1
github.com/wolflang/wolf/internal/typechecker/checker.go:288.17,290.3 1 0
github.com/wolflang/wolf/internal/typechecker/checker.go:292.2,292.26 1 1
github.com/wolflang/wolf/internal/typechecker/checker.go:293.26,295.23 2 1
github.com/wolflang/wolf/internal/typechecker/checker.go:297.25,298.25 1 0
github.com/wolflang/wolf/internal/typechecker/checker.go:300.27,301.25 1 1
github.com/wolflang/wolf/internal/typechecker/checker.go:303.24,305.30 2 1
github.com/wolflang/wolf/internal/typechecker/checker.go:305.30,307.4 1 1
github.com/wolflang/wolf/internal/typechecker/checker.go:308.3,308.34 1 1
github.com/wolflang/wolf/internal/typechecker/checker.go:308.34,310.4 1 0
github.com/wolflang/wolf/internal/typechecker/checker.go:312.30,313.24 1 1
github.com/wolflang/wolf/internal/typechecker/checker.go:315.26,317.30 2 0
github.com/wolflang/wolf/internal/typechecker/checker.go:317.30,319.4 1 0
github.com/wolflang/wolf/internal/typechecker/checker.go:321.25,323.23 2 0
github.com/wolflang/wolf/internal/typechecker/checker.go:325.23,326.30 1 1
github.com/wolflang/wolf/internal/typechecker/checker.go:326.30,328.4 1 1
github.com/wolflang/wolf/internal/typechecker/checker.go:330.27,331.20 1 0
github.com/wolflang/wolf/internal/typechecker/checker.go:331.20,333.4 1 0
github.com/wolflang/wolf/internal/typechecker/checker.go:334.3,334.25 1 0
github.com/wolflang/wolf/internal/typechecker/checker.go:334.25,336.4 1 0
github.com/wolflang/wolf/internal/typechecker/checker.go:338.25,339.23 1 0
github.com/wolflang/wolf/internal/typechecker/checker.go:341.25,342.22 1 0
github.com/wolflang/wolf/internal/typechecker/checker.go:344.24,346.23 2 0
github.com/wolflang/wolf/internal/typechecker/checker.go:348.27,349.25 1 0
github.com/wolflang/wolf/internal/typechecker/checker.go:351.25,352.25 1 0
github.com/wolflang/wolf/internal/typechecker/checker.go:354.25,355.21 1 1
github.com/wolflang/wolf/internal/typechecker/checker.go:357.28,358.35 1 1
github.com/wolflang/wolf/internal/typechecker/checker.go:358.35,360.4 1 1
github.com/wolflang/wolf/internal/typechecker/checker.go:362.26,364.25 1 0
github.com/wolflang/wolf/internal/typechecker/checker.go:364.25,367.4 2 0
github.com/wolflang/wolf/internal/typechecker/checker.go:369.34,370.32 1 0
github.com/wolflang/wolf/internal/typechecker/checker.go:370.32,372.4 1 0
github.com/wolflang/wolf/internal/typechecker/checker.go:374.28,376.23 2 0
github.com/wolflang/wolf/internal/typechecker/checker.go:378.26,379.30 1 0
github.com/wolflang/wolf/internal/typechecker/checker.go:379.30,381.4 1 0
github.com/wolflang/wolf/internal/typechecker/checker.go:386.61,386.61 0 1
github.com/wolflang/wolf/internal/typechecker/checker.go:394.62,395.21 1 1
github.com/wolflang/wolf/internal/typechecker/checker.go:396.26,397.17 1 1
github.com/wolflang/wolf/internal/typechecker/checker.go:398.28,399.19 1 1
github.com/wolflang/wolf/internal/typechecker/checker.go:400.57,401.20 1 1
github.com/wolflang/wolf/internal/typechecker/checker.go:402.27,403.18 1 1
github.com/wolflang/wolf/internal/typechecker/checker.go:404.26,405.17 1 1
github.com/wolflang/wolf/internal/typechecker/checker.go:406.28,407.19 1 1
github.com/wolflang/wolf/internal/typechecker/checker.go:408.26,409.17 1 1
github.com/wolflang/wolf/internal/typechecker/checker.go:410.27,411.18 1 0
github.com/wolflang/wolf/internal/typechecker/checker.go:412.27,413.21 1 0
github.com/wolflang/wolf/internal/typechecker/checker.go:414.25,415.19 1 0
github.com/wolflang/wolf/internal/typechecker/checker.go:416.10,417.17 1 1
github.com/wolflang/wolf/internal/typechecker/checker.go:423.84,429.2 1 1
