mode: set
github.com/wolflang/wolf/cmd/wolf/main.go:17.13,34.55 4 0
github.com/wolflang/wolf/cmd/wolf/main.go:34.55,36.18 2 0
github.com/wolflang/wolf/cmd/wolf/main.go:36.18,38.5 1 0
github.com/wolflang/wolf/cmd/wolf/main.go:40.4,42.18 3 0
github.com/wolflang/wolf/cmd/wolf/main.go:42.18,45.5 2 0
github.com/wolflang/wolf/cmd/wolf/main.go:46.4,50.18 4 0
github.com/wolflang/wolf/cmd/wolf/main.go:50.18,51.37 1 0
github.com/wolflang/wolf/cmd/wolf/main.go:51.37,53.6 1 0
github.com/wolflang/wolf/cmd/wolf/main.go:54.5,54.15 1 0
github.com/wolflang/wolf/cmd/wolf/main.go:57.4,58.14 2 0
github.com/wolflang/wolf/cmd/wolf/main.go:62.2,66.55 1 0
github.com/wolflang/wolf/cmd/wolf/main.go:66.55,68.18 2 0
github.com/wolflang/wolf/cmd/wolf/main.go:68.18,70.5 1 0
github.com/wolflang/wolf/cmd/wolf/main.go:72.4,74.18 3 0
github.com/wolflang/wolf/cmd/wolf/main.go:74.18,77.5 2 0
github.com/wolflang/wolf/cmd/wolf/main.go:78.4,81.41 3 0
github.com/wolflang/wolf/cmd/wolf/main.go:85.2,89.55 1 0
github.com/wolflang/wolf/cmd/wolf/main.go:89.55,93.4 2 0
github.com/wolflang/wolf/cmd/wolf/main.go:96.2,100.55 1 0
github.com/wolflang/wolf/cmd/wolf/main.go:100.55,104.4 2 0
github.com/wolflang/wolf/cmd/wolf/main.go:108.2,116.55 2 0
github.com/wolflang/wolf/cmd/wolf/main.go:116.55,120.38 4 0
github.com/wolflang/wolf/cmd/wolf/main.go:120.38,122.5 1 0
github.com/wolflang/wolf/cmd/wolf/main.go:123.4,124.14 2 0
github.com/wolflang/wolf/cmd/wolf/main.go:128.2,132.55 1 0
github.com/wolflang/wolf/cmd/wolf/main.go:132.55,136.21 4 0
github.com/wolflang/wolf/cmd/wolf/main.go:136.21,138.5 1 0
github.com/wolflang/wolf/cmd/wolf/main.go:139.4,139.50 1 0
github.com/wolflang/wolf/cmd/wolf/main.go:139.50,141.5 1 0
github.com/wolflang/wolf/cmd/wolf/main.go:142.4,143.14 2 0
github.com/wolflang/wolf/cmd/wolf/main.go:147.2,151.55 1 0
github.com/wolflang/wolf/cmd/wolf/main.go:151.55,154.44 3 0
github.com/wolflang/wolf/cmd/wolf/main.go:154.44,156.5 1 0
github.com/wolflang/wolf/cmd/wolf/main.go:157.4,158.14 2 0
github.com/wolflang/wolf/cmd/wolf/main.go:162.2,165.55 1 0
github.com/wolflang/wolf/cmd/wolf/main.go:165.55,169.18 4 0
github.com/wolflang/wolf/cmd/wolf/main.go:169.18,171.5 1 0
github.com/wolflang/wolf/cmd/wolf/main.go:172.4,172.29 1 0
github.com/wolflang/wolf/cmd/wolf/main.go:172.29,174.5 1 0
github.com/wolflang/wolf/cmd/wolf/main.go:175.4,175.14 1 0
github.com/wolflang/wolf/cmd/wolf/main.go:179.2,182.55 1 0
github.com/wolflang/wolf/cmd/wolf/main.go:182.55,186.18 4 0
github.com/wolflang/wolf/cmd/wolf/main.go:186.18,188.5 1 0
github.com/wolflang/wolf/cmd/wolf/main.go:189.4,189.24 1 0
github.com/wolflang/wolf/cmd/wolf/main.go:189.24,191.5 1 0
github.com/wolflang/wolf/cmd/wolf/main.go:191.10,192.34 1 0
github.com/wolflang/wolf/cmd/wolf/main.go:192.34,194.6 1 0
github.com/wolflang/wolf/cmd/wolf/main.go:196.4,196.14 1 0
github.com/wolflang/wolf/cmd/wolf/main.go:200.2,203.55 1 0
github.com/wolflang/wolf/cmd/wolf/main.go:203.55,207.36 4 0
github.com/wolflang/wolf/cmd/wolf/main.go:207.36,209.5 1 0
github.com/wolflang/wolf/cmd/wolf/main.go:210.4,211.14 2 0
github.com/wolflang/wolf/cmd/wolf/main.go:215.2,218.48 1 0
github.com/wolflang/wolf/cmd/wolf/main.go:218.48,223.4 4 0
github.com/wolflang/wolf/cmd/wolf/main.go:226.2,239.55 5 0
github.com/wolflang/wolf/cmd/wolf/main.go:239.55,242.84 3 0
github.com/wolflang/wolf/cmd/wolf/main.go:242.84,244.5 1 0
github.com/wolflang/wolf/cmd/wolf/main.go:245.4,248.28 3 0
github.com/wolflang/wolf/cmd/wolf/main.go:248.28,250.5 1 0
github.com/wolflang/wolf/cmd/wolf/main.go:251.4,252.14 2 0
github.com/wolflang/wolf/cmd/wolf/main.go:255.2,261.55 2 0
github.com/wolflang/wolf/cmd/wolf/main.go:261.55,266.18 5 0
github.com/wolflang/wolf/cmd/wolf/main.go:266.18,268.5 1 0
github.com/wolflang/wolf/cmd/wolf/main.go:269.4,270.14 2 0
github.com/wolflang/wolf/cmd/wolf/main.go:275.2,284.57 4 0
github.com/wolflang/wolf/cmd/wolf/main.go:284.57,287.17 3 0
github.com/wolflang/wolf/cmd/wolf/main.go:287.17,290.4 1 0
github.com/wolflang/wolf/cmd/wolf/main.go:291.3,291.46 1 0
github.com/wolflang/wolf/cmd/wolf/main.go:294.2,298.55 2 0
github.com/wolflang/wolf/cmd/wolf/main.go:298.55,300.18 2 0
github.com/wolflang/wolf/cmd/wolf/main.go:300.18,302.5 1 0
github.com/wolflang/wolf/cmd/wolf/main.go:303.4,304.23 2 0
github.com/wolflang/wolf/cmd/wolf/main.go:307.2,313.55 3 0
github.com/wolflang/wolf/cmd/wolf/main.go:313.55,315.18 2 0
github.com/wolflang/wolf/cmd/wolf/main.go:315.18,317.5 1 0
github.com/wolflang/wolf/cmd/wolf/main.go:318.4,319.27 2 0
github.com/wolflang/wolf/cmd/wolf/main.go:322.2,327.55 2 0
github.com/wolflang/wolf/cmd/wolf/main.go:327.55,329.18 2 0
github.com/wolflang/wolf/cmd/wolf/main.go:329.18,331.5 1 0
github.com/wolflang/wolf/cmd/wolf/main.go:332.4,333.20 2 0
github.com/wolflang/wolf/cmd/wolf/main.go:337.2,340.55 1 0
github.com/wolflang/wolf/cmd/wolf/main.go:340.55,342.18 2 0
github.com/wolflang/wolf/cmd/wolf/main.go:342.18,344.5 1 0
github.com/wolflang/wolf/cmd/wolf/main.go:345.4,345.21 1 0
github.com/wolflang/wolf/cmd/wolf/main.go:349.2,353.55 1 0
github.com/wolflang/wolf/cmd/wolf/main.go:353.55,355.18 2 0
github.com/wolflang/wolf/cmd/wolf/main.go:355.18,357.5 1 0
github.com/wolflang/wolf/cmd/wolf/main.go:358.4,359.18 2 0
github.com/wolflang/wolf/cmd/wolf/main.go:359.18,361.5 1 0
github.com/wolflang/wolf/cmd/wolf/main.go:362.4,363.14 2 0
github.com/wolflang/wolf/cmd/wolf/main.go:367.2,371.42 3 0
github.com/wolflang/wolf/cmd/wolf/main.go:371.42,373.3 1 0
github.com/wolflang/wolf/internal/config/config.go:96.29,152.2 1 0
github.com/wolflang/wolf/internal/config/loader.go:17.52,22.22 3 0
github.com/wolflang/wolf/internal/config/loader.go:22.22,23.51 1 0
github.com/wolflang/wolf/internal/config/loader.go:23.51,25.4 1 0
github.com/wolflang/wolf/internal/config/loader.go:29.2,32.38 2 0
github.com/wolflang/wolf/internal/config/loader.go:32.38,34.3 1 0
github.com/wolflang/wolf/internal/config/loader.go:37.2,37.29 1 0
github.com/wolflang/wolf/internal/config/loader.go:37.29,39.3 1 0
github.com/wolflang/wolf/internal/config/loader.go:41.2,41.17 1 0
github.com/wolflang/wolf/internal/config/loader.go:46.40,48.6 2 0
github.com/wolflang/wolf/internal/config/loader.go:48.6,50.47 2 0
github.com/wolflang/wolf/internal/config/loader.go:50.47,52.4 1 0
github.com/wolflang/wolf/internal/config/loader.go:53.3,54.20 2 0
github.com/wolflang/wolf/internal/config/loader.go:54.20,55.9 1 0
github.com/wolflang/wolf/internal/config/loader.go:57.3,57.15 1 0
github.com/wolflang/wolf/internal/config/loader.go:59.2,59.11 1 0
github.com/wolflang/wolf/internal/config/loader.go:71.51,73.16 2 0
github.com/wolflang/wolf/internal/config/loader.go:73.16,75.3 1 0
github.com/wolflang/wolf/internal/config/loader.go:76.2,82.21 5 0
github.com/wolflang/wolf/internal/config/loader.go:82.21,90.17 5 0
github.com/wolflang/wolf/internal/config/loader.go:90.17,91.12 1 0
github.com/wolflang/wolf/internal/config/loader.go:95.3,95.67 1 0
github.com/wolflang/wolf/internal/config/loader.go:95.67,97.12 2 0
github.com/wolflang/wolf/internal/config/loader.go:101.3,102.13 2 0
github.com/wolflang/wolf/internal/config/loader.go:102.13,104.4 1 0
github.com/wolflang/wolf/internal/config/loader.go:106.3,109.67 3 0
github.com/wolflang/wolf/internal/config/loader.go:109.67,111.4 1 0
github.com/wolflang/wolf/internal/config/loader.go:114.2,114.22 1 0
github.com/wolflang/wolf/internal/config/loader.go:118.36,120.23 2 0
github.com/wolflang/wolf/internal/config/loader.go:120.23,121.16 1 0
github.com/wolflang/wolf/internal/config/loader.go:121.16,123.4 1 0
github.com/wolflang/wolf/internal/config/loader.go:124.3,124.28 1 0
github.com/wolflang/wolf/internal/config/loader.go:124.28,126.4 1 0
github.com/wolflang/wolf/internal/config/loader.go:128.2,128.10 1 0
github.com/wolflang/wolf/internal/config/loader.go:132.74,133.43 1 0
github.com/wolflang/wolf/internal/config/loader.go:133.43,135.3 1 0
github.com/wolflang/wolf/internal/config/loader.go:137.2,137.17 1 0
github.com/wolflang/wolf/internal/config/loader.go:138.13,139.14 1 0
github.com/wolflang/wolf/internal/config/loader.go:140.15,141.22 1 0
github.com/wolflang/wolf/internal/config/loader.go:142.14,143.21 1 0
github.com/wolflang/wolf/internal/config/loader.go:144.16,146.18 2 0
github.com/wolflang/wolf/internal/config/loader.go:146.18,148.5 1 0
github.com/wolflang/wolf/internal/config/loader.go:149.4,149.21 1 0
github.com/wolflang/wolf/internal/config/loader.go:150.18,151.25 1 0
github.com/wolflang/wolf/internal/config/loader.go:152.14,153.21 1 0
github.com/wolflang/wolf/internal/config/loader.go:154.11,155.32 1 0
github.com/wolflang/wolf/internal/config/loader.go:158.16,159.14 1 0
github.com/wolflang/wolf/internal/config/loader.go:160.15,161.25 1 0
github.com/wolflang/wolf/internal/config/loader.go:162.15,164.18 2 0
github.com/wolflang/wolf/internal/config/loader.go:164.18,166.5 1 0
github.com/wolflang/wolf/internal/config/loader.go:167.4,167.23 1 0
github.com/wolflang/wolf/internal/config/loader.go:168.23,170.18 2 0
github.com/wolflang/wolf/internal/config/loader.go:170.18,172.5 1 0
github.com/wolflang/wolf/internal/config/loader.go:173.4,173.33 1 0
github.com/wolflang/wolf/internal/config/loader.go:174.24,176.18 2 0
github.com/wolflang/wolf/internal/config/loader.go:176.18,178.5 1 0
github.com/wolflang/wolf/internal/config/loader.go:179.4,179.34 1 0
github.com/wolflang/wolf/internal/config/loader.go:180.27,182.18 2 0
github.com/wolflang/wolf/internal/config/loader.go:182.18,184.5 1 0
github.com/wolflang/wolf/internal/config/loader.go:185.4,185.33 1 0
github.com/wolflang/wolf/internal/config/loader.go:186.25,188.18 2 0
github.com/wolflang/wolf/internal/config/loader.go:188.18,190.5 1 0
github.com/wolflang/wolf/internal/config/loader.go:191.4,191.32 1 0
github.com/wolflang/wolf/internal/config/loader.go:192.22,194.18 2 0
github.com/wolflang/wolf/internal/config/loader.go:194.18,196.5 1 0
github.com/wolflang/wolf/internal/config/loader.go:197.4,197.29 1 0
github.com/wolflang/wolf/internal/config/loader.go:198.18,200.18 2 0
github.com/wolflang/wolf/internal/config/loader.go:200.18,202.5 1 0
github.com/wolflang/wolf/internal/config/loader.go:203.4,203.26 1 0
github.com/wolflang/wolf/internal/config/loader.go:204.11,205.32 1 0
github.com/wolflang/wolf/internal/config/loader.go:208.24,209.14 1 0
github.com/wolflang/wolf/internal/config/loader.go:210.17,211.23 1 0
github.com/wolflang/wolf/internal/config/loader.go:212.15,213.21 1 0
github.com/wolflang/wolf/internal/config/loader.go:214.15,216.18 2 0
github.com/wolflang/wolf/internal/config/loader.go:216.18,218.5 1 0
github.com/wolflang/wolf/internal/config/loader.go:219.4,219.19 1 0
github.com/wolflang/wolf/internal/config/loader.go:220.15,221.21 1 0
github.com/wolflang/wolf/internal/config/loader.go:222.15,223.21 1 0
github.com/wolflang/wolf/internal/config/loader.go:224.19,225.25 1 0
github.com/wolflang/wolf/internal/config/loader.go:226.20,228.18 2 0
github.com/wolflang/wolf/internal/config/loader.go:228.18,230.5 1 0
github.com/wolflang/wolf/internal/config/loader.go:231.4,231.23 1 0
github.com/wolflang/wolf/internal/config/loader.go:232.24,234.18 2 0
github.com/wolflang/wolf/internal/config/loader.go:234.18,236.5 1 0
github.com/wolflang/wolf/internal/config/loader.go:237.4,237.26 1 0
github.com/wolflang/wolf/internal/config/loader.go:238.23,240.18 2 0
github.com/wolflang/wolf/internal/config/loader.go:240.18,242.5 1 0
github.com/wolflang/wolf/internal/config/loader.go:243.4,243.26 1 0
github.com/wolflang/wolf/internal/config/loader.go:244.22,246.18 2 0
github.com/wolflang/wolf/internal/config/loader.go:246.18,248.5 1 0
github.com/wolflang/wolf/internal/config/loader.go:249.4,249.25 1 0
github.com/wolflang/wolf/internal/config/loader.go:250.20,251.25 1 0
github.com/wolflang/wolf/internal/config/loader.go:252.20,254.18 2 0
github.com/wolflang/wolf/internal/config/loader.go:254.18,256.5 1 0
github.com/wolflang/wolf/internal/config/loader.go:257.4,257.23 1 0
github.com/wolflang/wolf/internal/config/loader.go:258.11,259.32 1 0
github.com/wolflang/wolf/internal/config/loader.go:262.15,263.14 1 0
github.com/wolflang/wolf/internal/config/loader.go:264.15,265.24 1 0
github.com/wolflang/wolf/internal/config/loader.go:266.15,268.18 2 0
github.com/wolflang/wolf/internal/config/loader.go:268.18,270.5 1 0
github.com/wolflang/wolf/internal/config/loader.go:271.4,271.22 1 0
github.com/wolflang/wolf/internal/config/loader.go:272.19,273.28 1 0
github.com/wolflang/wolf/internal/config/loader.go:274.13,276.18 2 0
github.com/wolflang/wolf/internal/config/loader.go:276.18,278.5 1 0
github.com/wolflang/wolf/internal/config/loader.go:279.4,279.20 1 0
github.com/wolflang/wolf/internal/config/loader.go:280.11,281.32 1 0
github.com/wolflang/wolf/internal/config/loader.go:284.13,285.14 1 0
github.com/wolflang/wolf/internal/config/loader.go:286.17,287.24 1 0
github.com/wolflang/wolf/internal/config/loader.go:288.35,290.18 2 0
github.com/wolflang/wolf/internal/config/loader.go:290.18,292.5 1 0
github.com/wolflang/wolf/internal/config/loader.go:293.4,293.25 1 0
github.com/wolflang/wolf/internal/config/loader.go:294.20,295.27 1 0
github.com/wolflang/wolf/internal/config/loader.go:296.11,297.32 1 0
github.com/wolflang/wolf/internal/config/loader.go:300.13,301.14 1 0
github.com/wolflang/wolf/internal/config/loader.go:302.16,303.23 1 0
github.com/wolflang/wolf/internal/config/loader.go:304.17,305.24 1 0
github.com/wolflang/wolf/internal/config/loader.go:306.15,307.22 1 0
github.com/wolflang/wolf/internal/config/loader.go:308.11,309.32 1 0
github.com/wolflang/wolf/internal/config/loader.go:312.15,313.14 1 0
github.com/wolflang/wolf/internal/config/loader.go:314.18,315.26 1 0
github.com/wolflang/wolf/internal/config/loader.go:316.31,318.18 2 0
github.com/wolflang/wolf/internal/config/loader.go:318.18,320.5 1 0
github.com/wolflang/wolf/internal/config/loader.go:321.4,321.26 1 0
github.com/wolflang/wolf/internal/config/loader.go:322.18,324.18 2 0
github.com/wolflang/wolf/internal/config/loader.go:324.18,326.5 1 0
github.com/wolflang/wolf/internal/config/loader.go:327.4,327.24 1 0
github.com/wolflang/wolf/internal/config/loader.go:328.22,330.18 2 0
github.com/wolflang/wolf/internal/config/loader.go:330.18,332.5 1 0
github.com/wolflang/wolf/internal/config/loader.go:333.4,333.28 1 0
github.com/wolflang/wolf/internal/config/loader.go:334.11,335.32 1 0
github.com/wolflang/wolf/internal/config/loader.go:338.10,339.73 1 0
github.com/wolflang/wolf/internal/config/loader.go:341.10,341.10 0 0
github.com/wolflang/wolf/internal/config/loader.go:346.2,346.12 1 0
github.com/wolflang/wolf/internal/config/loader.go:352.34,353.43 1 0
github.com/wolflang/wolf/internal/config/loader.go:353.43,354.37 1 0
github.com/wolflang/wolf/internal/config/loader.go:354.37,356.4 1 0
github.com/wolflang/wolf/internal/config/loader.go:358.2,358.40 1 0
github.com/wolflang/wolf/internal/config/loader.go:358.40,359.37 1 0
github.com/wolflang/wolf/internal/config/loader.go:359.37,360.45 1 0
github.com/wolflang/wolf/internal/config/loader.go:360.45,362.5 1 0
github.com/wolflang/wolf/internal/config/loader.go:365.2,365.42 1 0
github.com/wolflang/wolf/internal/config/loader.go:365.42,366.37 1 0
github.com/wolflang/wolf/internal/config/loader.go:366.37,367.42 1 0
github.com/wolflang/wolf/internal/config/loader.go:367.42,369.5 1 0
github.com/wolflang/wolf/internal/config/loader.go:374.2,424.53 39 0
github.com/wolflang/wolf/internal/config/loader.go:429.38,431.29 2 0
github.com/wolflang/wolf/internal/config/loader.go:431.29,433.3 1 0
github.com/wolflang/wolf/internal/config/loader.go:435.2,435.52 1 0
github.com/wolflang/wolf/internal/config/loader.go:435.52,437.3 1 0
github.com/wolflang/wolf/internal/config/loader.go:439.2,439.61 1 0
github.com/wolflang/wolf/internal/config/loader.go:439.61,441.3 1 0
github.com/wolflang/wolf/internal/config/loader.go:443.2,444.30 2 0
github.com/wolflang/wolf/internal/config/loader.go:444.30,446.3 1 0
github.com/wolflang/wolf/internal/config/loader.go:448.2,448.25 1 0
github.com/wolflang/wolf/internal/config/loader.go:448.25,450.3 1 0
github.com/wolflang/wolf/internal/config/loader.go:451.2,451.28 1 0
github.com/wolflang/wolf/internal/config/loader.go:451.28,453.3 1 0
github.com/wolflang/wolf/internal/config/loader.go:454.2,454.42 1 0
github.com/wolflang/wolf/internal/config/loader.go:454.42,457.3 1 0
github.com/wolflang/wolf/internal/config/loader.go:458.2,458.28 1 0
github.com/wolflang/wolf/internal/config/loader.go:458.28,460.3 1 0
github.com/wolflang/wolf/internal/config/loader.go:462.2,463.63 2 0
github.com/wolflang/wolf/internal/config/loader.go:463.63,465.3 1 0
github.com/wolflang/wolf/internal/config/loader.go:467.2,468.33 2 0
github.com/wolflang/wolf/internal/config/loader.go:468.33,470.3 1 0
github.com/wolflang/wolf/internal/config/loader.go:472.2,472.12 1 0
github.com/wolflang/wolf/internal/config/loader.go:476.40,477.47 1 0
github.com/wolflang/wolf/internal/config/loader.go:478.32,479.19 1 0
github.com/wolflang/wolf/internal/config/loader.go:480.33,481.20 1 0
github.com/wolflang/wolf/internal/config/loader.go:483.2,483.56 1 0
github.com/wolflang/wolf/internal/ir/clone.go:7.30,10.2 2 0
github.com/wolflang/wolf/internal/ir/clone.go:12.48,13.18 1 0
github.com/wolflang/wolf/internal/ir/clone.go:13.18,15.3 1 0
github.com/wolflang/wolf/internal/ir/clone.go:17.2,17.18 1 0
github.com/wolflang/wolf/internal/ir/clone.go:18.19,19.16 1 0
github.com/wolflang/wolf/internal/ir/clone.go:19.16,21.4 1 0
github.com/wolflang/wolf/internal/ir/clone.go:23.3,26.13 4 0
github.com/wolflang/wolf/internal/ir/clone.go:28.22,30.37 2 0
github.com/wolflang/wolf/internal/ir/clone.go:30.37,33.39 2 0
github.com/wolflang/wolf/internal/ir/clone.go:33.39,34.13 1 0
github.com/wolflang/wolf/internal/ir/clone.go:36.4,36.42 1 0
github.com/wolflang/wolf/internal/ir/clone.go:38.3,38.16 1 0
github.com/wolflang/wolf/internal/ir/clone.go:40.21,41.16 1 0
github.com/wolflang/wolf/internal/ir/clone.go:41.16,43.4 1 0
github.com/wolflang/wolf/internal/ir/clone.go:44.3,45.32 2 0
github.com/wolflang/wolf/internal/ir/clone.go:45.32,47.4 1 0
github.com/wolflang/wolf/internal/ir/clone.go:48.3,48.16 1 0
github.com/wolflang/wolf/internal/ir/clone.go:50.19,51.16 1 0
github.com/wolflang/wolf/internal/ir/clone.go:51.16,53.4 1 0
github.com/wolflang/wolf/internal/ir/clone.go:54.3,55.35 2 0
github.com/wolflang/wolf/internal/ir/clone.go:55.35,57.4 1 0
github.com/wolflang/wolf/internal/ir/clone.go:58.3,58.16 1 0
github.com/wolflang/wolf/internal/ir/clone.go:60.25,61.16 1 0
github.com/wolflang/wolf/internal/ir/clone.go:61.16,63.4 1 0
github.com/wolflang/wolf/internal/ir/clone.go:66.3,70.32 2 0
github.com/wolflang/wolf/internal/ir/clone.go:72.10,74.11 1 0
github.com/wolflang/wolf/internal/ir/clone.go:80.57,82.2 1 0
github.com/wolflang/wolf/internal/ir/clone.go:84.70,85.18 1 0
github.com/wolflang/wolf/internal/ir/clone.go:85.18,87.3 1 0
github.com/wolflang/wolf/internal/ir/clone.go:89.2,89.18 1 0
github.com/wolflang/wolf/internal/ir/clone.go:90.38,91.17 1 0
github.com/wolflang/wolf/internal/ir/clone.go:91.17,93.4 1 0
github.com/wolflang/wolf/internal/ir/clone.go:95.22,96.37 1 0
github.com/wolflang/wolf/internal/ir/clone.go:96.37,98.23 2 0
github.com/wolflang/wolf/internal/ir/clone.go:98.23,100.13 1 0
github.com/wolflang/wolf/internal/ir/clone.go:102.4,105.21 2 0
github.com/wolflang/wolf/internal/ir/clone.go:106.64,107.39 1 0
github.com/wolflang/wolf/internal/ir/clone.go:107.39,108.52 1 0
github.com/wolflang/wolf/internal/ir/clone.go:108.52,110.7 1 0
github.com/wolflang/wolf/internal/ir/clone.go:112.23,113.86 1 0
github.com/wolflang/wolf/internal/ir/clone.go:113.86,114.39 1 0
github.com/wolflang/wolf/internal/ir/clone.go:114.39,116.52 2 0
github.com/wolflang/wolf/internal/ir/clone.go:116.52,118.8 1 0
github.com/wolflang/wolf/internal/ir/clone.go:124.4,124.39 1 0
github.com/wolflang/wolf/internal/ir/clone.go:127.21,128.32 1 0
github.com/wolflang/wolf/internal/ir/clone.go:128.32,130.4 1 0
github.com/wolflang/wolf/internal/ir/ir_nodes.go:79.31,79.32 0 0
github.com/wolflang/wolf/internal/ir/ir_nodes.go:88.30,88.31 0 0
github.com/wolflang/wolf/internal/ir/ir_nodes.go:95.28,95.29 0 0
github.com/wolflang/wolf/internal/ir/ir_nodes.go:102.30,102.31 0 0
github.com/wolflang/wolf/internal/ir/ir_nodes.go:112.26,112.27 0 0
github.com/wolflang/wolf/internal/ir/ir_nodes.go:128.27,128.28 0 0
github.com/wolflang/wolf/internal/ir/ir_nodes.go:138.29,138.30 0 0
github.com/wolflang/wolf/internal/ir/ir_nodes.go:147.30,147.31 0 0
github.com/wolflang/wolf/internal/ir/ir_nodes.go:160.29,160.30 0 0
github.com/wolflang/wolf/internal/ir/ir_nodes.go:169.32,169.33 0 0
github.com/wolflang/wolf/internal/ir/ir_nodes.go:177.29,177.30 0 0
github.com/wolflang/wolf/internal/ir/ir_nodes.go:182.31,182.32 0 0
github.com/wolflang/wolf/internal/ir/ir_nodes.go:189.29,189.30 0 0
github.com/wolflang/wolf/internal/ir/ir_nodes.go:196.27,196.28 0 0
github.com/wolflang/wolf/internal/ir/ir_nodes.go:206.33,206.34 0 0
github.com/wolflang/wolf/internal/ir/ir_nodes.go:214.29,214.30 0 0
github.com/wolflang/wolf/internal/ir/ir_nodes.go:228.25,228.26 0 0
github.com/wolflang/wolf/internal/ir/ir_nodes.go:235.26,235.27 0 0
github.com/wolflang/wolf/internal/ir/ir_nodes.go:242.28,242.29 0 0
github.com/wolflang/wolf/internal/ir/ir_nodes.go:249.29,249.30 0 0
github.com/wolflang/wolf/internal/ir/ir_nodes.go:256.27,256.28 0 0
github.com/wolflang/wolf/internal/ir/ir_nodes.go:261.26,261.27 0 0
github.com/wolflang/wolf/internal/ir/ir_nodes.go:270.30,270.31 0 0
github.com/wolflang/wolf/internal/ir/ir_nodes.go:278.29,278.30 0 0
github.com/wolflang/wolf/internal/ir/ir_nodes.go:287.28,287.29 0 0
github.com/wolflang/wolf/internal/ir/ir_nodes.go:295.31,295.32 0 0
github.com/wolflang/wolf/internal/ir/ir_nodes.go:305.34,305.35 0 0
github.com/wolflang/wolf/internal/ir/ir_nodes.go:314.30,314.31 0 0
github.com/wolflang/wolf/internal/ir/ir_nodes.go:322.29,322.30 0 0
github.com/wolflang/wolf/internal/ir/ir_nodes.go:330.28,330.29 0 0
github.com/wolflang/wolf/internal/ir/ir_nodes.go:340.26,340.27 0 0
github.com/wolflang/wolf/internal/ir/ir_nodes.go:348.29,348.30 0 0
github.com/wolflang/wolf/internal/ir/ir_nodes.go:357.27,357.28 0 0
github.com/wolflang/wolf/internal/ir/ir_nodes.go:365.30,365.31 0 0
github.com/wolflang/wolf/internal/ir/ir_nodes.go:372.28,372.29 0 0
github.com/wolflang/wolf/internal/ir/ir_nodes.go:380.28,380.29 0 0
github.com/wolflang/wolf/internal/ir/ir_nodes.go:387.28,387.29 0 0
github.com/wolflang/wolf/internal/ir/ir_nodes.go:395.31,395.32 0 0
github.com/wolflang/wolf/internal/ir/ir_nodes.go:403.32,403.33 0 0
github.com/wolflang/wolf/internal/ir/ir_nodes.go:410.28,410.29 0 0
github.com/wolflang/wolf/internal/ir/ir_nodes.go:421.29,421.30 0 0
github.com/wolflang/wolf/internal/ir/ir_nodes.go:429.29,429.30 0 0
github.com/wolflang/wolf/internal/ir/ir_nodes.go:437.31,437.32 0 0
github.com/wolflang/wolf/internal/config/config.go:96.29,152.2 1 0
github.com/wolflang/wolf/internal/config/loader.go:17.52,22.22 3 0
github.com/wolflang/wolf/internal/config/loader.go:22.22,23.51 1 0
github.com/wolflang/wolf/internal/config/loader.go:23.51,25.4 1 0
github.com/wolflang/wolf/internal/config/loader.go:29.2,32.38 2 0
github.com/wolflang/wolf/internal/config/loader.go:32.38,34.3 1 0
github.com/wolflang/wolf/internal/config/loader.go:37.2,37.29 1 0
github.com/wolflang/wolf/internal/config/loader.go:37.29,39.3 1 0
github.com/wolflang/wolf/internal/config/loader.go:41.2,41.17 1 0
github.com/wolflang/wolf/internal/config/loader.go:46.40,48.6 2 0
github.com/wolflang/wolf/internal/config/loader.go:48.6,50.47 2 0
github.com/wolflang/wolf/internal/config/loader.go:50.47,52.4 1 0
github.com/wolflang/wolf/internal/config/loader.go:53.3,54.20 2 0
github.com/wolflang/wolf/internal/config/loader.go:54.20,55.9 1 0
github.com/wolflang/wolf/internal/config/loader.go:57.3,57.15 1 0
github.com/wolflang/wolf/internal/config/loader.go:59.2,59.11 1 0
github.com/wolflang/wolf/internal/config/loader.go:71.51,73.16 2 0
github.com/wolflang/wolf/internal/config/loader.go:73.16,75.3 1 0
github.com/wolflang/wolf/internal/config/loader.go:76.2,82.21 5 0
github.com/wolflang/wolf/internal/config/loader.go:82.21,90.17 5 0
github.com/wolflang/wolf/internal/config/loader.go:90.17,91.12 1 0
github.com/wolflang/wolf/internal/config/loader.go:95.3,95.67 1 0
github.com/wolflang/wolf/internal/config/loader.go:95.67,97.12 2 0
github.com/wolflang/wolf/internal/config/loader.go:101.3,102.13 2 0
github.com/wolflang/wolf/internal/config/loader.go:102.13,104.4 1 0
github.com/wolflang/wolf/internal/config/loader.go:106.3,109.67 3 0
github.com/wolflang/wolf/internal/config/loader.go:109.67,111.4 1 0
github.com/wolflang/wolf/internal/config/loader.go:114.2,114.22 1 0
github.com/wolflang/wolf/internal/config/loader.go:118.36,120.23 2 0
github.com/wolflang/wolf/internal/config/loader.go:120.23,121.16 1 0
github.com/wolflang/wolf/internal/config/loader.go:121.16,123.4 1 0
github.com/wolflang/wolf/internal/config/loader.go:124.3,124.28 1 0
github.com/wolflang/wolf/internal/config/loader.go:124.28,126.4 1 0
github.com/wolflang/wolf/internal/config/loader.go:128.2,128.10 1 0
github.com/wolflang/wolf/internal/config/loader.go:132.74,133.43 1 0
github.com/wolflang/wolf/internal/config/loader.go:133.43,135.3 1 0
github.com/wolflang/wolf/internal/config/loader.go:137.2,137.17 1 0
github.com/wolflang/wolf/internal/config/loader.go:138.13,139.14 1 0
github.com/wolflang/wolf/internal/config/loader.go:140.15,141.22 1 0
github.com/wolflang/wolf/internal/config/loader.go:142.14,143.21 1 0
github.com/wolflang/wolf/internal/config/loader.go:144.16,146.18 2 0
github.com/wolflang/wolf/internal/config/loader.go:146.18,148.5 1 0
github.com/wolflang/wolf/internal/config/loader.go:149.4,149.21 1 0
github.com/wolflang/wolf/internal/config/loader.go:150.18,151.25 1 0
github.com/wolflang/wolf/internal/config/loader.go:152.14,153.21 1 0
github.com/wolflang/wolf/internal/config/loader.go:154.11,155.32 1 0
github.com/wolflang/wolf/internal/config/loader.go:158.16,159.14 1 0
github.com/wolflang/wolf/internal/config/loader.go:160.15,161.25 1 0
github.com/wolflang/wolf/internal/config/loader.go:162.15,164.18 2 0
github.com/wolflang/wolf/internal/config/loader.go:164.18,166.5 1 0
github.com/wolflang/wolf/internal/config/loader.go:167.4,167.23 1 0
github.com/wolflang/wolf/internal/config/loader.go:168.23,170.18 2 0
github.com/wolflang/wolf/internal/config/loader.go:170.18,172.5 1 0
github.com/wolflang/wolf/internal/config/loader.go:173.4,173.33 1 0
github.com/wolflang/wolf/internal/config/loader.go:174.24,176.18 2 0
github.com/wolflang/wolf/internal/config/loader.go:176.18,178.5 1 0
github.com/wolflang/wolf/internal/config/loader.go:179.4,179.34 1 0
github.com/wolflang/wolf/internal/config/loader.go:180.27,182.18 2 0
github.com/wolflang/wolf/internal/config/loader.go:182.18,184.5 1 0
github.com/wolflang/wolf/internal/config/loader.go:185.4,185.33 1 0
github.com/wolflang/wolf/internal/config/loader.go:186.25,188.18 2 0
github.com/wolflang/wolf/internal/config/loader.go:188.18,190.5 1 0
github.com/wolflang/wolf/internal/config/loader.go:191.4,191.32 1 0
github.com/wolflang/wolf/internal/config/loader.go:192.22,194.18 2 0
github.com/wolflang/wolf/internal/config/loader.go:194.18,196.5 1 0
github.com/wolflang/wolf/internal/config/loader.go:197.4,197.29 1 0
github.com/wolflang/wolf/internal/config/loader.go:198.18,200.18 2 0
github.com/wolflang/wolf/internal/config/loader.go:200.18,202.5 1 0
github.com/wolflang/wolf/internal/config/loader.go:203.4,203.26 1 0
github.com/wolflang/wolf/internal/config/loader.go:204.11,205.32 1 0
github.com/wolflang/wolf/internal/config/loader.go:208.24,209.14 1 0
github.com/wolflang/wolf/internal/config/loader.go:210.17,211.23 1 0
github.com/wolflang/wolf/internal/config/loader.go:212.15,213.21 1 0
github.com/wolflang/wolf/internal/config/loader.go:214.15,216.18 2 0
github.com/wolflang/wolf/internal/config/loader.go:216.18,218.5 1 0
github.com/wolflang/wolf/internal/config/loader.go:219.4,219.19 1 0
github.com/wolflang/wolf/internal/config/loader.go:220.15,221.21 1 0
github.com/wolflang/wolf/internal/config/loader.go:222.15,223.21 1 0
github.com/wolflang/wolf/internal/config/loader.go:224.19,225.25 1 0
github.com/wolflang/wolf/internal/config/loader.go:226.20,228.18 2 0
github.com/wolflang/wolf/internal/config/loader.go:228.18,230.5 1 0
github.com/wolflang/wolf/internal/config/loader.go:231.4,231.23 1 0
github.com/wolflang/wolf/internal/config/loader.go:232.24,234.18 2 0
github.com/wolflang/wolf/internal/config/loader.go:234.18,236.5 1 0
github.com/wolflang/wolf/internal/config/loader.go:237.4,237.26 1 0
github.com/wolflang/wolf/internal/config/loader.go:238.23,240.18 2 0
github.com/wolflang/wolf/internal/config/loader.go:240.18,242.5 1 0
github.com/wolflang/wolf/internal/config/loader.go:243.4,243.26 1 0
github.com/wolflang/wolf/internal/config/loader.go:244.22,246.18 2 0
github.com/wolflang/wolf/internal/config/loader.go:246.18,248.5 1 0
github.com/wolflang/wolf/internal/config/loader.go:249.4,249.25 1 0
github.com/wolflang/wolf/internal/config/loader.go:250.20,251.25 1 0
github.com/wolflang/wolf/internal/config/loader.go:252.20,254.18 2 0
github.com/wolflang/wolf/internal/config/loader.go:254.18,256.5 1 0
github.com/wolflang/wolf/internal/config/loader.go:257.4,257.23 1 0
github.com/wolflang/wolf/internal/config/loader.go:258.11,259.32 1 0
github.com/wolflang/wolf/internal/config/loader.go:262.15,263.14 1 0
github.com/wolflang/wolf/internal/config/loader.go:264.15,265.24 1 0
github.com/wolflang/wolf/internal/config/loader.go:266.15,268.18 2 0
github.com/wolflang/wolf/internal/config/loader.go:268.18,270.5 1 0
github.com/wolflang/wolf/internal/config/loader.go:271.4,271.22 1 0
github.com/wolflang/wolf/internal/config/loader.go:272.19,273.28 1 0
github.com/wolflang/wolf/internal/config/loader.go:274.13,276.18 2 0
github.com/wolflang/wolf/internal/config/loader.go:276.18,278.5 1 0
github.com/wolflang/wolf/internal/config/loader.go:279.4,279.20 1 0
github.com/wolflang/wolf/internal/config/loader.go:280.11,281.32 1 0
github.com/wolflang/wolf/internal/config/loader.go:284.13,285.14 1 0
github.com/wolflang/wolf/internal/config/loader.go:286.17,287.24 1 0
github.com/wolflang/wolf/internal/config/loader.go:288.35,290.18 2 0
github.com/wolflang/wolf/internal/config/loader.go:290.18,292.5 1 0
github.com/wolflang/wolf/internal/config/loader.go:293.4,293.25 1 0
github.com/wolflang/wolf/internal/config/loader.go:294.20,295.27 1 0
github.com/wolflang/wolf/internal/config/loader.go:296.11,297.32 1 0
github.com/wolflang/wolf/internal/config/loader.go:300.13,301.14 1 0
github.com/wolflang/wolf/internal/config/loader.go:302.16,303.23 1 0
github.com/wolflang/wolf/internal/config/loader.go:304.17,305.24 1 0
github.com/wolflang/wolf/internal/config/loader.go:306.15,307.22 1 0
github.com/wolflang/wolf/internal/config/loader.go:308.11,309.32 1 0
github.com/wolflang/wolf/internal/config/loader.go:312.15,313.14 1 0
github.com/wolflang/wolf/internal/config/loader.go:314.18,315.26 1 0
github.com/wolflang/wolf/internal/config/loader.go:316.31,318.18 2 0
github.com/wolflang/wolf/internal/config/loader.go:318.18,320.5 1 0
github.com/wolflang/wolf/internal/config/loader.go:321.4,321.26 1 0
github.com/wolflang/wolf/internal/config/loader.go:322.18,324.18 2 0
github.com/wolflang/wolf/internal/config/loader.go:324.18,326.5 1 0
github.com/wolflang/wolf/internal/config/loader.go:327.4,327.24 1 0
github.com/wolflang/wolf/internal/config/loader.go:328.22,330.18 2 0
github.com/wolflang/wolf/internal/config/loader.go:330.18,332.5 1 0
github.com/wolflang/wolf/internal/config/loader.go:333.4,333.28 1 0
github.com/wolflang/wolf/internal/config/loader.go:334.11,335.32 1 0
github.com/wolflang/wolf/internal/config/loader.go:338.10,339.73 1 0
github.com/wolflang/wolf/internal/config/loader.go:341.10,341.10 0 0
github.com/wolflang/wolf/internal/config/loader.go:346.2,346.12 1 0
github.com/wolflang/wolf/internal/config/loader.go:352.34,353.43 1 0
github.com/wolflang/wolf/internal/config/loader.go:353.43,354.37 1 0
github.com/wolflang/wolf/internal/config/loader.go:354.37,356.4 1 0
github.com/wolflang/wolf/internal/config/loader.go:358.2,358.40 1 0
github.com/wolflang/wolf/internal/config/loader.go:358.40,359.37 1 0
github.com/wolflang/wolf/internal/config/loader.go:359.37,360.45 1 0
github.com/wolflang/wolf/internal/config/loader.go:360.45,362.5 1 0
github.com/wolflang/wolf/internal/config/loader.go:365.2,365.42 1 0
github.com/wolflang/wolf/internal/config/loader.go:365.42,366.37 1 0
github.com/wolflang/wolf/internal/config/loader.go:366.37,367.42 1 0
github.com/wolflang/wolf/internal/config/loader.go:367.42,369.5 1 0
github.com/wolflang/wolf/internal/config/loader.go:374.2,424.53 39 0
github.com/wolflang/wolf/internal/config/loader.go:429.38,431.29 2 0
github.com/wolflang/wolf/internal/config/loader.go:431.29,433.3 1 0
github.com/wolflang/wolf/internal/config/loader.go:435.2,435.52 1 0
github.com/wolflang/wolf/internal/config/loader.go:435.52,437.3 1 0
github.com/wolflang/wolf/internal/config/loader.go:439.2,439.61 1 0
github.com/wolflang/wolf/internal/config/loader.go:439.61,441.3 1 0
github.com/wolflang/wolf/internal/config/loader.go:443.2,444.30 2 0
github.com/wolflang/wolf/internal/config/loader.go:444.30,446.3 1 0
github.com/wolflang/wolf/internal/config/loader.go:448.2,448.25 1 0
github.com/wolflang/wolf/internal/config/loader.go:448.25,450.3 1 0
github.com/wolflang/wolf/internal/config/loader.go:451.2,451.28 1 0
github.com/wolflang/wolf/internal/config/loader.go:451.28,453.3 1 0
github.com/wolflang/wolf/internal/config/loader.go:454.2,454.42 1 0
github.com/wolflang/wolf/internal/config/loader.go:454.42,457.3 1 0
github.com/wolflang/wolf/internal/config/loader.go:458.2,458.28 1 0
github.com/wolflang/wolf/internal/config/loader.go:458.28,460.3 1 0
github.com/wolflang/wolf/internal/config/loader.go:462.2,463.63 2 0
github.com/wolflang/wolf/internal/config/loader.go:463.63,465.3 1 0
github.com/wolflang/wolf/internal/config/loader.go:467.2,468.33 2 0
github.com/wolflang/wolf/internal/config/loader.go:468.33,470.3 1 0
github.com/wolflang/wolf/internal/config/loader.go:472.2,472.12 1 0
github.com/wolflang/wolf/internal/config/loader.go:476.40,477.47 1 0
github.com/wolflang/wolf/internal/config/loader.go:478.32,479.19 1 0
github.com/wolflang/wolf/internal/config/loader.go:480.33,481.20 1 0
github.com/wolflang/wolf/internal/config/loader.go:483.2,483.56 1 0
github.com/wolflang/wolf/internal/compiler/autodiscovery.go:15.80,20.33 3 1
github.com/wolflang/wolf/internal/compiler/autodiscovery.go:20.33,22.54 2 1
github.com/wolflang/wolf/internal/compiler/autodiscovery.go:22.54,23.12 1 1
github.com/wolflang/wolf/internal/compiler/autodiscovery.go:26.3,26.87 1 0
github.com/wolflang/wolf/internal/compiler/autodiscovery.go:26.87,27.18 1 0
github.com/wolflang/wolf/internal/compiler/autodiscovery.go:27.18,29.5 1 0
github.com/wolflang/wolf/internal/compiler/autodiscovery.go:30.4,30.64 1 0
github.com/wolflang/wolf/internal/compiler/autodiscovery.go:30.64,31.18 1 0
github.com/wolflang/wolf/internal/compiler/autodiscovery.go:31.18,33.6 1 0
github.com/wolflang/wolf/internal/compiler/autodiscovery.go:35.5,36.23 2 0
github.com/wolflang/wolf/internal/compiler/autodiscovery.go:36.23,38.6 1 0
github.com/wolflang/wolf/internal/compiler/autodiscovery.go:41.5,43.25 3 0
github.com/wolflang/wolf/internal/compiler/autodiscovery.go:43.25,45.6 1 0
github.com/wolflang/wolf/internal/compiler/autodiscovery.go:48.5,50.27 3 0
github.com/wolflang/wolf/internal/compiler/autodiscovery.go:50.27,52.6 1 0
github.com/wolflang/wolf/internal/compiler/autodiscovery.go:54.5,54.33 1 0
github.com/wolflang/wolf/internal/compiler/autodiscovery.go:56.4,56.14 1 0
github.com/wolflang/wolf/internal/compiler/autodiscovery.go:59.3,59.17 1 0
github.com/wolflang/wolf/internal/compiler/autodiscovery.go:59.17,61.4 1 0
github.com/wolflang/wolf/internal/compiler/autodiscovery.go:64.2,64.18 1 1
github.com/wolflang/wolf/internal/compiler/compiler.go:31.22,35.2 1 1
github.com/wolflang/wolf/internal/compiler/compiler.go:40.59,42.16 2 0
github.com/wolflang/wolf/internal/compiler/compiler.go:42.16,44.3 1 0
github.com/wolflang/wolf/internal/compiler/compiler.go:45.2,49.8 1 0
github.com/wolflang/wolf/internal/compiler/compiler.go:60.77,67.24 5 1
github.com/wolflang/wolf/internal/compiler/compiler.go:67.24,68.31 1 1
github.com/wolflang/wolf/internal/compiler/compiler.go:68.31,70.4 1 1
github.com/wolflang/wolf/internal/compiler/compiler.go:71.3,71.77 1 1
github.com/wolflang/wolf/internal/compiler/compiler.go:74.2,80.26 6 1
github.com/wolflang/wolf/internal/compiler/compiler.go:80.26,81.33 1 1
github.com/wolflang/wolf/internal/compiler/compiler.go:81.33,83.4 1 1
github.com/wolflang/wolf/internal/compiler/compiler.go:84.3,84.80 1 1
github.com/wolflang/wolf/internal/compiler/compiler.go:87.2,91.16 4 1
github.com/wolflang/wolf/internal/compiler/compiler.go:91.16,94.3 2 0
github.com/wolflang/wolf/internal/compiler/compiler.go:96.2,97.37 2 1
github.com/wolflang/wolf/internal/compiler/compiler.go:97.37,99.3 1 0
github.com/wolflang/wolf/internal/compiler/compiler.go:102.2,107.25 4 1
github.com/wolflang/wolf/internal/compiler/compiler.go:107.25,109.3 1 1
github.com/wolflang/wolf/internal/compiler/compiler.go:112.2,113.24 2 1
github.com/wolflang/wolf/internal/compiler/compiler.go:113.24,115.3 1 1
github.com/wolflang/wolf/internal/compiler/compiler.go:117.2,122.28 5 1
github.com/wolflang/wolf/internal/compiler/compiler.go:122.28,123.35 1 0
github.com/wolflang/wolf/internal/compiler/compiler.go:123.35,125.4 1 0
github.com/wolflang/wolf/internal/compiler/compiler.go:126.3,126.84 1 0
github.com/wolflang/wolf/internal/compiler/compiler.go:129.2,135.31 6 1
github.com/wolflang/wolf/internal/compiler/compiler.go:135.31,136.18 1 1
github.com/wolflang/wolf/internal/compiler/compiler.go:136.18,138.4 1 0
github.com/wolflang/wolf/internal/compiler/compiler.go:138.9,141.4 2 1
github.com/wolflang/wolf/internal/compiler/compiler.go:143.2,143.29 1 1
github.com/wolflang/wolf/internal/compiler/compiler.go:143.29,145.3 1 1
github.com/wolflang/wolf/internal/compiler/compiler.go:147.2,160.20 10 1
github.com/wolflang/wolf/internal/compiler/compiler.go:164.75,167.16 3 0
github.com/wolflang/wolf/internal/compiler/compiler.go:167.16,169.3 1 0
github.com/wolflang/wolf/internal/compiler/compiler.go:171.2,173.16 3 0
github.com/wolflang/wolf/internal/compiler/compiler.go:173.16,175.3 1 0
github.com/wolflang/wolf/internal/compiler/compiler.go:177.2,177.50 1 0
github.com/wolflang/wolf/internal/compiler/compiler.go:177.50,179.3 1 0
github.com/wolflang/wolf/internal/compiler/compiler.go:181.2,184.15 3 0
github.com/wolflang/wolf/internal/compiler/compiler.go:184.15,186.22 2 0
github.com/wolflang/wolf/internal/compiler/compiler.go:186.22,189.4 1 0
github.com/wolflang/wolf/internal/compiler/compiler.go:193.2,194.78 2 0
github.com/wolflang/wolf/internal/compiler/compiler.go:194.78,196.3 1 0
github.com/wolflang/wolf/internal/compiler/compiler.go:198.2,198.15 1 0
github.com/wolflang/wolf/internal/compiler/compiler.go:198.15,200.3 1 0
github.com/wolflang/wolf/internal/compiler/compiler.go:206.2,207.16 2 0
github.com/wolflang/wolf/internal/compiler/compiler.go:207.16,209.3 1 0
github.com/wolflang/wolf/internal/compiler/compiler.go:210.2,220.14 6 0
github.com/wolflang/wolf/internal/compiler/compiler.go:220.14,223.54 3 0
github.com/wolflang/wolf/internal/compiler/compiler.go:223.54,225.17 2 0
github.com/wolflang/wolf/internal/compiler/compiler.go:225.17,227.5 1 0
github.com/wolflang/wolf/internal/compiler/compiler.go:228.9,230.17 2 0
github.com/wolflang/wolf/internal/compiler/compiler.go:230.17,232.5 1 0
github.com/wolflang/wolf/internal/compiler/compiler.go:234.3,234.34 1 0
github.com/wolflang/wolf/internal/compiler/compiler.go:237.2,239.29 2 0
github.com/wolflang/wolf/internal/compiler/compiler.go:239.29,242.56 3 0
github.com/wolflang/wolf/internal/compiler/compiler.go:242.56,244.17 2 0
github.com/wolflang/wolf/internal/compiler/compiler.go:244.17,246.5 1 0
github.com/wolflang/wolf/internal/compiler/compiler.go:247.9,249.17 2 0
github.com/wolflang/wolf/internal/compiler/compiler.go:249.17,251.5 1 0
github.com/wolflang/wolf/internal/compiler/compiler.go:256.2,256.15 1 0
github.com/wolflang/wolf/internal/compiler/compiler.go:256.15,260.59 4 0
github.com/wolflang/wolf/internal/compiler/compiler.go:260.59,262.58 2 0
github.com/wolflang/wolf/internal/compiler/compiler.go:262.58,264.5 1 0
github.com/wolflang/wolf/internal/compiler/compiler.go:264.10,266.5 1 0
github.com/wolflang/wolf/internal/compiler/compiler.go:267.9,269.4 1 0
github.com/wolflang/wolf/internal/compiler/compiler.go:272.2,272.15 1 0
github.com/wolflang/wolf/internal/compiler/compiler.go:272.15,274.3 1 0
github.com/wolflang/wolf/internal/compiler/compiler.go:276.2,285.49 6 0
github.com/wolflang/wolf/internal/compiler/compiler.go:285.49,287.3 1 0
github.com/wolflang/wolf/internal/compiler/compiler.go:289.2,289.23 1 0
github.com/wolflang/wolf/internal/compiler/compiler.go:289.23,291.124 2 0
github.com/wolflang/wolf/internal/compiler/compiler.go:291.124,292.59 1 0
github.com/wolflang/wolf/internal/compiler/compiler.go:292.59,293.72 1 0
github.com/wolflang/wolf/internal/compiler/compiler.go:293.72,295.6 1 0
github.com/wolflang/wolf/internal/compiler/compiler.go:296.5,296.70 1 0
github.com/wolflang/wolf/internal/compiler/compiler.go:296.70,298.6 1 0
github.com/wolflang/wolf/internal/compiler/compiler.go:299.5,299.10 1 0
github.com/wolflang/wolf/internal/compiler/compiler.go:302.8,302.33 1 0
github.com/wolflang/wolf/internal/compiler/compiler.go:302.33,304.58 2 0
github.com/wolflang/wolf/internal/compiler/compiler.go:304.58,305.75 1 0
github.com/wolflang/wolf/internal/compiler/compiler.go:305.75,307.5 1 0
github.com/wolflang/wolf/internal/compiler/compiler.go:308.4,308.71 1 0
github.com/wolflang/wolf/internal/compiler/compiler.go:308.71,310.5 1 0
github.com/wolflang/wolf/internal/compiler/compiler.go:312.8,312.30 1 0
github.com/wolflang/wolf/internal/compiler/compiler.go:312.30,316.3 2 0
github.com/wolflang/wolf/internal/compiler/compiler.go:319.2,327.58 5 0
github.com/wolflang/wolf/internal/compiler/compiler.go:327.58,329.3 1 0
github.com/wolflang/wolf/internal/compiler/compiler.go:329.8,329.37 1 0
github.com/wolflang/wolf/internal/compiler/compiler.go:329.37,331.3 1 0
github.com/wolflang/wolf/internal/compiler/compiler.go:333.2,334.23 2 0
github.com/wolflang/wolf/internal/compiler/compiler.go:334.23,335.79 1 0
github.com/wolflang/wolf/internal/compiler/compiler.go:335.79,337.4 1 0
github.com/wolflang/wolf/internal/compiler/compiler.go:340.2,344.19 3 0
github.com/wolflang/wolf/internal/compiler/compiler.go:344.19,346.3 1 0
github.com/wolflang/wolf/internal/compiler/compiler.go:347.2,347.22 1 0
github.com/wolflang/wolf/internal/compiler/compiler.go:347.22,349.3 1 0
github.com/wolflang/wolf/internal/compiler/compiler.go:351.2,354.15 3 0
github.com/wolflang/wolf/internal/compiler/compiler.go:354.15,360.3 1 0
github.com/wolflang/wolf/internal/compiler/compiler.go:366.2,367.16 2 0
github.com/wolflang/wolf/internal/compiler/compiler.go:367.16,368.56 1 0
github.com/wolflang/wolf/internal/compiler/compiler.go:368.56,369.66 1 0
github.com/wolflang/wolf/internal/compiler/compiler.go:369.66,371.10 2 0
github.com/wolflang/wolf/internal/compiler/compiler.go:377.2,378.49 2 0
github.com/wolflang/wolf/internal/compiler/compiler.go:378.49,380.3 1 0
github.com/wolflang/wolf/internal/compiler/compiler.go:381.2,384.20 2 0
github.com/wolflang/wolf/internal/compiler/compiler.go:384.20,386.3 1 0
github.com/wolflang/wolf/internal/compiler/compiler.go:387.2,387.24 1 0
github.com/wolflang/wolf/internal/compiler/compiler.go:387.24,389.3 1 0
github.com/wolflang/wolf/internal/compiler/compiler.go:392.2,399.35 3 0
github.com/wolflang/wolf/internal/compiler/compiler.go:399.35,401.3 1 0
github.com/wolflang/wolf/internal/compiler/compiler.go:403.2,405.52 3 0
github.com/wolflang/wolf/internal/compiler/compiler.go:405.52,407.3 1 0
github.com/wolflang/wolf/internal/compiler/compiler.go:409.2,409.15 1 0
github.com/wolflang/wolf/internal/compiler/compiler.go:409.15,411.3 1 0
github.com/wolflang/wolf/internal/compiler/compiler.go:414.2,418.27 3 0
github.com/wolflang/wolf/internal/compiler/compiler.go:418.27,420.3 1 0
github.com/wolflang/wolf/internal/compiler/compiler.go:422.2,426.47 4 0
github.com/wolflang/wolf/internal/compiler/compiler.go:426.47,427.37 1 0
github.com/wolflang/wolf/internal/compiler/compiler.go:427.37,431.4 3 0
github.com/wolflang/wolf/internal/compiler/compiler.go:434.2,434.57 1 0
github.com/wolflang/wolf/internal/compiler/compiler.go:434.57,436.3 1 0
github.com/wolflang/wolf/internal/compiler/compiler.go:438.2,439.54 2 0
github.com/wolflang/wolf/internal/compiler/compiler.go:439.54,441.3 1 0
github.com/wolflang/wolf/internal/compiler/compiler.go:443.2,445.15 2 0
github.com/wolflang/wolf/internal/compiler/compiler.go:445.15,447.3 1 0
github.com/wolflang/wolf/internal/compiler/compiler.go:450.2,452.20 2 0
github.com/wolflang/wolf/internal/compiler/compiler.go:456.55,458.16 2 0
github.com/wolflang/wolf/internal/compiler/compiler.go:458.16,460.3 1 0
github.com/wolflang/wolf/internal/compiler/compiler.go:462.2,467.18 5 0
github.com/wolflang/wolf/internal/compiler/compiler.go:474.44,475.21 1 0
github.com/wolflang/wolf/internal/compiler/compiler.go:475.21,477.3 1 0
github.com/wolflang/wolf/internal/compiler/compiler.go:478.2,480.23 3 0
github.com/wolflang/wolf/internal/compiler/compiler.go:481.18,482.38 1 0
github.com/wolflang/wolf/internal/compiler/compiler.go:483.15,484.35 1 0
github.com/wolflang/wolf/internal/compiler/compiler.go:485.10,486.35 1 0
github.com/wolflang/wolf/internal/compiler/compiler.go:489.2,509.3 1 0
github.com/wolflang/wolf/internal/compiler/compiler.go:514.61,515.21 1 0
github.com/wolflang/wolf/internal/compiler/compiler.go:515.21,517.3 1 0
github.com/wolflang/wolf/internal/compiler/compiler.go:518.2,543.73 4 0
github.com/wolflang/wolf/internal/compiler/compiler.go:546.34,550.2 3 0
github.com/wolflang/wolf/internal/compiler/compiler.go:552.28,553.7 1 0
github.com/wolflang/wolf/internal/compiler/compiler.go:553.7,555.3 1 0
github.com/wolflang/wolf/internal/compiler/compiler.go:556.2,556.10 1 0
github.com/wolflang/wolf/internal/compiler/compiler.go:561.37,563.16 2 0
github.com/wolflang/wolf/internal/compiler/compiler.go:563.16,566.49 3 0
github.com/wolflang/wolf/internal/compiler/compiler.go:566.49,568.4 1 0
github.com/wolflang/wolf/internal/compiler/compiler.go:569.3,571.49 3 0
github.com/wolflang/wolf/internal/compiler/compiler.go:571.49,573.4 1 0
github.com/wolflang/wolf/internal/compiler/compiler.go:576.2,577.16 2 0
github.com/wolflang/wolf/internal/compiler/compiler.go:577.16,579.49 2 0
github.com/wolflang/wolf/internal/compiler/compiler.go:579.49,581.4 1 0
github.com/wolflang/wolf/internal/compiler/compiler.go:582.3,584.49 3 0
github.com/wolflang/wolf/internal/compiler/compiler.go:584.49,586.4 1 0
github.com/wolflang/wolf/internal/compiler/compiler.go:589.2,589.111 1 0
github.com/wolflang/wolf/internal/compiler/compiler.go:592.22,593.52 1 0
github.com/wolflang/wolf/internal/compiler/compiler.go:593.52,594.49 1 0
github.com/wolflang/wolf/internal/compiler/compiler.go:594.49,596.4 1 0
github.com/wolflang/wolf/internal/compiler/compiler.go:598.2,598.13 1 0
github.com/wolflang/wolf/internal/compiler/compiler.go:601.20,604.2 2 0
github.com/wolflang/wolf/internal/compiler/compiler.go:606.22,609.2 2 0
github.com/wolflang/wolf/internal/compiler/compiler.go:611.34,612.83 1 1
github.com/wolflang/wolf/internal/compiler/compiler.go:612.83,613.51 1 1
github.com/wolflang/wolf/internal/compiler/compiler.go:613.51,614.76 1 1
github.com/wolflang/wolf/internal/compiler/compiler.go:614.76,615.63 1 1
github.com/wolflang/wolf/internal/compiler/compiler.go:615.63,617.6 1 1
github.com/wolflang/wolf/internal/compiler/compiler.go:621.2,621.53 1 0
github.com/wolflang/wolf/internal/compiler/compiler.go:621.53,622.74 1 0
github.com/wolflang/wolf/internal/compiler/compiler.go:622.74,623.62 1 0
github.com/wolflang/wolf/internal/compiler/compiler.go:623.62,625.5 1 0
github.com/wolflang/wolf/internal/compiler/compiler.go:628.2,628.51 1 0
github.com/wolflang/wolf/internal/compiler/compiler.go:628.51,629.74 1 0
github.com/wolflang/wolf/internal/compiler/compiler.go:629.74,630.62 1 0
github.com/wolflang/wolf/internal/compiler/compiler.go:630.62,632.5 1 0
github.com/wolflang/wolf/internal/compiler/compiler.go:635.2,635.22 1 0
github.com/wolflang/wolf/internal/compiler/compiler.go:636.16,637.32 1 0
github.com/wolflang/wolf/internal/compiler/compiler.go:637.32,639.4 1 0
github.com/wolflang/wolf/internal/compiler/compiler.go:640.3,640.38 1 0
github.com/wolflang/wolf/internal/compiler/compiler.go:641.17,642.34 1 0
github.com/wolflang/wolf/internal/compiler/compiler.go:643.10,644.32 1 0
github.com/wolflang/wolf/internal/compiler/compiler.go:644.32,646.4 1 0
github.com/wolflang/wolf/internal/compiler/compiler.go:647.3,647.31 1 0
github.com/wolflang/wolf/internal/compiler/compiler.go:651.60,652.58 1 0
github.com/wolflang/wolf/internal/compiler/compiler.go:652.58,653.73 1 0
github.com/wolflang/wolf/internal/compiler/compiler.go:653.73,655.4 1 0
github.com/wolflang/wolf/internal/compiler/compiler.go:656.3,656.75 1 0
github.com/wolflang/wolf/internal/compiler/compiler.go:656.75,658.4 1 0
github.com/wolflang/wolf/internal/compiler/compiler.go:660.2,660.8 1 0
github.com/wolflang/wolf/internal/compiler/compiler.go:663.65,664.58 1 0
github.com/wolflang/wolf/internal/compiler/compiler.go:664.58,666.17 2 0
github.com/wolflang/wolf/internal/compiler/compiler.go:666.17,668.4 1 0
github.com/wolflang/wolf/internal/compiler/compiler.go:669.3,669.17 1 0
github.com/wolflang/wolf/internal/compiler/compiler.go:671.2,671.47 1 0
github.com/wolflang/wolf/internal/compiler/dispatch_gen.go:23.70,26.42 2 1
github.com/wolflang/wolf/internal/compiler/dispatch_gen.go:26.42,27.52 1 1
github.com/wolflang/wolf/internal/compiler/dispatch_gen.go:27.52,28.91 1 1
github.com/wolflang/wolf/internal/compiler/dispatch_gen.go:28.91,30.5 1 0
github.com/wolflang/wolf/internal/compiler/dispatch_gen.go:36.2,38.26 2 1
github.com/wolflang/wolf/internal/compiler/dispatch_gen.go:38.26,39.37 1 0
github.com/wolflang/wolf/internal/compiler/dispatch_gen.go:39.37,50.44 5 0
github.com/wolflang/wolf/internal/compiler/dispatch_gen.go:50.44,51.81 1 0
github.com/wolflang/wolf/internal/compiler/dispatch_gen.go:51.81,52.47 1 0
github.com/wolflang/wolf/internal/compiler/dispatch_gen.go:52.47,54.39 1 0
github.com/wolflang/wolf/internal/compiler/dispatch_gen.go:54.39,55.16 1 0
github.com/wolflang/wolf/internal/compiler/dispatch_gen.go:60.7,63.27 4 0
github.com/wolflang/wolf/internal/compiler/dispatch_gen.go:67.4,67.20 1 0
github.com/wolflang/wolf/internal/compiler/dispatch_gen.go:71.2,80.26 7 1
github.com/wolflang/wolf/internal/compiler/dispatch_gen.go:85.72,87.42 2 1
github.com/wolflang/wolf/internal/compiler/dispatch_gen.go:87.42,88.52 1 1
github.com/wolflang/wolf/internal/compiler/dispatch_gen.go:88.52,90.91 1 1
github.com/wolflang/wolf/internal/compiler/dispatch_gen.go:90.91,91.134 1 1
github.com/wolflang/wolf/internal/compiler/dispatch_gen.go:91.134,93.40 1 1
github.com/wolflang/wolf/internal/compiler/dispatch_gen.go:93.40,95.7 1 1
github.com/wolflang/wolf/internal/compiler/dispatch_gen.go:101.2,103.21 2 1
github.com/wolflang/wolf/internal/compiler/dispatch_gen.go:103.21,104.32 1 1
github.com/wolflang/wolf/internal/compiler/dispatch_gen.go:104.32,108.4 3 1
github.com/wolflang/wolf/internal/compiler/dispatch_gen.go:111.2,120.26 7 1
github.com/wolflang/wolf/internal/config/config.go:96.29,152.2 1 0
github.com/wolflang/wolf/internal/config/loader.go:17.52,22.22 3 0
github.com/wolflang/wolf/internal/config/loader.go:22.22,23.51 1 0
github.com/wolflang/wolf/internal/config/loader.go:23.51,25.4 1 0
github.com/wolflang/wolf/internal/config/loader.go:29.2,32.38 2 0
github.com/wolflang/wolf/internal/config/loader.go:32.38,34.3 1 0
github.com/wolflang/wolf/internal/config/loader.go:37.2,37.29 1 0
github.com/wolflang/wolf/internal/config/loader.go:37.29,39.3 1 0
github.com/wolflang/wolf/internal/config/loader.go:41.2,41.17 1 0
github.com/wolflang/wolf/internal/config/loader.go:46.40,48.6 2 0
github.com/wolflang/wolf/internal/config/loader.go:48.6,50.47 2 0
github.com/wolflang/wolf/internal/config/loader.go:50.47,52.4 1 0
github.com/wolflang/wolf/internal/config/loader.go:53.3,54.20 2 0
github.com/wolflang/wolf/internal/config/loader.go:54.20,55.9 1 0
github.com/wolflang/wolf/internal/config/loader.go:57.3,57.15 1 0
github.com/wolflang/wolf/internal/config/loader.go:59.2,59.11 1 0
github.com/wolflang/wolf/internal/config/loader.go:71.51,73.16 2 0
github.com/wolflang/wolf/internal/config/loader.go:73.16,75.3 1 0
github.com/wolflang/wolf/internal/config/loader.go:76.2,82.21 5 0
github.com/wolflang/wolf/internal/config/loader.go:82.21,90.17 5 0
github.com/wolflang/wolf/internal/config/loader.go:90.17,91.12 1 0
github.com/wolflang/wolf/internal/config/loader.go:95.3,95.67 1 0
github.com/wolflang/wolf/internal/config/loader.go:95.67,97.12 2 0
github.com/wolflang/wolf/internal/config/loader.go:101.3,102.13 2 0
github.com/wolflang/wolf/internal/config/loader.go:102.13,104.4 1 0
github.com/wolflang/wolf/internal/config/loader.go:106.3,109.67 3 0
github.com/wolflang/wolf/internal/config/loader.go:109.67,111.4 1 0
github.com/wolflang/wolf/internal/config/loader.go:114.2,114.22 1 0
github.com/wolflang/wolf/internal/config/loader.go:118.36,120.23 2 0
github.com/wolflang/wolf/internal/config/loader.go:120.23,121.16 1 0
github.com/wolflang/wolf/internal/config/loader.go:121.16,123.4 1 0
github.com/wolflang/wolf/internal/config/loader.go:124.3,124.28 1 0
github.com/wolflang/wolf/internal/config/loader.go:124.28,126.4 1 0
github.com/wolflang/wolf/internal/config/loader.go:128.2,128.10 1 0
github.com/wolflang/wolf/internal/config/loader.go:132.74,133.43 1 0
github.com/wolflang/wolf/internal/config/loader.go:133.43,135.3 1 0
github.com/wolflang/wolf/internal/config/loader.go:137.2,137.17 1 0
github.com/wolflang/wolf/internal/config/loader.go:138.13,139.14 1 0
github.com/wolflang/wolf/internal/config/loader.go:140.15,141.22 1 0
github.com/wolflang/wolf/internal/config/loader.go:142.14,143.21 1 0
github.com/wolflang/wolf/internal/config/loader.go:144.16,146.18 2 0
github.com/wolflang/wolf/internal/config/loader.go:146.18,148.5 1 0
github.com/wolflang/wolf/internal/config/loader.go:149.4,149.21 1 0
github.com/wolflang/wolf/internal/config/loader.go:150.18,151.25 1 0
github.com/wolflang/wolf/internal/config/loader.go:152.14,153.21 1 0
github.com/wolflang/wolf/internal/config/loader.go:154.11,155.32 1 0
github.com/wolflang/wolf/internal/config/loader.go:158.16,159.14 1 0
github.com/wolflang/wolf/internal/config/loader.go:160.15,161.25 1 0
github.com/wolflang/wolf/internal/config/loader.go:162.15,164.18 2 0
github.com/wolflang/wolf/internal/config/loader.go:164.18,166.5 1 0
github.com/wolflang/wolf/internal/config/loader.go:167.4,167.23 1 0
github.com/wolflang/wolf/internal/config/loader.go:168.23,170.18 2 0
github.com/wolflang/wolf/internal/config/loader.go:170.18,172.5 1 0
github.com/wolflang/wolf/internal/config/loader.go:173.4,173.33 1 0
github.com/wolflang/wolf/internal/config/loader.go:174.24,176.18 2 0
github.com/wolflang/wolf/internal/config/loader.go:176.18,178.5 1 0
github.com/wolflang/wolf/internal/config/loader.go:179.4,179.34 1 0
github.com/wolflang/wolf/internal/config/loader.go:180.27,182.18 2 0
github.com/wolflang/wolf/internal/config/loader.go:182.18,184.5 1 0
github.com/wolflang/wolf/internal/config/loader.go:185.4,185.33 1 0
github.com/wolflang/wolf/internal/config/loader.go:186.25,188.18 2 0
github.com/wolflang/wolf/internal/config/loader.go:188.18,190.5 1 0
github.com/wolflang/wolf/internal/config/loader.go:191.4,191.32 1 0
github.com/wolflang/wolf/internal/config/loader.go:192.22,194.18 2 0
github.com/wolflang/wolf/internal/config/loader.go:194.18,196.5 1 0
github.com/wolflang/wolf/internal/config/loader.go:197.4,197.29 1 0
github.com/wolflang/wolf/internal/config/loader.go:198.18,200.18 2 0
github.com/wolflang/wolf/internal/config/loader.go:200.18,202.5 1 0
github.com/wolflang/wolf/internal/config/loader.go:203.4,203.26 1 0
github.com/wolflang/wolf/internal/config/loader.go:204.11,205.32 1 0
github.com/wolflang/wolf/internal/config/loader.go:208.24,209.14 1 0
github.com/wolflang/wolf/internal/config/loader.go:210.17,211.23 1 0
github.com/wolflang/wolf/internal/config/loader.go:212.15,213.21 1 0
github.com/wolflang/wolf/internal/config/loader.go:214.15,216.18 2 0
github.com/wolflang/wolf/internal/config/loader.go:216.18,218.5 1 0
github.com/wolflang/wolf/internal/config/loader.go:219.4,219.19 1 0
github.com/wolflang/wolf/internal/config/loader.go:220.15,221.21 1 0
github.com/wolflang/wolf/internal/config/loader.go:222.15,223.21 1 0
github.com/wolflang/wolf/internal/config/loader.go:224.19,225.25 1 0
github.com/wolflang/wolf/internal/config/loader.go:226.20,228.18 2 0
github.com/wolflang/wolf/internal/config/loader.go:228.18,230.5 1 0
github.com/wolflang/wolf/internal/config/loader.go:231.4,231.23 1 0
github.com/wolflang/wolf/internal/config/loader.go:232.24,234.18 2 0
github.com/wolflang/wolf/internal/config/loader.go:234.18,236.5 1 0
github.com/wolflang/wolf/internal/config/loader.go:237.4,237.26 1 0
github.com/wolflang/wolf/internal/config/loader.go:238.23,240.18 2 0
github.com/wolflang/wolf/internal/config/loader.go:240.18,242.5 1 0
github.com/wolflang/wolf/internal/config/loader.go:243.4,243.26 1 0
github.com/wolflang/wolf/internal/config/loader.go:244.22,246.18 2 0
github.com/wolflang/wolf/internal/config/loader.go:246.18,248.5 1 0
github.com/wolflang/wolf/internal/config/loader.go:249.4,249.25 1 0
github.com/wolflang/wolf/internal/config/loader.go:250.20,251.25 1 0
github.com/wolflang/wolf/internal/config/loader.go:252.20,254.18 2 0
github.com/wolflang/wolf/internal/config/loader.go:254.18,256.5 1 0
github.com/wolflang/wolf/internal/config/loader.go:257.4,257.23 1 0
github.com/wolflang/wolf/internal/config/loader.go:258.11,259.32 1 0
github.com/wolflang/wolf/internal/config/loader.go:262.15,263.14 1 0
github.com/wolflang/wolf/internal/config/loader.go:264.15,265.24 1 0
github.com/wolflang/wolf/internal/config/loader.go:266.15,268.18 2 0
github.com/wolflang/wolf/internal/config/loader.go:268.18,270.5 1 0
github.com/wolflang/wolf/internal/config/loader.go:271.4,271.22 1 0
github.com/wolflang/wolf/internal/config/loader.go:272.19,273.28 1 0
github.com/wolflang/wolf/internal/config/loader.go:274.13,276.18 2 0
github.com/wolflang/wolf/internal/config/loader.go:276.18,278.5 1 0
github.com/wolflang/wolf/internal/config/loader.go:279.4,279.20 1 0
github.com/wolflang/wolf/internal/config/loader.go:280.11,281.32 1 0
github.com/wolflang/wolf/internal/config/loader.go:284.13,285.14 1 0
github.com/wolflang/wolf/internal/config/loader.go:286.17,287.24 1 0
github.com/wolflang/wolf/internal/config/loader.go:288.35,290.18 2 0
github.com/wolflang/wolf/internal/config/loader.go:290.18,292.5 1 0
github.com/wolflang/wolf/internal/config/loader.go:293.4,293.25 1 0
github.com/wolflang/wolf/internal/config/loader.go:294.20,295.27 1 0
github.com/wolflang/wolf/internal/config/loader.go:296.11,297.32 1 0
github.com/wolflang/wolf/internal/config/loader.go:300.13,301.14 1 0
github.com/wolflang/wolf/internal/config/loader.go:302.16,303.23 1 0
github.com/wolflang/wolf/internal/config/loader.go:304.17,305.24 1 0
github.com/wolflang/wolf/internal/config/loader.go:306.15,307.22 1 0
github.com/wolflang/wolf/internal/config/loader.go:308.11,309.32 1 0
github.com/wolflang/wolf/internal/config/loader.go:312.15,313.14 1 0
github.com/wolflang/wolf/internal/config/loader.go:314.18,315.26 1 0
github.com/wolflang/wolf/internal/config/loader.go:316.31,318.18 2 0
github.com/wolflang/wolf/internal/config/loader.go:318.18,320.5 1 0
github.com/wolflang/wolf/internal/config/loader.go:321.4,321.26 1 0
github.com/wolflang/wolf/internal/config/loader.go:322.18,324.18 2 0
github.com/wolflang/wolf/internal/config/loader.go:324.18,326.5 1 0
github.com/wolflang/wolf/internal/config/loader.go:327.4,327.24 1 0
github.com/wolflang/wolf/internal/config/loader.go:328.22,330.18 2 0
github.com/wolflang/wolf/internal/config/loader.go:330.18,332.5 1 0
github.com/wolflang/wolf/internal/config/loader.go:333.4,333.28 1 0
github.com/wolflang/wolf/internal/config/loader.go:334.11,335.32 1 0
github.com/wolflang/wolf/internal/config/loader.go:338.10,339.73 1 0
github.com/wolflang/wolf/internal/config/loader.go:341.10,341.10 0 0
github.com/wolflang/wolf/internal/config/loader.go:346.2,346.12 1 0
github.com/wolflang/wolf/internal/config/loader.go:352.34,353.43 1 0
github.com/wolflang/wolf/internal/config/loader.go:353.43,354.37 1 0
github.com/wolflang/wolf/internal/config/loader.go:354.37,356.4 1 0
github.com/wolflang/wolf/internal/config/loader.go:358.2,358.40 1 0
github.com/wolflang/wolf/internal/config/loader.go:358.40,359.37 1 0
github.com/wolflang/wolf/internal/config/loader.go:359.37,360.45 1 0
github.com/wolflang/wolf/internal/config/loader.go:360.45,362.5 1 0
github.com/wolflang/wolf/internal/config/loader.go:365.2,365.42 1 0
github.com/wolflang/wolf/internal/config/loader.go:365.42,366.37 1 0
github.com/wolflang/wolf/internal/config/loader.go:366.37,367.42 1 0
github.com/wolflang/wolf/internal/config/loader.go:367.42,369.5 1 0
github.com/wolflang/wolf/internal/config/loader.go:374.2,424.53 39 0
github.com/wolflang/wolf/internal/config/loader.go:429.38,431.29 2 0
github.com/wolflang/wolf/internal/config/loader.go:431.29,433.3 1 0
github.com/wolflang/wolf/internal/config/loader.go:435.2,435.52 1 0
github.com/wolflang/wolf/internal/config/loader.go:435.52,437.3 1 0
github.com/wolflang/wolf/internal/config/loader.go:439.2,439.61 1 0
github.com/wolflang/wolf/internal/config/loader.go:439.61,441.3 1 0
github.com/wolflang/wolf/internal/config/loader.go:443.2,444.30 2 0
github.com/wolflang/wolf/internal/config/loader.go:444.30,446.3 1 0
github.com/wolflang/wolf/internal/config/loader.go:448.2,448.25 1 0
github.com/wolflang/wolf/internal/config/loader.go:448.25,450.3 1 0
github.com/wolflang/wolf/internal/config/loader.go:451.2,451.28 1 0
github.com/wolflang/wolf/internal/config/loader.go:451.28,453.3 1 0
github.com/wolflang/wolf/internal/config/loader.go:454.2,454.42 1 0
github.com/wolflang/wolf/internal/config/loader.go:454.42,457.3 1 0
github.com/wolflang/wolf/internal/config/loader.go:458.2,458.28 1 0
github.com/wolflang/wolf/internal/config/loader.go:458.28,460.3 1 0
github.com/wolflang/wolf/internal/config/loader.go:462.2,463.63 2 0
github.com/wolflang/wolf/internal/config/loader.go:463.63,465.3 1 0
github.com/wolflang/wolf/internal/config/loader.go:467.2,468.33 2 0
github.com/wolflang/wolf/internal/config/loader.go:468.33,470.3 1 0
github.com/wolflang/wolf/internal/config/loader.go:472.2,472.12 1 0
github.com/wolflang/wolf/internal/config/loader.go:476.40,477.47 1 0
github.com/wolflang/wolf/internal/config/loader.go:478.32,479.19 1 0
github.com/wolflang/wolf/internal/config/loader.go:480.33,481.20 1 0
github.com/wolflang/wolf/internal/config/loader.go:483.2,483.56 1 0
github.com/wolflang/wolf/internal/ir/clone.go:7.30,10.2 2 0
github.com/wolflang/wolf/internal/ir/clone.go:12.48,13.18 1 0
github.com/wolflang/wolf/internal/ir/clone.go:13.18,15.3 1 0
github.com/wolflang/wolf/internal/ir/clone.go:17.2,17.18 1 0
github.com/wolflang/wolf/internal/ir/clone.go:18.19,19.16 1 0
github.com/wolflang/wolf/internal/ir/clone.go:19.16,21.4 1 0
github.com/wolflang/wolf/internal/ir/clone.go:23.3,26.13 4 0
github.com/wolflang/wolf/internal/ir/clone.go:28.22,30.37 2 0
github.com/wolflang/wolf/internal/ir/clone.go:30.37,33.39 2 0
github.com/wolflang/wolf/internal/ir/clone.go:33.39,34.13 1 0
github.com/wolflang/wolf/internal/ir/clone.go:36.4,36.42 1 0
github.com/wolflang/wolf/internal/ir/clone.go:38.3,38.16 1 0
github.com/wolflang/wolf/internal/ir/clone.go:40.21,41.16 1 0
github.com/wolflang/wolf/internal/ir/clone.go:41.16,43.4 1 0
github.com/wolflang/wolf/internal/ir/clone.go:44.3,45.32 2 0
github.com/wolflang/wolf/internal/ir/clone.go:45.32,47.4 1 0
github.com/wolflang/wolf/internal/ir/clone.go:48.3,48.16 1 0
github.com/wolflang/wolf/internal/ir/clone.go:50.19,51.16 1 0
github.com/wolflang/wolf/internal/ir/clone.go:51.16,53.4 1 0
github.com/wolflang/wolf/internal/ir/clone.go:54.3,55.35 2 0
github.com/wolflang/wolf/internal/ir/clone.go:55.35,57.4 1 0
github.com/wolflang/wolf/internal/ir/clone.go:58.3,58.16 1 0
github.com/wolflang/wolf/internal/ir/clone.go:60.25,61.16 1 0
github.com/wolflang/wolf/internal/ir/clone.go:61.16,63.4 1 0
github.com/wolflang/wolf/internal/ir/clone.go:66.3,70.32 2 0
github.com/wolflang/wolf/internal/ir/clone.go:72.10,74.11 1 0
github.com/wolflang/wolf/internal/ir/clone.go:80.57,82.2 1 0
github.com/wolflang/wolf/internal/ir/clone.go:84.70,85.18 1 0
github.com/wolflang/wolf/internal/ir/clone.go:85.18,87.3 1 0
github.com/wolflang/wolf/internal/ir/clone.go:89.2,89.18 1 0
github.com/wolflang/wolf/internal/ir/clone.go:90.38,91.17 1 0
github.com/wolflang/wolf/internal/ir/clone.go:91.17,93.4 1 0
github.com/wolflang/wolf/internal/ir/clone.go:95.22,96.37 1 0
github.com/wolflang/wolf/internal/ir/clone.go:96.37,98.23 2 0
github.com/wolflang/wolf/internal/ir/clone.go:98.23,100.13 1 0
github.com/wolflang/wolf/internal/ir/clone.go:102.4,105.21 2 0
github.com/wolflang/wolf/internal/ir/clone.go:106.64,107.39 1 0
github.com/wolflang/wolf/internal/ir/clone.go:107.39,108.52 1 0
github.com/wolflang/wolf/internal/ir/clone.go:108.52,110.7 1 0
github.com/wolflang/wolf/internal/ir/clone.go:112.23,113.86 1 0
github.com/wolflang/wolf/internal/ir/clone.go:113.86,114.39 1 0
github.com/wolflang/wolf/internal/ir/clone.go:114.39,116.52 2 0
github.com/wolflang/wolf/internal/ir/clone.go:116.52,118.8 1 0
github.com/wolflang/wolf/internal/ir/clone.go:124.4,124.39 1 0
github.com/wolflang/wolf/internal/ir/clone.go:127.21,128.32 1 0
github.com/wolflang/wolf/internal/ir/clone.go:128.32,130.4 1 0
github.com/wolflang/wolf/internal/ir/ir_nodes.go:79.31,79.32 0 0
github.com/wolflang/wolf/internal/ir/ir_nodes.go:88.30,88.31 0 0
github.com/wolflang/wolf/internal/ir/ir_nodes.go:95.28,95.29 0 0
github.com/wolflang/wolf/internal/ir/ir_nodes.go:102.30,102.31 0 0
github.com/wolflang/wolf/internal/ir/ir_nodes.go:112.26,112.27 0 0
github.com/wolflang/wolf/internal/ir/ir_nodes.go:128.27,128.28 0 0
github.com/wolflang/wolf/internal/ir/ir_nodes.go:138.29,138.30 0 0
github.com/wolflang/wolf/internal/ir/ir_nodes.go:147.30,147.31 0 0
github.com/wolflang/wolf/internal/ir/ir_nodes.go:160.29,160.30 0 0
github.com/wolflang/wolf/internal/ir/ir_nodes.go:169.32,169.33 0 0
github.com/wolflang/wolf/internal/ir/ir_nodes.go:177.29,177.30 0 0
github.com/wolflang/wolf/internal/ir/ir_nodes.go:182.31,182.32 0 0
github.com/wolflang/wolf/internal/ir/ir_nodes.go:189.29,189.30 0 0
github.com/wolflang/wolf/internal/ir/ir_nodes.go:196.27,196.28 0 0
github.com/wolflang/wolf/internal/ir/ir_nodes.go:206.33,206.34 0 0
github.com/wolflang/wolf/internal/ir/ir_nodes.go:214.29,214.30 0 0
github.com/wolflang/wolf/internal/ir/ir_nodes.go:228.25,228.26 0 0
github.com/wolflang/wolf/internal/ir/ir_nodes.go:235.26,235.27 0 0
github.com/wolflang/wolf/internal/ir/ir_nodes.go:242.28,242.29 0 0
github.com/wolflang/wolf/internal/ir/ir_nodes.go:249.29,249.30 0 0
github.com/wolflang/wolf/internal/ir/ir_nodes.go:256.27,256.28 0 0
github.com/wolflang/wolf/internal/ir/ir_nodes.go:261.26,261.27 0 0
github.com/wolflang/wolf/internal/ir/ir_nodes.go:270.30,270.31 0 0
github.com/wolflang/wolf/internal/ir/ir_nodes.go:278.29,278.30 0 0
github.com/wolflang/wolf/internal/ir/ir_nodes.go:287.28,287.29 0 0
github.com/wolflang/wolf/internal/ir/ir_nodes.go:295.31,295.32 0 0
github.com/wolflang/wolf/internal/ir/ir_nodes.go:305.34,305.35 0 0
github.com/wolflang/wolf/internal/ir/ir_nodes.go:314.30,314.31 0 0
github.com/wolflang/wolf/internal/ir/ir_nodes.go:322.29,322.30 0 0
github.com/wolflang/wolf/internal/ir/ir_nodes.go:330.28,330.29 0 0
github.com/wolflang/wolf/internal/ir/ir_nodes.go:340.26,340.27 0 0
github.com/wolflang/wolf/internal/ir/ir_nodes.go:348.29,348.30 0 0
github.com/wolflang/wolf/internal/ir/ir_nodes.go:357.27,357.28 0 0
github.com/wolflang/wolf/internal/ir/ir_nodes.go:365.30,365.31 0 0
github.com/wolflang/wolf/internal/ir/ir_nodes.go:372.28,372.29 0 0
github.com/wolflang/wolf/internal/ir/ir_nodes.go:380.28,380.29 0 0
github.com/wolflang/wolf/internal/ir/ir_nodes.go:387.28,387.29 0 0
github.com/wolflang/wolf/internal/ir/ir_nodes.go:395.31,395.32 0 0
github.com/wolflang/wolf/internal/ir/ir_nodes.go:403.32,403.33 0 0
github.com/wolflang/wolf/internal/ir/ir_nodes.go:410.28,410.29 0 0
github.com/wolflang/wolf/internal/ir/ir_nodes.go:421.29,421.30 0 0
github.com/wolflang/wolf/internal/ir/ir_nodes.go:429.29,429.30 0 0
github.com/wolflang/wolf/internal/ir/ir_nodes.go:437.31,437.32 0 0
github.com/wolflang/wolf/internal/ir/clone.go:7.30,10.2 2 0
github.com/wolflang/wolf/internal/ir/clone.go:12.48,13.18 1 0
github.com/wolflang/wolf/internal/ir/clone.go:13.18,15.3 1 0
github.com/wolflang/wolf/internal/ir/clone.go:17.2,17.18 1 0
github.com/wolflang/wolf/internal/ir/clone.go:18.19,19.16 1 0
github.com/wolflang/wolf/internal/ir/clone.go:19.16,21.4 1 0
github.com/wolflang/wolf/internal/ir/clone.go:23.3,26.13 4 0
github.com/wolflang/wolf/internal/ir/clone.go:28.22,30.37 2 0
github.com/wolflang/wolf/internal/ir/clone.go:30.37,33.39 2 0
github.com/wolflang/wolf/internal/ir/clone.go:33.39,34.13 1 0
github.com/wolflang/wolf/internal/ir/clone.go:36.4,36.42 1 0
github.com/wolflang/wolf/internal/ir/clone.go:38.3,38.16 1 0
github.com/wolflang/wolf/internal/ir/clone.go:40.21,41.16 1 0
github.com/wolflang/wolf/internal/ir/clone.go:41.16,43.4 1 0
github.com/wolflang/wolf/internal/ir/clone.go:44.3,45.32 2 0
github.com/wolflang/wolf/internal/ir/clone.go:45.32,47.4 1 0
github.com/wolflang/wolf/internal/ir/clone.go:48.3,48.16 1 0
github.com/wolflang/wolf/internal/ir/clone.go:50.19,51.16 1 0
github.com/wolflang/wolf/internal/ir/clone.go:51.16,53.4 1 0
github.com/wolflang/wolf/internal/ir/clone.go:54.3,55.35 2 0
github.com/wolflang/wolf/internal/ir/clone.go:55.35,57.4 1 0
github.com/wolflang/wolf/internal/ir/clone.go:58.3,58.16 1 0
github.com/wolflang/wolf/internal/ir/clone.go:60.25,61.16 1 0
github.com/wolflang/wolf/internal/ir/clone.go:61.16,63.4 1 0
github.com/wolflang/wolf/internal/ir/clone.go:66.3,70.32 2 0
github.com/wolflang/wolf/internal/ir/clone.go:72.10,74.11 1 0
github.com/wolflang/wolf/internal/ir/clone.go:80.57,82.2 1 0
github.com/wolflang/wolf/internal/ir/clone.go:84.70,85.18 1 0
github.com/wolflang/wolf/internal/ir/clone.go:85.18,87.3 1 0
github.com/wolflang/wolf/internal/ir/clone.go:89.2,89.18 1 0
github.com/wolflang/wolf/internal/ir/clone.go:90.38,91.17 1 0
github.com/wolflang/wolf/internal/ir/clone.go:91.17,93.4 1 0
github.com/wolflang/wolf/internal/ir/clone.go:95.22,96.37 1 0
github.com/wolflang/wolf/internal/ir/clone.go:96.37,98.23 2 0
github.com/wolflang/wolf/internal/ir/clone.go:98.23,100.13 1 0
github.com/wolflang/wolf/internal/ir/clone.go:102.4,105.21 2 0
github.com/wolflang/wolf/internal/ir/clone.go:106.64,107.39 1 0
github.com/wolflang/wolf/internal/ir/clone.go:107.39,108.52 1 0
github.com/wolflang/wolf/internal/ir/clone.go:108.52,110.7 1 0
github.com/wolflang/wolf/internal/ir/clone.go:112.23,113.86 1 0
github.com/wolflang/wolf/internal/ir/clone.go:113.86,114.39 1 0
github.com/wolflang/wolf/internal/ir/clone.go:114.39,116.52 2 0
github.com/wolflang/wolf/internal/ir/clone.go:116.52,118.8 1 0
github.com/wolflang/wolf/internal/ir/clone.go:124.4,124.39 1 0
github.com/wolflang/wolf/internal/ir/clone.go:127.21,128.32 1 0
github.com/wolflang/wolf/internal/ir/clone.go:128.32,130.4 1 0
github.com/wolflang/wolf/internal/ir/ir_nodes.go:79.31,79.32 0 0
github.com/wolflang/wolf/internal/ir/ir_nodes.go:88.30,88.31 0 0
github.com/wolflang/wolf/internal/ir/ir_nodes.go:95.28,95.29 0 0
github.com/wolflang/wolf/internal/ir/ir_nodes.go:102.30,102.31 0 0
github.com/wolflang/wolf/internal/ir/ir_nodes.go:112.26,112.27 0 0
github.com/wolflang/wolf/internal/ir/ir_nodes.go:128.27,128.28 0 0
github.com/wolflang/wolf/internal/ir/ir_nodes.go:138.29,138.30 0 0
github.com/wolflang/wolf/internal/ir/ir_nodes.go:147.30,147.31 0 0
github.com/wolflang/wolf/internal/ir/ir_nodes.go:160.29,160.30 0 0
github.com/wolflang/wolf/internal/ir/ir_nodes.go:169.32,169.33 0 0
github.com/wolflang/wolf/internal/ir/ir_nodes.go:177.29,177.30 0 0
github.com/wolflang/wolf/internal/ir/ir_nodes.go:182.31,182.32 0 0
github.com/wolflang/wolf/internal/ir/ir_nodes.go:189.29,189.30 0 0
github.com/wolflang/wolf/internal/ir/ir_nodes.go:196.27,196.28 0 0
github.com/wolflang/wolf/internal/ir/ir_nodes.go:206.33,206.34 0 0
github.com/wolflang/wolf/internal/ir/ir_nodes.go:214.29,214.30 0 0
github.com/wolflang/wolf/internal/ir/ir_nodes.go:228.25,228.26 0 0
github.com/wolflang/wolf/internal/ir/ir_nodes.go:235.26,235.27 0 0
github.com/wolflang/wolf/internal/ir/ir_nodes.go:242.28,242.29 0 0
github.com/wolflang/wolf/internal/ir/ir_nodes.go:249.29,249.30 0 0
github.com/wolflang/wolf/internal/ir/ir_nodes.go:256.27,256.28 0 0
github.com/wolflang/wolf/internal/ir/ir_nodes.go:261.26,261.27 0 0
github.com/wolflang/wolf/internal/ir/ir_nodes.go:270.30,270.31 0 0
github.com/wolflang/wolf/internal/ir/ir_nodes.go:278.29,278.30 0 0
github.com/wolflang/wolf/internal/ir/ir_nodes.go:287.28,287.29 0 0
github.com/wolflang/wolf/internal/ir/ir_nodes.go:295.31,295.32 0 0
github.com/wolflang/wolf/internal/ir/ir_nodes.go:305.34,305.35 0 0
github.com/wolflang/wolf/internal/ir/ir_nodes.go:314.30,314.31 0 0
github.com/wolflang/wolf/internal/ir/ir_nodes.go:322.29,322.30 0 0
github.com/wolflang/wolf/internal/ir/ir_nodes.go:330.28,330.29 0 0
github.com/wolflang/wolf/internal/ir/ir_nodes.go:340.26,340.27 0 0
github.com/wolflang/wolf/internal/ir/ir_nodes.go:348.29,348.30 0 0
github.com/wolflang/wolf/internal/ir/ir_nodes.go:357.27,357.28 0 0
github.com/wolflang/wolf/internal/ir/ir_nodes.go:365.30,365.31 0 0
github.com/wolflang/wolf/internal/ir/ir_nodes.go:372.28,372.29 0 0
github.com/wolflang/wolf/internal/ir/ir_nodes.go:380.28,380.29 0 0
github.com/wolflang/wolf/internal/ir/ir_nodes.go:387.28,387.29 0 0
github.com/wolflang/wolf/internal/ir/ir_nodes.go:395.31,395.32 0 0
github.com/wolflang/wolf/internal/ir/ir_nodes.go:403.32,403.33 0 0
github.com/wolflang/wolf/internal/ir/ir_nodes.go:410.28,410.29 0 0
github.com/wolflang/wolf/internal/ir/ir_nodes.go:421.29,421.30 0 0
github.com/wolflang/wolf/internal/ir/ir_nodes.go:429.29,429.30 0 0
github.com/wolflang/wolf/internal/ir/ir_nodes.go:437.31,437.32 0 0
github.com/wolflang/wolf/internal/lexer/errors.go:16.36,18.17 2 1
github.com/wolflang/wolf/internal/lexer/errors.go:18.17,20.3 1 0
github.com/wolflang/wolf/internal/lexer/errors.go:21.2,21.22 1 1
github.com/wolflang/wolf/internal/lexer/errors.go:21.22,24.3 1 1
github.com/wolflang/wolf/internal/lexer/errors.go:25.2,26.55 1 1
github.com/wolflang/wolf/internal/lexer/errors.go:30.61,36.2 1 1
github.com/wolflang/wolf/internal/lexer/errors.go:39.82,45.2 1 1
github.com/wolflang/wolf/internal/lexer/lexer.go:25.38,32.2 1 1
github.com/wolflang/wolf/internal/lexer/lexer.go:35.52,36.19 1 1
github.com/wolflang/wolf/internal/lexer/lexer.go:36.19,41.3 4 1
github.com/wolflang/wolf/internal/lexer/lexer.go:43.2,49.27 2 1
github.com/wolflang/wolf/internal/lexer/lexer.go:53.39,55.2 1 0
github.com/wolflang/wolf/internal/lexer/lexer.go:59.29,62.12 2 1
github.com/wolflang/wolf/internal/lexer/lexer.go:64.11,65.27 1 1
github.com/wolflang/wolf/internal/lexer/lexer.go:66.11,67.27 1 1
github.com/wolflang/wolf/internal/lexer/lexer.go:68.11,69.27 1 1
github.com/wolflang/wolf/internal/lexer/lexer.go:70.11,71.27 1 1
github.com/wolflang/wolf/internal/lexer/lexer.go:72.11,73.29 1 1
github.com/wolflang/wolf/internal/lexer/lexer.go:74.11,75.29 1 1
github.com/wolflang/wolf/internal/lexer/lexer.go:76.11,77.26 1 1
github.com/wolflang/wolf/internal/lexer/lexer.go:78.11,79.30 1 1
github.com/wolflang/wolf/internal/lexer/lexer.go:80.11,81.29 1 1
github.com/wolflang/wolf/internal/lexer/lexer.go:82.11,83.27 1 1
github.com/wolflang/wolf/internal/lexer/lexer.go:86.11,87.19 1 1
github.com/wolflang/wolf/internal/lexer/lexer.go:87.19,89.4 1 1
github.com/wolflang/wolf/internal/lexer/lexer.go:89.9,89.26 1 1
github.com/wolflang/wolf/internal/lexer/lexer.go:89.26,91.4 1 1
github.com/wolflang/wolf/internal/lexer/lexer.go:91.9,93.4 1 1
github.com/wolflang/wolf/internal/lexer/lexer.go:94.11,95.19 1 1
github.com/wolflang/wolf/internal/lexer/lexer.go:95.19,97.4 1 1
github.com/wolflang/wolf/internal/lexer/lexer.go:97.9,97.26 1 1
github.com/wolflang/wolf/internal/lexer/lexer.go:97.26,99.4 1 1
github.com/wolflang/wolf/internal/lexer/lexer.go:99.9,99.26 1 1
github.com/wolflang/wolf/internal/lexer/lexer.go:99.26,101.4 1 1
github.com/wolflang/wolf/internal/lexer/lexer.go:101.9,103.4 1 1
github.com/wolflang/wolf/internal/lexer/lexer.go:104.11,105.19 1 1
github.com/wolflang/wolf/internal/lexer/lexer.go:105.19,107.4 1 1
github.com/wolflang/wolf/internal/lexer/lexer.go:107.9,109.4 1 1
github.com/wolflang/wolf/internal/lexer/lexer.go:110.11,111.19 1 1
github.com/wolflang/wolf/internal/lexer/lexer.go:111.19,113.4 1 0
github.com/wolflang/wolf/internal/lexer/lexer.go:113.9,113.26 1 1
github.com/wolflang/wolf/internal/lexer/lexer.go:113.26,115.4 1 0
github.com/wolflang/wolf/internal/lexer/lexer.go:115.9,115.26 1 1
github.com/wolflang/wolf/internal/lexer/lexer.go:115.26,117.4 1 1
github.com/wolflang/wolf/internal/lexer/lexer.go:117.9,119.4 1 1
github.com/wolflang/wolf/internal/lexer/lexer.go:120.11,121.19 1 1
github.com/wolflang/wolf/internal/lexer/lexer.go:121.19,123.4 1 1
github.com/wolflang/wolf/internal/lexer/lexer.go:123.9,123.26 1 1
github.com/wolflang/wolf/internal/lexer/lexer.go:123.26,125.4 1 1
github.com/wolflang/wolf/internal/lexer/lexer.go:125.9,127.4 1 1
github.com/wolflang/wolf/internal/lexer/lexer.go:128.11,129.19 1 1
github.com/wolflang/wolf/internal/lexer/lexer.go:129.19,131.4 1 1
github.com/wolflang/wolf/internal/lexer/lexer.go:131.9,133.4 1 1
github.com/wolflang/wolf/internal/lexer/lexer.go:134.11,135.19 1 1
github.com/wolflang/wolf/internal/lexer/lexer.go:135.19,137.4 1 1
github.com/wolflang/wolf/internal/lexer/lexer.go:137.9,139.4 1 1
github.com/wolflang/wolf/internal/lexer/lexer.go:140.11,141.19 1 1
github.com/wolflang/wolf/internal/lexer/lexer.go:141.19,143.4 1 1
github.com/wolflang/wolf/internal/lexer/lexer.go:143.9,145.4 1 1
github.com/wolflang/wolf/internal/lexer/lexer.go:146.11,147.19 1 1
github.com/wolflang/wolf/internal/lexer/lexer.go:147.19,149.4 1 1
github.com/wolflang/wolf/internal/lexer/lexer.go:149.9,151.4 1 1
github.com/wolflang/wolf/internal/lexer/lexer.go:152.11,153.19 1 1
github.com/wolflang/wolf/internal/lexer/lexer.go:153.19,155.4 1 1
github.com/wolflang/wolf/internal/lexer/lexer.go:155.9,157.4 1 1
github.com/wolflang/wolf/internal/lexer/lexer.go:158.11,159.19 1 1
github.com/wolflang/wolf/internal/lexer/lexer.go:159.19,161.4 1 1
github.com/wolflang/wolf/internal/lexer/lexer.go:161.9,163.4 1 1
github.com/wolflang/wolf/internal/lexer/lexer.go:164.11,165.19 1 1
github.com/wolflang/wolf/internal/lexer/lexer.go:165.19,167.4 1 1
github.com/wolflang/wolf/internal/lexer/lexer.go:167.9,169.4 1 1
github.com/wolflang/wolf/internal/lexer/lexer.go:172.11,173.18 1 1
github.com/wolflang/wolf/internal/lexer/lexer.go:176.11,177.17 1 1
github.com/wolflang/wolf/internal/lexer/lexer.go:180.11,181.22 1 1
github.com/wolflang/wolf/internal/lexer/lexer.go:184.11,185.20 1 1
github.com/wolflang/wolf/internal/lexer/lexer.go:188.23,188.23 0 1
github.com/wolflang/wolf/internal/lexer/lexer.go:192.12,192.12 0 1
github.com/wolflang/wolf/internal/lexer/lexer.go:195.10,196.18 1 1
github.com/wolflang/wolf/internal/lexer/lexer.go:196.18,198.4 1 1
github.com/wolflang/wolf/internal/lexer/lexer.go:198.9,198.25 1 1
github.com/wolflang/wolf/internal/lexer/lexer.go:198.25,200.4 1 1
github.com/wolflang/wolf/internal/lexer/lexer.go:200.9,202.4 1 1
github.com/wolflang/wolf/internal/lexer/lexer.go:209.31,210.39 1 1
[...]
github.com/wolflang/wolf/internal/typechecker/checker.go:440.84,446.2 1 1
github.com/wolflang/wolf/internal/typechecker/checker.go:448.86,455.2 1 0
github.com/wolflang/wolf/internal/typechecker/checker.go:478.82,479.18 1 1
github.com/wolflang/wolf/internal/typechecker/checker.go:479.18,481.3 1 0
github.com/wolflang/wolf/internal/typechecker/checker.go:484.2,486.40 2 1
github.com/wolflang/wolf/internal/typechecker/checker.go:486.40,489.18 2 1
github.com/wolflang/wolf/internal/typechecker/checker.go:489.18,490.12 1 0
github.com/wolflang/wolf/internal/typechecker/checker.go:493.3,494.10 2 1
github.com/wolflang/wolf/internal/typechecker/checker.go:494.10,495.12 1 1
github.com/wolflang/wolf/internal/typechecker/checker.go:498.3,500.35 2 0
github.com/wolflang/wolf/internal/typechecker/checker.go:500.35,502.12 2 0
github.com/wolflang/wolf/internal/typechecker/checker.go:505.3,505.32 1 0
github.com/wolflang/wolf/internal/typechecker/checker.go:505.32,506.30 1 0
github.com/wolflang/wolf/internal/typechecker/checker.go:506.30,511.5 1 0
github.com/wolflang/wolf/internal/typechecker/checker.go:517.58,518.26 1 1
github.com/wolflang/wolf/internal/typechecker/checker.go:519.30,520.16 1 1
github.com/wolflang/wolf/internal/typechecker/checker.go:521.26,522.17 1 0
github.com/wolflang/wolf/internal/typechecker/checker.go:523.23,524.17 1 0
github.com/wolflang/wolf/internal/typechecker/checker.go:526.2,526.12 1 0
github.com/wolflang/wolf/internal/typechecker/checker.go:530.46,531.26 1 0
github.com/wolflang/wolf/internal/typechecker/checker.go:532.27,533.16 1 0
github.com/wolflang/wolf/internal/typechecker/checker.go:534.26,535.16 1 0
github.com/wolflang/wolf/internal/typechecker/checker.go:537.2,537.12 1 0
github.com/wolflang/wolf/stdlib/database.go:42.33,43.18 1 1
github.com/wolflang/wolf/stdlib/database.go:44.15,46.43 1 1
github.com/wolflang/wolf/stdlib/database.go:47.18,49.20 2 1
github.com/wolflang/wolf/stdlib/database.go:49.20,51.4 1 1
github.com/wolflang/wolf/stdlib/database.go:52.3,53.52 1 1
github.com/wolflang/wolf/stdlib/database.go:54.17,55.16 1 1
github.com/wolflang/wolf/stdlib/database.go:56.10,57.84 1 0
github.com/wolflang/wolf/stdlib/database.go:62.51,68.16 3 1
github.com/wolflang/wolf/stdlib/database.go:68.16,70.3 1 1
github.com/wolflang/wolf/stdlib/database.go:72.2,73.51 2 1
github.com/wolflang/wolf/stdlib/database.go:73.51,75.3 1 1
github.com/wolflang/wolf/stdlib/database.go:77.2,77.31 1 1
github.com/wolflang/wolf/stdlib/database.go:77.31,79.3 1 1
github.com/wolflang/wolf/stdlib/database.go:80.2,80.28 1 1
github.com/wolflang/wolf/stdlib/database.go:80.28,81.30 1 1
github.com/wolflang/wolf/stdlib/database.go:82.16,83.28 1 1
github.com/wolflang/wolf/stdlib/database.go:84.19,85.28 1 0
github.com/wolflang/wolf/stdlib/database.go:89.2,89.27 1 1
github.com/wolflang/wolf/stdlib/database.go:93.30,97.2 1 1
github.com/wolflang/wolf/stdlib/database.go:100.46,105.2 1 0
github.com/wolflang/wolf/stdlib/database.go:108.52,110.16 2 0
github.com/wolflang/wolf/stdlib/database.go:110.16,112.3 1 0
github.com/wolflang/wolf/stdlib/database.go:113.2,113.34 1 0
github.com/wolflang/wolf/stdlib/database.go:113.34,115.3 1 0
github.com/wolflang/wolf/stdlib/database.go:116.2,117.12 2 0
github.com/wolflang/wolf/stdlib/database.go:121.34,122.17 1 1
github.com/wolflang/wolf/stdlib/database.go:122.17,124.3 1 0
github.com/wolflang/wolf/stdlib/database.go:125.2,125.12 1 1
github.com/wolflang/wolf/stdlib/database.go:129.33,131.2 1 0
github.com/wolflang/wolf/stdlib/database.go:136.41,142.2 5 1
github.com/wolflang/wolf/stdlib/database.go:145.58,147.2 1 1
github.com/wolflang/wolf/stdlib/database.go:150.36,151.17 1 1
github.com/wolflang/wolf/stdlib/database.go:151.17,153.3 1 1
github.com/wolflang/wolf/stdlib/database.go:155.2,158.43 3 0
github.com/wolflang/wolf/stdlib/database.go:158.43,160.17 2 0
github.com/wolflang/wolf/stdlib/database.go:160.17,163.4 2 0
github.com/wolflang/wolf/stdlib/database.go:164.3,164.18 1 0
github.com/wolflang/wolf/stdlib/database.go:165.8,167.17 2 0
github.com/wolflang/wolf/stdlib/database.go:167.17,170.4 2 0
github.com/wolflang/wolf/stdlib/database.go:171.3,171.40 1 0
github.com/wolflang/wolf/stdlib/database.go:174.2,174.12 1 0
github.com/wolflang/wolf/stdlib/database.go:178.66,179.21 1 0
github.com/wolflang/wolf/stdlib/database.go:179.21,181.3 1 0
github.com/wolflang/wolf/stdlib/database.go:182.2,185.16 3 0
github.com/wolflang/wolf/stdlib/database.go:185.16,187.3 1 0
github.com/wolflang/wolf/stdlib/database.go:189.2,190.22 2 0
github.com/wolflang/wolf/stdlib/database.go:190.22,193.25 3 0
github.com/wolflang/wolf/stdlib/database.go:193.25,195.4 1 0
github.com/wolflang/wolf/stdlib/database.go:197.3,197.53 1 0
github.com/wolflang/wolf/stdlib/database.go:197.53,199.4 1 0
github.com/wolflang/wolf/stdlib/database.go:201.3,202.31 2 0
github.com/wolflang/wolf/stdlib/database.go:202.31,204.33 2 0
github.com/wolflang/wolf/stdlib/database.go:204.33,206.5 1 0
github.com/wolflang/wolf/stdlib/database.go:206.10,208.5 1 0
github.com/wolflang/wolf/stdlib/database.go:210.3,210.33 1 0
github.com/wolflang/wolf/stdlib/database.go:213.2,214.32 2 0
github.com/wolflang/wolf/stdlib/database.go:218.61,220.16 2 0
github.com/wolflang/wolf/stdlib/database.go:220.16,222.3 1 0
github.com/wolflang/wolf/stdlib/database.go:223.2,223.23 1 0
github.com/wolflang/wolf/stdlib/database.go:223.23,225.3 1 0
github.com/wolflang/wolf/stdlib/database.go:226.2,226.24 1 0
github.com/wolflang/wolf/stdlib/database.go:230.37,232.2 1 1
github.com/wolflang/wolf/stdlib/database.go:235.38,237.2 1 0
github.com/wolflang/wolf/stdlib/database.go:242.111,244.29 2 0
github.com/wolflang/wolf/stdlib/database.go:244.29,246.3 1 0
github.com/wolflang/wolf/stdlib/database.go:247.2,247.36 1 0
github.com/wolflang/wolf/stdlib/database.go:247.36,249.3 1 0
github.com/wolflang/wolf/stdlib/database.go:250.2,250.22 1 0
github.com/wolflang/wolf/stdlib/database.go:254.109,256.29 2 0
github.com/wolflang/wolf/stdlib/database.go:256.29,258.3 1 0
github.com/wolflang/wolf/stdlib/database.go:259.2,259.36 1 0
github.com/wolflang/wolf/stdlib/database.go:259.36,261.3 1 0
github.com/wolflang/wolf/stdlib/database.go:262.2,262.19 1 0
github.com/wolflang/wolf/stdlib/database.go:268.62,277.31 5 1
github.com/wolflang/wolf/stdlib/database.go:277.31,279.3 1 1
github.com/wolflang/wolf/stdlib/database.go:281.2,281.35 1 1
github.com/wolflang/wolf/stdlib/database.go:281.35,282.40 1 1
github.com/wolflang/wolf/stdlib/database.go:282.40,283.51 1 1
github.com/wolflang/wolf/stdlib/database.go:283.51,285.5 1 0
github.com/wolflang/wolf/stdlib/database.go:289.2,289.27 1 1
github.com/wolflang/wolf/stdlib/database.go:289.27,291.37 2 1
github.com/wolflang/wolf/stdlib/database.go:291.37,293.4 1 0
github.com/wolflang/wolf/stdlib/database.go:294.3,294.37 1 1
github.com/wolflang/wolf/stdlib/database.go:294.37,297.4 2 1
github.com/wolflang/wolf/stdlib/database.go:300.2,300.20 1 1
github.com/wolflang/wolf/stdlib/env.go:14.39,16.2 1 1
github.com/wolflang/wolf/stdlib/env.go:19.58,21.15 2 1
github.com/wolflang/wolf/stdlib/env.go:21.15,23.3 1 1
github.com/wolflang/wolf/stdlib/env.go:24.2,24.12 1 0
github.com/wolflang/wolf/stdlib/env.go:28.45,30.2 1 1
github.com/wolflang/wolf/stdlib/env.go:33.40,35.2 1 1
github.com/wolflang/wolf/stdlib/env.go:38.40,40.35 2 1
github.com/wolflang/wolf/stdlib/env.go:40.35,42.22 2 1
github.com/wolflang/wolf/stdlib/env.go:42.22,44.4 1 1
github.com/wolflang/wolf/stdlib/env.go:46.2,46.15 1 1
github.com/wolflang/wolf/stdlib/env.go:50.37,53.2 2 1
github.com/wolflang/wolf/stdlib/env.go:56.44,58.16 2 1
github.com/wolflang/wolf/stdlib/env.go:58.16,60.3 1 1
github.com/wolflang/wolf/stdlib/env.go:61.2,65.21 4 1
github.com/wolflang/wolf/stdlib/env.go:65.21,70.49 3 1
github.com/wolflang/wolf/stdlib/env.go:70.49,71.12 1 1
github.com/wolflang/wolf/stdlib/env.go:74.3,75.22 2 1
github.com/wolflang/wolf/stdlib/env.go:75.22,76.12 1 0
github.com/wolflang/wolf/stdlib/env.go:79.3,83.22 3 1
github.com/wolflang/wolf/stdlib/env.go:83.22,85.55 1 1
github.com/wolflang/wolf/stdlib/env.go:85.55,87.5 1 1
github.com/wolflang/wolf/stdlib/env.go:90.3,90.24 1 1
github.com/wolflang/wolf/stdlib/env.go:93.2,93.22 1 1
github.com/wolflang/wolf/stdlib/env.go:97.43,99.9 2 0
github.com/wolflang/wolf/stdlib/env.go:99.9,100.79 1 0
github.com/wolflang/wolf/stdlib/env.go:102.2,102.12 1 0
github.com/wolflang/wolf/stdlib/json.go:11.46,13.16 2 1
github.com/wolflang/wolf/stdlib/json.go:13.16,15.3 1 0
github.com/wolflang/wolf/stdlib/json.go:16.2,16.21 1 1
github.com/wolflang/wolf/stdlib/json.go:20.46,22.59 2 1
github.com/wolflang/wolf/stdlib/json.go:22.59,24.3 1 1
github.com/wolflang/wolf/stdlib/json.go:25.2,25.15 1 1
github.com/wolflang/wolf/stdlib/json.go:29.60,31.59 2 1
github.com/wolflang/wolf/stdlib/json.go:31.59,33.3 1 0
github.com/wolflang/wolf/stdlib/json.go:34.2,34.15 1 1
github.com/wolflang/wolf/stdlib/json.go:38.53,40.59 2 1
github.com/wolflang/wolf/stdlib/json.go:40.59,42.3 1 0
github.com/wolflang/wolf/stdlib/json.go:43.2,43.15 1 1
github.com/wolflang/wolf/stdlib/json.go:47.52,49.16 2 1
github.com/wolflang/wolf/stdlib/json.go:49.16,51.3 1 0
github.com/wolflang/wolf/stdlib/json.go:52.2,52.21 1 1
github.com/wolflang/wolf/stdlib/json.go:56.38,58.2 1 1
github.com/wolflang/wolf/stdlib/math.go:18.40,20.2 1 1
github.com/wolflang/wolf/stdlib/math.go:23.41,25.2 1 1
github.com/wolflang/wolf/stdlib/math.go:28.42,30.2 1 1
github.com/wolflang/wolf/stdlib/math.go:33.42,35.2 1 1
github.com/wolflang/wolf/stdlib/math.go:38.56,41.2 2 1
github.com/wolflang/wolf/stdlib/math.go:44.41,46.2 1 1
github.com/wolflang/wolf/stdlib/math.go:49.43,51.2 1 1
github.com/wolflang/wolf/stdlib/math.go:54.40,56.2 1 1
github.com/wolflang/wolf/stdlib/math.go:59.42,61.2 1 1
github.com/wolflang/wolf/stdlib/math.go:64.43,66.2 1 1
github.com/wolflang/wolf/stdlib/math.go:69.43,71.2 1 1
github.com/wolflang/wolf/stdlib/math.go:74.54,75.15 1 1
github.com/wolflang/wolf/stdlib/math.go:75.15,77.3 1 1
github.com/wolflang/wolf/stdlib/math.go:78.2,78.15 1 1
github.com/wolflang/wolf/stdlib/math.go:78.15,80.3 1 1
github.com/wolflang/wolf/stdlib/math.go:81.2,81.12 1 1
github.com/wolflang/wolf/stdlib/math.go:85.34,87.2 1 1
github.com/wolflang/wolf/stdlib/math.go:90.40,92.2 1 1
github.com/wolflang/wolf/stdlib/math.go:95.47,97.2 1 1
github.com/wolflang/wolf/stdlib/math.go:100.40,102.2 1 1
github.com/wolflang/wolf/stdlib/math.go:105.40,107.2 1 1
github.com/wolflang/wolf/stdlib/math.go:110.40,112.2 1 0
github.com/wolflang/wolf/stdlib/redis.go:45.43,46.22 1 1
github.com/wolflang/wolf/stdlib/redis.go:46.22,48.3 1 1
github.com/wolflang/wolf/stdlib/redis.go:49.2,49.23 1 1
github.com/wolflang/wolf/stdlib/redis.go:49.23,51.3 1 1
github.com/wolflang/wolf/stdlib/redis.go:52.2,57.3 1 1
github.com/wolflang/wolf/stdlib/redis.go:61.41,63.2 1 1
github.com/wolflang/wolf/stdlib/redis.go:68.13,72.2 2 1
github.com/wolflang/wolf/stdlib/redis.go:75.33,78.2 1 0
github.com/wolflang/wolf/stdlib/redis.go:81.40,82.19 1 1
github.com/wolflang/wolf/stdlib/redis.go:82.19,84.3 1 1
github.com/wolflang/wolf/stdlib/redis.go:85.2,86.12 2 1
github.com/wolflang/wolf/stdlib/redis.go:90.77,91.19 1 1
github.com/wolflang/wolf/stdlib/redis.go:91.19,93.3 1 0
github.com/wolflang/wolf/stdlib/redis.go:94.2,94.36 1 1
github.com/wolflang/wolf/stdlib/redis.go:98.52,99.19 1 1
github.com/wolflang/wolf/stdlib/redis.go:99.19,101.3 1 0
github.com/wolflang/wolf/stdlib/redis.go:102.2,102.28 1 1
github.com/wolflang/wolf/stdlib/redis.go:106.55,107.19 1 1
github.com/wolflang/wolf/stdlib/redis.go:107.19,109.3 1 0
github.com/wolflang/wolf/stdlib/redis.go:110.2,110.31 1 1
github.com/wolflang/wolf/stdlib/redis.go:114.75,115.19 1 1
github.com/wolflang/wolf/stdlib/redis.go:115.19,117.3 1 0
github.com/wolflang/wolf/stdlib/redis.go:118.2,118.39 1 1
github.com/wolflang/wolf/stdlib/redis.go:122.57,123.19 1 1
github.com/wolflang/wolf/stdlib/redis.go:123.19,125.3 1 0
github.com/wolflang/wolf/stdlib/redis.go:126.2,126.32 1 1
github.com/wolflang/wolf/stdlib/redis.go:130.64,131.19 1 1
github.com/wolflang/wolf/stdlib/redis.go:131.19,133.3 1 0
github.com/wolflang/wolf/stdlib/redis.go:134.2,134.28 1 1
github.com/wolflang/wolf/stdlib/redis.go:138.31,139.19 1 1
github.com/wolflang/wolf/stdlib/redis.go:139.19,141.3 1 1
github.com/wolflang/wolf/stdlib/redis.go:142.2,142.12 1 0
github.com/wolflang/wolf/stdlib/redis.go:155.36,160.2 1 1
github.com/wolflang/wolf/stdlib/redis.go:162.55,165.30 3 1
github.com/wolflang/wolf/stdlib/redis.go:165.30,167.3 1 1
github.com/wolflang/wolf/stdlib/redis.go:168.2,168.49 1 1
github.com/wolflang/wolf/stdlib/redis.go:171.81,176.2 4 1
github.com/wolflang/wolf/stdlib/redis.go:178.58,182.25 4 1
github.com/wolflang/wolf/stdlib/redis.go:182.25,183.29 1 1
github.com/wolflang/wolf/stdlib/redis.go:183.29,186.4 2 1
github.com/wolflang/wolf/stdlib/redis.go:188.2,188.19 1 1
github.com/wolflang/wolf/stdlib/redis.go:191.61,195.25 4 1
github.com/wolflang/wolf/stdlib/redis.go:195.25,196.29 1 1
github.com/wolflang/wolf/stdlib/redis.go:196.29,198.4 1 1
github.com/wolflang/wolf/stdlib/redis.go:200.2,200.19 1 1
github.com/wolflang/wolf/stdlib/redis.go:203.71,205.2 1 0
github.com/wolflang/wolf/stdlib/redis.go:207.79,209.2 1 0
github.com/wolflang/wolf/stdlib/redis.go:211.79,213.2 1 0
github.com/wolflang/wolf/stdlib/redis.go:215.70,217.2 1 0
github.com/wolflang/wolf/stdlib/redis.go:219.81,222.31 3 1
github.com/wolflang/wolf/stdlib/redis.go:222.31,224.3 1 1
github.com/wolflang/wolf/stdlib/redis.go:225.2,226.15 2 1
github.com/wolflang/wolf/stdlib/redis.go:229.63,232.30 3 1
github.com/wolflang/wolf/stdlib/redis.go:232.30,233.28 1 1
github.com/wolflang/wolf/stdlib/redis.go:233.28,235.4 1 1
github.com/wolflang/wolf/stdlib/redis.go:237.2,237.42 1 0
github.com/wolflang/wolf/stdlib/redis.go:240.70,243.30 3 1
github.com/wolflang/wolf/stdlib/redis.go:243.30,245.3 1 1
github.com/wolflang/wolf/stdlib/redis.go:246.2,246.33 1 0
github.com/wolflang/wolf/stdlib/redis.go:249.37,249.51 1 1
github.com/wolflang/wolf/stdlib/redis.go:250.37,250.51 1 0
github.com/wolflang/wolf/stdlib/strings.go:13.52,15.2 1 1
github.com/wolflang/wolf/stdlib/strings.go:18.54,20.2 1 1
github.com/wolflang/wolf/stdlib/strings.go:23.52,25.2 1 1
github.com/wolflang/wolf/stdlib/strings.go:28.50,30.2 1 1
github.com/wolflang/wolf/stdlib/strings.go:33.60,35.2 1 1
github.com/wolflang/wolf/stdlib/strings.go:38.42,40.2 1 1
github.com/wolflang/wolf/stdlib/strings.go:43.54,45.2 1 1
github.com/wolflang/wolf/stdlib/strings.go:48.43,50.2 1 1
github.com/wolflang/wolf/stdlib/strings.go:53.43,55.2 1 1
github.com/wolflang/wolf/stdlib/strings.go:58.55,60.2 1 1
github.com/wolflang/wolf/stdlib/strings.go:63.60,65.2 1 1
github.com/wolflang/wolf/stdlib/strings.go:68.41,70.2 1 1
github.com/wolflang/wolf/stdlib/strings.go:73.55,75.2 1 1
github.com/wolflang/wolf/stdlib/strings.go:78.45,80.54 2 1
github.com/wolflang/wolf/stdlib/strings.go:80.54,82.3 1 1
github.com/wolflang/wolf/stdlib/strings.go:83.2,83.22 1 1
github.com/wolflang/wolf/stdlib/strings.go:87.48,89.2 1 1
github.com/wolflang/wolf/stdlib/strings.go:92.63,94.15 2 1
github.com/wolflang/wolf/stdlib/strings.go:94.15,96.3 1 0
github.com/wolflang/wolf/stdlib/strings.go:97.2,97.22 1 1
github.com/wolflang/wolf/stdlib/strings.go:97.22,99.3 1 1
github.com/wolflang/wolf/stdlib/strings.go:100.2,100.18 1 1
github.com/wolflang/wolf/stdlib/strings.go:100.18,102.3 1 1
github.com/wolflang/wolf/stdlib/strings.go:103.2,103.33 1 1
github.com/wolflang/wolf/stdlib/strings.go:107.69,108.22 1 1
github.com/wolflang/wolf/stdlib/strings.go:108.22,110.3 1 1
github.com/wolflang/wolf/stdlib/strings.go:111.2,111.10 1 1
github.com/wolflang/wolf/stdlib/strings.go:115.70,116.22 1 1
github.com/wolflang/wolf/stdlib/strings.go:116.22,118.3 1 1
github.com/wolflang/wolf/stdlib/strings.go:119.2,119.10 1 1
github.com/wolflang/wolf/stdlib/strings.go:123.43,125.2 1 1
github.com/wolflang/wolf/stdlib/strings.go:128.45,129.13 1 1
github.com/wolflang/wolf/stdlib/strings.go:129.13,131.3 1 1
github.com/wolflang/wolf/stdlib/strings.go:132.2,132.22 1 1
github.com/wolflang/wolf/stdlib/strings.go:132.22,133.26 1 1
github.com/wolflang/wolf/stdlib/strings.go:133.26,135.4 1 1
github.com/wolflang/wolf/stdlib/strings.go:137.2,137.13 1 1
github.com/wolflang/wolf/stdlib/strings.go:141.43,142.13 1 1
github.com/wolflang/wolf/stdlib/strings.go:142.13,144.3 1 0
github.com/wolflang/wolf/stdlib/strings.go:145.2,145.22 1 1
github.com/wolflang/wolf/stdlib/strings.go:145.22,146.27 1 1
github.com/wolflang/wolf/stdlib/strings.go:146.27,148.4 1 1
github.com/wolflang/wolf/stdlib/strings.go:150.2,150.13 1 1
github.com/wolflang/wolf/stdlib/strings.go:154.43,156.2 1 0
github.com/wolflang/wolf/internal/mlbridge/bridge.go:44.20,48.2 1 1
github.com/wolflang/wolf/internal/mlbridge/bridge.go:51.31,55.19 3 1
github.com/wolflang/wolf/internal/mlbridge/bridge.go:55.19,57.3 1 0
github.com/wolflang/wolf/internal/mlbridge/bridge.go:60.2,61.16 2 1
github.com/wolflang/wolf/internal/mlbridge/bridge.go:61.16,63.3 1 0
github.com/wolflang/wolf/internal/mlbridge/bridge.go:64.2,66.12 3 1
github.com/wolflang/wolf/internal/mlbridge/bridge.go:70.35,77.2 5 1
github.com/wolflang/wolf/internal/mlbridge/bridge.go:80.39,82.2 1 1
github.com/wolflang/wolf/internal/mlbridge/bridge.go:85.38,87.2 1 1
github.com/wolflang/wolf/internal/mlbridge/bridge.go:91.111,92.20 1 1
github.com/wolflang/wolf/internal/mlbridge/bridge.go:92.20,93.34 1 0
github.com/wolflang/wolf/internal/mlbridge/bridge.go:93.34,95.4 1 0
github.com/wolflang/wolf/internal/mlbridge/bridge.go:98.2,113.22 5 1
github.com/wolflang/wolf/internal/mlbridge/bridge.go:113.22,116.31 3 0
github.com/wolflang/wolf/internal/mlbridge/bridge.go:116.31,117.39 1 0
github.com/wolflang/wolf/internal/mlbridge/bridge.go:117.39,119.10 2 0
github.com/wolflang/wolf/internal/mlbridge/bridge.go:124.2,125.16 2 1
github.com/wolflang/wolf/internal/mlbridge/bridge.go:125.16,128.3 2 1
github.com/wolflang/wolf/internal/mlbridge/bridge.go:131.2,132.20 2 1
github.com/wolflang/wolf/internal/mlbridge/bridge.go:132.20,136.51 2 1
github.com/wolflang/wolf/internal/mlbridge/bridge.go:136.51,138.74 2 1
github.com/wolflang/wolf/internal/mlbridge/bridge.go:138.74,140.5 1 0
github.com/wolflang/wolf/internal/mlbridge/bridge.go:142.4,142.22 1 1
github.com/wolflang/wolf/internal/mlbridge/bridge.go:142.22,144.5 1 0
github.com/wolflang/wolf/internal/mlbridge/bridge.go:145.9,148.4 1 1
github.com/wolflang/wolf/internal/mlbridge/bridge.go:151.2,151.20 1 1
github.com/wolflang/wolf/internal/mlbridge/bridge.go:155.114,157.12 2 1
github.com/wolflang/wolf/internal/mlbridge/bridge.go:157.12,160.3 2 1
github.com/wolflang/wolf/internal/mlbridge/bridge.go:161.2,161.11 1 1
github.com/wolflang/wolf/internal/mlbridge/bridge.go:165.63,169.41 3 1
github.com/wolflang/wolf/internal/mlbridge/bridge.go:169.41,171.3 1 1
github.com/wolflang/wolf/internal/mlbridge/bridge.go:173.2,178.19 3 1
github.com/wolflang/wolf/internal/mlbridge/bridge.go:182.61,187.2 4 1
github.com/wolflang/wolf/internal/mlbridge/bridge.go:190.43,192.2 1 0
github.com/wolflang/wolf/internal/mlbridge/bridge.go:197.104,203.21 3 1
github.com/wolflang/wolf/internal/mlbridge/bridge.go:203.21,206.25 3 1
github.com/wolflang/wolf/internal/mlbridge/bridge.go:206.25,208.4 1 1
github.com/wolflang/wolf/internal/mlbridge/bridge.go:212.2,217.22 4 1
github.com/wolflang/wolf/internal/mlbridge/bridge.go:217.22,219.29 2 1
github.com/wolflang/wolf/internal/mlbridge/bridge.go:219.29,222.37 2 1
github.com/wolflang/wolf/internal/mlbridge/bridge.go:222.37,224.5 1 1
github.com/wolflang/wolf/internal/mlbridge/bridge.go:225.4,225.141 1 1
github.com/wolflang/wolf/internal/mlbridge/bridge.go:227.3,227.85 1 1
github.com/wolflang/wolf/internal/mlbridge/bridge.go:230.2,230.20 1 1
github.com/wolflang/wolf/internal/mlbridge/bridge.go:234.35,236.34 2 1
github.com/wolflang/wolf/internal/mlbridge/bridge.go:236.34,238.17 2 1
github.com/wolflang/wolf/internal/mlbridge/bridge.go:238.17,242.63 3 1
github.com/wolflang/wolf/internal/mlbridge/bridge.go:242.63,244.5 1 1
github.com/wolflang/wolf/internal/mlbridge/bridge.go:247.2,247.84 1 0
