mode: set
github.com/wolflang/wolf/cmd/wolf/main.go:15.13,32.55 4 0
github.com/wolflang/wolf/cmd/wolf/main.go:32.55,34.18 2 0
github.com/wolflang/wolf/cmd/wolf/main.go:34.18,36.5 1 0
github.com/wolflang/wolf/cmd/wolf/main.go:38.4,43.18 5 0
github.com/wolflang/wolf/cmd/wolf/main.go:43.18,44.37 1 0
github.com/wolflang/wolf/cmd/wolf/main.go:44.37,46.6 1 0
github.com/wolflang/wolf/cmd/wolf/main.go:47.5,47.15 1 0
github.com/wolflang/wolf/cmd/wolf/main.go:50.4,51.14 2 0
github.com/wolflang/wolf/cmd/wolf/main.go:55.2,59.55 1 0
github.com/wolflang/wolf/cmd/wolf/main.go:59.55,61.18 2 0
github.com/wolflang/wolf/cmd/wolf/main.go:61.18,63.5 1 0
github.com/wolflang/wolf/cmd/wolf/main.go:65.4,69.41 4 0
github.com/wolflang/wolf/cmd/wolf/main.go:73.2,77.55 1 0
github.com/wolflang/wolf/cmd/wolf/main.go:77.55,81.4 2 0
github.com/wolflang/wolf/cmd/wolf/main.go:84.2,88.55 1 0
github.com/wolflang/wolf/cmd/wolf/main.go:88.55,92.4 2 0
github.com/wolflang/wolf/cmd/wolf/main.go:96.2,104.55 2 0
github.com/wolflang/wolf/cmd/wolf/main.go:104.55,108.38 4 0
github.com/wolflang/wolf/cmd/wolf/main.go:108.38,110.5 1 0
github.com/wolflang/wolf/cmd/wolf/main.go:111.4,112.14 2 0
github.com/wolflang/wolf/cmd/wolf/main.go:116.2,120.55 1 0
github.com/wolflang/wolf/cmd/wolf/main.go:120.55,124.21 4 0
github.com/wolflang/wolf/cmd/wolf/main.go:124.21,126.5 1 0
github.com/wolflang/wolf/cmd/wolf/main.go:127.4,127.50 1 0
github.com/wolflang/wolf/cmd/wolf/main.go:127.50,129.5 1 0
github.com/wolflang/wolf/cmd/wolf/main.go:130.4,131.14 2 0
github.com/wolflang/wolf/cmd/wolf/main.go:135.2,139.55 1 0
github.com/wolflang/wolf/cmd/wolf/main.go:139.55,142.44 3 0
github.com/wolflang/wolf/cmd/wolf/main.go:142.44,144.5 1 0
github.com/wolflang/wolf/cmd/wolf/main.go:145.4,146.14 2 0
github.com/wolflang/wolf/cmd/wolf/main.go:150.2,153.55 1 0
github.com/wolflang/wolf/cmd/wolf/main.go:153.55,157.18 4 0
github.com/wolflang/wolf/cmd/wolf/main.go:157.18,159.5 1 0
github.com/wolflang/wolf/cmd/wolf/main.go:160.4,160.29 1 0
github.com/wolflang/wolf/cmd/wolf/main.go:160.29,162.5 1 0
github.com/wolflang/wolf/cmd/wolf/main.go:163.4,163.14 1 0
github.com/wolflang/wolf/cmd/wolf/main.go:167.2,170.55 1 0
github.com/wolflang/wolf/cmd/wolf/main.go:170.55,174.18 4 0
github.com/wolflang/wolf/cmd/wolf/main.go:174.18,176.5 1 0
github.com/wolflang/wolf/cmd/wolf/main.go:177.4,177.24 1 0
github.com/wolflang/wolf/cmd/wolf/main.go:177.24,179.5 1 0
github.com/wolflang/wolf/cmd/wolf/main.go:179.10,180.34 1 0
github.com/wolflang/wolf/cmd/wolf/main.go:180.34,182.6 1 0
github.com/wolflang/wolf/cmd/wolf/main.go:184.4,184.14 1 0
github.com/wolflang/wolf/cmd/wolf/main.go:188.2,191.55 1 0
github.com/wolflang/wolf/cmd/wolf/main.go:191.55,195.36 4 0
github.com/wolflang/wolf/cmd/wolf/main.go:195.36,197.5 1 0
github.com/wolflang/wolf/cmd/wolf/main.go:198.4,199.14 2 0
github.com/wolflang/wolf/cmd/wolf/main.go:203.2,206.48 1 0
github.com/wolflang/wolf/cmd/wolf/main.go:206.48,211.4 4 0
github.com/wolflang/wolf/cmd/wolf/main.go:214.2,226.55 4 0
github.com/wolflang/wolf/cmd/wolf/main.go:226.55,229.49 3 0
github.com/wolflang/wolf/cmd/wolf/main.go:229.49,231.5 1 0
github.com/wolflang/wolf/cmd/wolf/main.go:232.4,234.14 3 0
github.com/wolflang/wolf/cmd/wolf/main.go:238.2,240.42 2 0
github.com/wolflang/wolf/cmd/wolf/main.go:240.42,242.3 1 0
github.com/wolflang/wolf/internal/ir/ir_nodes.go:61.31,61.32 0 0
github.com/wolflang/wolf/internal/ir/ir_nodes.go:70.30,70.31 0 0
github.com/wolflang/wolf/internal/ir/ir_nodes.go:77.28,77.29 0 0
github.com/wolflang/wolf/internal/ir/ir_nodes.go:84.30,84.31 0 0
github.com/wolflang/wolf/internal/ir/ir_nodes.go:94.26,94.27 0 0
github.com/wolflang/wolf/internal/ir/ir_nodes.go:110.27,110.28 0 0
github.com/wolflang/wolf/internal/ir/ir_nodes.go:120.29,120.30 0 0
github.com/wolflang/wolf/internal/ir/ir_nodes.go:129.30,129.31 0 0
github.com/wolflang/wolf/internal/ir/ir_nodes.go:142.29,142.30 0 0
github.com/wolflang/wolf/internal/ir/ir_nodes.go:149.26,149.27 0 0
github.com/wolflang/wolf/internal/ir/ir_nodes.go:156.29,156.30 0 0
github.com/wolflang/wolf/internal/ir/ir_nodes.go:163.27,163.28 0 0
github.com/wolflang/wolf/internal/ir/ir_nodes.go:177.25,177.26 0 0
github.com/wolflang/wolf/internal/ir/ir_nodes.go:184.26,184.27 0 0
github.com/wolflang/wolf/internal/ir/ir_nodes.go:191.28,191.29 0 0
github.com/wolflang/wolf/internal/ir/ir_nodes.go:198.29,198.30 0 0
github.com/wolflang/wolf/internal/ir/ir_nodes.go:205.27,205.28 0 0
github.com/wolflang/wolf/internal/ir/ir_nodes.go:210.26,210.27 0 0
github.com/wolflang/wolf/internal/ir/ir_nodes.go:219.30,219.31 0 0
github.com/wolflang/wolf/internal/ir/ir_nodes.go:227.29,227.30 0 0
github.com/wolflang/wolf/internal/ir/ir_nodes.go:235.28,235.29 0 0
github.com/wolflang/wolf/internal/ir/ir_nodes.go:243.31,243.32 0 0
github.com/wolflang/wolf/internal/ir/ir_nodes.go:252.34,252.35 0 0
github.com/wolflang/wolf/internal/ir/ir_nodes.go:261.30,261.31 0 0
github.com/wolflang/wolf/internal/ir/ir_nodes.go:269.29,269.30 0 0
github.com/wolflang/wolf/internal/ir/ir_nodes.go:277.28,277.29 0 0
github.com/wolflang/wolf/internal/ir/ir_nodes.go:287.26,287.27 0 0
github.com/wolflang/wolf/internal/ir/ir_nodes.go:295.29,295.30 0 0
github.com/wolflang/wolf/internal/ir/ir_nodes.go:304.27,304.28 0 0
github.com/wolflang/wolf/internal/ir/ir_nodes.go:312.30,312.31 0 0
github.com/wolflang/wolf/internal/ir/ir_nodes.go:319.28,319.29 0 0
github.com/wolflang/wolf/internal/ir/ir_nodes.go:327.28,327.29 0 0
github.com/wolflang/wolf/internal/ir/ir_nodes.go:334.28,334.29 0 0
github.com/wolflang/wolf/internal/ir/ir_nodes.go:342.31,342.32 0 0
github.com/wolflang/wolf/internal/ir/ir_nodes.go:350.32,350.33 0 0
github.com/wolflang/wolf/internal/ir/ir_nodes.go:357.28,357.29 0 0
github.com/wolflang/wolf/internal/ir/ir_nodes.go:368.29,368.30 0 0
github.com/wolflang/wolf/internal/ir/ir_nodes.go:375.29,375.30 0 0
github.com/wolflang/wolf/internal/ir/ir_nodes.go:383.31,383.32 0 0
github.com/wolflang/wolf/internal/compiler/autodiscovery.go:15.80,20.33 3 1
github.com/wolflang/wolf/internal/compiler/autodiscovery.go:20.33,22.54 2 1
github.com/wolflang/wolf/internal/compiler/autodiscovery.go:22.54,23.12 1 1
github.com/wolflang/wolf/internal/compiler/autodiscovery.go:26.3,26.87 1 0
github.com/wolflang/wolf/internal/compiler/autodiscovery.go:26.87,27.18 1 0
github.com/wolflang/wolf/internal/compiler/autodiscovery.go:27.18,29.5 1 0
github.com/wolflang/wolf/internal/compiler/autodiscovery.go:30.4,30.64 1 0
github.com/wolflang/wolf/internal/compiler/autodiscovery.go:30.64,31.18 1 0
github.com/wolflang/wolf/internal/compiler/autodiscovery.go:31.18,33.6 1 0
github.com/wolflang/wolf/internal/compiler/autodiscovery.go:35.5,36.23 2 0
github.com/wolflang/wolf/internal/compiler/autodiscovery.go:36.23,38.6 1 0
github.com/wolflang/wolf/internal/compiler/autodiscovery.go:41.5,43.25 3 0
github.com/wolflang/wolf/internal/compiler/autodiscovery.go:43.25,45.6 1 0
github.com/wolflang/wolf/internal/compiler/autodiscovery.go:48.5,50.27 3 0
github.com/wolflang/wolf/internal/compiler/autodiscovery.go:50.27,52.6 1 0
github.com/wolflang/wolf/internal/compiler/autodiscovery.go:54.5,54.33 1 0
github.com/wolflang/wolf/internal/compiler/autodiscovery.go:56.4,56.14 1 0
github.com/wolflang/wolf/internal/compiler/autodiscovery.go:59.3,59.17 1 0
github.com/wolflang/wolf/internal/compiler/autodiscovery.go:59.17,61.4 1 0
github.com/wolflang/wolf/internal/compiler/autodiscovery.go:64.2,64.18 1 1
github.com/wolflang/wolf/internal/compiler/compiler.go:28.22,32.2 1 1
github.com/wolflang/wolf/internal/compiler/compiler.go:42.77,48.24 4 1
github.com/wolflang/wolf/internal/compiler/compiler.go:48.24,49.31 1 1
github.com/wolflang/wolf/internal/compiler/compiler.go:49.31,51.4 1 1
github.com/wolflang/wolf/internal/compiler/compiler.go:52.3,52.77 1 1
github.com/wolflang/wolf/internal/compiler/compiler.go:55.2,55.15 1 1
github.com/wolflang/wolf/internal/compiler/compiler.go:55.15,57.3 1 0
github.com/wolflang/wolf/internal/compiler/compiler.go:60.2,64.26 5 1
github.com/wolflang/wolf/internal/compiler/compiler.go:64.26,65.33 1 1
github.com/wolflang/wolf/internal/compiler/compiler.go:65.33,67.4 1 1
github.com/wolflang/wolf/internal/compiler/compiler.go:68.3,68.80 1 1
github.com/wolflang/wolf/internal/compiler/compiler.go:71.2,71.15 1 1
github.com/wolflang/wolf/internal/compiler/compiler.go:71.15,73.3 1 0
github.com/wolflang/wolf/internal/compiler/compiler.go:76.2,78.16 3 1
github.com/wolflang/wolf/internal/compiler/compiler.go:78.16,81.3 2 0
github.com/wolflang/wolf/internal/compiler/compiler.go:83.2,83.37 1 1
github.com/wolflang/wolf/internal/compiler/compiler.go:83.37,85.3 1 0
github.com/wolflang/wolf/internal/compiler/compiler.go:88.2,89.25 2 1
github.com/wolflang/wolf/internal/compiler/compiler.go:89.25,91.3 1 1
github.com/wolflang/wolf/internal/compiler/compiler.go:94.2,97.28 4 1
github.com/wolflang/wolf/internal/compiler/compiler.go:97.28,98.35 1 0
github.com/wolflang/wolf/internal/compiler/compiler.go:98.35,100.4 1 0
github.com/wolflang/wolf/internal/compiler/compiler.go:101.3,101.84 1 0
github.com/wolflang/wolf/internal/compiler/compiler.go:105.2,108.25 4 1
github.com/wolflang/wolf/internal/compiler/compiler.go:108.25,109.32 1 1
github.com/wolflang/wolf/internal/compiler/compiler.go:109.32,111.4 1 1
github.com/wolflang/wolf/internal/compiler/compiler.go:112.3,112.77 1 1
github.com/wolflang/wolf/internal/compiler/compiler.go:116.2,124.15 6 1
github.com/wolflang/wolf/internal/compiler/compiler.go:124.15,126.3 1 0
github.com/wolflang/wolf/internal/compiler/compiler.go:128.2,128.20 1 1
github.com/wolflang/wolf/internal/compiler/compiler.go:132.75,134.16 2 0
github.com/wolflang/wolf/internal/compiler/compiler.go:134.16,136.3 1 0
github.com/wolflang/wolf/internal/compiler/compiler.go:138.2,139.16 2 0
github.com/wolflang/wolf/internal/compiler/compiler.go:139.16,141.3 1 0
github.com/wolflang/wolf/internal/compiler/compiler.go:143.2,143.50 1 0
github.com/wolflang/wolf/internal/compiler/compiler.go:143.50,145.3 1 0
github.com/wolflang/wolf/internal/compiler/compiler.go:147.2,150.15 3 0
github.com/wolflang/wolf/internal/compiler/compiler.go:150.15,152.3 1 0
github.com/wolflang/wolf/internal/compiler/compiler.go:155.2,156.78 2 0
github.com/wolflang/wolf/internal/compiler/compiler.go:156.78,158.3 1 0
github.com/wolflang/wolf/internal/compiler/compiler.go:160.2,160.15 1 0
github.com/wolflang/wolf/internal/compiler/compiler.go:160.15,162.3 1 0
github.com/wolflang/wolf/internal/compiler/compiler.go:165.2,166.16 2 0
github.com/wolflang/wolf/internal/compiler/compiler.go:166.16,168.3 1 0
github.com/wolflang/wolf/internal/compiler/compiler.go:169.2,176.14 4 0
github.com/wolflang/wolf/internal/compiler/compiler.go:176.14,178.54 2 0
github.com/wolflang/wolf/internal/compiler/compiler.go:178.54,179.17 1 0
github.com/wolflang/wolf/internal/compiler/compiler.go:179.17,181.5 1 0
github.com/wolflang/wolf/internal/compiler/compiler.go:182.9,184.17 2 0
github.com/wolflang/wolf/internal/compiler/compiler.go:184.17,186.5 1 0
github.com/wolflang/wolf/internal/compiler/compiler.go:191.2,191.29 1 0
github.com/wolflang/wolf/internal/compiler/compiler.go:191.29,193.56 2 0
github.com/wolflang/wolf/internal/compiler/compiler.go:193.56,194.17 1 0
github.com/wolflang/wolf/internal/compiler/compiler.go:194.17,196.5 1 0
github.com/wolflang/wolf/internal/compiler/compiler.go:197.9,199.17 2 0
github.com/wolflang/wolf/internal/compiler/compiler.go:199.17,201.5 1 0
github.com/wolflang/wolf/internal/compiler/compiler.go:206.2,206.15 1 0
github.com/wolflang/wolf/internal/compiler/compiler.go:206.15,209.55 3 0
github.com/wolflang/wolf/internal/compiler/compiler.go:209.55,211.53 2 0
github.com/wolflang/wolf/internal/compiler/compiler.go:211.53,213.5 1 0
github.com/wolflang/wolf/internal/compiler/compiler.go:217.2,217.15 1 0
github.com/wolflang/wolf/internal/compiler/compiler.go:217.15,219.3 1 0
github.com/wolflang/wolf/internal/compiler/compiler.go:222.2,224.52 3 0
github.com/wolflang/wolf/internal/compiler/compiler.go:224.52,226.3 1 0
github.com/wolflang/wolf/internal/compiler/compiler.go:228.2,228.15 1 0
github.com/wolflang/wolf/internal/compiler/compiler.go:228.15,230.3 1 0
github.com/wolflang/wolf/internal/compiler/compiler.go:233.2,236.29 3 0
github.com/wolflang/wolf/internal/compiler/compiler.go:236.29,238.3 1 0
github.com/wolflang/wolf/internal/compiler/compiler.go:240.2,241.54 2 0
github.com/wolflang/wolf/internal/compiler/compiler.go:241.54,243.3 1 0
github.com/wolflang/wolf/internal/compiler/compiler.go:245.2,247.15 2 0
github.com/wolflang/wolf/internal/compiler/compiler.go:247.15,249.3 1 0
github.com/wolflang/wolf/internal/compiler/compiler.go:251.2,251.20 1 0
github.com/wolflang/wolf/internal/compiler/compiler.go:255.55,257.16 2 0
github.com/wolflang/wolf/internal/compiler/compiler.go:257.16,259.3 1 0
github.com/wolflang/wolf/internal/compiler/compiler.go:261.2,266.18 5 0
github.com/wolflang/wolf/internal/compiler/compiler.go:272.37,274.16 2 0
github.com/wolflang/wolf/internal/compiler/compiler.go:274.16,277.49 3 0
github.com/wolflang/wolf/internal/compiler/compiler.go:277.49,279.4 1 0
github.com/wolflang/wolf/internal/compiler/compiler.go:280.3,282.49 3 0
github.com/wolflang/wolf/internal/compiler/compiler.go:282.49,284.4 1 0
github.com/wolflang/wolf/internal/compiler/compiler.go:287.2,288.16 2 0
github.com/wolflang/wolf/internal/compiler/compiler.go:288.16,290.49 2 0
github.com/wolflang/wolf/internal/compiler/compiler.go:290.49,292.4 1 0
github.com/wolflang/wolf/internal/compiler/compiler.go:294.3,296.49 3 0
github.com/wolflang/wolf/internal/compiler/compiler.go:296.49,298.4 1 0
github.com/wolflang/wolf/internal/compiler/compiler.go:301.2,301.111 1 0
github.com/wolflang/wolf/internal/compiler/compiler.go:304.22,305.52 1 0
github.com/wolflang/wolf/internal/compiler/compiler.go:305.52,306.49 1 0
github.com/wolflang/wolf/internal/compiler/compiler.go:306.49,308.4 1 0
github.com/wolflang/wolf/internal/compiler/compiler.go:310.2,310.13 1 0
github.com/wolflang/wolf/internal/compiler/compiler.go:313.20,316.2 2 0
github.com/wolflang/wolf/internal/compiler/compiler.go:318.22,321.2 2 0
github.com/wolflang/wolf/internal/compiler/dispatch_gen.go:20.70,23.42 2 1
github.com/wolflang/wolf/internal/compiler/dispatch_gen.go:23.42,24.52 1 1
github.com/wolflang/wolf/internal/compiler/dispatch_gen.go:24.52,25.91 1 1
github.com/wolflang/wolf/internal/compiler/dispatch_gen.go:25.91,27.5 1 0
github.com/wolflang/wolf/internal/compiler/dispatch_gen.go:33.2,35.26 2 1
github.com/wolflang/wolf/internal/compiler/dispatch_gen.go:35.26,36.37 1 0
github.com/wolflang/wolf/internal/compiler/dispatch_gen.go:36.37,44.44 4 0
github.com/wolflang/wolf/internal/compiler/dispatch_gen.go:44.44,45.81 1 0
github.com/wolflang/wolf/internal/compiler/dispatch_gen.go:45.81,46.47 1 0
github.com/wolflang/wolf/internal/compiler/dispatch_gen.go:46.47,48.39 1 0
github.com/wolflang/wolf/internal/compiler/dispatch_gen.go:48.39,49.16 1 0
github.com/wolflang/wolf/internal/compiler/dispatch_gen.go:52.7,55.27 4 0
github.com/wolflang/wolf/internal/compiler/dispatch_gen.go:59.4,59.20 1 0
github.com/wolflang/wolf/internal/compiler/dispatch_gen.go:63.2,72.26 7 1
github.com/wolflang/wolf/internal/ir/ir_nodes.go:61.31,61.32 0 0
github.com/wolflang/wolf/internal/ir/ir_nodes.go:70.30,70.31 0 0
github.com/wolflang/wolf/internal/ir/ir_nodes.go:77.28,77.29 0 0
github.com/wolflang/wolf/internal/ir/ir_nodes.go:84.30,84.31 0 0
github.com/wolflang/wolf/internal/ir/ir_nodes.go:94.26,94.27 0 0
github.com/wolflang/wolf/internal/ir/ir_nodes.go:110.27,110.28 0 0
github.com/wolflang/wolf/internal/ir/ir_nodes.go:120.29,120.30 0 0
github.com/wolflang/wolf/internal/ir/ir_nodes.go:129.30,129.31 0 0
github.com/wolflang/wolf/internal/ir/ir_nodes.go:142.29,142.30 0 0
github.com/wolflang/wolf/internal/ir/ir_nodes.go:149.26,149.27 0 0
github.com/wolflang/wolf/internal/ir/ir_nodes.go:156.29,156.30 0 0
github.com/wolflang/wolf/internal/ir/ir_nodes.go:163.27,163.28 0 0
github.com/wolflang/wolf/internal/ir/ir_nodes.go:177.25,177.26 0 0
github.com/wolflang/wolf/internal/ir/ir_nodes.go:184.26,184.27 0 0
github.com/wolflang/wolf/internal/ir/ir_nodes.go:191.28,191.29 0 0
github.com/wolflang/wolf/internal/ir/ir_nodes.go:198.29,198.30 0 0
github.com/wolflang/wolf/internal/ir/ir_nodes.go:205.27,205.28 0 0
github.com/wolflang/wolf/internal/ir/ir_nodes.go:210.26,210.27 0 0
github.com/wolflang/wolf/internal/ir/ir_nodes.go:219.30,219.31 0 0
github.com/wolflang/wolf/internal/ir/ir_nodes.go:227.29,227.30 0 0
github.com/wolflang/wolf/internal/ir/ir_nodes.go:235.28,235.29 0 0
github.com/wolflang/wolf/internal/ir/ir_nodes.go:243.31,243.32 0 0
github.com/wolflang/wolf/internal/ir/ir_nodes.go:252.34,252.35 0 0
github.com/wolflang/wolf/internal/ir/ir_nodes.go:261.30,261.31 0 0
github.com/wolflang/wolf/internal/ir/ir_nodes.go:269.29,269.30 0 0
github.com/wolflang/wolf/internal/ir/ir_nodes.go:277.28,277.29 0 0
github.com/wolflang/wolf/internal/ir/ir_nodes.go:287.26,287.27 0 0
github.com/wolflang/wolf/internal/ir/ir_nodes.go:295.29,295.30 0 0
github.com/wolflang/wolf/internal/ir/ir_nodes.go:304.27,304.28 0 0
github.com/wolflang/wolf/internal/ir/ir_nodes.go:312.30,312.31 0 0
github.com/wolflang/wolf/internal/ir/ir_nodes.go:319.28,319.29 0 0
github.com/wolflang/wolf/internal/ir/ir_nodes.go:327.28,327.29 0 0
github.com/wolflang/wolf/internal/ir/ir_nodes.go:334.28,334.29 0 0
github.com/wolflang/wolf/internal/ir/ir_nodes.go:342.31,342.32 0 0
github.com/wolflang/wolf/internal/ir/ir_nodes.go:350.32,350.33 0 0
github.com/wolflang/wolf/internal/ir/ir_nodes.go:357.28,357.29 0 0
github.com/wolflang/wolf/internal/ir/ir_nodes.go:368.29,368.30 0 0
github.com/wolflang/wolf/internal/ir/ir_nodes.go:375.29,375.30 0 0
github.com/wolflang/wolf/internal/ir/ir_nodes.go:383.31,383.32 0 0
github.com/wolflang/wolf/internal/lexer/errors.go:15.36,16.22 1 1
github.com/wolflang/wolf/internal/lexer/errors.go:16.22,19.3 1 1
github.com/wolflang/wolf/internal/lexer/errors.go:20.2,21.45 1 1
github.com/wolflang/wolf/internal/lexer/errors.go:25.61,31.2 1 1
github.com/wolflang/wolf/internal/lexer/errors.go:34.82,40.2 1 1
github.com/wolflang/wolf/internal/lexer/lexer.go:25.38,32.2 1 1
github.com/wolflang/wolf/internal/lexer/lexer.go:35.52,36.19 1 1
github.com/wolflang/wolf/internal/lexer/lexer.go:36.19,41.3 4 1
github.com/wolflang/wolf/internal/lexer/lexer.go:43.2,49.27 2 1
github.com/wolflang/wolf/internal/lexer/lexer.go:53.39,55.2 1 0
github.com/wolflang/wolf/internal/lexer/lexer.go:59.29,62.12 2 1
github.com/wolflang/wolf/internal/lexer/lexer.go:64.11,65.27 1 1
github.com/wolflang/wolf/internal/lexer/lexer.go:66.11,67.27 1 1
github.com/wolflang/wolf/internal/lexer/lexer.go:68.11,69.27 1 1
github.com/wolflang/wolf/internal/lexer/lexer.go:70.11,71.27 1 1
github.com/wolflang/wolf/internal/lexer/lexer.go:72.11,73.29 1 1
github.com/wolflang/wolf/internal/lexer/lexer.go:74.11,75.29 1 1
github.com/wolflang/wolf/internal/lexer/lexer.go:76.11,77.26 1 1
github.com/wolflang/wolf/internal/lexer/lexer.go:78.11,79.30 1 1
github.com/wolflang/wolf/internal/lexer/lexer.go:80.11,81.29 1 1
github.com/wolflang/wolf/internal/lexer/lexer.go:82.11,83.27 1 1
github.com/wolflang/wolf/internal/lexer/lexer.go:86.11,87.19 1 1
github.com/wolflang/wolf/internal/lexer/lexer.go:87.19,89.4 1 1
github.com/wolflang/wolf/internal/lexer/lexer.go:89.9,89.26 1 1
github.com/wolflang/wolf/internal/lexer/lexer.go:89.26,91.4 1 1
github.com/wolflang/wolf/internal/lexer/lexer.go:91.9,93.4 1 1
github.com/wolflang/wolf/internal/lexer/lexer.go:94.11,95.19 1 1
github.com/wolflang/wolf/internal/lexer/lexer.go:95.19,97.4 1 1
github.com/wolflang/wolf/internal/lexer/lexer.go:97.9,97.26 1 1
github.com/wolflang/wolf/internal/lexer/lexer.go:97.26,99.4 1 1
github.com/wolflang/wolf/internal/lexer/lexer.go:99.9,99.26 1 1
github.com/wolflang/wolf/internal/lexer/lexer.go:99.26,101.4 1 1
github.com/wolflang/wolf/internal/lexer/lexer.go:101.9,103.4 1 1
github.com/wolflang/wolf/internal/lexer/lexer.go:104.11,105.19 1 1
github.com/wolflang/wolf/internal/lexer/lexer.go:105.19,107.4 1 1
github.com/wolflang/wolf/internal/lexer/lexer.go:107.9,109.4 1 1
github.com/wolflang/wolf/internal/lexer/lexer.go:110.11,111.19 1 1
github.com/wolflang/wolf/internal/lexer/lexer.go:111.19,113.4 1 1
github.com/wolflang/wolf/internal/lexer/lexer.go:113.9,115.4 1 1
github.com/wolflang/wolf/internal/lexer/lexer.go:116.11,117.19 1 1
github.com/wolflang/wolf/internal/lexer/lexer.go:117.19,119.4 1 1
github.com/wolflang/wolf/internal/lexer/lexer.go:119.9,119.26 1 1
github.com/wolflang/wolf/internal/lexer/lexer.go:119.26,121.4 1 1
github.com/wolflang/wolf/internal/lexer/lexer.go:121.9,123.4 1 1
github.com/wolflang/wolf/internal/lexer/lexer.go:124.11,125.19 1 1
github.com/wolflang/wolf/internal/lexer/lexer.go:125.19,127.4 1 1
github.com/wolflang/wolf/internal/lexer/lexer.go:127.9,129.4 1 1
github.com/wolflang/wolf/internal/lexer/lexer.go:130.11,131.19 1 1
github.com/wolflang/wolf/internal/lexer/lexer.go:131.19,133.4 1 1
github.com/wolflang/wolf/internal/lexer/lexer.go:133.9,135.4 1 1
github.com/wolflang/wolf/internal/lexer/lexer.go:136.11,137.19 1 1
github.com/wolflang/wolf/internal/lexer/lexer.go:137.19,139.4 1 1
github.com/wolflang/wolf/internal/lexer/lexer.go:139.9,141.4 1 1
github.com/wolflang/wolf/internal/lexer/lexer.go:142.11,143.19 1 1
github.com/wolflang/wolf/internal/lexer/lexer.go:143.19,145.4 1 1
github.com/wolflang/wolf/internal/lexer/lexer.go:145.9,147.4 1 1
github.com/wolflang/wolf/internal/lexer/lexer.go:148.11,149.19 1 1
github.com/wolflang/wolf/internal/lexer/lexer.go:149.19,151.4 1 1
github.com/wolflang/wolf/internal/lexer/lexer.go:151.9,153.4 1 1
github.com/wolflang/wolf/internal/lexer/lexer.go:154.11,155.19 1 1
github.com/wolflang/wolf/internal/lexer/lexer.go:155.19,157.4 1 1
github.com/wolflang/wolf/internal/lexer/lexer.go:157.9,159.4 1 1
github.com/wolflang/wolf/internal/lexer/lexer.go:160.11,161.19 1 1
github.com/wolflang/wolf/internal/lexer/lexer.go:161.19,163.4 1 1
github.com/wolflang/wolf/internal/lexer/lexer.go:163.9,165.4 1 1
github.com/wolflang/wolf/internal/lexer/lexer.go:168.11,169.18 1 1
github.com/wolflang/wolf/internal/lexer/lexer.go:172.11,173.17 1 1
github.com/wolflang/wolf/internal/lexer/lexer.go:176.11,177.22 1 1
github.com/wolflang/wolf/internal/lexer/lexer.go:180.11,181.20 1 1
github.com/wolflang/wolf/internal/lexer/lexer.go:184.23,184.23 0 1
github.com/wolflang/wolf/internal/lexer/lexer.go:188.12,188.12 0 1
github.com/wolflang/wolf/internal/lexer/lexer.go:191.10,192.18 1 1
github.com/wolflang/wolf/internal/lexer/lexer.go:192.18,194.4 1 1
github.com/wolflang/wolf/internal/lexer/lexer.go:194.9,194.25 1 1
github.com/wolflang/wolf/internal/lexer/lexer.go:194.25,196.4 1 1
github.com/wolflang/wolf/internal/lexer/lexer.go:196.9,198.4 1 1
github.com/wolflang/wolf/internal/lexer/lexer.go:205.31,206.39 1 1
github.com/wolflang/wolf/internal/lexer/lexer.go:206.39,208.3 1 1
github.com/wolflang/wolf/internal/lexer/lexer.go:215.30,222.19 5 1
github.com/wolflang/wolf/internal/lexer/lexer.go:222.19,224.16 2 1
github.com/wolflang/wolf/internal/lexer/lexer.go:224.16,225.9 1 1
github.com/wolflang/wolf/internal/lexer/lexer.go:227.3,227.17 1 1
github.com/wolflang/wolf/internal/lexer/lexer.go:227.17,229.20 2 1
github.com/wolflang/wolf/internal/lexer/lexer.go:229.20,231.5 1 1
github.com/wolflang/wolf/internal/lexer/lexer.go:232.4,232.12 1 1
github.com/wolflang/wolf/internal/lexer/lexer.go:234.3,234.32 1 1
github.com/wolflang/wolf/internal/lexer/lexer.go:234.32,236.19 2 1
github.com/wolflang/wolf/internal/lexer/lexer.go:236.19,238.10 2 1
github.com/wolflang/wolf/internal/lexer/lexer.go:241.3,241.32 1 1
github.com/wolflang/wolf/internal/lexer/lexer.go:241.32,243.19 2 1
github.com/wolflang/wolf/internal/lexer/lexer.go:243.19,245.10 2 1
github.com/wolflang/wolf/internal/lexer/lexer.go:248.3,248.14 1 1
github.com/wolflang/wolf/internal/lexer/lexer.go:252.2,256.22 4 1
github.com/wolflang/wolf/internal/lexer/lexer.go:256.22,258.3 1 1
github.com/wolflang/wolf/internal/lexer/lexer.go:258.8,260.3 1 1
github.com/wolflang/wolf/internal/lexer/lexer.go:264.36,267.19 2 1
github.com/wolflang/wolf/internal/lexer/lexer.go:267.19,269.16 2 1
github.com/wolflang/wolf/internal/lexer/lexer.go:269.16,270.9 1 1
github.com/wolflang/wolf/internal/lexer/lexer.go:272.3,272.17 1 1
github.com/wolflang/wolf/internal/lexer/lexer.go:272.17,275.4 2 0
github.com/wolflang/wolf/internal/lexer/lexer.go:276.3,276.17 1 1
github.com/wolflang/wolf/internal/lexer/lexer.go:276.17,278.19 2 1
github.com/wolflang/wolf/internal/lexer/lexer.go:278.19,281.5 2 0
github.com/wolflang/wolf/internal/lexer/lexer.go:282.4,283.19 2 1
github.com/wolflang/wolf/internal/lexer/lexer.go:284.13,285.23 1 1
github.com/wolflang/wolf/internal/lexer/lexer.go:286.13,287.23 1 1
github.com/wolflang/wolf/internal/lexer/lexer.go:288.13,289.23 1 0
github.com/wolflang/wolf/internal/lexer/lexer.go:290.14,291.23 1 1
github.com/wolflang/wolf/internal/lexer/lexer.go:292.13,293.22 1 1
github.com/wolflang/wolf/internal/lexer/lexer.go:294.13,295.22 1 0
github.com/wolflang/wolf/internal/lexer/lexer.go:296.13,297.22 1 0
github.com/wolflang/wolf/internal/lexer/lexer.go:298.12,300.26 2 0
github.com/wolflang/wolf/internal/lexer/lexer.go:302.4,302.12 1 1
github.com/wolflang/wolf/internal/lexer/lexer.go:304.3,304.28 1 1
github.com/wolflang/wolf/internal/lexer/lexer.go:307.2,307.17 1 1
github.com/wolflang/wolf/internal/lexer/lexer.go:307.17,310.3 2 1
github.com/wolflang/wolf/internal/lexer/lexer.go:312.2,318.4 2 1
github.com/wolflang/wolf/internal/lexer/lexer.go:324.42,333.19 3 1
github.com/wolflang/wolf/internal/lexer/lexer.go:333.19,336.16 2 1
github.com/wolflang/wolf/internal/lexer/lexer.go:336.16,338.20 1 1
github.com/wolflang/wolf/internal/lexer/lexer.go:338.20,341.5 2 0
github.com/wolflang/wolf/internal/lexer/lexer.go:342.4,348.10 3 1
github.com/wolflang/wolf/internal/lexer/lexer.go:351.3,351.17 1 1
github.com/wolflang/wolf/internal/lexer/lexer.go:351.17,353.19 2 0
github.com/wolflang/wolf/internal/lexer/lexer.go:353.19,356.5 2 0
github.com/wolflang/wolf/internal/lexer/lexer.go:357.4,358.19 2 0
github.com/wolflang/wolf/internal/lexer/lexer.go:359.13,360.23 1 0
github.com/wolflang/wolf/internal/lexer/lexer.go:361.13,362.23 1 0
github.com/wolflang/wolf/internal/lexer/lexer.go:363.13,364.23 1 0
github.com/wolflang/wolf/internal/lexer/lexer.go:365.14,366.23 1 0
github.com/wolflang/wolf/internal/lexer/lexer.go:367.13,368.22 1 0
github.com/wolflang/wolf/internal/lexer/lexer.go:369.13,370.22 1 0
github.com/wolflang/wolf/internal/lexer/lexer.go:371.13,372.22 1 0
github.com/wolflang/wolf/internal/lexer/lexer.go:373.12,375.26 2 0
github.com/wolflang/wolf/internal/lexer/lexer.go:377.4,377.12 1 0
github.com/wolflang/wolf/internal/lexer/lexer.go:381.3,381.39 1 1
github.com/wolflang/wolf/internal/lexer/lexer.go:381.39,382.20 1 1
github.com/wolflang/wolf/internal/lexer/lexer.go:382.20,385.5 2 1
github.com/wolflang/wolf/internal/lexer/lexer.go:386.4,396.12 6 1
github.com/wolflang/wolf/internal/lexer/lexer.go:400.3,400.39 1 1
github.com/wolflang/wolf/internal/lexer/lexer.go:400.39,401.20 1 1
github.com/wolflang/wolf/internal/lexer/lexer.go:401.20,404.5 2 1
github.com/wolflang/wolf/internal/lexer/lexer.go:405.4,415.12 6 1
github.com/wolflang/wolf/internal/lexer/lexer.go:418.3,418.17 1 1
github.com/wolflang/wolf/internal/lexer/lexer.go:418.17,421.4 2 0
github.com/wolflang/wolf/internal/lexer/lexer.go:422.3,422.28 1 1
github.com/wolflang/wolf/internal/lexer/lexer.go:425.2,425.74 1 0
github.com/wolflang/wolf/internal/lexer/lexer.go:430.37,436.68 4 1
github.com/wolflang/wolf/internal/lexer/lexer.go:436.68,438.3 1 1
github.com/wolflang/wolf/internal/lexer/lexer.go:440.2,441.23 2 1
github.com/wolflang/wolf/internal/lexer/lexer.go:441.23,444.3 2 0
github.com/wolflang/wolf/internal/lexer/lexer.go:446.2,453.61 2 1
github.com/wolflang/wolf/internal/lexer/lexer.go:453.61,466.69 8 1
github.com/wolflang/wolf/internal/lexer/lexer.go:466.69,468.4 1 1
github.com/wolflang/wolf/internal/lexer/lexer.go:469.3,470.24 2 1
github.com/wolflang/wolf/internal/lexer/lexer.go:470.24,476.4 1 1
github.com/wolflang/wolf/internal/lexer/lexer.go:480.2,480.37 1 1
github.com/wolflang/wolf/internal/lexer/lexer.go:480.37,487.3 2 1
github.com/wolflang/wolf/internal/lexer/lexer.go:487.8,489.3 1 0
github.com/wolflang/wolf/internal/lexer/lexer.go:493.40,495.32 2 1
github.com/wolflang/wolf/internal/lexer/lexer.go:495.32,501.16 5 1
github.com/wolflang/wolf/internal/lexer/lexer.go:501.16,503.18 2 1
github.com/wolflang/wolf/internal/lexer/lexer.go:503.18,511.5 3 1
github.com/wolflang/wolf/internal/lexer/lexer.go:513.3,513.16 1 1
github.com/wolflang/wolf/internal/lexer/lexer.go:513.16,515.4 1 0
github.com/wolflang/wolf/internal/lexer/lexer.go:517.3,517.16 1 1
github.com/wolflang/wolf/internal/lexer/lexer.go:520.2,520.15 1 0
github.com/wolflang/wolf/internal/lexer/lexer.go:520.15,522.3 1 0
github.com/wolflang/wolf/internal/lexer/lexer.go:526.48,532.2 1 1
github.com/wolflang/wolf/internal/lexer/lexer.go:535.35,537.37 1 1
github.com/wolflang/wolf/internal/lexer/lexer.go:537.37,541.3 3 0
github.com/wolflang/wolf/internal/lexer/lexer.go:543.2,543.60 1 1
github.com/wolflang/wolf/internal/lexer/lexer.go:543.60,546.3 2 1
github.com/wolflang/wolf/internal/lexer/lexer.go:548.2,548.68 1 1
github.com/wolflang/wolf/internal/lexer/lexer.go:548.68,550.3 1 1
github.com/wolflang/wolf/internal/lexer/lexer.go:552.2,557.4 2 1
github.com/wolflang/wolf/internal/lexer/lexer.go:561.33,562.39 1 1
github.com/wolflang/wolf/internal/lexer/lexer.go:562.39,565.3 2 0
github.com/wolflang/wolf/internal/lexer/lexer.go:567.2,568.47 2 1
github.com/wolflang/wolf/internal/lexer/lexer.go:568.47,570.3 1 1
github.com/wolflang/wolf/internal/lexer/lexer.go:572.2,573.18 2 1
github.com/wolflang/wolf/internal/lexer/lexer.go:573.18,579.3 1 1
github.com/wolflang/wolf/internal/lexer/lexer.go:579.8,591.3 2 1
github.com/wolflang/wolf/internal/lexer/lexer.go:595.30,596.40 1 1
github.com/wolflang/wolf/internal/lexer/lexer.go:596.40,598.3 1 1
github.com/wolflang/wolf/internal/lexer/lexer.go:601.2,601.62 1 1
github.com/wolflang/wolf/internal/lexer/lexer.go:601.62,603.41 2 1
github.com/wolflang/wolf/internal/lexer/lexer.go:603.41,605.4 1 1
github.com/wolflang/wolf/internal/lexer/lexer.go:606.3,607.9 2 1
github.com/wolflang/wolf/internal/lexer/lexer.go:610.2,610.23 1 1
github.com/wolflang/wolf/internal/lexer/lexer.go:614.34,615.68 1 1
github.com/wolflang/wolf/internal/lexer/lexer.go:615.68,617.3 1 1
github.com/wolflang/wolf/internal/lexer/lexer.go:619.2,626.4 3 1
github.com/wolflang/wolf/internal/lexer/lexer.go:632.32,633.17 1 1
github.com/wolflang/wolf/internal/lexer/lexer.go:633.17,635.3 1 0
github.com/wolflang/wolf/internal/lexer/lexer.go:636.2,638.15 3 1
github.com/wolflang/wolf/internal/lexer/lexer.go:638.15,641.3 2 1
github.com/wolflang/wolf/internal/lexer/lexer.go:641.8,643.3 1 1
github.com/wolflang/wolf/internal/lexer/lexer.go:644.2,644.10 1 1
github.com/wolflang/wolf/internal/lexer/lexer.go:648.29,649.17 1 1
github.com/wolflang/wolf/internal/lexer/lexer.go:649.17,651.3 1 0
github.com/wolflang/wolf/internal/lexer/lexer.go:652.2,653.10 2 1
github.com/wolflang/wolf/internal/lexer/lexer.go:657.33,658.17 1 1
github.com/wolflang/wolf/internal/lexer/lexer.go:658.17,660.3 1 0
github.com/wolflang/wolf/internal/lexer/lexer.go:661.2,662.37 2 1
github.com/wolflang/wolf/internal/lexer/lexer.go:662.37,664.3 1 0
github.com/wolflang/wolf/internal/lexer/lexer.go:665.2,666.10 2 1
github.com/wolflang/wolf/internal/lexer/lexer.go:670.43,671.17 1 1
github.com/wolflang/wolf/internal/lexer/lexer.go:671.17,673.3 1 1
github.com/wolflang/wolf/internal/lexer/lexer.go:674.2,675.19 2 1
github.com/wolflang/wolf/internal/lexer/lexer.go:675.19,677.3 1 1
github.com/wolflang/wolf/internal/lexer/lexer.go:678.2,679.13 2 1
github.com/wolflang/wolf/internal/lexer/lexer.go:683.32,685.2 1 1
github.com/wolflang/wolf/internal/lexer/lexer.go:690.47,697.2 2 1
github.com/wolflang/wolf/internal/lexer/lexer.go:700.62,709.2 3 1
github.com/wolflang/wolf/internal/lexer/lexer.go:713.28,715.2 1 1
github.com/wolflang/wolf/internal/lexer/lexer.go:717.28,719.2 1 1
github.com/wolflang/wolf/internal/lexer/lexer.go:721.35,723.2 1 1
github.com/wolflang/wolf/internal/lexer/token.go:14.35,15.18 1 0
github.com/wolflang/wolf/internal/lexer/token.go:15.18,17.3 1 0
github.com/wolflang/wolf/internal/lexer/token.go:18.2,18.44 1 0
github.com/wolflang/wolf/internal/lexer/token.go:29.32,31.2 1 0
github.com/wolflang/wolf/internal/lexer/token_types.go:210.36,211.39 1 0
github.com/wolflang/wolf/internal/lexer/token_types.go:211.39,213.3 1 0
github.com/wolflang/wolf/internal/lexer/token_types.go:214.2,214.18 1 0
github.com/wolflang/wolf/internal/lexer/token_types.go:253.42,254.36 1 1
github.com/wolflang/wolf/internal/lexer/token_types.go:254.36,256.3 1 1
github.com/wolflang/wolf/internal/lexer/token_types.go:257.2,257.20 1 1
github.com/wolflang/wolf/internal/emitter/ir_emitter.go:20.45,27.2 1 1
github.com/wolflang/wolf/internal/emitter/ir_emitter.go:30.63,38.42 3 1
github.com/wolflang/wolf/internal/emitter/ir_emitter.go:38.42,39.27 1 1
github.com/wolflang/wolf/internal/emitter/ir_emitter.go:40.25,43.30 2 1
github.com/wolflang/wolf/internal/emitter/ir_emitter.go:43.30,49.5 2 0
github.com/wolflang/wolf/internal/emitter/ir_emitter.go:50.4,50.51 1 1
github.com/wolflang/wolf/internal/emitter/ir_emitter.go:51.26,53.48 2 1
github.com/wolflang/wolf/internal/emitter/ir_emitter.go:54.11,56.21 2 1
github.com/wolflang/wolf/internal/emitter/ir_emitter.go:56.21,58.5 1 1
github.com/wolflang/wolf/internal/emitter/ir_emitter.go:63.2,63.29 1 1
github.com/wolflang/wolf/internal/emitter/ir_emitter.go:63.29,65.3 1 1
github.com/wolflang/wolf/internal/emitter/ir_emitter.go:67.2,67.15 1 1
github.com/wolflang/wolf/internal/emitter/ir_emitter.go:71.66,72.42 1 1
github.com/wolflang/wolf/internal/emitter/ir_emitter.go:72.42,73.56 1 1
github.com/wolflang/wolf/internal/emitter/ir_emitter.go:73.56,74.56 1 1
github.com/wolflang/wolf/internal/emitter/ir_emitter.go:74.56,75.58 1 0
github.com/wolflang/wolf/internal/emitter/ir_emitter.go:75.58,76.54 1 0
github.com/wolflang/wolf/internal/emitter/ir_emitter.go:76.54,77.68 1 0
github.com/wolflang/wolf/internal/emitter/ir_emitter.go:77.68,79.43 2 0
github.com/wolflang/wolf/internal/emitter/ir_emitter.go:79.43,81.9 1 0
github.com/wolflang/wolf/internal/emitter/ir_emitter.go:82.8,82.35 1 0
github.com/wolflang/wolf/internal/emitter/ir_emitter.go:93.61,94.26 1 1
github.com/wolflang/wolf/internal/emitter/ir_emitter.go:95.30,96.27 1 1
github.com/wolflang/wolf/internal/emitter/ir_emitter.go:97.23,98.26 1 0
github.com/wolflang/wolf/internal/emitter/ir_emitter.go:99.26,100.29 1 1
github.com/wolflang/wolf/internal/emitter/ir_emitter.go:101.26,102.29 1 0
github.com/wolflang/wolf/internal/emitter/ir_emitter.go:103.22,104.25 1 1
github.com/wolflang/wolf/internal/emitter/ir_emitter.go:105.23,106.26 1 1
github.com/wolflang/wolf/internal/emitter/ir_emitter.go:107.27,108.30 1 1
github.com/wolflang/wolf/internal/emitter/ir_emitter.go:109.25,110.28 1 0
github.com/wolflang/wolf/internal/emitter/ir_emitter.go:111.25,112.28 1 1
github.com/wolflang/wolf/internal/emitter/ir_emitter.go:113.28,114.27 1 0
github.com/wolflang/wolf/internal/emitter/ir_emitter.go:115.28,116.27 1 0
github.com/wolflang/wolf/internal/emitter/ir_emitter.go:117.33,118.30 1 0
github.com/wolflang/wolf/internal/emitter/ir_emitter.go:119.25,120.24 1 0
github.com/wolflang/wolf/internal/emitter/ir_emitter.go:121.10,122.13 1 0
github.com/wolflang/wolf/internal/emitter/ir_emitter.go:126.68,128.48 1 1
github.com/wolflang/wolf/internal/emitter/ir_emitter.go:128.48,129.92 1 1
github.com/wolflang/wolf/internal/emitter/ir_emitter.go:129.92,135.17 3 1
github.com/wolflang/wolf/internal/emitter/ir_emitter.go:135.17,136.44 1 1
github.com/wolflang/wolf/internal/emitter/ir_emitter.go:136.44,137.33 1 1
github.com/wolflang/wolf/internal/emitter/ir_emitter.go:137.33,140.7 2 1
github.com/wolflang/wolf/internal/emitter/ir_emitter.go:144.4,148.5 1 1
github.com/wolflang/wolf/internal/emitter/ir_emitter.go:153.2,153.47 1 1
github.com/wolflang/wolf/internal/emitter/ir_emitter.go:153.47,154.56 1 0
github.com/wolflang/wolf/internal/emitter/ir_emitter.go:154.56,155.22 1 0
github.com/wolflang/wolf/internal/emitter/ir_emitter.go:156.17,157.33 1 0
github.com/wolflang/wolf/internal/emitter/ir_emitter.go:158.17,159.33 1 0
github.com/wolflang/wolf/internal/emitter/ir_emitter.go:160.19,161.35 1 0
github.com/wolflang/wolf/internal/emitter/ir_emitter.go:166.2,166.47 1 1
github.com/wolflang/wolf/internal/emitter/ir_emitter.go:170.66,179.25 7 0
github.com/wolflang/wolf/internal/emitter/ir_emitter.go:179.25,180.58 1 0
github.com/wolflang/wolf/internal/emitter/ir_emitter.go:180.58,182.4 1 0
github.com/wolflang/wolf/internal/emitter/ir_emitter.go:183.3,183.58 1 0
github.com/wolflang/wolf/internal/emitter/ir_emitter.go:183.58,185.4 1 0
github.com/wolflang/wolf/internal/emitter/ir_emitter.go:187.2,187.25 1 0
github.com/wolflang/wolf/internal/emitter/ir_emitter.go:187.25,188.57 1 0
github.com/wolflang/wolf/internal/emitter/ir_emitter.go:188.57,190.4 1 0
github.com/wolflang/wolf/internal/emitter/ir_emitter.go:193.2,197.3 1 0
github.com/wolflang/wolf/internal/emitter/ir_emitter.go:201.66,207.25 5 0
github.com/wolflang/wolf/internal/emitter/ir_emitter.go:207.25,209.3 1 0
github.com/wolflang/wolf/internal/emitter/ir_emitter.go:209.8,211.3 1 0
github.com/wolflang/wolf/internal/emitter/ir_emitter.go:213.2,213.34 1 0
github.com/wolflang/wolf/internal/emitter/ir_emitter.go:217.68,224.25 5 0
github.com/wolflang/wolf/internal/emitter/ir_emitter.go:224.25,226.3 1 0
github.com/wolflang/wolf/internal/emitter/ir_emitter.go:227.2,227.25 1 0
github.com/wolflang/wolf/internal/emitter/ir_emitter.go:227.25,229.3 1 0
github.com/wolflang/wolf/internal/emitter/ir_emitter.go:231.2,234.3 1 0
github.com/wolflang/wolf/internal/emitter/ir_emitter.go:237.60,242.20 4 0
github.com/wolflang/wolf/internal/emitter/ir_emitter.go:242.20,244.3 1 0
github.com/wolflang/wolf/internal/emitter/ir_emitter.go:246.2,250.3 1 0
github.com/wolflang/wolf/internal/emitter/ir_emitter.go:253.66,258.15 3 1
github.com/wolflang/wolf/internal/emitter/ir_emitter.go:258.15,259.42 1 1
github.com/wolflang/wolf/internal/emitter/ir_emitter.go:259.42,260.31 1 1
github.com/wolflang/wolf/internal/emitter/ir_emitter.go:260.31,263.5 2 1
github.com/wolflang/wolf/internal/emitter/ir_emitter.go:267.2,271.3 1 1
github.com/wolflang/wolf/internal/emitter/ir_emitter.go:274.66,276.29 2 0
github.com/wolflang/wolf/internal/emitter/ir_emitter.go:276.29,278.3 1 0
github.com/wolflang/wolf/internal/emitter/ir_emitter.go:279.2,279.39 1 0
github.com/wolflang/wolf/internal/emitter/ir_emitter.go:282.58,288.32 2 1
github.com/wolflang/wolf/internal/emitter/ir_emitter.go:288.32,293.3 1 0
github.com/wolflang/wolf/internal/emitter/ir_emitter.go:295.2,295.23 1 1
github.com/wolflang/wolf/internal/emitter/ir_emitter.go:295.23,297.3 1 1
github.com/wolflang/wolf/internal/emitter/ir_emitter.go:299.2,299.15 1 1
github.com/wolflang/wolf/internal/emitter/ir_emitter.go:302.60,309.2 1 1
github.com/wolflang/wolf/internal/emitter/ir_emitter.go:311.68,313.20 2 1
github.com/wolflang/wolf/internal/emitter/ir_emitter.go:313.20,315.3 1 0
github.com/wolflang/wolf/internal/emitter/ir_emitter.go:316.2,323.3 2 1
github.com/wolflang/wolf/internal/emitter/ir_emitter.go:326.64,334.2 1 0
github.com/wolflang/wolf/internal/emitter/ir_emitter.go:336.64,341.29 2 1
github.com/wolflang/wolf/internal/emitter/ir_emitter.go:341.29,342.58 1 1
github.com/wolflang/wolf/internal/emitter/ir_emitter.go:342.58,344.4 1 1
github.com/wolflang/wolf/internal/emitter/ir_emitter.go:344.9,350.4 2 1
github.com/wolflang/wolf/internal/emitter/ir_emitter.go:353.2,353.15 1 1
github.com/wolflang/wolf/internal/emitter/ir_emitter.go:356.66,362.22 3 0
github.com/wolflang/wolf/internal/emitter/ir_emitter.go:362.22,364.3 1 0
github.com/wolflang/wolf/internal/emitter/ir_emitter.go:367.2,372.36 3 0
github.com/wolflang/wolf/internal/emitter/ir_emitter.go:375.66,378.41 2 0
github.com/wolflang/wolf/internal/emitter/ir_emitter.go:378.41,382.3 1 0
github.com/wolflang/wolf/internal/emitter/ir_emitter.go:383.2,383.38 1 0
github.com/wolflang/wolf/internal/emitter/ir_emitter.go:386.74,390.28 2 0
github.com/wolflang/wolf/internal/emitter/ir_emitter.go:390.28,392.3 1 0
github.com/wolflang/wolf/internal/emitter/ir_emitter.go:393.2,398.3 2 0
github.com/wolflang/wolf/internal/emitter/ir_emitter.go:401.60,403.2 1 0
github.com/wolflang/wolf/internal/emitter/ir_emitter.go:407.67,415.57 3 1
github.com/wolflang/wolf/internal/emitter/ir_emitter.go:415.57,417.52 2 0
github.com/wolflang/wolf/internal/emitter/ir_emitter.go:417.52,419.4 1 0
github.com/wolflang/wolf/internal/emitter/ir_emitter.go:422.2,422.29 1 1
github.com/wolflang/wolf/internal/emitter/ir_emitter.go:422.29,425.19 3 1
github.com/wolflang/wolf/internal/emitter/ir_emitter.go:425.19,427.4 1 1
github.com/wolflang/wolf/internal/emitter/ir_emitter.go:428.3,428.71 1 1
github.com/wolflang/wolf/internal/emitter/ir_emitter.go:431.2,431.25 1 1
github.com/wolflang/wolf/internal/emitter/ir_emitter.go:431.25,432.41 1 0
github.com/wolflang/wolf/internal/emitter/ir_emitter.go:432.41,434.4 1 0
github.com/wolflang/wolf/internal/emitter/ir_emitter.go:437.2,437.19 1 1
github.com/wolflang/wolf/internal/emitter/ir_emitter.go:437.19,439.3 1 1
github.com/wolflang/wolf/internal/emitter/ir_emitter.go:441.2,441.24 1 1
github.com/wolflang/wolf/internal/emitter/ir_emitter.go:441.24,445.3 1 0
github.com/wolflang/wolf/internal/emitter/ir_emitter.go:447.2,447.11 1 1
github.com/wolflang/wolf/internal/emitter/ir_emitter.go:450.62,455.36 2 1
github.com/wolflang/wolf/internal/emitter/ir_emitter.go:455.36,457.19 2 1
github.com/wolflang/wolf/internal/emitter/ir_emitter.go:457.19,459.4 1 0
github.com/wolflang/wolf/internal/emitter/ir_emitter.go:460.3,461.26 2 1
github.com/wolflang/wolf/internal/emitter/ir_emitter.go:461.26,463.4 1 0
github.com/wolflang/wolf/internal/emitter/ir_emitter.go:464.3,469.5 1 1
github.com/wolflang/wolf/internal/emitter/ir_emitter.go:472.2,472.35 1 1
github.com/wolflang/wolf/internal/emitter/ir_emitter.go:472.35,476.35 4 1
github.com/wolflang/wolf/internal/emitter/ir_emitter.go:476.35,480.4 3 1
github.com/wolflang/wolf/internal/emitter/ir_emitter.go:480.9,482.4 1 0
github.com/wolflang/wolf/internal/emitter/ir_emitter.go:485.2,485.12 1 1
github.com/wolflang/wolf/internal/emitter/ir_emitter.go:490.62,491.17 1 1
github.com/wolflang/wolf/internal/emitter/ir_emitter.go:491.17,493.3 1 0
github.com/wolflang/wolf/internal/emitter/ir_emitter.go:495.2,495.27 1 1
github.com/wolflang/wolf/internal/emitter/ir_emitter.go:496.27,497.51 1 1
github.com/wolflang/wolf/internal/emitter/ir_emitter.go:499.26,500.34 1 0
github.com/wolflang/wolf/internal/emitter/ir_emitter.go:502.26,503.37 1 1
github.com/wolflang/wolf/internal/emitter/ir_emitter.go:505.28,506.39 1 1
github.com/wolflang/wolf/internal/emitter/ir_emitter.go:508.29,509.40 1 1
github.com/wolflang/wolf/internal/emitter/ir_emitter.go:511.27,512.38 1 1
github.com/wolflang/wolf/internal/emitter/ir_emitter.go:514.26,515.22 1 0
github.com/wolflang/wolf/internal/emitter/ir_emitter.go:517.34,518.38 1 1
github.com/wolflang/wolf/internal/emitter/ir_emitter.go:520.26,525.4 1 1
github.com/wolflang/wolf/internal/emitter/ir_emitter.go:527.25,528.67 1 0
github.com/wolflang/wolf/internal/emitter/ir_emitter.go:530.27,531.69 1 1
github.com/wolflang/wolf/internal/emitter/ir_emitter.go:533.24,535.29 2 0
github.com/wolflang/wolf/internal/emitter/ir_emitter.go:535.29,537.4 1 0
github.com/wolflang/wolf/internal/emitter/ir_emitter.go:539.3,539.35 1 0
github.com/wolflang/wolf/internal/emitter/ir_emitter.go:539.35,541.4 1 0
github.com/wolflang/wolf/internal/emitter/ir_emitter.go:542.3,542.65 1 0
github.com/wolflang/wolf/internal/emitter/ir_emitter.go:544.30,548.4 1 1
github.com/wolflang/wolf/internal/emitter/ir_emitter.go:550.26,552.29 2 0
github.com/wolflang/wolf/internal/emitter/ir_emitter.go:552.29,554.4 1 0
github.com/wolflang/wolf/internal/emitter/ir_emitter.go:555.3,555.54 1 0
github.com/wolflang/wolf/internal/emitter/ir_emitter.go:555.54,556.46 1 0
github.com/wolflang/wolf/internal/emitter/ir_emitter.go:556.46,558.5 1 0
github.com/wolflang/wolf/internal/emitter/ir_emitter.go:560.3,564.4 1 0
github.com/wolflang/wolf/internal/emitter/ir_emitter.go:566.26,568.29 2 0
github.com/wolflang/wolf/internal/emitter/ir_emitter.go:568.29,570.4 1 0
github.com/wolflang/wolf/internal/emitter/ir_emitter.go:571.3,571.43 1 0
github.com/wolflang/wolf/internal/emitter/ir_emitter.go:571.43,573.4 1 0
github.com/wolflang/wolf/internal/emitter/ir_emitter.go:574.3,578.4 1 0
github.com/wolflang/wolf/internal/emitter/ir_emitter.go:580.25,584.4 1 0
github.com/wolflang/wolf/internal/emitter/ir_emitter.go:586.28,588.36 2 1
github.com/wolflang/wolf/internal/emitter/ir_emitter.go:588.36,590.4 1 1
github.com/wolflang/wolf/internal/emitter/ir_emitter.go:591.3,591.64 1 1
github.com/wolflang/wolf/internal/emitter/ir_emitter.go:593.26,595.26 2 0
github.com/wolflang/wolf/internal/emitter/ir_emitter.go:595.26,598.4 2 0
github.com/wolflang/wolf/internal/emitter/ir_emitter.go:599.3,602.4 1 0
github.com/wolflang/wolf/internal/emitter/ir_emitter.go:604.23,606.29 2 1
github.com/wolflang/wolf/internal/emitter/ir_emitter.go:606.29,608.4 1 1
github.com/wolflang/wolf/internal/emitter/ir_emitter.go:609.3,612.4 1 1
github.com/wolflang/wolf/internal/emitter/ir_emitter.go:614.27,616.31 2 0
github.com/wolflang/wolf/internal/emitter/ir_emitter.go:616.31,618.20 2 0
github.com/wolflang/wolf/internal/emitter/ir_emitter.go:618.20,620.5 1 0
github.com/wolflang/wolf/internal/emitter/ir_emitter.go:621.4,621.89 1 0
github.com/wolflang/wolf/internal/emitter/ir_emitter.go:623.3,623.21 1 0
github.com/wolflang/wolf/internal/emitter/ir_emitter.go:623.21,625.4 1 0
github.com/wolflang/wolf/internal/emitter/ir_emitter.go:626.3,626.26 1 0
github.com/wolflang/wolf/internal/emitter/ir_emitter.go:626.26,628.4 1 0
github.com/wolflang/wolf/internal/emitter/ir_emitter.go:629.3,629.12 1 0
github.com/wolflang/wolf/internal/emitter/ir_emitter.go:631.25,635.4 1 0
github.com/wolflang/wolf/internal/emitter/ir_emitter.go:637.25,639.52 1 0
github.com/wolflang/wolf/internal/emitter/ir_emitter.go:641.27,642.61 1 0
github.com/wolflang/wolf/internal/emitter/ir_emitter.go:644.24,645.84 1 0
github.com/wolflang/wolf/internal/emitter/ir_emitter.go:647.27,648.55 1 0
github.com/wolflang/wolf/internal/emitter/ir_emitter.go:650.25,652.55 2 1
github.com/wolflang/wolf/internal/emitter/ir_emitter.go:654.25,659.4 2 1
github.com/wolflang/wolf/internal/emitter/ir_emitter.go:661.28,665.4 1 0
github.com/wolflang/wolf/internal/emitter/ir_emitter.go:667.24,668.30 1 0
github.com/wolflang/wolf/internal/emitter/ir_emitter.go:670.10,671.22 1 0
github.com/wolflang/wolf/internal/emitter/ir_emitter.go:675.82,681.31 4 1
github.com/wolflang/wolf/internal/emitter/ir_emitter.go:681.31,682.27 1 1
github.com/wolflang/wolf/internal/emitter/ir_emitter.go:683.30,684.21 1 1
github.com/wolflang/wolf/internal/emitter/ir_emitter.go:685.11,687.41 2 1
github.com/wolflang/wolf/internal/emitter/ir_emitter.go:691.2,691.51 1 1
github.com/wolflang/wolf/internal/emitter/ir_emitter.go:696.67,698.26 2 1
github.com/wolflang/wolf/internal/emitter/ir_emitter.go:698.26,700.20 2 1
github.com/wolflang/wolf/internal/emitter/ir_emitter.go:700.20,702.4 1 1
github.com/wolflang/wolf/internal/emitter/ir_emitter.go:704.2,704.15 1 1
github.com/wolflang/wolf/internal/emitter/ir_emitter.go:707.76,709.2 1 1
github.com/wolflang/wolf/internal/emitter/ir_emitter.go:711.59,712.55 1 1
github.com/wolflang/wolf/internal/emitter/ir_emitter.go:712.55,713.40 1 1
github.com/wolflang/wolf/internal/emitter/ir_emitter.go:713.40,715.4 1 1
github.com/wolflang/wolf/internal/emitter/ir_emitter.go:717.2,717.30 1 0
github.com/wolflang/wolf/internal/emitter/ir_emitter.go:720.38,721.37 1 0
github.com/wolflang/wolf/internal/emitter/ir_emitter.go:721.37,723.3 1 0
github.com/wolflang/wolf/internal/emitter/ir_emitter.go:724.2,724.13 1 0
github.com/wolflang/wolf/internal/emitter/ir_emitter.go:727.58,728.18 1 1
github.com/wolflang/wolf/internal/emitter/ir_emitter.go:729.13,730.15 1 0
github.com/wolflang/wolf/internal/emitter/ir_emitter.go:731.26,732.19 1 0
github.com/wolflang/wolf/internal/emitter/ir_emitter.go:733.16,734.18 1 1
github.com/wolflang/wolf/internal/emitter/ir_emitter.go:735.14,736.16 1 0
github.com/wolflang/wolf/internal/emitter/ir_emitter.go:737.15,738.17 1 0
github.com/wolflang/wolf/internal/emitter/ir_emitter.go:739.17,740.12 1 1
github.com/wolflang/wolf/internal/emitter/ir_emitter.go:741.10,742.18 1 0
github.com/wolflang/wolf/internal/emitter/ir_emitter.go:746.39,748.26 2 0
github.com/wolflang/wolf/internal/emitter/ir_emitter.go:748.26,749.12 1 0
github.com/wolflang/wolf/internal/emitter/ir_emitter.go:749.12,751.4 1 0
github.com/wolflang/wolf/internal/emitter/ir_emitter.go:752.3,752.14 1 0
github.com/wolflang/wolf/internal/emitter/ir_emitter.go:754.2,754.15 1 0
github.com/wolflang/wolf/internal/emitter/llvm_emitter.go:29.36,35.2 1 1
github.com/wolflang/wolf/internal/emitter/llvm_emitter.go:38.42,41.2 2 1
github.com/wolflang/wolf/internal/emitter/llvm_emitter.go:44.55,47.2 2 1
github.com/wolflang/wolf/internal/emitter/llvm_emitter.go:50.59,51.44 1 1
github.com/wolflang/wolf/internal/emitter/llvm_emitter.go:51.44,53.3 1 0
github.com/wolflang/wolf/internal/emitter/llvm_emitter.go:54.2,57.14 4 1
github.com/wolflang/wolf/internal/emitter/llvm_emitter.go:61.40,63.30 2 1
github.com/wolflang/wolf/internal/emitter/llvm_emitter.go:63.30,65.13 2 1
github.com/wolflang/wolf/internal/emitter/llvm_emitter.go:66.13,67.25 1 0
github.com/wolflang/wolf/internal/emitter/llvm_emitter.go:68.12,69.25 1 0
github.com/wolflang/wolf/internal/emitter/llvm_emitter.go:70.13,71.25 1 0
github.com/wolflang/wolf/internal/emitter/llvm_emitter.go:72.13,73.25 1 0
github.com/wolflang/wolf/internal/emitter/llvm_emitter.go:74.13,75.25 1 0
github.com/wolflang/wolf/internal/emitter/llvm_emitter.go:76.15,77.25 1 0
github.com/wolflang/wolf/internal/emitter/llvm_emitter.go:78.11,79.27 1 1
github.com/wolflang/wolf/internal/emitter/llvm_emitter.go:79.27,81.5 1 0
github.com/wolflang/wolf/internal/emitter/llvm_emitter.go:81.10,83.5 1 1
github.com/wolflang/wolf/internal/emitter/llvm_emitter.go:86.2,86.19 1 1
github.com/wolflang/wolf/internal/emitter/llvm_emitter.go:90.56,104.39 7 1
github.com/wolflang/wolf/internal/emitter/llvm_emitter.go:104.39,107.3 2 1
github.com/wolflang/wolf/internal/emitter/llvm_emitter.go:110.2,110.32 1 1
github.com/wolflang/wolf/internal/emitter/llvm_emitter.go:110.32,114.42 4 1
github.com/wolflang/wolf/internal/emitter/llvm_emitter.go:114.42,116.4 1 1
github.com/wolflang/wolf/internal/emitter/llvm_emitter.go:117.3,119.17 3 1
github.com/wolflang/wolf/internal/emitter/llvm_emitter.go:123.2,135.29 9 1
github.com/wolflang/wolf/internal/emitter/llvm_emitter.go:135.29,137.44 2 1
github.com/wolflang/wolf/internal/emitter/llvm_emitter.go:137.44,141.4 3 1
github.com/wolflang/wolf/internal/emitter/llvm_emitter.go:142.3,142.16 1 1
github.com/wolflang/wolf/internal/emitter/llvm_emitter.go:146.2,178.23 29 1
github.com/wolflang/wolf/internal/emitter/llvm_emitter.go:183.53,186.30 2 1
github.com/wolflang/wolf/internal/emitter/llvm_emitter.go:186.30,189.3 2 1
github.com/wolflang/wolf/internal/emitter/llvm_emitter.go:191.2,192.29 2 1
github.com/wolflang/wolf/internal/emitter/llvm_emitter.go:192.29,194.3 1 0
github.com/wolflang/wolf/internal/emitter/llvm_emitter.go:196.2,201.30 4 1
github.com/wolflang/wolf/internal/emitter/llvm_emitter.go:201.30,205.3 3 1
github.com/wolflang/wolf/internal/emitter/llvm_emitter.go:207.2,207.31 1 1
github.com/wolflang/wolf/internal/emitter/llvm_emitter.go:207.31,209.3 1 1
github.com/wolflang/wolf/internal/emitter/llvm_emitter.go:212.2,212.55 1 1
github.com/wolflang/wolf/internal/emitter/llvm_emitter.go:212.55,214.3 1 1
github.com/wolflang/wolf/internal/emitter/llvm_emitter.go:216.2,217.16 2 1
github.com/wolflang/wolf/internal/emitter/llvm_emitter.go:220.62,221.21 1 1
github.com/wolflang/wolf/internal/emitter/llvm_emitter.go:221.21,223.3 1 0
github.com/wolflang/wolf/internal/emitter/llvm_emitter.go:224.2,225.11 2 1
github.com/wolflang/wolf/internal/emitter/llvm_emitter.go:230.46,231.26 1 1
github.com/wolflang/wolf/internal/emitter/llvm_emitter.go:232.23,233.19 1 0
github.com/wolflang/wolf/internal/emitter/llvm_emitter.go:234.22,235.18 1 1
github.com/wolflang/wolf/internal/emitter/llvm_emitter.go:236.20,237.20 1 1
github.com/wolflang/wolf/internal/emitter/llvm_emitter.go:238.22,239.18 1 0
github.com/wolflang/wolf/internal/emitter/llvm_emitter.go:240.18,241.14 1 1
github.com/wolflang/wolf/internal/emitter/llvm_emitter.go:242.19,243.15 1 1
github.com/wolflang/wolf/internal/emitter/llvm_emitter.go:244.21,245.17 1 0
github.com/wolflang/wolf/internal/emitter/llvm_emitter.go:246.22,247.18 1 0
github.com/wolflang/wolf/internal/emitter/llvm_emitter.go:248.21,249.33 1 0
github.com/wolflang/wolf/internal/emitter/llvm_emitter.go:249.33,251.4 1 0
github.com/wolflang/wolf/internal/emitter/llvm_emitter.go:252.19,253.52 1 0
github.com/wolflang/wolf/internal/emitter/llvm_emitter.go:254.10,255.76 1 0
github.com/wolflang/wolf/internal/emitter/llvm_emitter.go:259.54,261.37 2 0
github.com/wolflang/wolf/internal/emitter/llvm_emitter.go:261.37,263.21 1 0
github.com/wolflang/wolf/internal/emitter/llvm_emitter.go:263.21,265.4 1 0
github.com/wolflang/wolf/internal/emitter/llvm_emitter.go:266.3,266.19 1 0
github.com/wolflang/wolf/internal/emitter/llvm_emitter.go:266.19,268.4 1 0
github.com/wolflang/wolf/internal/emitter/llvm_emitter.go:271.2,274.20 3 0
github.com/wolflang/wolf/internal/emitter/llvm_emitter.go:274.20,277.3 2 0
github.com/wolflang/wolf/internal/emitter/llvm_emitter.go:280.52,281.35 1 1
github.com/wolflang/wolf/internal/emitter/llvm_emitter.go:282.17,285.19 2 1
github.com/wolflang/wolf/internal/emitter/llvm_emitter.go:285.19,287.4 1 0
github.com/wolflang/wolf/internal/emitter/llvm_emitter.go:290.3,290.19 1 1
github.com/wolflang/wolf/internal/emitter/llvm_emitter.go:290.19,293.4 2 1
github.com/wolflang/wolf/internal/emitter/llvm_emitter.go:296.3,297.10 2 1
github.com/wolflang/wolf/internal/emitter/llvm_emitter.go:297.10,299.4 1 0
github.com/wolflang/wolf/internal/emitter/llvm_emitter.go:301.3,302.86 2 1
github.com/wolflang/wolf/internal/emitter/llvm_emitter.go:303.10,304.81 1 0
github.com/wolflang/wolf/internal/emitter/llvm_emitter.go:309.58,310.27 1 1
github.com/wolflang/wolf/internal/emitter/llvm_emitter.go:311.18,312.15 1 1
github.com/wolflang/wolf/internal/emitter/llvm_emitter.go:313.20,314.18 1 1
github.com/wolflang/wolf/internal/emitter/llvm_emitter.go:315.19,316.14 1 1
github.com/wolflang/wolf/internal/emitter/llvm_emitter.go:317.21,318.15 1 1
github.com/wolflang/wolf/internal/emitter/llvm_emitter.go:319.18,320.15 1 0
github.com/wolflang/wolf/internal/emitter/llvm_emitter.go:321.22,323.16 1 1
github.com/wolflang/wolf/internal/emitter/llvm_emitter.go:324.53,325.15 1 1
github.com/wolflang/wolf/internal/emitter/llvm_emitter.go:326.11,328.85 1 1
github.com/wolflang/wolf/internal/emitter/llvm_emitter.go:328.85,330.5 1 0
github.com/wolflang/wolf/internal/emitter/llvm_emitter.go:331.4,331.16 1 1
github.com/wolflang/wolf/internal/emitter/llvm_emitter.go:333.21,334.19 1 0
github.com/wolflang/wolf/internal/emitter/llvm_emitter.go:334.19,336.4 1 0
github.com/wolflang/wolf/internal/emitter/llvm_emitter.go:337.3,337.37 1 0
github.com/wolflang/wolf/internal/emitter/llvm_emitter.go:338.22,339.15 1 0
github.com/wolflang/wolf/internal/emitter/llvm_emitter.go:340.24,341.15 1 0
github.com/wolflang/wolf/internal/emitter/llvm_emitter.go:342.20,343.15 1 0
github.com/wolflang/wolf/internal/emitter/llvm_emitter.go:344.17,345.39 1 1
github.com/wolflang/wolf/internal/emitter/llvm_emitter.go:345.39,347.4 1 1
github.com/wolflang/wolf/internal/emitter/llvm_emitter.go:348.3,348.15 1 0
github.com/wolflang/wolf/internal/emitter/llvm_emitter.go:349.10,350.15 1 0
github.com/wolflang/wolf/internal/emitter/llvm_emitter.go:354.52,355.31 1 1
github.com/wolflang/wolf/internal/emitter/llvm_emitter.go:356.20,357.23 1 1
github.com/wolflang/wolf/internal/emitter/llvm_emitter.go:358.26,359.25 1 0
github.com/wolflang/wolf/internal/emitter/llvm_emitter.go:360.10,361.25 1 1
github.com/wolflang/wolf/internal/emitter/llvm_emitter.go:365.52,366.24 1 0
github.com/wolflang/wolf/internal/emitter/llvm_emitter.go:366.24,368.3 1 0
github.com/wolflang/wolf/internal/emitter/llvm_emitter.go:368.8,371.3 2 0
github.com/wolflang/wolf/internal/emitter/llvm_emitter.go:374.44,380.45 5 1
github.com/wolflang/wolf/internal/emitter/llvm_emitter.go:380.45,382.3 1 1
github.com/wolflang/wolf/internal/emitter/llvm_emitter.go:382.8,384.3 1 1
github.com/wolflang/wolf/internal/emitter/llvm_emitter.go:387.2,388.30 2 1
github.com/wolflang/wolf/internal/emitter/llvm_emitter.go:388.30,390.3 1 1
github.com/wolflang/wolf/internal/emitter/llvm_emitter.go:391.2,394.45 2 1
github.com/wolflang/wolf/internal/emitter/llvm_emitter.go:394.45,396.24 2 1
github.com/wolflang/wolf/internal/emitter/llvm_emitter.go:396.24,397.36 1 1
github.com/wolflang/wolf/internal/emitter/llvm_emitter.go:397.36,399.5 1 1
github.com/wolflang/wolf/internal/emitter/llvm_emitter.go:401.3,401.58 1 1
github.com/wolflang/wolf/internal/emitter/llvm_emitter.go:405.2,405.41 1 1
github.com/wolflang/wolf/internal/emitter/llvm_emitter.go:408.46,415.19 5 1
github.com/wolflang/wolf/internal/emitter/llvm_emitter.go:415.19,417.3 1 1
github.com/wolflang/wolf/internal/emitter/llvm_emitter.go:418.2,422.19 3 1
github.com/wolflang/wolf/internal/emitter/llvm_emitter.go:422.19,425.3 2 1
github.com/wolflang/wolf/internal/emitter/llvm_emitter.go:425.8,427.3 1 0
github.com/wolflang/wolf/internal/emitter/llvm_emitter.go:430.2,431.30 2 1
github.com/wolflang/wolf/internal/emitter/llvm_emitter.go:431.30,433.3 1 1
github.com/wolflang/wolf/internal/emitter/llvm_emitter.go:434.2,438.21 3 1
github.com/wolflang/wolf/internal/emitter/llvm_emitter.go:438.21,440.3 1 1
github.com/wolflang/wolf/internal/emitter/llvm_emitter.go:441.2,444.41 2 1
github.com/wolflang/wolf/internal/emitter/llvm_emitter.go:447.50,449.2 1 0
github.com/wolflang/wolf/internal/emitter/llvm_emitter.go:451.52,453.2 1 0
github.com/wolflang/wolf/internal/emitter/llvm_emitter.go:458.74,459.27 1 1
github.com/wolflang/wolf/internal/emitter/llvm_emitter.go:460.18,461.18 1 1
github.com/wolflang/wolf/internal/emitter/llvm_emitter.go:462.20,463.18 1 1
github.com/wolflang/wolf/internal/emitter/llvm_emitter.go:464.19,465.15 1 1
github.com/wolflang/wolf/internal/emitter/llvm_emitter.go:465.15,467.4 1 1
github.com/wolflang/wolf/internal/emitter/llvm_emitter.go:468.3,468.13 1 0
github.com/wolflang/wolf/internal/emitter/llvm_emitter.go:469.18,470.16 1 0
github.com/wolflang/wolf/internal/emitter/llvm_emitter.go:471.21,476.13 5 1
github.com/wolflang/wolf/internal/emitter/llvm_emitter.go:477.17,479.39 2 1
github.com/wolflang/wolf/internal/emitter/llvm_emitter.go:479.39,481.4 1 1
github.com/wolflang/wolf/internal/emitter/llvm_emitter.go:482.3,484.13 3 1
github.com/wolflang/wolf/internal/emitter/llvm_emitter.go:485.22,486.44 1 1
github.com/wolflang/wolf/internal/emitter/llvm_emitter.go:487.21,488.29 1 0
github.com/wolflang/wolf/internal/emitter/llvm_emitter.go:489.20,490.28 1 0
github.com/wolflang/wolf/internal/emitter/llvm_emitter.go:491.22,492.30 1 0
github.com/wolflang/wolf/internal/emitter/llvm_emitter.go:493.24,494.32 1 0
github.com/wolflang/wolf/internal/emitter/llvm_emitter.go:495.23,496.27 1 1
github.com/wolflang/wolf/internal/emitter/llvm_emitter.go:497.10,499.13 2 0
github.com/wolflang/wolf/internal/emitter/llvm_emitter.go:503.85,508.15 4 1
github.com/wolflang/wolf/internal/emitter/llvm_emitter.go:509.11,510.72 1 1
github.com/wolflang/wolf/internal/emitter/llvm_emitter.go:511.11,512.72 1 0
github.com/wolflang/wolf/internal/emitter/llvm_emitter.go:513.11,514.72 1 0
github.com/wolflang/wolf/internal/emitter/llvm_emitter.go:515.11,516.73 1 0
github.com/wolflang/wolf/internal/emitter/llvm_emitter.go:517.11,518.73 1 0
github.com/wolflang/wolf/internal/emitter/llvm_emitter.go:519.12,520.76 1 0
github.com/wolflang/wolf/internal/emitter/llvm_emitter.go:521.12,522.76 1 0
github.com/wolflang/wolf/internal/emitter/llvm_emitter.go:523.11,524.77 1 1
github.com/wolflang/wolf/internal/emitter/llvm_emitter.go:525.11,526.77 1 1
github.com/wolflang/wolf/internal/emitter/llvm_emitter.go:527.12,528.77 1 0
github.com/wolflang/wolf/internal/emitter/llvm_emitter.go:529.12,530.77 1 0
github.com/wolflang/wolf/internal/emitter/llvm_emitter.go:531.12,532.71 1 0
github.com/wolflang/wolf/internal/emitter/llvm_emitter.go:533.12,534.70 1 0
github.com/wolflang/wolf/internal/emitter/llvm_emitter.go:535.10,537.13 2 0
github.com/wolflang/wolf/internal/emitter/llvm_emitter.go:539.2,539.12 1 1
github.com/wolflang/wolf/internal/emitter/llvm_emitter.go:542.62,546.15 3 0
github.com/wolflang/wolf/internal/emitter/llvm_emitter.go:547.11,548.66 1 0
github.com/wolflang/wolf/internal/emitter/llvm_emitter.go:549.11,550.67 1 0
github.com/wolflang/wolf/internal/emitter/llvm_emitter.go:551.10,553.13 2 0
github.com/wolflang/wolf/internal/emitter/llvm_emitter.go:555.2,555.12 1 0
github.com/wolflang/wolf/internal/emitter/llvm_emitter.go:558.62,560.46 1 1
github.com/wolflang/wolf/internal/emitter/llvm_emitter.go:560.46,561.21 1 1
github.com/wolflang/wolf/internal/emitter/llvm_emitter.go:562.60,563.32 1 1
github.com/wolflang/wolf/internal/emitter/llvm_emitter.go:568.2,569.46 2 0
github.com/wolflang/wolf/internal/emitter/llvm_emitter.go:569.46,571.3 1 0
github.com/wolflang/wolf/internal/emitter/llvm_emitter.go:573.2,574.32 2 0
github.com/wolflang/wolf/internal/emitter/llvm_emitter.go:574.32,577.3 2 0
github.com/wolflang/wolf/internal/emitter/llvm_emitter.go:579.2,581.12 3 0
github.com/wolflang/wolf/internal/emitter/llvm_emitter.go:584.63,585.32 1 1
github.com/wolflang/wolf/internal/emitter/llvm_emitter.go:585.32,587.12 1 1
github.com/wolflang/wolf/internal/emitter/llvm_emitter.go:587.12,592.4 4 0
github.com/wolflang/wolf/internal/emitter/llvm_emitter.go:594.3,594.27 1 1
github.com/wolflang/wolf/internal/emitter/llvm_emitter.go:595.22,597.74 2 1
github.com/wolflang/wolf/internal/emitter/llvm_emitter.go:598.19,599.79 1 1
github.com/wolflang/wolf/internal/emitter/llvm_emitter.go:600.21,601.84 1 0
github.com/wolflang/wolf/internal/emitter/llvm_emitter.go:602.20,604.16 2 1
github.com/wolflang/wolf/internal/emitter/llvm_emitter.go:604.16,606.5 1 1
github.com/wolflang/wolf/internal/emitter/llvm_emitter.go:607.4,607.74 1 1
github.com/wolflang/wolf/internal/emitter/llvm_emitter.go:608.19,609.50 1 0
github.com/wolflang/wolf/internal/emitter/llvm_emitter.go:610.23,612.74 2 0
github.com/wolflang/wolf/internal/emitter/llvm_emitter.go:613.23,615.74 2 0
github.com/wolflang/wolf/internal/emitter/llvm_emitter.go:616.25,618.74 2 0
github.com/wolflang/wolf/internal/emitter/llvm_emitter.go:619.11,622.74 2 1
github.com/wolflang/wolf/internal/emitter/llvm_emitter.go:627.2,628.12 2 1
github.com/wolflang/wolf/internal/emitter/llvm_emitter.go:631.64,644.37 5 0
github.com/wolflang/wolf/internal/emitter/llvm_emitter.go:644.37,645.45 1 0
github.com/wolflang/wolf/internal/emitter/llvm_emitter.go:645.45,647.19 1 0
github.com/wolflang/wolf/internal/emitter/llvm_emitter.go:647.19,651.5 3 0
github.com/wolflang/wolf/internal/emitter/llvm_emitter.go:653.4,653.29 1 0
github.com/wolflang/wolf/internal/emitter/llvm_emitter.go:653.29,657.5 3 0
github.com/wolflang/wolf/internal/emitter/llvm_emitter.go:658.4,659.7 2 0
github.com/wolflang/wolf/internal/emitter/llvm_emitter.go:663.2,663.27 1 0
github.com/wolflang/wolf/internal/emitter/llvm_emitter.go:663.27,667.3 3 0
github.com/wolflang/wolf/internal/emitter/llvm_emitter.go:670.2,670.21 1 0
github.com/wolflang/wolf/internal/emitter/llvm_emitter.go:670.21,672.3 1 0
github.com/wolflang/wolf/internal/emitter/llvm_emitter.go:673.2,674.34 2 0
github.com/wolflang/wolf/internal/emitter/llvm_emitter.go:674.34,678.3 3 0
github.com/wolflang/wolf/internal/emitter/llvm_emitter.go:679.2,679.15 1 0
github.com/wolflang/wolf/internal/emitter/llvm_emitter.go:682.59,683.26 1 0
github.com/wolflang/wolf/internal/emitter/llvm_emitter.go:684.21,685.31 1 0
github.com/wolflang/wolf/internal/emitter/llvm_emitter.go:686.18,689.13 3 0
github.com/wolflang/wolf/internal/emitter/llvm_emitter.go:690.20,693.13 3 0
github.com/wolflang/wolf/internal/emitter/llvm_emitter.go:694.19,696.15 2 0
github.com/wolflang/wolf/internal/emitter/llvm_emitter.go:696.15,698.4 1 0
github.com/wolflang/wolf/internal/emitter/llvm_emitter.go:699.3,701.13 3 0
github.com/wolflang/wolf/internal/emitter/llvm_emitter.go:702.10,705.13 2 0
github.com/wolflang/wolf/internal/emitter/llvm_emitter.go:709.68,715.2 5 0
github.com/wolflang/wolf/internal/emitter/llvm_emitter.go:717.62,720.2 2 1
github.com/wolflang/wolf/internal/emitter/llvm_emitter.go:722.68,725.2 2 0
github.com/wolflang/wolf/internal/emitter/llvm_emitter.go:729.62,730.18 1 1
github.com/wolflang/wolf/internal/emitter/llvm_emitter.go:731.29,732.15 1 0
github.com/wolflang/wolf/internal/emitter/llvm_emitter.go:733.36,734.18 1 0
github.com/wolflang/wolf/internal/emitter/llvm_emitter.go:735.20,736.14 1 0
github.com/wolflang/wolf/internal/emitter/llvm_emitter.go:737.27,738.15 1 0
github.com/wolflang/wolf/internal/emitter/llvm_emitter.go:739.14,740.16 1 0
github.com/wolflang/wolf/internal/emitter/llvm_emitter.go:741.10,742.15 1 1
github.com/wolflang/wolf/internal/emitter/llvm_emitter.go:748.41,751.2 2 1
github.com/wolflang/wolf/internal/emitter/llvm_emitter.go:753.47,754.32 1 1
github.com/wolflang/wolf/internal/emitter/llvm_emitter.go:754.32,756.3 1 1
github.com/wolflang/wolf/internal/emitter/llvm_emitter.go:757.2,758.23 2 1
github.com/wolflang/wolf/internal/ir/ir_nodes.go:61.31,61.32 0 0
github.com/wolflang/wolf/internal/ir/ir_nodes.go:70.30,70.31 0 0
github.com/wolflang/wolf/internal/ir/ir_nodes.go:77.28,77.29 0 0
github.com/wolflang/wolf/internal/ir/ir_nodes.go:84.30,84.31 0 0
github.com/wolflang/wolf/internal/ir/ir_nodes.go:94.26,94.27 0 0
github.com/wolflang/wolf/internal/ir/ir_nodes.go:110.27,110.28 0 0
github.com/wolflang/wolf/internal/ir/ir_nodes.go:120.29,120.30 0 0
github.com/wolflang/wolf/internal/ir/ir_nodes.go:129.30,129.31 0 0
github.com/wolflang/wolf/internal/ir/ir_nodes.go:142.29,142.30 0 0
github.com/wolflang/wolf/internal/ir/ir_nodes.go:149.26,149.27 0 0
github.com/wolflang/wolf/internal/ir/ir_nodes.go:156.29,156.30 0 0
github.com/wolflang/wolf/internal/ir/ir_nodes.go:163.27,163.28 0 0
github.com/wolflang/wolf/internal/ir/ir_nodes.go:177.25,177.26 0 0
github.com/wolflang/wolf/internal/ir/ir_nodes.go:184.26,184.27 0 0
github.com/wolflang/wolf/internal/ir/ir_nodes.go:191.28,191.29 0 0
github.com/wolflang/wolf/internal/ir/ir_nodes.go:198.29,198.30 0 0
github.com/wolflang/wolf/internal/ir/ir_nodes.go:205.27,205.28 0 0
github.com/wolflang/wolf/internal/ir/ir_nodes.go:210.26,210.27 0 0
github.com/wolflang/wolf/internal/ir/ir_nodes.go:219.30,219.31 0 0
github.com/wolflang/wolf/internal/ir/ir_nodes.go:227.29,227.30 0 0
github.com/wolflang/wolf/internal/ir/ir_nodes.go:235.28,235.29 0 0
github.com/wolflang/wolf/internal/ir/ir_nodes.go:243.31,243.32 0 0
github.com/wolflang/wolf/internal/ir/ir_nodes.go:252.34,252.35 0 0
github.com/wolflang/wolf/internal/ir/ir_nodes.go:261.30,261.31 0 0
github.com/wolflang/wolf/internal/ir/ir_nodes.go:269.29,269.30 0 0
github.com/wolflang/wolf/internal/ir/ir_nodes.go:277.28,277.29 0 0
github.com/wolflang/wolf/internal/ir/ir_nodes.go:287.26,287.27 0 0
github.com/wolflang/wolf/internal/ir/ir_nodes.go:295.29,295.30 0 0
github.com/wolflang/wolf/internal/ir/ir_nodes.go:304.27,304.28 0 0
github.com/wolflang/wolf/internal/ir/ir_nodes.go:312.30,312.31 0 0
github.com/wolflang/wolf/internal/ir/ir_nodes.go:319.28,319.29 0 0
github.com/wolflang/wolf/internal/ir/ir_nodes.go:327.28,327.29 0 0
github.com/wolflang/wolf/internal/ir/ir_nodes.go:334.28,334.29 0 0
github.com/wolflang/wolf/internal/ir/ir_nodes.go:342.31,342.32 0 0
github.com/wolflang/wolf/internal/ir/ir_nodes.go:350.32,350.33 0 0
github.com/wolflang/wolf/internal/ir/ir_nodes.go:357.28,357.29 0 0
github.com/wolflang/wolf/internal/ir/ir_nodes.go:368.29,368.30 0 0
github.com/wolflang/wolf/internal/ir/ir_nodes.go:375.29,375.30 0 0
github.com/wolflang/wolf/internal/ir/ir_nodes.go:383.31,383.32 0 0
github.com/wolflang/wolf/internal/ir/ir_nodes.go:61.31,61.32 0 0
github.com/wolflang/wolf/internal/ir/ir_nodes.go:70.30,70.31 0 0
github.com/wolflang/wolf/internal/ir/ir_nodes.go:77.28,77.29 0 0
github.com/wolflang/wolf/internal/ir/ir_nodes.go:84.30,84.31 0 0
github.com/wolflang/wolf/internal/ir/ir_nodes.go:94.26,94.27 0 0
github.com/wolflang/wolf/internal/ir/ir_nodes.go:110.27,110.28 0 0
github.com/wolflang/wolf/internal/ir/ir_nodes.go:120.29,120.30 0 0
github.com/wolflang/wolf/internal/ir/ir_nodes.go:129.30,129.31 0 0
github.com/wolflang/wolf/internal/ir/ir_nodes.go:142.29,142.30 0 0
github.com/wolflang/wolf/internal/ir/ir_nodes.go:149.26,149.27 0 0
github.com/wolflang/wolf/internal/ir/ir_nodes.go:156.29,156.30 0 0
github.com/wolflang/wolf/internal/ir/ir_nodes.go:163.27,163.28 0 0
github.com/wolflang/wolf/internal/ir/ir_nodes.go:177.25,177.26 0 0
github.com/wolflang/wolf/internal/ir/ir_nodes.go:184.26,184.27 0 0
github.com/wolflang/wolf/internal/ir/ir_nodes.go:191.28,191.29 0 0
github.com/wolflang/wolf/internal/ir/ir_nodes.go:198.29,198.30 0 0
github.com/wolflang/wolf/internal/ir/ir_nodes.go:205.27,205.28 0 0
github.com/wolflang/wolf/internal/ir/ir_nodes.go:210.26,210.27 0 0
github.com/wolflang/wolf/internal/ir/ir_nodes.go:219.30,219.31 0 0
github.com/wolflang/wolf/internal/ir/ir_nodes.go:227.29,227.30 0 0
github.com/wolflang/wolf/internal/ir/ir_nodes.go:235.28,235.29 0 0
github.com/wolflang/wolf/internal/ir/ir_nodes.go:243.31,243.32 0 0
github.com/wolflang/wolf/internal/ir/ir_nodes.go:252.34,252.35 0 0
github.com/wolflang/wolf/internal/ir/ir_nodes.go:261.30,261.31 0 0
github.com/wolflang/wolf/internal/ir/ir_nodes.go:269.29,269.30 0 0
github.com/wolflang/wolf/internal/ir/ir_nodes.go:277.28,277.29 0 0
github.com/wolflang/wolf/internal/ir/ir_nodes.go:287.26,287.27 0 0
github.com/wolflang/wolf/internal/ir/ir_nodes.go:295.29,295.30 0 0
github.com/wolflang/wolf/internal/ir/ir_nodes.go:304.27,304.28 0 0
github.com/wolflang/wolf/internal/ir/ir_nodes.go:312.30,312.31 0 0
github.com/wolflang/wolf/internal/ir/ir_nodes.go:319.28,319.29 0 0
github.com/wolflang/wolf/internal/ir/ir_nodes.go:327.28,327.29 0 0
github.com/wolflang/wolf/internal/ir/ir_nodes.go:334.28,334.29 0 0
github.com/wolflang/wolf/internal/ir/ir_nodes.go:342.31,342.32 0 0
github.com/wolflang/wolf/internal/ir/ir_nodes.go:350.32,350.33 0 0
github.com/wolflang/wolf/internal/ir/ir_nodes.go:357.28,357.29 0 0
github.com/wolflang/wolf/internal/ir/ir_nodes.go:368.29,368.30 0 0
github.com/wolflang/wolf/internal/ir/ir_nodes.go:375.29,375.30 0 0
github.com/wolflang/wolf/internal/ir/ir_nodes.go:383.31,383.32 0 0
github.com/wolflang/wolf/internal/parser/ast_nodes.go:35.40,35.60 1 0
github.com/wolflang/wolf/internal/parser/ast_nodes.go:36.40,36.57 1 0
github.com/wolflang/wolf/internal/parser/ast_nodes.go:46.47,46.74 1 0
github.com/wolflang/wolf/internal/parser/ast_nodes.go:47.47,47.64 1 0
github.com/wolflang/wolf/internal/parser/ast_nodes.go:48.48,48.49 0 0
github.com/wolflang/wolf/internal/parser/ast_nodes.go:58.40,58.60 1 0
github.com/wolflang/wolf/internal/parser/ast_nodes.go:59.40,59.57 1 0
github.com/wolflang/wolf/internal/parser/ast_nodes.go:60.41,60.42 0 0
github.com/wolflang/wolf/internal/parser/ast_nodes.go:70.43,70.66 1 0
github.com/wolflang/wolf/internal/parser/ast_nodes.go:71.43,71.60 1 0
github.com/wolflang/wolf/internal/parser/ast_nodes.go:72.44,72.45 0 0
github.com/wolflang/wolf/internal/parser/ast_nodes.go:80.43,80.66 1 0
github.com/wolflang/wolf/internal/parser/ast_nodes.go:81.43,81.60 1 0
github.com/wolflang/wolf/internal/parser/ast_nodes.go:82.44,82.45 0 0
github.com/wolflang/wolf/internal/parser/ast_nodes.go:93.39,93.58 1 0
github.com/wolflang/wolf/internal/parser/ast_nodes.go:94.39,94.56 1 0
github.com/wolflang/wolf/internal/parser/ast_nodes.go:95.40,95.41 0 0
github.com/wolflang/wolf/internal/parser/ast_nodes.go:104.45,104.70 1 0
github.com/wolflang/wolf/internal/parser/ast_nodes.go:105.45,105.62 1 0
github.com/wolflang/wolf/internal/parser/ast_nodes.go:116.40,116.60 1 0
github.com/wolflang/wolf/internal/parser/ast_nodes.go:117.40,117.57 1 0
github.com/wolflang/wolf/internal/parser/ast_nodes.go:118.41,118.42 0 0
github.com/wolflang/wolf/internal/parser/ast_nodes.go:130.44,130.68 1 0
github.com/wolflang/wolf/internal/parser/ast_nodes.go:131.44,131.61 1 0
github.com/wolflang/wolf/internal/parser/ast_nodes.go:132.45,132.46 0 0
github.com/wolflang/wolf/internal/parser/ast_nodes.go:141.42,141.64 1 0
github.com/wolflang/wolf/internal/parser/ast_nodes.go:142.42,142.59 1 0
github.com/wolflang/wolf/internal/parser/ast_nodes.go:143.43,143.44 0 0
github.com/wolflang/wolf/internal/parser/ast_nodes.go:152.42,152.64 1 0
github.com/wolflang/wolf/internal/parser/ast_nodes.go:153.42,153.59 1 0
github.com/wolflang/wolf/internal/parser/ast_nodes.go:154.43,154.44 0 0
github.com/wolflang/wolf/internal/parser/ast_nodes.go:163.41,163.62 1 0
github.com/wolflang/wolf/internal/parser/ast_nodes.go:164.41,164.58 1 0
github.com/wolflang/wolf/internal/parser/ast_nodes.go:172.42,172.64 1 0
github.com/wolflang/wolf/internal/parser/ast_nodes.go:173.42,173.59 1 0
github.com/wolflang/wolf/internal/parser/ast_nodes.go:174.43,174.44 0 0
github.com/wolflang/wolf/internal/parser/ast_nodes.go:186.41,186.62 1 0
github.com/wolflang/wolf/internal/parser/ast_nodes.go:187.41,187.58 1 0
github.com/wolflang/wolf/internal/parser/ast_nodes.go:188.42,188.43 0 0
github.com/wolflang/wolf/internal/parser/ast_nodes.go:198.38,198.56 1 0
github.com/wolflang/wolf/internal/parser/ast_nodes.go:199.38,199.55 1 0
github.com/wolflang/wolf/internal/parser/ast_nodes.go:207.47,207.74 1 0
github.com/wolflang/wolf/internal/parser/ast_nodes.go:208.47,208.64 1 0
github.com/wolflang/wolf/internal/parser/ast_nodes.go:218.42,218.64 1 0
github.com/wolflang/wolf/internal/parser/ast_nodes.go:219.42,219.59 1 0
github.com/wolflang/wolf/internal/parser/ast_nodes.go:220.43,220.44 0 0
github.com/wolflang/wolf/internal/parser/ast_nodes.go:231.45,231.70 1 0
github.com/wolflang/wolf/internal/parser/ast_nodes.go:232.45,232.62 1 0
github.com/wolflang/wolf/internal/parser/ast_nodes.go:242.45,242.70 1 0
github.com/wolflang/wolf/internal/parser/ast_nodes.go:243.45,243.62 1 0
github.com/wolflang/wolf/internal/parser/ast_nodes.go:244.46,244.47 0 0
github.com/wolflang/wolf/internal/parser/ast_nodes.go:252.43,252.66 1 0
github.com/wolflang/wolf/internal/parser/ast_nodes.go:253.43,253.60 1 0
github.com/wolflang/wolf/internal/parser/ast_nodes.go:254.44,254.45 0 0
github.com/wolflang/wolf/internal/parser/ast_nodes.go:266.44,266.68 1 0
github.com/wolflang/wolf/internal/parser/ast_nodes.go:267.44,267.61 1 0
github.com/wolflang/wolf/internal/parser/ast_nodes.go:268.45,268.46 0 0
github.com/wolflang/wolf/internal/parser/ast_nodes.go:276.45,276.70 1 0
github.com/wolflang/wolf/internal/parser/ast_nodes.go:277.45,277.62 1 0
github.com/wolflang/wolf/internal/parser/ast_nodes.go:278.46,278.47 0 0
github.com/wolflang/wolf/internal/parser/ast_nodes.go:287.50,287.80 1 0
github.com/wolflang/wolf/internal/parser/ast_nodes.go:288.50,288.67 1 0
github.com/wolflang/wolf/internal/parser/ast_nodes.go:289.51,289.52 0 0
github.com/wolflang/wolf/internal/parser/ast_nodes.go:299.44,299.68 1 0
github.com/wolflang/wolf/internal/parser/ast_nodes.go:300.44,300.61 1 0
github.com/wolflang/wolf/internal/parser/ast_nodes.go:301.45,301.46 0 0
github.com/wolflang/wolf/internal/parser/ast_nodes.go:309.43,309.66 1 0
github.com/wolflang/wolf/internal/parser/ast_nodes.go:310.43,310.60 1 0
github.com/wolflang/wolf/internal/parser/ast_nodes.go:311.44,311.45 0 0
github.com/wolflang/wolf/internal/parser/ast_nodes.go:319.43,319.66 1 0
github.com/wolflang/wolf/internal/parser/ast_nodes.go:320.43,320.60 1 0
github.com/wolflang/wolf/internal/parser/ast_nodes.go:321.44,321.45 0 0
github.com/wolflang/wolf/internal/parser/ast_nodes.go:329.45,329.70 1 0
github.com/wolflang/wolf/internal/parser/ast_nodes.go:330.45,330.62 1 0
github.com/wolflang/wolf/internal/parser/ast_nodes.go:331.46,331.47 0 0
github.com/wolflang/wolf/internal/parser/ast_nodes.go:339.46,339.72 1 0
github.com/wolflang/wolf/internal/parser/ast_nodes.go:340.46,340.63 1 0
github.com/wolflang/wolf/internal/parser/ast_nodes.go:341.47,341.48 0 0
github.com/wolflang/wolf/internal/parser/ast_nodes.go:349.51,349.82 1 0
github.com/wolflang/wolf/internal/parser/ast_nodes.go:350.51,350.68 1 0
github.com/wolflang/wolf/internal/parser/ast_nodes.go:351.52,351.53 0 0
github.com/wolflang/wolf/internal/parser/ast_nodes.go:359.44,359.68 1 0
github.com/wolflang/wolf/internal/parser/ast_nodes.go:360.44,360.61 1 0
github.com/wolflang/wolf/internal/parser/ast_nodes.go:361.45,361.46 0 0
github.com/wolflang/wolf/internal/parser/ast_nodes.go:368.43,368.66 1 0
github.com/wolflang/wolf/internal/parser/ast_nodes.go:369.43,369.60 1 0
github.com/wolflang/wolf/internal/parser/ast_nodes.go:370.44,370.45 0 0
github.com/wolflang/wolf/internal/parser/ast_nodes.go:377.41,377.62 1 0
github.com/wolflang/wolf/internal/parser/ast_nodes.go:378.41,378.58 1 0
github.com/wolflang/wolf/internal/parser/ast_nodes.go:379.42,379.43 0 0
github.com/wolflang/wolf/internal/parser/ast_nodes.go:387.45,387.70 1 0
github.com/wolflang/wolf/internal/parser/ast_nodes.go:388.45,388.62 1 0
github.com/wolflang/wolf/internal/parser/ast_nodes.go:389.46,389.47 0 0
github.com/wolflang/wolf/internal/parser/ast_nodes.go:398.43,398.66 1 0
github.com/wolflang/wolf/internal/parser/ast_nodes.go:399.43,399.60 1 0
github.com/wolflang/wolf/internal/parser/ast_nodes.go:400.44,400.45 0 0
github.com/wolflang/wolf/internal/parser/ast_nodes.go:410.43,410.66 1 0
github.com/wolflang/wolf/internal/parser/ast_nodes.go:411.43,411.60 1 0
github.com/wolflang/wolf/internal/parser/ast_nodes.go:412.44,412.45 0 0
github.com/wolflang/wolf/internal/parser/ast_nodes.go:421.42,421.64 1 0
github.com/wolflang/wolf/internal/parser/ast_nodes.go:422.42,422.59 1 0
github.com/wolflang/wolf/internal/parser/ast_nodes.go:423.43,423.44 0 0
github.com/wolflang/wolf/internal/parser/ast_nodes.go:432.44,432.68 1 0
github.com/wolflang/wolf/internal/parser/ast_nodes.go:433.44,433.61 1 0
github.com/wolflang/wolf/internal/parser/ast_nodes.go:434.45,434.46 0 0
github.com/wolflang/wolf/internal/parser/ast_nodes.go:444.41,444.62 1 0
github.com/wolflang/wolf/internal/parser/ast_nodes.go:445.41,445.58 1 0
github.com/wolflang/wolf/internal/parser/ast_nodes.go:446.42,446.43 0 0
github.com/wolflang/wolf/internal/parser/ast_nodes.go:455.41,455.62 1 0
github.com/wolflang/wolf/internal/parser/ast_nodes.go:456.41,456.58 1 0
github.com/wolflang/wolf/internal/parser/ast_nodes.go:465.47,465.74 1 0
github.com/wolflang/wolf/internal/parser/ast_nodes.go:466.47,466.64 1 0
github.com/wolflang/wolf/internal/parser/ast_nodes.go:467.48,467.49 0 0
github.com/wolflang/wolf/internal/parser/ast_nodes.go:477.43,477.66 1 0
github.com/wolflang/wolf/internal/parser/ast_nodes.go:478.43,478.60 1 0
github.com/wolflang/wolf/internal/parser/ast_nodes.go:479.44,479.45 0 0
github.com/wolflang/wolf/internal/parser/ast_nodes.go:489.43,489.66 1 0
github.com/wolflang/wolf/internal/parser/ast_nodes.go:490.43,490.60 1 0
github.com/wolflang/wolf/internal/parser/ast_nodes.go:491.44,491.45 0 0
github.com/wolflang/wolf/internal/parser/ast_nodes.go:500.42,500.64 1 0
github.com/wolflang/wolf/internal/parser/ast_nodes.go:501.42,501.59 1 0
github.com/wolflang/wolf/internal/parser/ast_nodes.go:502.43,502.44 0 0
github.com/wolflang/wolf/internal/parser/ast_nodes.go:511.40,511.60 1 0
github.com/wolflang/wolf/internal/parser/ast_nodes.go:512.40,512.57 1 0
github.com/wolflang/wolf/internal/parser/ast_nodes.go:513.41,513.42 0 0
github.com/wolflang/wolf/internal/parser/ast_nodes.go:523.44,523.68 1 0
github.com/wolflang/wolf/internal/parser/ast_nodes.go:524.44,524.61 1 0
[...]
github.com/wolflang/wolf/stdlib/env.go:46.2,46.15 1 1
github.com/wolflang/wolf/stdlib/env.go:50.37,53.2 2 1
github.com/wolflang/wolf/stdlib/env.go:56.44,58.16 2 1
github.com/wolflang/wolf/stdlib/env.go:58.16,60.3 1 1
github.com/wolflang/wolf/stdlib/env.go:61.2,65.21 4 1
github.com/wolflang/wolf/stdlib/env.go:65.21,70.49 3 1
github.com/wolflang/wolf/stdlib/env.go:70.49,71.12 1 1
github.com/wolflang/wolf/stdlib/env.go:74.3,75.22 2 1
github.com/wolflang/wolf/stdlib/env.go:75.22,76.12 1 0
github.com/wolflang/wolf/stdlib/env.go:79.3,83.22 3 1
github.com/wolflang/wolf/stdlib/env.go:83.22,85.55 1 1
github.com/wolflang/wolf/stdlib/env.go:85.55,87.5 1 1
github.com/wolflang/wolf/stdlib/env.go:90.3,90.24 1 1
github.com/wolflang/wolf/stdlib/env.go:93.2,93.22 1 1
github.com/wolflang/wolf/stdlib/env.go:97.43,99.9 2 0
github.com/wolflang/wolf/stdlib/env.go:99.9,100.79 1 0
github.com/wolflang/wolf/stdlib/env.go:102.2,102.12 1 0
github.com/wolflang/wolf/stdlib/json.go:11.46,13.16 2 1
github.com/wolflang/wolf/stdlib/json.go:13.16,15.3 1 0
github.com/wolflang/wolf/stdlib/json.go:16.2,16.21 1 1
github.com/wolflang/wolf/stdlib/json.go:20.46,22.59 2 1
github.com/wolflang/wolf/stdlib/json.go:22.59,24.3 1 1
github.com/wolflang/wolf/stdlib/json.go:25.2,25.15 1 1
github.com/wolflang/wolf/stdlib/json.go:29.60,31.59 2 1
github.com/wolflang/wolf/stdlib/json.go:31.59,33.3 1 0
github.com/wolflang/wolf/stdlib/json.go:34.2,34.15 1 1
github.com/wolflang/wolf/stdlib/json.go:38.53,40.59 2 1
github.com/wolflang/wolf/stdlib/json.go:40.59,42.3 1 0
github.com/wolflang/wolf/stdlib/json.go:43.2,43.15 1 1
github.com/wolflang/wolf/stdlib/json.go:47.52,49.16 2 1
github.com/wolflang/wolf/stdlib/json.go:49.16,51.3 1 0
github.com/wolflang/wolf/stdlib/json.go:52.2,52.21 1 1
github.com/wolflang/wolf/stdlib/json.go:56.38,58.2 1 1
github.com/wolflang/wolf/stdlib/math.go:18.40,20.2 1 1
github.com/wolflang/wolf/stdlib/math.go:23.41,25.2 1 1
github.com/wolflang/wolf/stdlib/math.go:28.42,30.2 1 1
github.com/wolflang/wolf/stdlib/math.go:33.42,35.2 1 1
github.com/wolflang/wolf/stdlib/math.go:38.56,41.2 2 1
github.com/wolflang/wolf/stdlib/math.go:44.41,46.2 1 1
github.com/wolflang/wolf/stdlib/math.go:49.43,51.2 1 1
github.com/wolflang/wolf/stdlib/math.go:54.40,56.2 1 1
github.com/wolflang/wolf/stdlib/math.go:59.42,61.2 1 1
github.com/wolflang/wolf/stdlib/math.go:64.43,66.2 1 1
github.com/wolflang/wolf/stdlib/math.go:69.43,71.2 1 1
github.com/wolflang/wolf/stdlib/math.go:74.54,75.15 1 1
github.com/wolflang/wolf/stdlib/math.go:75.15,77.3 1 1
github.com/wolflang/wolf/stdlib/math.go:78.2,78.15 1 1
github.com/wolflang/wolf/stdlib/math.go:78.15,80.3 1 1
github.com/wolflang/wolf/stdlib/math.go:81.2,81.12 1 1
github.com/wolflang/wolf/stdlib/math.go:85.34,87.2 1 1
github.com/wolflang/wolf/stdlib/math.go:90.40,92.2 1 1
github.com/wolflang/wolf/stdlib/math.go:95.47,97.2 1 1
github.com/wolflang/wolf/stdlib/math.go:100.40,102.2 1 1
github.com/wolflang/wolf/stdlib/math.go:105.40,107.2 1 1
github.com/wolflang/wolf/stdlib/math.go:110.40,112.2 1 0
github.com/wolflang/wolf/stdlib/redis.go:45.43,46.22 1 1
github.com/wolflang/wolf/stdlib/redis.go:46.22,48.3 1 1
github.com/wolflang/wolf/stdlib/redis.go:49.2,49.23 1 1
github.com/wolflang/wolf/stdlib/redis.go:49.23,51.3 1 1
github.com/wolflang/wolf/stdlib/redis.go:52.2,57.3 1 1
github.com/wolflang/wolf/stdlib/redis.go:61.41,63.2 1 1
github.com/wolflang/wolf/stdlib/redis.go:68.13,72.2 2 1
github.com/wolflang/wolf/stdlib/redis.go:75.33,78.2 1 0
github.com/wolflang/wolf/stdlib/redis.go:81.40,82.19 1 1
github.com/wolflang/wolf/stdlib/redis.go:82.19,84.3 1 1
github.com/wolflang/wolf/stdlib/redis.go:85.2,86.12 2 1
github.com/wolflang/wolf/stdlib/redis.go:90.77,91.19 1 1
github.com/wolflang/wolf/stdlib/redis.go:91.19,93.3 1 0
github.com/wolflang/wolf/stdlib/redis.go:94.2,94.36 1 1
github.com/wolflang/wolf/stdlib/redis.go:98.52,99.19 1 1
github.com/wolflang/wolf/stdlib/redis.go:99.19,101.3 1 0
github.com/wolflang/wolf/stdlib/redis.go:102.2,102.28 1 1
github.com/wolflang/wolf/stdlib/redis.go:106.55,107.19 1 1
github.com/wolflang/wolf/stdlib/redis.go:107.19,109.3 1 0
github.com/wolflang/wolf/stdlib/redis.go:110.2,110.31 1 1
github.com/wolflang/wolf/stdlib/redis.go:114.75,115.19 1 1
github.com/wolflang/wolf/stdlib/redis.go:115.19,117.3 1 0
github.com/wolflang/wolf/stdlib/redis.go:118.2,118.39 1 1
github.com/wolflang/wolf/stdlib/redis.go:122.57,123.19 1 1
github.com/wolflang/wolf/stdlib/redis.go:123.19,125.3 1 0
github.com/wolflang/wolf/stdlib/redis.go:126.2,126.32 1 1
github.com/wolflang/wolf/stdlib/redis.go:130.64,131.19 1 1
github.com/wolflang/wolf/stdlib/redis.go:131.19,133.3 1 0
github.com/wolflang/wolf/stdlib/redis.go:134.2,134.28 1 1
github.com/wolflang/wolf/stdlib/redis.go:138.31,139.19 1 1
github.com/wolflang/wolf/stdlib/redis.go:139.19,141.3 1 1
github.com/wolflang/wolf/stdlib/redis.go:142.2,142.12 1 0
github.com/wolflang/wolf/stdlib/redis.go:155.36,160.2 1 1
github.com/wolflang/wolf/stdlib/redis.go:162.55,165.30 3 1
github.com/wolflang/wolf/stdlib/redis.go:165.30,167.3 1 1
github.com/wolflang/wolf/stdlib/redis.go:168.2,168.49 1 1
github.com/wolflang/wolf/stdlib/redis.go:171.81,176.2 4 1
github.com/wolflang/wolf/stdlib/redis.go:178.58,182.25 4 1
github.com/wolflang/wolf/stdlib/redis.go:182.25,183.29 1 1
github.com/wolflang/wolf/stdlib/redis.go:183.29,186.4 2 1
github.com/wolflang/wolf/stdlib/redis.go:188.2,188.19 1 1
github.com/wolflang/wolf/stdlib/redis.go:191.61,195.25 4 1
github.com/wolflang/wolf/stdlib/redis.go:195.25,196.29 1 1
github.com/wolflang/wolf/stdlib/redis.go:196.29,198.4 1 1
github.com/wolflang/wolf/stdlib/redis.go:200.2,200.19 1 1
github.com/wolflang/wolf/stdlib/redis.go:203.71,205.2 1 0
github.com/wolflang/wolf/stdlib/redis.go:207.79,209.2 1 0
github.com/wolflang/wolf/stdlib/redis.go:211.79,213.2 1 0
github.com/wolflang/wolf/stdlib/redis.go:215.70,217.2 1 0
github.com/wolflang/wolf/stdlib/redis.go:219.81,222.31 3 1
github.com/wolflang/wolf/stdlib/redis.go:222.31,224.3 1 1
github.com/wolflang/wolf/stdlib/redis.go:225.2,226.15 2 1
github.com/wolflang/wolf/stdlib/redis.go:229.63,232.30 3 1
github.com/wolflang/wolf/stdlib/redis.go:232.30,233.28 1 1
github.com/wolflang/wolf/stdlib/redis.go:233.28,235.4 1 1
github.com/wolflang/wolf/stdlib/redis.go:237.2,237.42 1 0
github.com/wolflang/wolf/stdlib/redis.go:240.70,243.30 3 1
github.com/wolflang/wolf/stdlib/redis.go:243.30,245.3 1 1
github.com/wolflang/wolf/stdlib/redis.go:246.2,246.33 1 0
github.com/wolflang/wolf/stdlib/redis.go:249.37,249.51 1 1
github.com/wolflang/wolf/stdlib/redis.go:250.37,250.51 1 0
github.com/wolflang/wolf/stdlib/strings.go:13.52,15.2 1 1
github.com/wolflang/wolf/stdlib/strings.go:18.54,20.2 1 1
github.com/wolflang/wolf/stdlib/strings.go:23.52,25.2 1 1
github.com/wolflang/wolf/stdlib/strings.go:28.50,30.2 1 1
github.com/wolflang/wolf/stdlib/strings.go:33.60,35.2 1 1
github.com/wolflang/wolf/stdlib/strings.go:38.42,40.2 1 1
github.com/wolflang/wolf/stdlib/strings.go:43.54,45.2 1 1
github.com/wolflang/wolf/stdlib/strings.go:48.43,50.2 1 1
github.com/wolflang/wolf/stdlib/strings.go:53.43,55.2 1 1
github.com/wolflang/wolf/stdlib/strings.go:58.55,60.2 1 1
github.com/wolflang/wolf/stdlib/strings.go:63.60,65.2 1 1
github.com/wolflang/wolf/stdlib/strings.go:68.41,70.2 1 1
github.com/wolflang/wolf/stdlib/strings.go:73.55,75.2 1 1
github.com/wolflang/wolf/stdlib/strings.go:78.45,80.54 2 1
github.com/wolflang/wolf/stdlib/strings.go:80.54,82.3 1 1
github.com/wolflang/wolf/stdlib/strings.go:83.2,83.22 1 1
github.com/wolflang/wolf/stdlib/strings.go:87.48,89.2 1 1
github.com/wolflang/wolf/stdlib/strings.go:92.63,94.15 2 1
github.com/wolflang/wolf/stdlib/strings.go:94.15,96.3 1 0
github.com/wolflang/wolf/stdlib/strings.go:97.2,97.22 1 1
github.com/wolflang/wolf/stdlib/strings.go:97.22,99.3 1 1
github.com/wolflang/wolf/stdlib/strings.go:100.2,100.18 1 1
github.com/wolflang/wolf/stdlib/strings.go:100.18,102.3 1 1
github.com/wolflang/wolf/stdlib/strings.go:103.2,103.33 1 1
github.com/wolflang/wolf/stdlib/strings.go:107.69,108.22 1 1
github.com/wolflang/wolf/stdlib/strings.go:108.22,110.3 1 1
github.com/wolflang/wolf/stdlib/strings.go:111.2,111.10 1 1
github.com/wolflang/wolf/stdlib/strings.go:115.70,116.22 1 1
github.com/wolflang/wolf/stdlib/strings.go:116.22,118.3 1 1
github.com/wolflang/wolf/stdlib/strings.go:119.2,119.10 1 1
github.com/wolflang/wolf/stdlib/strings.go:123.43,125.2 1 1
github.com/wolflang/wolf/stdlib/strings.go:128.45,129.13 1 1
github.com/wolflang/wolf/stdlib/strings.go:129.13,131.3 1 1
github.com/wolflang/wolf/stdlib/strings.go:132.2,132.22 1 1
github.com/wolflang/wolf/stdlib/strings.go:132.22,133.26 1 1
github.com/wolflang/wolf/stdlib/strings.go:133.26,135.4 1 1
github.com/wolflang/wolf/stdlib/strings.go:137.2,137.13 1 1
github.com/wolflang/wolf/stdlib/strings.go:141.43,142.13 1 1
github.com/wolflang/wolf/stdlib/strings.go:142.13,144.3 1 0
github.com/wolflang/wolf/stdlib/strings.go:145.2,145.22 1 1
github.com/wolflang/wolf/stdlib/strings.go:145.22,146.27 1 1
github.com/wolflang/wolf/stdlib/strings.go:146.27,148.4 1 1
github.com/wolflang/wolf/stdlib/strings.go:150.2,150.13 1 1
github.com/wolflang/wolf/stdlib/strings.go:154.43,156.2 1 0
github.com/wolflang/wolf/internal/mlbridge/bridge.go:44.20,48.2 1 1
github.com/wolflang/wolf/internal/mlbridge/bridge.go:51.31,55.19 3 1
github.com/wolflang/wolf/internal/mlbridge/bridge.go:55.19,57.3 1 0
github.com/wolflang/wolf/internal/mlbridge/bridge.go:60.2,61.16 2 1
github.com/wolflang/wolf/internal/mlbridge/bridge.go:61.16,63.3 1 0
github.com/wolflang/wolf/internal/mlbridge/bridge.go:64.2,66.12 3 1
github.com/wolflang/wolf/internal/mlbridge/bridge.go:70.35,77.2 5 1
github.com/wolflang/wolf/internal/mlbridge/bridge.go:80.39,82.2 1 1
github.com/wolflang/wolf/internal/mlbridge/bridge.go:85.38,87.2 1 1
github.com/wolflang/wolf/internal/mlbridge/bridge.go:91.111,92.20 1 1
github.com/wolflang/wolf/internal/mlbridge/bridge.go:92.20,93.34 1 0
github.com/wolflang/wolf/internal/mlbridge/bridge.go:93.34,95.4 1 0
github.com/wolflang/wolf/internal/mlbridge/bridge.go:98.2,113.22 5 1
github.com/wolflang/wolf/internal/mlbridge/bridge.go:113.22,116.31 3 0
github.com/wolflang/wolf/internal/mlbridge/bridge.go:116.31,117.39 1 0
github.com/wolflang/wolf/internal/mlbridge/bridge.go:117.39,119.10 2 0
github.com/wolflang/wolf/internal/mlbridge/bridge.go:124.2,125.16 2 1
github.com/wolflang/wolf/internal/mlbridge/bridge.go:125.16,128.3 2 1
github.com/wolflang/wolf/internal/mlbridge/bridge.go:131.2,132.20 2 1
github.com/wolflang/wolf/internal/mlbridge/bridge.go:132.20,136.51 2 1
github.com/wolflang/wolf/internal/mlbridge/bridge.go:136.51,138.74 2 1
github.com/wolflang/wolf/internal/mlbridge/bridge.go:138.74,140.5 1 0
github.com/wolflang/wolf/internal/mlbridge/bridge.go:142.4,142.22 1 1
github.com/wolflang/wolf/internal/mlbridge/bridge.go:142.22,144.5 1 0
github.com/wolflang/wolf/internal/mlbridge/bridge.go:145.9,148.4 1 1
github.com/wolflang/wolf/internal/mlbridge/bridge.go:151.2,151.20 1 1
github.com/wolflang/wolf/internal/mlbridge/bridge.go:155.114,157.12 2 1
github.com/wolflang/wolf/internal/mlbridge/bridge.go:157.12,160.3 2 1
github.com/wolflang/wolf/internal/mlbridge/bridge.go:161.2,161.11 1 1
github.com/wolflang/wolf/internal/mlbridge/bridge.go:165.63,169.41 3 1
github.com/wolflang/wolf/internal/mlbridge/bridge.go:169.41,171.3 1 1
github.com/wolflang/wolf/internal/mlbridge/bridge.go:173.2,178.19 3 1
github.com/wolflang/wolf/internal/mlbridge/bridge.go:182.61,187.2 4 1
github.com/wolflang/wolf/internal/mlbridge/bridge.go:190.43,192.2 1 0
github.com/wolflang/wolf/internal/mlbridge/bridge.go:197.104,203.21 3 1
github.com/wolflang/wolf/internal/mlbridge/bridge.go:203.21,206.25 3 1
github.com/wolflang/wolf/internal/mlbridge/bridge.go:206.25,208.4 1 1
github.com/wolflang/wolf/internal/mlbridge/bridge.go:212.2,217.22 4 1
github.com/wolflang/wolf/internal/mlbridge/bridge.go:217.22,219.29 2 1
github.com/wolflang/wolf/internal/mlbridge/bridge.go:219.29,222.37 2 1
github.com/wolflang/wolf/internal/mlbridge/bridge.go:222.37,224.5 1 1
github.com/wolflang/wolf/internal/mlbridge/bridge.go:225.4,225.141 1 1
github.com/wolflang/wolf/internal/mlbridge/bridge.go:227.3,227.85 1 1
github.com/wolflang/wolf/internal/mlbridge/bridge.go:230.2,230.20 1 1
github.com/wolflang/wolf/internal/mlbridge/bridge.go:234.35,236.34 2 1
github.com/wolflang/wolf/internal/mlbridge/bridge.go:236.34,238.17 2 1
github.com/wolflang/wolf/internal/mlbridge/bridge.go:238.17,242.63 3 1
github.com/wolflang/wolf/internal/mlbridge/bridge.go:242.63,244.5 1 1
github.com/wolflang/wolf/internal/mlbridge/bridge.go:247.2,247.84 1 0
github.com/wolflang/wolf/internal/pythonenv/manager.go:32.38,33.21 1 1
github.com/wolflang/wolf/internal/pythonenv/manager.go:33.21,35.3 1 1
github.com/wolflang/wolf/internal/pythonenv/manager.go:36.2,36.15 1 1
github.com/wolflang/wolf/internal/pythonenv/manager.go:61.45,66.2 1 1
github.com/wolflang/wolf/internal/pythonenv/manager.go:71.49,74.16 3 1
github.com/wolflang/wolf/internal/pythonenv/manager.go:74.16,75.25 1 1
github.com/wolflang/wolf/internal/pythonenv/manager.go:75.25,83.4 2 1
github.com/wolflang/wolf/internal/pythonenv/manager.go:84.3,84.64 1 0
github.com/wolflang/wolf/internal/pythonenv/manager.go:87.2,88.51 2 1
github.com/wolflang/wolf/internal/pythonenv/manager.go:88.51,90.3 1 0
github.com/wolflang/wolf/internal/pythonenv/manager.go:92.2,92.24 1 1
github.com/wolflang/wolf/internal/pythonenv/manager.go:92.24,94.3 1 0
github.com/wolflang/wolf/internal/pythonenv/manager.go:95.2,95.29 1 1
github.com/wolflang/wolf/internal/pythonenv/manager.go:95.29,97.3 1 0
github.com/wolflang/wolf/internal/pythonenv/manager.go:99.2,101.18 3 1
github.com/wolflang/wolf/internal/pythonenv/manager.go:105.38,106.21 1 1
github.com/wolflang/wolf/internal/pythonenv/manager.go:106.21,108.3 1 0
github.com/wolflang/wolf/internal/pythonenv/manager.go:109.2,110.16 2 1
github.com/wolflang/wolf/internal/pythonenv/manager.go:110.16,112.3 1 0
github.com/wolflang/wolf/internal/pythonenv/manager.go:113.2,114.45 2 1
github.com/wolflang/wolf/internal/pythonenv/manager.go:118.49,125.39 2 1
github.com/wolflang/wolf/internal/pythonenv/manager.go:125.39,127.3 1 0
github.com/wolflang/wolf/internal/pythonenv/manager.go:128.2,128.22 1 1
github.com/wolflang/wolf/internal/pythonenv/manager.go:134.35,135.21 1 1
github.com/wolflang/wolf/internal/pythonenv/manager.go:135.21,136.43 1 0
github.com/wolflang/wolf/internal/pythonenv/manager.go:136.43,138.4 1 0
github.com/wolflang/wolf/internal/pythonenv/manager.go:142.2,142.21 1 1
github.com/wolflang/wolf/internal/pythonenv/manager.go:142.21,145.51 3 1
github.com/wolflang/wolf/internal/pythonenv/manager.go:145.51,148.52 2 0
github.com/wolflang/wolf/internal/pythonenv/manager.go:148.52,150.5 1 0
github.com/wolflang/wolf/internal/pythonenv/manager.go:151.4,151.11 1 0
github.com/wolflang/wolf/internal/pythonenv/manager.go:152.9,154.4 1 1
github.com/wolflang/wolf/internal/pythonenv/manager.go:158.2,158.32 1 1
github.com/wolflang/wolf/internal/pythonenv/manager.go:158.32,159.62 1 0
github.com/wolflang/wolf/internal/pythonenv/manager.go:159.62,161.4 1 0
github.com/wolflang/wolf/internal/pythonenv/manager.go:165.2,165.25 1 1
github.com/wolflang/wolf/internal/pythonenv/manager.go:169.37,173.2 3 1
github.com/wolflang/wolf/internal/pythonenv/manager.go:176.39,178.2 1 1
github.com/wolflang/wolf/internal/pythonenv/manager.go:181.36,183.2 1 1
github.com/wolflang/wolf/internal/pythonenv/manager.go:186.36,188.2 1 0
github.com/wolflang/wolf/internal/pythonenv/manager.go:191.51,192.21 1 1
github.com/wolflang/wolf/internal/pythonenv/manager.go:192.21,193.43 1 0
github.com/wolflang/wolf/internal/pythonenv/manager.go:193.43,195.4 1 0
github.com/wolflang/wolf/internal/pythonenv/manager.go:199.2,199.40 1 1
github.com/wolflang/wolf/internal/pythonenv/manager.go:199.40,200.23 1 1
github.com/wolflang/wolf/internal/pythonenv/manager.go:200.23,202.41 2 1
github.com/wolflang/wolf/internal/pythonenv/manager.go:202.41,204.5 1 0
github.com/wolflang/wolf/internal/pythonenv/manager.go:205.4,205.75 1 1
github.com/wolflang/wolf/internal/pythonenv/manager.go:210.2,212.39 3 1
github.com/wolflang/wolf/internal/pythonenv/manager.go:212.39,214.3 1 0
github.com/wolflang/wolf/internal/pythonenv/manager.go:216.2,216.20 1 1
github.com/wolflang/wolf/internal/pythonenv/manager.go:216.20,218.3 1 1
github.com/wolflang/wolf/internal/pythonenv/manager.go:219.2,219.12 1 1
github.com/wolflang/wolf/internal/pythonenv/manager.go:223.45,224.21 1 1
github.com/wolflang/wolf/internal/pythonenv/manager.go:224.21,225.43 1 0
github.com/wolflang/wolf/internal/pythonenv/manager.go:225.43,227.4 1 0
github.com/wolflang/wolf/internal/pythonenv/manager.go:230.2,232.40 3 1
github.com/wolflang/wolf/internal/pythonenv/manager.go:232.40,233.23 1 1
github.com/wolflang/wolf/internal/pythonenv/manager.go:233.23,235.4 1 1
github.com/wolflang/wolf/internal/pythonenv/manager.go:235.9,237.4 1 1
github.com/wolflang/wolf/internal/pythonenv/manager.go:240.2,240.12 1 1
github.com/wolflang/wolf/internal/pythonenv/manager.go:240.12,242.3 1 1
github.com/wolflang/wolf/internal/pythonenv/manager.go:244.2,245.39 2 1
github.com/wolflang/wolf/internal/pythonenv/manager.go:245.39,247.3 1 0
github.com/wolflang/wolf/internal/pythonenv/manager.go:250.2,250.20 1 1
github.com/wolflang/wolf/internal/pythonenv/manager.go:250.20,253.3 2 0
github.com/wolflang/wolf/internal/pythonenv/manager.go:255.2,255.12 1 1
github.com/wolflang/wolf/internal/pythonenv/manager.go:259.47,260.21 1 1
github.com/wolflang/wolf/internal/pythonenv/manager.go:260.21,262.3 1 0
github.com/wolflang/wolf/internal/pythonenv/manager.go:264.2,266.16 3 1
github.com/wolflang/wolf/internal/pythonenv/manager.go:266.16,268.3 1 0
github.com/wolflang/wolf/internal/pythonenv/manager.go:270.2,271.51 2 1
github.com/wolflang/wolf/internal/pythonenv/manager.go:271.51,273.3 1 0
github.com/wolflang/wolf/internal/pythonenv/manager.go:275.2,275.18 1 1
github.com/wolflang/wolf/internal/pythonenv/manager.go:279.45,280.21 1 1
github.com/wolflang/wolf/internal/pythonenv/manager.go:280.21,281.43 1 0
github.com/wolflang/wolf/internal/pythonenv/manager.go:281.43,283.4 1 0
github.com/wolflang/wolf/internal/pythonenv/manager.go:286.2,286.21 1 1
github.com/wolflang/wolf/internal/pythonenv/manager.go:286.21,288.3 1 0
github.com/wolflang/wolf/internal/pythonenv/manager.go:290.2,291.16 2 1
github.com/wolflang/wolf/internal/pythonenv/manager.go:291.16,293.3 1 0
github.com/wolflang/wolf/internal/pythonenv/manager.go:295.2,296.32 2 1
github.com/wolflang/wolf/internal/pythonenv/manager.go:296.32,298.3 1 1
github.com/wolflang/wolf/internal/pythonenv/manager.go:300.2,301.40 2 1
github.com/wolflang/wolf/internal/pythonenv/manager.go:301.40,302.60 1 1
github.com/wolflang/wolf/internal/pythonenv/manager.go:302.60,304.4 1 1
github.com/wolflang/wolf/internal/pythonenv/manager.go:307.2,307.20 1 1
github.com/wolflang/wolf/internal/pythonenv/manager.go:311.33,312.48 1 0
github.com/wolflang/wolf/internal/pythonenv/manager.go:312.48,314.3 1 0
github.com/wolflang/wolf/internal/pythonenv/manager.go:315.2,315.20 1 0
github.com/wolflang/wolf/internal/pythonenv/manager.go:319.34,321.2 1 1
github.com/wolflang/wolf/internal/pythonenv/manager.go:326.40,327.21 1 1
github.com/wolflang/wolf/internal/pythonenv/manager.go:327.21,329.3 1 0
github.com/wolflang/wolf/internal/pythonenv/manager.go:331.2,332.16 2 1
github.com/wolflang/wolf/internal/pythonenv/manager.go:332.16,334.3 1 0
github.com/wolflang/wolf/internal/pythonenv/manager.go:337.2,349.16 6 1
github.com/wolflang/wolf/internal/pythonenv/manager.go:349.16,351.3 1 0
github.com/wolflang/wolf/internal/pythonenv/manager.go:353.2,354.43 2 1
github.com/wolflang/wolf/internal/pythonenv/manager.go:359.61,362.27 3 1
github.com/wolflang/wolf/internal/pythonenv/manager.go:362.27,364.3 1 1
github.com/wolflang/wolf/internal/pythonenv/manager.go:366.2,367.50 2 1
github.com/wolflang/wolf/internal/pythonenv/manager.go:367.50,369.3 1 1
github.com/wolflang/wolf/internal/pythonenv/manager.go:371.2,371.12 1 1
